----- 2-10-2012 20:29:04: Job 'RPLiveTVServerSource': ANALYSIS started by On File Change on computer 'QUAD' (GoodSync 9.0.2.4 on Windows 7) -----
RPLiveTVServerSource: C:\Users\stefan verhagen\Documents\Visual Studio 2010\Projects\remotepotato-4333062-LivetTV =forced-PropDels=> D:\Dropbox\mydoc2\programmeren\remote potato\RPaddinAndroidMCE, SavePrevVers, CleanupPrevVers=30d, CleanupOldGens=12m, TmpDest, EstReq, CopyLocked, DetectMovesAndRenames, DetectFolderMoves, FileLinksDrill, CaseSens, Reconnect=3, CopyCreateTime
Exclude licens*.rfo|cache.rfo|mru.rfo|mpp*.rfo|RoboForm Online Account.rfp|name *._gstmp|/System Volume Information|Thumbs.db|.DS_Store 
Left: Reading State File C:\Users\stefan verhagen\Documents\Visual Studio 2010\Projects\remotepotato-4333062-LivetTV\_gsdata_\_file_state._gs
Locking folder C:\Users\stefan verhagen\Documents\Visual Studio 2010\Projects\remotepotato-4333062-LivetTV for write
Left: Files: 4.202 (excluded 0). Folders: 552 (excluded 1). C: NTFS, Free: 58,1 GB, Total: 195 GB
Right: Reading State File D:\Dropbox\mydoc2\programmeren\remote potato\RPaddinAndroidMCE\_gsdata_\_file_state._gs
Locking folder D:\Dropbox\mydoc2\programmeren\remote potato\RPaddinAndroidMCE for write
Right: Files: 4.202 (excluded 0). Folders: 552 (excluded 1). D: NTFS, Free: 161 GB, Total: 931 GB
On disk file:///D: space required for sync is 348 KB, you have 161 GB
Changes: 6, Conflicts: 0, CopyTime: 0, CopyState: 0, Errors: 0
Left to Right: Copy File: 6 
----- 2-10-2012 20:29:06: Analysis Completed. Time 00:00:02, Speed: 2.377 files/s -----
===== 2-10-2012 20:29:06: Job 'RPLiveTVServerSource': SYNC started by On File Change on computer 'QUAD' =====
RPLiveTVServerSource: C:\Users\stefan verhagen\Documents\Visual Studio 2010\Projects\remotepotato-4333062-LivetTV =forced-PropDels=> D:\Dropbox\mydoc2\programmeren\remote potato\RPaddinAndroidMCE, SavePrevVers, CleanupPrevVers=30d, CleanupOldGens=12m, TmpDest, EstReq, CopyLocked, DetectMovesAndRenames, DetectFolderMoves, FileLinksDrill, CaseSens, Reconnect=3, CopyCreateTime
Copy Over 'C:\Users\stefan verhagen\Documents\Visual Studio 2010\Projects\remotepotato-4333062-LivetTV\Server\RemotePotatoUI\obj\Release\RemotePotatoUI.csproj.FileListAbsolute.txt' -> 'D:\Dropbox\mydoc2\programmeren\remote potato\RPaddinAndroidMCE\Server\RemotePotatoUI\obj\Release\RemotePotatoUI.csproj.FileListAbsolute.txt'
Copy Over 'C:\Users\stefan verhagen\Documents\Visual Studio 2010\Projects\remotepotato-4333062-LivetTV\Server\RPKeySender\bin\Release\RPKeySender.exe' -> 'D:\Dropbox\mydoc2\programmeren\remote potato\RPaddinAndroidMCE\Server\RPKeySender\bin\Release\RPKeySender.exe'
Copy Over 'C:\Users\stefan verhagen\Documents\Visual Studio 2010\Projects\remotepotato-4333062-LivetTV\Server\RPKeySender\bin\Release\RPKeySender.pdb' -> 'D:\Dropbox\mydoc2\programmeren\remote potato\RPaddinAndroidMCE\Server\RPKeySender\bin\Release\RPKeySender.pdb'
Copy Over 'C:\Users\stefan verhagen\Documents\Visual Studio 2010\Projects\remotepotato-4333062-LivetTV\Server\RPKeySender\obj\x86\Release\DesignTimeResolveAssemblyReferencesInput.cache' -> 'D:\Dropbox\mydoc2\programmeren\remote potato\RPaddinAndroidMCE\Server\RPKeySender\obj\x86\Release\DesignTimeResolveAssemblyReferencesInput.cache'
Copy Over 'C:\Users\stefan verhagen\Documents\Visual Studio 2010\Projects\remotepotato-4333062-LivetTV\Server\RPKeySender\obj\x86\Release\RPKeySender.exe' -> 'D:\Dropbox\mydoc2\programmeren\remote potato\RPaddinAndroidMCE\Server\RPKeySender\obj\x86\Release\RPKeySender.exe'
Copy Over 'C:\Users\stefan verhagen\Documents\Visual Studio 2010\Projects\remotepotato-4333062-LivetTV\Server\RPKeySender\obj\x86\Release\RPKeySender.pdb' -> 'D:\Dropbox\mydoc2\programmeren\remote potato\RPaddinAndroidMCE\Server\RPKeySender\obj\x86\Release\RPKeySender.pdb'
Save State File C:\Users\stefan verhagen\Documents\Visual Studio 2010\Projects\remotepotato-4333062-LivetTV\_gsdata_\_file_state._gs
Save State File D:\Dropbox\mydoc2\programmeren\remote potato\RPaddinAndroidMCE\_gsdata_\_file_state._gs
Delete lock file C:\Users\stefan verhagen\Documents\Visual Studio 2010\Projects\remotepotato-4333062-LivetTV\_gsdata_\lock.gsl
Delete lock file D:\Dropbox\mydoc2\programmeren\remote potato\RPaddinAndroidMCE\_gsdata_\lock.gsl
Items Synced OK: 6, Errors: 0
===== 2-10-2012 20:29:07: Sync Completed. Time: 00:00:01, Speed:  =====

