----- 5-10-2012 23:37:32: Job 'RPLiveTVServerSource': ANALYSIS started by On File Change on computer 'QUAD' (GoodSync 9.0.2.4 on Windows 7) -----
RPLiveTVServerSource: C:\Users\stefan verhagen\Documents\Visual Studio 2010\Projects\remotepotato-4333062-LivetTV =forced-PropDels=> D:\Dropbox\mydoc2\programmeren\remote potato\RPaddinAndroidMCE, SavePrevVers, CleanupPrevVers=30d, CleanupOldGens=12m, TmpDest, EstReq, CopyLocked, DetectMovesAndRenames, DetectFolderMoves, FileLinksDrill, CaseSens, Reconnect=3, CopyCreateTime
Exclude licens*.rfo|cache.rfo|mru.rfo|mpp*.rfo|RoboForm Online Account.rfp|name *._gstmp|/System Volume Information|Thumbs.db|.DS_Store 
Left: Reading State File C:\Users\stefan verhagen\Documents\Visual Studio 2010\Projects\remotepotato-4333062-LivetTV\_gsdata_\_file_state._gs
Locking folder C:\Users\stefan verhagen\Documents\Visual Studio 2010\Projects\remotepotato-4333062-LivetTV for write
Left: Files: 4.203 (excluded 0). Folders: 552 (excluded 1). C: NTFS, Free: 58,5 GB, Total: 195 GB
Right: Reading State File D:\Dropbox\mydoc2\programmeren\remote potato\RPaddinAndroidMCE\_gsdata_\_file_state._gs
Locking folder D:\Dropbox\mydoc2\programmeren\remote potato\RPaddinAndroidMCE for write
Right: Files: 4.204 (excluded 0). Folders: 552 (excluded 1). D: NTFS, Free: 161 GB, Total: 931 GB
On disk file:///D: space required for sync is 6,19 MB, you have 161 GB
Changes: 49, Conflicts: 0, CopyTime: 0, CopyState: 0, Errors: 0
Left to Right: Copy File: 48 Delete File: 1 
----- 5-10-2012 23:37:36: Analysis Completed. Time 00:00:04, Speed: 1.189 files/s -----
===== 5-10-2012 23:37:36: Job 'RPLiveTVServerSource': SYNC started by On File Change on computer 'QUAD' =====
RPLiveTVServerSource: C:\Users\stefan verhagen\Documents\Visual Studio 2010\Projects\remotepotato-4333062-LivetTV =forced-PropDels=> D:\Dropbox\mydoc2\programmeren\remote potato\RPaddinAndroidMCE, SavePrevVers, CleanupPrevVers=30d, CleanupOldGens=12m, TmpDest, EstReq, CopyLocked, DetectMovesAndRenames, DetectFolderMoves, FileLinksDrill, CaseSens, Reconnect=3, CopyCreateTime
Delete File 'D:\Dropbox\mydoc2\programmeren\remote potato\RPaddinAndroidMCE\Server\MediaStreamer\obj\Release\CSCBBAD.tmp'
Copy Over 'C:\Users\stefan verhagen\Documents\Visual Studio 2010\Projects\remotepotato-4333062-LivetTV\Server\MediaStreamer\bin\Release\MediaStreamer.dll' -> 'D:\Dropbox\mydoc2\programmeren\remote potato\RPaddinAndroidMCE\Server\MediaStreamer\bin\Release\MediaStreamer.dll'
Copy Over 'C:\Users\stefan verhagen\Documents\Visual Studio 2010\Projects\remotepotato-4333062-LivetTV\Server\MediaStreamer\bin\Release\MediaStreamer.pdb' -> 'D:\Dropbox\mydoc2\programmeren\remote potato\RPaddinAndroidMCE\Server\MediaStreamer\bin\Release\MediaStreamer.pdb'
Copy Over 'C:\Users\stefan verhagen\Documents\Visual Studio 2010\Projects\remotepotato-4333062-LivetTV\Server\MediaStreamer\obj\Release\DesignTimeResolveAssemblyReferencesInput.cache' -> 'D:\Dropbox\mydoc2\programmeren\remote potato\RPaddinAndroidMCE\Server\MediaStreamer\obj\Release\DesignTimeResolveAssemblyReferencesInput.cache'
Copy Over 'C:\Users\stefan verhagen\Documents\Visual Studio 2010\Projects\remotepotato-4333062-LivetTV\Server\RemotePotatoService\bin\Release\MediaStreamer.dll' -> 'D:\Dropbox\mydoc2\programmeren\remote potato\RPaddinAndroidMCE\Server\RemotePotatoService\bin\Release\MediaStreamer.dll'
Copy Over 'C:\Users\stefan verhagen\Documents\Visual Studio 2010\Projects\remotepotato-4333062-LivetTV\Server\RemotePotatoService\bin\Release\MediaStreamer.pdb' -> 'D:\Dropbox\mydoc2\programmeren\remote potato\RPaddinAndroidMCE\Server\RemotePotatoService\bin\Release\MediaStreamer.pdb'
Copy Over 'C:\Users\stefan verhagen\Documents\Visual Studio 2010\Projects\remotepotato-4333062-LivetTV\Server\RemotePotatoService\bin\Release\RemotePotatoService.exe' -> 'D:\Dropbox\mydoc2\programmeren\remote potato\RPaddinAndroidMCE\Server\RemotePotatoService\bin\Release\RemotePotatoService.exe'
Copy Over 'C:\Users\stefan verhagen\Documents\Visual Studio 2010\Projects\remotepotato-4333062-LivetTV\Server\RemotePotatoService\bin\Release\RemotePotatoService.pdb' -> 'D:\Dropbox\mydoc2\programmeren\remote potato\RPaddinAndroidMCE\Server\RemotePotatoService\bin\Release\RemotePotatoService.pdb'
Copy Over 'C:\Users\stefan verhagen\Documents\Visual Studio 2010\Projects\remotepotato-4333062-LivetTV\Server\RemotePotatoService\bin\Release\RPServer.dll' -> 'D:\Dropbox\mydoc2\programmeren\remote potato\RPaddinAndroidMCE\Server\RemotePotatoService\bin\Release\RPServer.dll'
Copy Over 'C:\Users\stefan verhagen\Documents\Visual Studio 2010\Projects\remotepotato-4333062-LivetTV\Server\RemotePotatoService\bin\Release\RPServer.pdb' -> 'D:\Dropbox\mydoc2\programmeren\remote potato\RPaddinAndroidMCE\Server\RemotePotatoService\bin\Release\RPServer.pdb'
Copy Over 'C:\Users\stefan verhagen\Documents\Visual Studio 2010\Projects\remotepotato-4333062-LivetTV\Server\RemotePotatoService\obj\Release\DesignTimeResolveAssemblyReferencesInput.cache' -> 'D:\Dropbox\mydoc2\programmeren\remote potato\RPaddinAndroidMCE\Server\RemotePotatoService\obj\Release\DesignTimeResolveAssemblyReferencesInput.cache'
Copy Over 'C:\Users\stefan verhagen\Documents\Visual Studio 2010\Projects\remotepotato-4333062-LivetTV\Server\RemotePotatoService\obj\Release\RemotePotatoService.csprojResolveAssemblyReference.cache' -> 'D:\Dropbox\mydoc2\programmeren\remote potato\RPaddinAndroidMCE\Server\RemotePotatoService\obj\Release\RemotePotatoService.csprojResolveAssemblyReference.cache'
Copy Over 'C:\Users\stefan verhagen\Documents\Visual Studio 2010\Projects\remotepotato-4333062-LivetTV\Server\RemotePotatoService\obj\Release\RemotePotatoService.exe' -> 'D:\Dropbox\mydoc2\programmeren\remote potato\RPaddinAndroidMCE\Server\RemotePotatoService\obj\Release\RemotePotatoService.exe'
Copy Over 'C:\Users\stefan verhagen\Documents\Visual Studio 2010\Projects\remotepotato-4333062-LivetTV\Server\RemotePotatoService\obj\Release\RemotePotatoService.pdb' -> 'D:\Dropbox\mydoc2\programmeren\remote potato\RPaddinAndroidMCE\Server\RemotePotatoService\obj\Release\RemotePotatoService.pdb'
Copy Over 'C:\Users\stefan verhagen\Documents\Visual Studio 2010\Projects\remotepotato-4333062-LivetTV\Server\RemotePotatoService\obj\Release\RemotePotatoService.ProjectInstaller.resources' -> 'D:\Dropbox\mydoc2\programmeren\remote potato\RPaddinAndroidMCE\Server\RemotePotatoService\obj\Release\RemotePotatoService.ProjectInstaller.resources'
Copy Over 'C:\Users\stefan verhagen\Documents\Visual Studio 2010\Projects\remotepotato-4333062-LivetTV\Server\RemotePotatoService\obj\Release\RemotePotatoService.Service1.resources' -> 'D:\Dropbox\mydoc2\programmeren\remote potato\RPaddinAndroidMCE\Server\RemotePotatoService\obj\Release\RemotePotatoService.Service1.resources'
Copy Over 'C:\Users\stefan verhagen\Documents\Visual Studio 2010\Projects\remotepotato-4333062-LivetTV\Server\RemotePotatoUI\bin\Release\MediaStreamer.dll' -> 'D:\Dropbox\mydoc2\programmeren\remote potato\RPaddinAndroidMCE\Server\RemotePotatoUI\bin\Release\MediaStreamer.dll'
Copy Over 'C:\Users\stefan verhagen\Documents\Visual Studio 2010\Projects\remotepotato-4333062-LivetTV\Server\RemotePotatoUI\bin\Release\MediaStreamer.pdb' -> 'D:\Dropbox\mydoc2\programmeren\remote potato\RPaddinAndroidMCE\Server\RemotePotatoUI\bin\Release\MediaStreamer.pdb'
Copy Over 'C:\Users\stefan verhagen\Documents\Visual Studio 2010\Projects\remotepotato-4333062-LivetTV\Server\RemotePotatoUI\bin\Release\RemotePotatoUI.exe' -> 'D:\Dropbox\mydoc2\programmeren\remote potato\RPaddinAndroidMCE\Server\RemotePotatoUI\bin\Release\RemotePotatoUI.exe'
Copy Over 'C:\Users\stefan verhagen\Documents\Visual Studio 2010\Projects\remotepotato-4333062-LivetTV\Server\RemotePotatoUI\bin\Release\RemotePotatoUI.pdb' -> 'D:\Dropbox\mydoc2\programmeren\remote potato\RPaddinAndroidMCE\Server\RemotePotatoUI\bin\Release\RemotePotatoUI.pdb'
Copy Over 'C:\Users\stefan verhagen\Documents\Visual Studio 2010\Projects\remotepotato-4333062-LivetTV\Server\RemotePotatoUI\bin\Release\RemotePotatoUI.vshost.exe' -> 'D:\Dropbox\mydoc2\programmeren\remote potato\RPaddinAndroidMCE\Server\RemotePotatoUI\bin\Release\RemotePotatoUI.vshost.exe'
Copy Over 'C:\Users\stefan verhagen\Documents\Visual Studio 2010\Projects\remotepotato-4333062-LivetTV\Server\RemotePotatoUI\bin\Release\RPServer.dll' -> 'D:\Dropbox\mydoc2\programmeren\remote potato\RPaddinAndroidMCE\Server\RemotePotatoUI\bin\Release\RPServer.dll'
Copy Over 'C:\Users\stefan verhagen\Documents\Visual Studio 2010\Projects\remotepotato-4333062-LivetTV\Server\RemotePotatoUI\bin\Release\RPServer.pdb' -> 'D:\Dropbox\mydoc2\programmeren\remote potato\RPaddinAndroidMCE\Server\RemotePotatoUI\bin\Release\RPServer.pdb'
Copy Over 'C:\Users\stefan verhagen\Documents\Visual Studio 2010\Projects\remotepotato-4333062-LivetTV\Server\RemotePotatoUI\obj\Release\DesignTimeResolveAssemblyReferencesInput.cache' -> 'D:\Dropbox\mydoc2\programmeren\remote potato\RPaddinAndroidMCE\Server\RemotePotatoUI\obj\Release\DesignTimeResolveAssemblyReferencesInput.cache'
Copy Over 'C:\Users\stefan verhagen\Documents\Visual Studio 2010\Projects\remotepotato-4333062-LivetTV\Server\RemotePotatoUI\obj\Release\RemotePotatoServer.Form1.resources' -> 'D:\Dropbox\mydoc2\programmeren\remote potato\RPaddinAndroidMCE\Server\RemotePotatoUI\obj\Release\RemotePotatoServer.Form1.resources'
Copy Over 'C:\Users\stefan verhagen\Documents\Visual Studio 2010\Projects\remotepotato-4333062-LivetTV\Server\RemotePotatoUI\obj\Release\RemotePotatoServer.FormChannelImportingOptions.resources' -> 'D:\Dropbox\mydoc2\programmeren\remote potato\RPaddinAndroidMCE\Server\RemotePotatoUI\obj\Release\RemotePotatoServer.FormChannelImportingOptions.resources'
Copy Over 'C:\Users\stefan verhagen\Documents\Visual Studio 2010\Projects\remotepotato-4333062-LivetTV\Server\RemotePotatoUI\obj\Release\RemotePotatoServer.FormConnectionInformation.resources' -> 'D:\Dropbox\mydoc2\programmeren\remote potato\RPaddinAndroidMCE\Server\RemotePotatoUI\obj\Release\RemotePotatoServer.FormConnectionInformation.resources'
Copy Over 'C:\Users\stefan verhagen\Documents\Visual Studio 2010\Projects\remotepotato-4333062-LivetTV\Server\RemotePotatoUI\obj\Release\RemotePotatoServer.FormConnectionWizard.resources' -> 'D:\Dropbox\mydoc2\programmeren\remote potato\RPaddinAndroidMCE\Server\RemotePotatoUI\obj\Release\RemotePotatoServer.FormConnectionWizard.resources'
Copy Over 'C:\Users\stefan verhagen\Documents\Visual Studio 2010\Projects\remotepotato-4333062-LivetTV\Server\RemotePotatoUI\obj\Release\RemotePotatoServer.FormDonationRequest.resources' -> 'D:\Dropbox\mydoc2\programmeren\remote potato\RPaddinAndroidMCE\Server\RemotePotatoUI\obj\Release\RemotePotatoServer.FormDonationRequest.resources'
Copy Over 'C:\Users\stefan verhagen\Documents\Visual Studio 2010\Projects\remotepotato-4333062-LivetTV\Server\RemotePotatoUI\obj\Release\RemotePotatoServer.FormFoldersCollection.resources' -> 'D:\Dropbox\mydoc2\programmeren\remote potato\RPaddinAndroidMCE\Server\RemotePotatoUI\obj\Release\RemotePotatoServer.FormFoldersCollection.resources'
Copy Over 'C:\Users\stefan verhagen\Documents\Visual Studio 2010\Projects\remotepotato-4333062-LivetTV\Server\RemotePotatoUI\obj\Release\RemotePotatoServer.FormInputBox.resources' -> 'D:\Dropbox\mydoc2\programmeren\remote potato\RPaddinAndroidMCE\Server\RemotePotatoUI\obj\Release\RemotePotatoServer.FormInputBox.resources'
Copy Over 'C:\Users\stefan verhagen\Documents\Visual Studio 2010\Projects\remotepotato-4333062-LivetTV\Server\RemotePotatoUI\obj\Release\RemotePotatoServer.FormMediaLibraryAccountSetter.resources' -> 'D:\Dropbox\mydoc2\programmeren\remote potato\RPaddinAndroidMCE\Server\RemotePotatoUI\obj\Release\RemotePotatoServer.FormMediaLibraryAccountSetter.resources'
Copy Over 'C:\Users\stefan verhagen\Documents\Visual Studio 2010\Projects\remotepotato-4333062-LivetTV\Server\RemotePotatoUI\obj\Release\RemotePotatoServer.FormThemesChooser.resources' -> 'D:\Dropbox\mydoc2\programmeren\remote potato\RPaddinAndroidMCE\Server\RemotePotatoUI\obj\Release\RemotePotatoServer.FormThemesChooser.resources'
Copy Over 'C:\Users\stefan verhagen\Documents\Visual Studio 2010\Projects\remotepotato-4333062-LivetTV\Server\RemotePotatoUI\obj\Release\RemotePotatoServer.FormUserManagement.resources' -> 'D:\Dropbox\mydoc2\programmeren\remote potato\RPaddinAndroidMCE\Server\RemotePotatoUI\obj\Release\RemotePotatoServer.FormUserManagement.resources'
Copy Over 'C:\Users\stefan verhagen\Documents\Visual Studio 2010\Projects\remotepotato-4333062-LivetTV\Server\RemotePotatoUI\obj\Release\RemotePotatoServer.frmPleaseWait.resources' -> 'D:\Dropbox\mydoc2\programmeren\remote potato\RPaddinAndroidMCE\Server\RemotePotatoUI\obj\Release\RemotePotatoServer.frmPleaseWait.resources'
Copy Over 'C:\Users\stefan verhagen\Documents\Visual Studio 2010\Projects\remotepotato-4333062-LivetTV\Server\RemotePotatoUI\obj\Release\RemotePotatoServer.Properties.Resources.resources' -> 'D:\Dropbox\mydoc2\programmeren\remote potato\RPaddinAndroidMCE\Server\RemotePotatoUI\obj\Release\RemotePotatoServer.Properties.Resources.resources'
Copy Over 'C:\Users\stefan verhagen\Documents\Visual Studio 2010\Projects\remotepotato-4333062-LivetTV\Server\RemotePotatoUI\obj\Release\RemotePotatoServer.ucConnectionSummary.resources' -> 'D:\Dropbox\mydoc2\programmeren\remote potato\RPaddinAndroidMCE\Server\RemotePotatoUI\obj\Release\RemotePotatoServer.ucConnectionSummary.resources'
Copy Over 'C:\Users\stefan verhagen\Documents\Visual Studio 2010\Projects\remotepotato-4333062-LivetTV\Server\RemotePotatoUI\obj\Release\RemotePotatoUI.csproj.FileListAbsolute.txt' -> 'D:\Dropbox\mydoc2\programmeren\remote potato\RPaddinAndroidMCE\Server\RemotePotatoUI\obj\Release\RemotePotatoUI.csproj.FileListAbsolute.txt'
Copy Over 'C:\Users\stefan verhagen\Documents\Visual Studio 2010\Projects\remotepotato-4333062-LivetTV\Server\RemotePotatoUI\obj\Release\RemotePotatoUI.csprojResolveAssemblyReference.cache' -> 'D:\Dropbox\mydoc2\programmeren\remote potato\RPaddinAndroidMCE\Server\RemotePotatoUI\obj\Release\RemotePotatoUI.csprojResolveAssemblyReference.cache'
Copy Over 'C:\Users\stefan verhagen\Documents\Visual Studio 2010\Projects\remotepotato-4333062-LivetTV\Server\RemotePotatoUI\obj\Release\RemotePotatoUI.exe' -> 'D:\Dropbox\mydoc2\programmeren\remote potato\RPaddinAndroidMCE\Server\RemotePotatoUI\obj\Release\RemotePotatoUI.exe'
Copy Over 'C:\Users\stefan verhagen\Documents\Visual Studio 2010\Projects\remotepotato-4333062-LivetTV\Server\RemotePotatoUI\obj\Release\RemotePotatoUI.pdb' -> 'D:\Dropbox\mydoc2\programmeren\remote potato\RPaddinAndroidMCE\Server\RemotePotatoUI\obj\Release\RemotePotatoUI.pdb'
Copy Over 'C:\Users\stefan verhagen\Documents\Visual Studio 2010\Projects\remotepotato-4333062-LivetTV\Server\RPServer\bin\Release\MediaStreamer.dll' -> 'D:\Dropbox\mydoc2\programmeren\remote potato\RPaddinAndroidMCE\Server\RPServer\bin\Release\MediaStreamer.dll'
Copy Over 'C:\Users\stefan verhagen\Documents\Visual Studio 2010\Projects\remotepotato-4333062-LivetTV\Server\RPServer\bin\Release\MediaStreamer.pdb' -> 'D:\Dropbox\mydoc2\programmeren\remote potato\RPaddinAndroidMCE\Server\RPServer\bin\Release\MediaStreamer.pdb'
Copy Over 'C:\Users\stefan verhagen\Documents\Visual Studio 2010\Projects\remotepotato-4333062-LivetTV\Server\RPServer\bin\Release\RPServer.dll' -> 'D:\Dropbox\mydoc2\programmeren\remote potato\RPaddinAndroidMCE\Server\RPServer\bin\Release\RPServer.dll'
Copy Over 'C:\Users\stefan verhagen\Documents\Visual Studio 2010\Projects\remotepotato-4333062-LivetTV\Server\RPServer\bin\Release\RPServer.pdb' -> 'D:\Dropbox\mydoc2\programmeren\remote potato\RPaddinAndroidMCE\Server\RPServer\bin\Release\RPServer.pdb'
Copy Over 'C:\Users\stefan verhagen\Documents\Visual Studio 2010\Projects\remotepotato-4333062-LivetTV\Server\RPServer\obj\Release\DesignTimeResolveAssemblyReferencesInput.cache' -> 'D:\Dropbox\mydoc2\programmeren\remote potato\RPaddinAndroidMCE\Server\RPServer\obj\Release\DesignTimeResolveAssemblyReferencesInput.cache'
Copy Over 'C:\Users\stefan verhagen\Documents\Visual Studio 2010\Projects\remotepotato-4333062-LivetTV\Server\RPServer\obj\Release\RPServer.csprojResolveAssemblyReference.cache' -> 'D:\Dropbox\mydoc2\programmeren\remote potato\RPaddinAndroidMCE\Server\RPServer\obj\Release\RPServer.csprojResolveAssemblyReference.cache'
Copy Over 'C:\Users\stefan verhagen\Documents\Visual Studio 2010\Projects\remotepotato-4333062-LivetTV\Server\RPServer\obj\Release\RPServer.dll' -> 'D:\Dropbox\mydoc2\programmeren\remote potato\RPaddinAndroidMCE\Server\RPServer\obj\Release\RPServer.dll'
Copy Over 'C:\Users\stefan verhagen\Documents\Visual Studio 2010\Projects\remotepotato-4333062-LivetTV\Server\RPServer\obj\Release\RPServer.pdb' -> 'D:\Dropbox\mydoc2\programmeren\remote potato\RPaddinAndroidMCE\Server\RPServer\obj\Release\RPServer.pdb'
Save State File C:\Users\stefan verhagen\Documents\Visual Studio 2010\Projects\remotepotato-4333062-LivetTV\_gsdata_\_file_state._gs
Save State File D:\Dropbox\mydoc2\programmeren\remote potato\RPaddinAndroidMCE\_gsdata_\_file_state._gs
Delete lock file C:\Users\stefan verhagen\Documents\Visual Studio 2010\Projects\remotepotato-4333062-LivetTV\_gsdata_\lock.gsl
Delete lock file D:\Dropbox\mydoc2\programmeren\remote potato\RPaddinAndroidMCE\_gsdata_\lock.gsl
Items Synced OK: 49, Errors: 0
===== 5-10-2012 23:37:39: Sync Completed. Time: 00:00:03, Speed: 3,16 MB/s =====

