----- 10-10-2012 22:44:46: Job 'VS2012RPLiveTV': ANALYSIS started by On File Change on computer 'QUAD' (GoodSync 9.0.2.4 on Windows 7) -----
VS2012RPLiveTV: ~stefan verhagen\Documents\Visual Studio 2012\Projects\remotepotato-4333062-LivetTV (C:\Users\stefan verhagen\Documents\Visual Studio 2012\Projects\remotepotato-4333062-LivetTV) =forced-PropDels=> D:\Dropbox\mydoc2\programmeren\remote potato\RPLiveTV-VS2012, SavePrevVers, CleanupPrevVers=30d, CleanupOldGens=12m, TmpDest, EstReq, CopyLocked, DetectMovesAndRenames, DetectFolderMoves, FileLinksDrill, CaseSens, Reconnect=3, ChangeLimit=10
Exclude Hidden, Exclude System, Exclude licens*.rfo|cache.rfo|mru.rfo|mpp*.rfo|RoboForm Online Account.rfp|name *._gstmp|/System Volume Information|Thumbs.db|.DS_Store 
Left: Reading State File C:\Users\stefan verhagen\Documents\Visual Studio 2012\Projects\remotepotato-4333062-LivetTV\_gsdata_\_file_state._gs
Locking folder C:\Users\stefan verhagen\Documents\Visual Studio 2012\Projects\remotepotato-4333062-LivetTV for write
Left: Files: 1.978 (excluded 3). Folders: 293 (excluded 2). C: NTFS, Free: 49,9 GB, Total: 195 GB
Right: Reading State File D:\Dropbox\mydoc2\programmeren\remote potato\RPLiveTV-VS2012\_gsdata_\_file_state._gs
Locking folder D:\Dropbox\mydoc2\programmeren\remote potato\RPLiveTV-VS2012 for write
Right: Files: 1.976 (excluded 0). Folders: 293 (excluded 1). D: NTFS, Free: 159 GB, Total: 931 GB
On disk file:///D: space required for sync is 11,7 MB, you have 159 GB
Changes: 124, Conflicts: 0, CopyTime: 0, CopyState: 0, Errors: 0
Left to Right: Copy File: 124 
----- 10-10-2012 22:44:49: Analysis Completed. Time 00:00:03, Speed: 758 files/s -----
===== 10-10-2012 22:44:49: Job 'VS2012RPLiveTV': SYNC started by On File Change on computer 'QUAD' =====
VS2012RPLiveTV: ~stefan verhagen\Documents\Visual Studio 2012\Projects\remotepotato-4333062-LivetTV (C:\Users\stefan verhagen\Documents\Visual Studio 2012\Projects\remotepotato-4333062-LivetTV) =forced-PropDels=> D:\Dropbox\mydoc2\programmeren\remote potato\RPLiveTV-VS2012, SavePrevVers, CleanupPrevVers=30d, CleanupOldGens=12m, TmpDest, EstReq, CopyLocked, DetectMovesAndRenames, DetectFolderMoves, FileLinksDrill, CaseSens, Reconnect=3, ChangeLimit=10
Copy Over 'C:\Users\stefan verhagen\Documents\Visual Studio 2012\Projects\remotepotato-4333062-LivetTV\Server\CommonEPG\bin\Release\CommonEPG.dll' -> 'D:\Dropbox\mydoc2\programmeren\remote potato\RPLiveTV-VS2012\Server\CommonEPG\bin\Release\CommonEPG.dll'
Copy Over 'C:\Users\stefan verhagen\Documents\Visual Studio 2012\Projects\remotepotato-4333062-LivetTV\Server\CommonEPG\bin\Release\CommonEPG.pdb' -> 'D:\Dropbox\mydoc2\programmeren\remote potato\RPLiveTV-VS2012\Server\CommonEPG\bin\Release\CommonEPG.pdb'
Copy Over 'C:\Users\stefan verhagen\Documents\Visual Studio 2012\Projects\remotepotato-4333062-LivetTV\Server\CommonEPG\obj\Release\CommonEPG.csproj.FileListAbsolute.txt' -> 'D:\Dropbox\mydoc2\programmeren\remote potato\RPLiveTV-VS2012\Server\CommonEPG\obj\Release\CommonEPG.csproj.FileListAbsolute.txt'
Copy Over 'C:\Users\stefan verhagen\Documents\Visual Studio 2012\Projects\remotepotato-4333062-LivetTV\Server\CommonEPG\obj\Release\CommonEPG.dll' -> 'D:\Dropbox\mydoc2\programmeren\remote potato\RPLiveTV-VS2012\Server\CommonEPG\obj\Release\CommonEPG.dll'
Copy Over 'C:\Users\stefan verhagen\Documents\Visual Studio 2012\Projects\remotepotato-4333062-LivetTV\Server\CommonEPG\obj\Release\CommonEPG.pdb' -> 'D:\Dropbox\mydoc2\programmeren\remote potato\RPLiveTV-VS2012\Server\CommonEPG\obj\Release\CommonEPG.pdb'
Copy Over 'C:\Users\stefan verhagen\Documents\Visual Studio 2012\Projects\remotepotato-4333062-LivetTV\Server\MCData\bin\Release\CommonEPG.dll' -> 'D:\Dropbox\mydoc2\programmeren\remote potato\RPLiveTV-VS2012\Server\MCData\bin\Release\CommonEPG.dll'
Copy Over 'C:\Users\stefan verhagen\Documents\Visual Studio 2012\Projects\remotepotato-4333062-LivetTV\Server\MCData\bin\Release\CommonEPG.pdb' -> 'D:\Dropbox\mydoc2\programmeren\remote potato\RPLiveTV-VS2012\Server\MCData\bin\Release\CommonEPG.pdb'
Copy Over 'C:\Users\stefan verhagen\Documents\Visual Studio 2012\Projects\remotepotato-4333062-LivetTV\Server\MCData\bin\Release\MSEPG.dll' -> 'D:\Dropbox\mydoc2\programmeren\remote potato\RPLiveTV-VS2012\Server\MCData\bin\Release\MSEPG.dll'
Copy Over 'C:\Users\stefan verhagen\Documents\Visual Studio 2012\Projects\remotepotato-4333062-LivetTV\Server\MCData\bin\Release\MSEPG.pdb' -> 'D:\Dropbox\mydoc2\programmeren\remote potato\RPLiveTV-VS2012\Server\MCData\bin\Release\MSEPG.pdb'
Copy Over 'C:\Users\stefan verhagen\Documents\Visual Studio 2012\Projects\remotepotato-4333062-LivetTV\Server\MCData\obj\Release\MSEPG.csproj.FileListAbsolute.txt' -> 'D:\Dropbox\mydoc2\programmeren\remote potato\RPLiveTV-VS2012\Server\MCData\obj\Release\MSEPG.csproj.FileListAbsolute.txt'
Copy Over 'C:\Users\stefan verhagen\Documents\Visual Studio 2012\Projects\remotepotato-4333062-LivetTV\Server\MCData\obj\Release\MSEPG.csprojResolveAssemblyReference.cache' -> 'D:\Dropbox\mydoc2\programmeren\remote potato\RPLiveTV-VS2012\Server\MCData\obj\Release\MSEPG.csprojResolveAssemblyReference.cache'
Copy Over 'C:\Users\stefan verhagen\Documents\Visual Studio 2012\Projects\remotepotato-4333062-LivetTV\Server\MCData\obj\Release\MSEPG.dll' -> 'D:\Dropbox\mydoc2\programmeren\remote potato\RPLiveTV-VS2012\Server\MCData\obj\Release\MSEPG.dll'
Copy Over 'C:\Users\stefan verhagen\Documents\Visual Studio 2012\Projects\remotepotato-4333062-LivetTV\Server\MCData\obj\Release\MSEPG.pdb' -> 'D:\Dropbox\mydoc2\programmeren\remote potato\RPLiveTV-VS2012\Server\MCData\obj\Release\MSEPG.pdb'
Copy Over 'C:\Users\stefan verhagen\Documents\Visual Studio 2012\Projects\remotepotato-4333062-LivetTV\Server\MediaStreamer\bin\Release\MediaStreamer.dll' -> 'D:\Dropbox\mydoc2\programmeren\remote potato\RPLiveTV-VS2012\Server\MediaStreamer\bin\Release\MediaStreamer.dll'
Copy Over 'C:\Users\stefan verhagen\Documents\Visual Studio 2012\Projects\remotepotato-4333062-LivetTV\Server\MediaStreamer\bin\Release\MediaStreamer.pdb' -> 'D:\Dropbox\mydoc2\programmeren\remote potato\RPLiveTV-VS2012\Server\MediaStreamer\bin\Release\MediaStreamer.pdb'
Copy Over 'C:\Users\stefan verhagen\Documents\Visual Studio 2012\Projects\remotepotato-4333062-LivetTV\Server\MediaStreamer\bin\Release\ShellUtilities.dll' -> 'D:\Dropbox\mydoc2\programmeren\remote potato\RPLiveTV-VS2012\Server\MediaStreamer\bin\Release\ShellUtilities.dll'
Copy Over 'C:\Users\stefan verhagen\Documents\Visual Studio 2012\Projects\remotepotato-4333062-LivetTV\Server\MediaStreamer\bin\Release\ShellUtilities.pdb' -> 'D:\Dropbox\mydoc2\programmeren\remote potato\RPLiveTV-VS2012\Server\MediaStreamer\bin\Release\ShellUtilities.pdb'
Copy Over 'C:\Users\stefan verhagen\Documents\Visual Studio 2012\Projects\remotepotato-4333062-LivetTV\Server\MediaStreamer\obj\Release\MediaStreamer.csproj.FileListAbsolute.txt' -> 'D:\Dropbox\mydoc2\programmeren\remote potato\RPLiveTV-VS2012\Server\MediaStreamer\obj\Release\MediaStreamer.csproj.FileListAbsolute.txt'
Copy Over 'C:\Users\stefan verhagen\Documents\Visual Studio 2012\Projects\remotepotato-4333062-LivetTV\Server\MediaStreamer\obj\Release\MediaStreamer.csprojResolveAssemblyReference.cache' -> 'D:\Dropbox\mydoc2\programmeren\remote potato\RPLiveTV-VS2012\Server\MediaStreamer\obj\Release\MediaStreamer.csprojResolveAssemblyReference.cache'
Copy Over 'C:\Users\stefan verhagen\Documents\Visual Studio 2012\Projects\remotepotato-4333062-LivetTV\Server\MediaStreamer\obj\Release\MediaStreamer.dll' -> 'D:\Dropbox\mydoc2\programmeren\remote potato\RPLiveTV-VS2012\Server\MediaStreamer\obj\Release\MediaStreamer.dll'
Copy Over 'C:\Users\stefan verhagen\Documents\Visual Studio 2012\Projects\remotepotato-4333062-LivetTV\Server\MediaStreamer\obj\Release\MediaStreamer.pdb' -> 'D:\Dropbox\mydoc2\programmeren\remote potato\RPLiveTV-VS2012\Server\MediaStreamer\obj\Release\MediaStreamer.pdb'
Copy Over 'C:\Users\stefan verhagen\Documents\Visual Studio 2012\Projects\remotepotato-4333062-LivetTV\Server\RemotePotatoService\bin\Release\CommonEPG.dll' -> 'D:\Dropbox\mydoc2\programmeren\remote potato\RPLiveTV-VS2012\Server\RemotePotatoService\bin\Release\CommonEPG.dll'
Copy Over 'C:\Users\stefan verhagen\Documents\Visual Studio 2012\Projects\remotepotato-4333062-LivetTV\Server\RemotePotatoService\bin\Release\CommonEPG.pdb' -> 'D:\Dropbox\mydoc2\programmeren\remote potato\RPLiveTV-VS2012\Server\RemotePotatoService\bin\Release\CommonEPG.pdb'
Copy Over 'C:\Users\stefan verhagen\Documents\Visual Studio 2012\Projects\remotepotato-4333062-LivetTV\Server\RemotePotatoService\bin\Release\MediaStreamer.dll' -> 'D:\Dropbox\mydoc2\programmeren\remote potato\RPLiveTV-VS2012\Server\RemotePotatoService\bin\Release\MediaStreamer.dll'
Copy Over 'C:\Users\stefan verhagen\Documents\Visual Studio 2012\Projects\remotepotato-4333062-LivetTV\Server\RemotePotatoService\bin\Release\MediaStreamer.pdb' -> 'D:\Dropbox\mydoc2\programmeren\remote potato\RPLiveTV-VS2012\Server\RemotePotatoService\bin\Release\MediaStreamer.pdb'
Copy Over 'C:\Users\stefan verhagen\Documents\Visual Studio 2012\Projects\remotepotato-4333062-LivetTV\Server\RemotePotatoService\bin\Release\MSEPG.dll' -> 'D:\Dropbox\mydoc2\programmeren\remote potato\RPLiveTV-VS2012\Server\RemotePotatoService\bin\Release\MSEPG.dll'
Copy Over 'C:\Users\stefan verhagen\Documents\Visual Studio 2012\Projects\remotepotato-4333062-LivetTV\Server\RemotePotatoService\bin\Release\MSEPG.pdb' -> 'D:\Dropbox\mydoc2\programmeren\remote potato\RPLiveTV-VS2012\Server\RemotePotatoService\bin\Release\MSEPG.pdb'
Copy Over 'C:\Users\stefan verhagen\Documents\Visual Studio 2012\Projects\remotepotato-4333062-LivetTV\Server\RemotePotatoService\bin\Release\RemotePotatoService.exe' -> 'D:\Dropbox\mydoc2\programmeren\remote potato\RPLiveTV-VS2012\Server\RemotePotatoService\bin\Release\RemotePotatoService.exe'
Copy Over 'C:\Users\stefan verhagen\Documents\Visual Studio 2012\Projects\remotepotato-4333062-LivetTV\Server\RemotePotatoService\bin\Release\RemotePotatoService.pdb' -> 'D:\Dropbox\mydoc2\programmeren\remote potato\RPLiveTV-VS2012\Server\RemotePotatoService\bin\Release\RemotePotatoService.pdb'
Copy Over 'C:\Users\stefan verhagen\Documents\Visual Studio 2012\Projects\remotepotato-4333062-LivetTV\Server\RemotePotatoService\bin\Release\RPServer.dll' -> 'D:\Dropbox\mydoc2\programmeren\remote potato\RPLiveTV-VS2012\Server\RemotePotatoService\bin\Release\RPServer.dll'
Copy Over 'C:\Users\stefan verhagen\Documents\Visual Studio 2012\Projects\remotepotato-4333062-LivetTV\Server\RemotePotatoService\bin\Release\RPServer.pdb' -> 'D:\Dropbox\mydoc2\programmeren\remote potato\RPLiveTV-VS2012\Server\RemotePotatoService\bin\Release\RPServer.pdb'
Copy Over 'C:\Users\stefan verhagen\Documents\Visual Studio 2012\Projects\remotepotato-4333062-LivetTV\Server\RemotePotatoService\bin\Release\ShellUtilities.dll' -> 'D:\Dropbox\mydoc2\programmeren\remote potato\RPLiveTV-VS2012\Server\RemotePotatoService\bin\Release\ShellUtilities.dll'
Copy Over 'C:\Users\stefan verhagen\Documents\Visual Studio 2012\Projects\remotepotato-4333062-LivetTV\Server\RemotePotatoService\bin\Release\ShellUtilities.pdb' -> 'D:\Dropbox\mydoc2\programmeren\remote potato\RPLiveTV-VS2012\Server\RemotePotatoService\bin\Release\ShellUtilities.pdb'
Copy Over 'C:\Users\stefan verhagen\Documents\Visual Studio 2012\Projects\remotepotato-4333062-LivetTV\Server\RemotePotatoService\bin\Release\WTVTranscoder.dll' -> 'D:\Dropbox\mydoc2\programmeren\remote potato\RPLiveTV-VS2012\Server\RemotePotatoService\bin\Release\WTVTranscoder.dll'
Copy Over 'C:\Users\stefan verhagen\Documents\Visual Studio 2012\Projects\remotepotato-4333062-LivetTV\Server\RemotePotatoService\bin\Release\WTVTranscoder.pdb' -> 'D:\Dropbox\mydoc2\programmeren\remote potato\RPLiveTV-VS2012\Server\RemotePotatoService\bin\Release\WTVTranscoder.pdb'
Copy Over 'C:\Users\stefan verhagen\Documents\Visual Studio 2012\Projects\remotepotato-4333062-LivetTV\Server\RemotePotatoService\obj\Release\RemotePotatoService.csproj.FileListAbsolute.txt' -> 'D:\Dropbox\mydoc2\programmeren\remote potato\RPLiveTV-VS2012\Server\RemotePotatoService\obj\Release\RemotePotatoService.csproj.FileListAbsolute.txt'
Copy Over 'C:\Users\stefan verhagen\Documents\Visual Studio 2012\Projects\remotepotato-4333062-LivetTV\Server\RemotePotatoService\obj\Release\RemotePotatoService.csproj.GenerateResource.Cache' -> 'D:\Dropbox\mydoc2\programmeren\remote potato\RPLiveTV-VS2012\Server\RemotePotatoService\obj\Release\RemotePotatoService.csproj.GenerateResource.Cache'
Copy Over 'C:\Users\stefan verhagen\Documents\Visual Studio 2012\Projects\remotepotato-4333062-LivetTV\Server\RemotePotatoService\obj\Release\RemotePotatoService.csprojResolveAssemblyReference.cache' -> 'D:\Dropbox\mydoc2\programmeren\remote potato\RPLiveTV-VS2012\Server\RemotePotatoService\obj\Release\RemotePotatoService.csprojResolveAssemblyReference.cache'
Copy Over 'C:\Users\stefan verhagen\Documents\Visual Studio 2012\Projects\remotepotato-4333062-LivetTV\Server\RemotePotatoService\obj\Release\RemotePotatoService.exe' -> 'D:\Dropbox\mydoc2\programmeren\remote potato\RPLiveTV-VS2012\Server\RemotePotatoService\obj\Release\RemotePotatoService.exe'
Copy Over 'C:\Users\stefan verhagen\Documents\Visual Studio 2012\Projects\remotepotato-4333062-LivetTV\Server\RemotePotatoService\obj\Release\RemotePotatoService.pdb' -> 'D:\Dropbox\mydoc2\programmeren\remote potato\RPLiveTV-VS2012\Server\RemotePotatoService\obj\Release\RemotePotatoService.pdb'
Copy Over 'C:\Users\stefan verhagen\Documents\Visual Studio 2012\Projects\remotepotato-4333062-LivetTV\Server\RemotePotatoService\obj\Release\RemotePotatoService.ProjectInstaller.resources' -> 'D:\Dropbox\mydoc2\programmeren\remote potato\RPLiveTV-VS2012\Server\RemotePotatoService\obj\Release\RemotePotatoService.ProjectInstaller.resources'
Copy Over 'C:\Users\stefan verhagen\Documents\Visual Studio 2012\Projects\remotepotato-4333062-LivetTV\Server\RemotePotatoService\obj\Release\RemotePotatoService.Service1.resources' -> 'D:\Dropbox\mydoc2\programmeren\remote potato\RPLiveTV-VS2012\Server\RemotePotatoService\obj\Release\RemotePotatoService.Service1.resources'
Copy Over 'C:\Users\stefan verhagen\Documents\Visual Studio 2012\Projects\remotepotato-4333062-LivetTV\Server\RemotePotatoSettings\bin\Release\RemotePotatoSettings.dll' -> 'D:\Dropbox\mydoc2\programmeren\remote potato\RPLiveTV-VS2012\Server\RemotePotatoSettings\bin\Release\RemotePotatoSettings.dll'
Copy Over 'C:\Users\stefan verhagen\Documents\Visual Studio 2012\Projects\remotepotato-4333062-LivetTV\Server\RemotePotatoSettings\bin\Release\RemotePotatoSettings.pdb' -> 'D:\Dropbox\mydoc2\programmeren\remote potato\RPLiveTV-VS2012\Server\RemotePotatoSettings\bin\Release\RemotePotatoSettings.pdb'
Copy Over 'C:\Users\stefan verhagen\Documents\Visual Studio 2012\Projects\remotepotato-4333062-LivetTV\Server\RemotePotatoSettings\obj\Release\RemotePotatoSettings.csproj.FileListAbsolute.txt' -> 'D:\Dropbox\mydoc2\programmeren\remote potato\RPLiveTV-VS2012\Server\RemotePotatoSettings\obj\Release\RemotePotatoSettings.csproj.FileListAbsolute.txt'
Copy Over 'C:\Users\stefan verhagen\Documents\Visual Studio 2012\Projects\remotepotato-4333062-LivetTV\Server\RemotePotatoSettings\obj\Release\RemotePotatoSettings.dll' -> 'D:\Dropbox\mydoc2\programmeren\remote potato\RPLiveTV-VS2012\Server\RemotePotatoSettings\obj\Release\RemotePotatoSettings.dll'
Copy Over 'C:\Users\stefan verhagen\Documents\Visual Studio 2012\Projects\remotepotato-4333062-LivetTV\Server\RemotePotatoSettings\obj\Release\RemotePotatoSettings.pdb' -> 'D:\Dropbox\mydoc2\programmeren\remote potato\RPLiveTV-VS2012\Server\RemotePotatoSettings\obj\Release\RemotePotatoSettings.pdb'
Copy Over 'C:\Users\stefan verhagen\Documents\Visual Studio 2012\Projects\remotepotato-4333062-LivetTV\Server\RemotePotatoUI\bin\Release\CommonEPG.dll' -> 'D:\Dropbox\mydoc2\programmeren\remote potato\RPLiveTV-VS2012\Server\RemotePotatoUI\bin\Release\CommonEPG.dll'
Copy Over 'C:\Users\stefan verhagen\Documents\Visual Studio 2012\Projects\remotepotato-4333062-LivetTV\Server\RemotePotatoUI\bin\Release\CommonEPG.pdb' -> 'D:\Dropbox\mydoc2\programmeren\remote potato\RPLiveTV-VS2012\Server\RemotePotatoUI\bin\Release\CommonEPG.pdb'
Copy Over 'C:\Users\stefan verhagen\Documents\Visual Studio 2012\Projects\remotepotato-4333062-LivetTV\Server\RemotePotatoUI\bin\Release\MediaStreamer.dll' -> 'D:\Dropbox\mydoc2\programmeren\remote potato\RPLiveTV-VS2012\Server\RemotePotatoUI\bin\Release\MediaStreamer.dll'
Copy Over 'C:\Users\stefan verhagen\Documents\Visual Studio 2012\Projects\remotepotato-4333062-LivetTV\Server\RemotePotatoUI\bin\Release\MediaStreamer.pdb' -> 'D:\Dropbox\mydoc2\programmeren\remote potato\RPLiveTV-VS2012\Server\RemotePotatoUI\bin\Release\MediaStreamer.pdb'
Copy Over 'C:\Users\stefan verhagen\Documents\Visual Studio 2012\Projects\remotepotato-4333062-LivetTV\Server\RemotePotatoUI\bin\Release\MSEPG.dll' -> 'D:\Dropbox\mydoc2\programmeren\remote potato\RPLiveTV-VS2012\Server\RemotePotatoUI\bin\Release\MSEPG.dll'
Copy Over 'C:\Users\stefan verhagen\Documents\Visual Studio 2012\Projects\remotepotato-4333062-LivetTV\Server\RemotePotatoUI\bin\Release\MSEPG.pdb' -> 'D:\Dropbox\mydoc2\programmeren\remote potato\RPLiveTV-VS2012\Server\RemotePotatoUI\bin\Release\MSEPG.pdb'
Copy Over 'C:\Users\stefan verhagen\Documents\Visual Studio 2012\Projects\remotepotato-4333062-LivetTV\Server\RemotePotatoUI\bin\Release\RemotePotatoSettings.dll' -> 'D:\Dropbox\mydoc2\programmeren\remote potato\RPLiveTV-VS2012\Server\RemotePotatoUI\bin\Release\RemotePotatoSettings.dll'
Copy Over 'C:\Users\stefan verhagen\Documents\Visual Studio 2012\Projects\remotepotato-4333062-LivetTV\Server\RemotePotatoUI\bin\Release\RemotePotatoSettings.pdb' -> 'D:\Dropbox\mydoc2\programmeren\remote potato\RPLiveTV-VS2012\Server\RemotePotatoUI\bin\Release\RemotePotatoSettings.pdb'
Copy Over 'C:\Users\stefan verhagen\Documents\Visual Studio 2012\Projects\remotepotato-4333062-LivetTV\Server\RemotePotatoUI\bin\Release\RemotePotatoUI.exe' -> 'D:\Dropbox\mydoc2\programmeren\remote potato\RPLiveTV-VS2012\Server\RemotePotatoUI\bin\Release\RemotePotatoUI.exe'
Copy Over 'C:\Users\stefan verhagen\Documents\Visual Studio 2012\Projects\remotepotato-4333062-LivetTV\Server\RemotePotatoUI\bin\Release\RemotePotatoUI.pdb' -> 'D:\Dropbox\mydoc2\programmeren\remote potato\RPLiveTV-VS2012\Server\RemotePotatoUI\bin\Release\RemotePotatoUI.pdb'
Copy Over 'C:\Users\stefan verhagen\Documents\Visual Studio 2012\Projects\remotepotato-4333062-LivetTV\Server\RemotePotatoUI\bin\Release\RPServer.dll' -> 'D:\Dropbox\mydoc2\programmeren\remote potato\RPLiveTV-VS2012\Server\RemotePotatoUI\bin\Release\RPServer.dll'
Copy Over 'C:\Users\stefan verhagen\Documents\Visual Studio 2012\Projects\remotepotato-4333062-LivetTV\Server\RemotePotatoUI\bin\Release\RPServer.pdb' -> 'D:\Dropbox\mydoc2\programmeren\remote potato\RPLiveTV-VS2012\Server\RemotePotatoUI\bin\Release\RPServer.pdb'
Copy Over 'C:\Users\stefan verhagen\Documents\Visual Studio 2012\Projects\remotepotato-4333062-LivetTV\Server\RemotePotatoUI\bin\Release\ShellUtilities.dll' -> 'D:\Dropbox\mydoc2\programmeren\remote potato\RPLiveTV-VS2012\Server\RemotePotatoUI\bin\Release\ShellUtilities.dll'
Copy Over 'C:\Users\stefan verhagen\Documents\Visual Studio 2012\Projects\remotepotato-4333062-LivetTV\Server\RemotePotatoUI\bin\Release\ShellUtilities.pdb' -> 'D:\Dropbox\mydoc2\programmeren\remote potato\RPLiveTV-VS2012\Server\RemotePotatoUI\bin\Release\ShellUtilities.pdb'
Copy Over 'C:\Users\stefan verhagen\Documents\Visual Studio 2012\Projects\remotepotato-4333062-LivetTV\Server\RemotePotatoUI\bin\Release\WTVTranscoder.dll' -> 'D:\Dropbox\mydoc2\programmeren\remote potato\RPLiveTV-VS2012\Server\RemotePotatoUI\bin\Release\WTVTranscoder.dll'
Copy Over 'C:\Users\stefan verhagen\Documents\Visual Studio 2012\Projects\remotepotato-4333062-LivetTV\Server\RemotePotatoUI\bin\Release\WTVTranscoder.pdb' -> 'D:\Dropbox\mydoc2\programmeren\remote potato\RPLiveTV-VS2012\Server\RemotePotatoUI\bin\Release\WTVTranscoder.pdb'
Copy Over 'C:\Users\stefan verhagen\Documents\Visual Studio 2012\Projects\remotepotato-4333062-LivetTV\Server\RemotePotatoUI\obj\Release\RemotePotatoServer.Form1.resources' -> 'D:\Dropbox\mydoc2\programmeren\remote potato\RPLiveTV-VS2012\Server\RemotePotatoUI\obj\Release\RemotePotatoServer.Form1.resources'
Copy Over 'C:\Users\stefan verhagen\Documents\Visual Studio 2012\Projects\remotepotato-4333062-LivetTV\Server\RemotePotatoUI\obj\Release\RemotePotatoServer.FormChannelImportingOptions.resources' -> 'D:\Dropbox\mydoc2\programmeren\remote potato\RPLiveTV-VS2012\Server\RemotePotatoUI\obj\Release\RemotePotatoServer.FormChannelImportingOptions.resources'
Copy Over 'C:\Users\stefan verhagen\Documents\Visual Studio 2012\Projects\remotepotato-4333062-LivetTV\Server\RemotePotatoUI\obj\Release\RemotePotatoServer.FormConnectionInformation.resources' -> 'D:\Dropbox\mydoc2\programmeren\remote potato\RPLiveTV-VS2012\Server\RemotePotatoUI\obj\Release\RemotePotatoServer.FormConnectionInformation.resources'
Copy Over 'C:\Users\stefan verhagen\Documents\Visual Studio 2012\Projects\remotepotato-4333062-LivetTV\Server\RemotePotatoUI\obj\Release\RemotePotatoServer.FormConnectionWizard.resources' -> 'D:\Dropbox\mydoc2\programmeren\remote potato\RPLiveTV-VS2012\Server\RemotePotatoUI\obj\Release\RemotePotatoServer.FormConnectionWizard.resources'
Copy Over 'C:\Users\stefan verhagen\Documents\Visual Studio 2012\Projects\remotepotato-4333062-LivetTV\Server\RemotePotatoUI\obj\Release\RemotePotatoServer.FormDonationRequest.resources' -> 'D:\Dropbox\mydoc2\programmeren\remote potato\RPLiveTV-VS2012\Server\RemotePotatoUI\obj\Release\RemotePotatoServer.FormDonationRequest.resources'
Copy Over 'C:\Users\stefan verhagen\Documents\Visual Studio 2012\Projects\remotepotato-4333062-LivetTV\Server\RemotePotatoUI\obj\Release\RemotePotatoServer.FormFoldersCollection.resources' -> 'D:\Dropbox\mydoc2\programmeren\remote potato\RPLiveTV-VS2012\Server\RemotePotatoUI\obj\Release\RemotePotatoServer.FormFoldersCollection.resources'
Copy Over 'C:\Users\stefan verhagen\Documents\Visual Studio 2012\Projects\remotepotato-4333062-LivetTV\Server\RemotePotatoUI\obj\Release\RemotePotatoServer.FormInputBox.resources' -> 'D:\Dropbox\mydoc2\programmeren\remote potato\RPLiveTV-VS2012\Server\RemotePotatoUI\obj\Release\RemotePotatoServer.FormInputBox.resources'
Copy Over 'C:\Users\stefan verhagen\Documents\Visual Studio 2012\Projects\remotepotato-4333062-LivetTV\Server\RemotePotatoUI\obj\Release\RemotePotatoServer.FormMediaLibraryAccountSetter.resources' -> 'D:\Dropbox\mydoc2\programmeren\remote potato\RPLiveTV-VS2012\Server\RemotePotatoUI\obj\Release\RemotePotatoServer.FormMediaLibraryAccountSetter.resources'
Copy Over 'C:\Users\stefan verhagen\Documents\Visual Studio 2012\Projects\remotepotato-4333062-LivetTV\Server\RemotePotatoUI\obj\Release\RemotePotatoServer.FormThemesChooser.resources' -> 'D:\Dropbox\mydoc2\programmeren\remote potato\RPLiveTV-VS2012\Server\RemotePotatoUI\obj\Release\RemotePotatoServer.FormThemesChooser.resources'
Copy Over 'C:\Users\stefan verhagen\Documents\Visual Studio 2012\Projects\remotepotato-4333062-LivetTV\Server\RemotePotatoUI\obj\Release\RemotePotatoServer.FormUserManagement.resources' -> 'D:\Dropbox\mydoc2\programmeren\remote potato\RPLiveTV-VS2012\Server\RemotePotatoUI\obj\Release\RemotePotatoServer.FormUserManagement.resources'
Copy Over 'C:\Users\stefan verhagen\Documents\Visual Studio 2012\Projects\remotepotato-4333062-LivetTV\Server\RemotePotatoUI\obj\Release\RemotePotatoServer.frmPleaseWait.resources' -> 'D:\Dropbox\mydoc2\programmeren\remote potato\RPLiveTV-VS2012\Server\RemotePotatoUI\obj\Release\RemotePotatoServer.frmPleaseWait.resources'
Copy Over 'C:\Users\stefan verhagen\Documents\Visual Studio 2012\Projects\remotepotato-4333062-LivetTV\Server\RemotePotatoUI\obj\Release\RemotePotatoServer.Properties.Resources.resources' -> 'D:\Dropbox\mydoc2\programmeren\remote potato\RPLiveTV-VS2012\Server\RemotePotatoUI\obj\Release\RemotePotatoServer.Properties.Resources.resources'
Copy Over 'C:\Users\stefan verhagen\Documents\Visual Studio 2012\Projects\remotepotato-4333062-LivetTV\Server\RemotePotatoUI\obj\Release\RemotePotatoServer.ucConnectionSummary.resources' -> 'D:\Dropbox\mydoc2\programmeren\remote potato\RPLiveTV-VS2012\Server\RemotePotatoUI\obj\Release\RemotePotatoServer.ucConnectionSummary.resources'
Copy Over 'C:\Users\stefan verhagen\Documents\Visual Studio 2012\Projects\remotepotato-4333062-LivetTV\Server\RemotePotatoUI\obj\Release\RemotePotatoUI.csproj.FileListAbsolute.txt' -> 'D:\Dropbox\mydoc2\programmeren\remote potato\RPLiveTV-VS2012\Server\RemotePotatoUI\obj\Release\RemotePotatoUI.csproj.FileListAbsolute.txt'
Copy Over 'C:\Users\stefan verhagen\Documents\Visual Studio 2012\Projects\remotepotato-4333062-LivetTV\Server\RemotePotatoUI\obj\Release\RemotePotatoUI.csproj.GenerateResource.Cache' -> 'D:\Dropbox\mydoc2\programmeren\remote potato\RPLiveTV-VS2012\Server\RemotePotatoUI\obj\Release\RemotePotatoUI.csproj.GenerateResource.Cache'
Copy Over 'C:\Users\stefan verhagen\Documents\Visual Studio 2012\Projects\remotepotato-4333062-LivetTV\Server\RemotePotatoUI\obj\Release\RemotePotatoUI.csprojResolveAssemblyReference.cache' -> 'D:\Dropbox\mydoc2\programmeren\remote potato\RPLiveTV-VS2012\Server\RemotePotatoUI\obj\Release\RemotePotatoUI.csprojResolveAssemblyReference.cache'
Copy Over 'C:\Users\stefan verhagen\Documents\Visual Studio 2012\Projects\remotepotato-4333062-LivetTV\Server\RemotePotatoUI\obj\Release\RemotePotatoUI.exe' -> 'D:\Dropbox\mydoc2\programmeren\remote potato\RPLiveTV-VS2012\Server\RemotePotatoUI\obj\Release\RemotePotatoUI.exe'
Copy Over 'C:\Users\stefan verhagen\Documents\Visual Studio 2012\Projects\remotepotato-4333062-LivetTV\Server\RemotePotatoUI\obj\Release\RemotePotatoUI.pdb' -> 'D:\Dropbox\mydoc2\programmeren\remote potato\RPLiveTV-VS2012\Server\RemotePotatoUI\obj\Release\RemotePotatoUI.pdb'
Copy Over 'C:\Users\stefan verhagen\Documents\Visual Studio 2012\Projects\remotepotato-4333062-LivetTV\Server\RPKeySender\bin\Release\RPKeySender.exe' -> 'D:\Dropbox\mydoc2\programmeren\remote potato\RPLiveTV-VS2012\Server\RPKeySender\bin\Release\RPKeySender.exe'
Copy Over 'C:\Users\stefan verhagen\Documents\Visual Studio 2012\Projects\remotepotato-4333062-LivetTV\Server\RPKeySender\bin\Release\RPKeySender.pdb' -> 'D:\Dropbox\mydoc2\programmeren\remote potato\RPLiveTV-VS2012\Server\RPKeySender\bin\Release\RPKeySender.pdb'
Copy Over 'C:\Users\stefan verhagen\Documents\Visual Studio 2012\Projects\remotepotato-4333062-LivetTV\Server\RPKeySender\obj\x86\Release\RPKeySender.csproj.FileListAbsolute.txt' -> 'D:\Dropbox\mydoc2\programmeren\remote potato\RPLiveTV-VS2012\Server\RPKeySender\obj\x86\Release\RPKeySender.csproj.FileListAbsolute.txt'
Copy Over 'C:\Users\stefan verhagen\Documents\Visual Studio 2012\Projects\remotepotato-4333062-LivetTV\Server\RPKeySender\obj\x86\Release\RPKeySender.csproj.GenerateResource.Cache' -> 'D:\Dropbox\mydoc2\programmeren\remote potato\RPLiveTV-VS2012\Server\RPKeySender\obj\x86\Release\RPKeySender.csproj.GenerateResource.Cache'
Copy Over 'C:\Users\stefan verhagen\Documents\Visual Studio 2012\Projects\remotepotato-4333062-LivetTV\Server\RPKeySender\obj\x86\Release\RPKeySender.exe' -> 'D:\Dropbox\mydoc2\programmeren\remote potato\RPLiveTV-VS2012\Server\RPKeySender\obj\x86\Release\RPKeySender.exe'
Copy Over 'C:\Users\stefan verhagen\Documents\Visual Studio 2012\Projects\remotepotato-4333062-LivetTV\Server\RPKeySender\obj\x86\Release\RPKeySender.Form1.resources' -> 'D:\Dropbox\mydoc2\programmeren\remote potato\RPLiveTV-VS2012\Server\RPKeySender\obj\x86\Release\RPKeySender.Form1.resources'
Copy Over 'C:\Users\stefan verhagen\Documents\Visual Studio 2012\Projects\remotepotato-4333062-LivetTV\Server\RPKeySender\obj\x86\Release\RPKeySender.pdb' -> 'D:\Dropbox\mydoc2\programmeren\remote potato\RPLiveTV-VS2012\Server\RPKeySender\obj\x86\Release\RPKeySender.pdb'
Copy Over 'C:\Users\stefan verhagen\Documents\Visual Studio 2012\Projects\remotepotato-4333062-LivetTV\Server\RPKeySender\obj\x86\Release\RPKeySender.Properties.Resources.resources' -> 'D:\Dropbox\mydoc2\programmeren\remote potato\RPLiveTV-VS2012\Server\RPKeySender\obj\x86\Release\RPKeySender.Properties.Resources.resources'
Copy Over 'C:\Users\stefan verhagen\Documents\Visual Studio 2012\Projects\remotepotato-4333062-LivetTV\Server\RPServer\bin\Release\CommonEPG.dll' -> 'D:\Dropbox\mydoc2\programmeren\remote potato\RPLiveTV-VS2012\Server\RPServer\bin\Release\CommonEPG.dll'
Copy Over 'C:\Users\stefan verhagen\Documents\Visual Studio 2012\Projects\remotepotato-4333062-LivetTV\Server\RPServer\bin\Release\CommonEPG.pdb' -> 'D:\Dropbox\mydoc2\programmeren\remote potato\RPLiveTV-VS2012\Server\RPServer\bin\Release\CommonEPG.pdb'
Copy Over 'C:\Users\stefan verhagen\Documents\Visual Studio 2012\Projects\remotepotato-4333062-LivetTV\Server\RPServer\bin\Release\MediaStreamer.dll' -> 'D:\Dropbox\mydoc2\programmeren\remote potato\RPLiveTV-VS2012\Server\RPServer\bin\Release\MediaStreamer.dll'
Copy Over 'C:\Users\stefan verhagen\Documents\Visual Studio 2012\Projects\remotepotato-4333062-LivetTV\Server\RPServer\bin\Release\MediaStreamer.pdb' -> 'D:\Dropbox\mydoc2\programmeren\remote potato\RPLiveTV-VS2012\Server\RPServer\bin\Release\MediaStreamer.pdb'
Copy Over 'C:\Users\stefan verhagen\Documents\Visual Studio 2012\Projects\remotepotato-4333062-LivetTV\Server\RPServer\bin\Release\MSEPG.dll' -> 'D:\Dropbox\mydoc2\programmeren\remote potato\RPLiveTV-VS2012\Server\RPServer\bin\Release\MSEPG.dll'
Copy Over 'C:\Users\stefan verhagen\Documents\Visual Studio 2012\Projects\remotepotato-4333062-LivetTV\Server\RPServer\bin\Release\MSEPG.pdb' -> 'D:\Dropbox\mydoc2\programmeren\remote potato\RPLiveTV-VS2012\Server\RPServer\bin\Release\MSEPG.pdb'
Copy Over 'C:\Users\stefan verhagen\Documents\Visual Studio 2012\Projects\remotepotato-4333062-LivetTV\Server\RPServer\bin\Release\RPServer.dll' -> 'D:\Dropbox\mydoc2\programmeren\remote potato\RPLiveTV-VS2012\Server\RPServer\bin\Release\RPServer.dll'
Copy Over 'C:\Users\stefan verhagen\Documents\Visual Studio 2012\Projects\remotepotato-4333062-LivetTV\Server\RPServer\bin\Release\RPServer.pdb' -> 'D:\Dropbox\mydoc2\programmeren\remote potato\RPLiveTV-VS2012\Server\RPServer\bin\Release\RPServer.pdb'
Copy Over 'C:\Users\stefan verhagen\Documents\Visual Studio 2012\Projects\remotepotato-4333062-LivetTV\Server\RPServer\bin\Release\ShellUtilities.dll' -> 'D:\Dropbox\mydoc2\programmeren\remote potato\RPLiveTV-VS2012\Server\RPServer\bin\Release\ShellUtilities.dll'
Copy Over 'C:\Users\stefan verhagen\Documents\Visual Studio 2012\Projects\remotepotato-4333062-LivetTV\Server\RPServer\bin\Release\ShellUtilities.pdb' -> 'D:\Dropbox\mydoc2\programmeren\remote potato\RPLiveTV-VS2012\Server\RPServer\bin\Release\ShellUtilities.pdb'
Copy Over 'C:\Users\stefan verhagen\Documents\Visual Studio 2012\Projects\remotepotato-4333062-LivetTV\Server\RPServer\bin\Release\WTVTranscoder.dll' -> 'D:\Dropbox\mydoc2\programmeren\remote potato\RPLiveTV-VS2012\Server\RPServer\bin\Release\WTVTranscoder.dll'
Copy Over 'C:\Users\stefan verhagen\Documents\Visual Studio 2012\Projects\remotepotato-4333062-LivetTV\Server\RPServer\bin\Release\WTVTranscoder.pdb' -> 'D:\Dropbox\mydoc2\programmeren\remote potato\RPLiveTV-VS2012\Server\RPServer\bin\Release\WTVTranscoder.pdb'
Copy Over 'C:\Users\stefan verhagen\Documents\Visual Studio 2012\Projects\remotepotato-4333062-LivetTV\Server\RPServer\obj\Release\Interop.WMPLib.dll' -> 'D:\Dropbox\mydoc2\programmeren\remote potato\RPLiveTV-VS2012\Server\RPServer\obj\Release\Interop.WMPLib.dll'
Copy Over 'C:\Users\stefan verhagen\Documents\Visual Studio 2012\Projects\remotepotato-4333062-LivetTV\Server\RPServer\obj\Release\RPServer.csproj.FileListAbsolute.txt' -> 'D:\Dropbox\mydoc2\programmeren\remote potato\RPLiveTV-VS2012\Server\RPServer\obj\Release\RPServer.csproj.FileListAbsolute.txt'
Copy Over 'C:\Users\stefan verhagen\Documents\Visual Studio 2012\Projects\remotepotato-4333062-LivetTV\Server\RPServer\obj\Release\RPServer.csproj.ResolveComReference.cache' -> 'D:\Dropbox\mydoc2\programmeren\remote potato\RPLiveTV-VS2012\Server\RPServer\obj\Release\RPServer.csproj.ResolveComReference.cache'
Copy Over 'C:\Users\stefan verhagen\Documents\Visual Studio 2012\Projects\remotepotato-4333062-LivetTV\Server\RPServer\obj\Release\RPServer.csprojResolveAssemblyReference.cache' -> 'D:\Dropbox\mydoc2\programmeren\remote potato\RPLiveTV-VS2012\Server\RPServer\obj\Release\RPServer.csprojResolveAssemblyReference.cache'
Copy Over 'C:\Users\stefan verhagen\Documents\Visual Studio 2012\Projects\remotepotato-4333062-LivetTV\Server\RPServer\obj\Release\RPServer.dll' -> 'D:\Dropbox\mydoc2\programmeren\remote potato\RPLiveTV-VS2012\Server\RPServer\obj\Release\RPServer.dll'
Copy Over 'C:\Users\stefan verhagen\Documents\Visual Studio 2012\Projects\remotepotato-4333062-LivetTV\Server\RPServer\obj\Release\RPServer.pdb' -> 'D:\Dropbox\mydoc2\programmeren\remote potato\RPLiveTV-VS2012\Server\RPServer\obj\Release\RPServer.pdb'
Copy Over 'C:\Users\stefan verhagen\Documents\Visual Studio 2012\Projects\remotepotato-4333062-LivetTV\Server\Setup1\RemotePotatoSetup\Express\Interm\regid.2011-02.nl.myfrem_2A59470A-4FAC-444A-B7AC-A91B2DF9EB59.swidtag' -> 'D:\Dropbox\mydoc2\programmeren\remote potato\RPLiveTV-VS2012\Server\Setup1\RemotePotatoSetup\Express\Interm\regid.2011-02.nl.myfrem_2A59470A-4FAC-444A-B7AC-A91B2DF9EB59.swidtag'
Copy Over 'C:\Users\stefan verhagen\Documents\Visual Studio 2012\Projects\remotepotato-4333062-LivetTV\Server\Setup1\RemotePotatoSetup\Express\SingleImage\DiskImages\DISK1\setup.exe' -> 'D:\Dropbox\mydoc2\programmeren\remote potato\RPLiveTV-VS2012\Server\Setup1\RemotePotatoSetup\Express\SingleImage\DiskImages\DISK1\setup.exe'
Copy New 'C:\Users\stefan verhagen\Documents\Visual Studio 2012\Projects\remotepotato-4333062-LivetTV\Server\Setup1\RemotePotatoSetup\Express\SingleImage\LogFiles\10-10-2012 10-44-37.txt' -> 'D:\Dropbox\mydoc2\programmeren\remote potato\RPLiveTV-VS2012\Server\Setup1\RemotePotatoSetup\Express\SingleImage\LogFiles\10-10-2012 10-44-37.txt'
Copy New 'C:\Users\stefan verhagen\Documents\Visual Studio 2012\Projects\remotepotato-4333062-LivetTV\Server\Setup1\RemotePotatoSetup\Express\SingleImage\Reports\10-10-2012 10-44-39.htm' -> 'D:\Dropbox\mydoc2\programmeren\remote potato\RPLiveTV-VS2012\Server\Setup1\RemotePotatoSetup\Express\SingleImage\Reports\10-10-2012 10-44-39.htm'
Copy Over 'C:\Users\stefan verhagen\Documents\Visual Studio 2012\Projects\remotepotato-4333062-LivetTV\Server\ShellUtilities\ShellUtilities\bin\Release\CommonEPG.dll' -> 'D:\Dropbox\mydoc2\programmeren\remote potato\RPLiveTV-VS2012\Server\ShellUtilities\ShellUtilities\bin\Release\CommonEPG.dll'
Copy Over 'C:\Users\stefan verhagen\Documents\Visual Studio 2012\Projects\remotepotato-4333062-LivetTV\Server\ShellUtilities\ShellUtilities\bin\Release\CommonEPG.pdb' -> 'D:\Dropbox\mydoc2\programmeren\remote potato\RPLiveTV-VS2012\Server\ShellUtilities\ShellUtilities\bin\Release\CommonEPG.pdb'
Copy Over 'C:\Users\stefan verhagen\Documents\Visual Studio 2012\Projects\remotepotato-4333062-LivetTV\Server\ShellUtilities\ShellUtilities\bin\Release\ShellUtilities.dll' -> 'D:\Dropbox\mydoc2\programmeren\remote potato\RPLiveTV-VS2012\Server\ShellUtilities\ShellUtilities\bin\Release\ShellUtilities.dll'
Copy Over 'C:\Users\stefan verhagen\Documents\Visual Studio 2012\Projects\remotepotato-4333062-LivetTV\Server\ShellUtilities\ShellUtilities\bin\Release\ShellUtilities.pdb' -> 'D:\Dropbox\mydoc2\programmeren\remote potato\RPLiveTV-VS2012\Server\ShellUtilities\ShellUtilities\bin\Release\ShellUtilities.pdb'
Copy Over 'C:\Users\stefan verhagen\Documents\Visual Studio 2012\Projects\remotepotato-4333062-LivetTV\Server\ShellUtilities\ShellUtilities\obj\Release\ShellUtilities.csproj.FileListAbsolute.txt' -> 'D:\Dropbox\mydoc2\programmeren\remote potato\RPLiveTV-VS2012\Server\ShellUtilities\ShellUtilities\obj\Release\ShellUtilities.csproj.FileListAbsolute.txt'
Copy Over 'C:\Users\stefan verhagen\Documents\Visual Studio 2012\Projects\remotepotato-4333062-LivetTV\Server\ShellUtilities\ShellUtilities\obj\Release\ShellUtilities.csprojResolveAssemblyReference.cache' -> 'D:\Dropbox\mydoc2\programmeren\remote potato\RPLiveTV-VS2012\Server\ShellUtilities\ShellUtilities\obj\Release\ShellUtilities.csprojResolveAssemblyReference.cache'
Copy Over 'C:\Users\stefan verhagen\Documents\Visual Studio 2012\Projects\remotepotato-4333062-LivetTV\Server\ShellUtilities\ShellUtilities\obj\Release\ShellUtilities.dll' -> 'D:\Dropbox\mydoc2\programmeren\remote potato\RPLiveTV-VS2012\Server\ShellUtilities\ShellUtilities\obj\Release\ShellUtilities.dll'
Copy Over 'C:\Users\stefan verhagen\Documents\Visual Studio 2012\Projects\remotepotato-4333062-LivetTV\Server\ShellUtilities\ShellUtilities\obj\Release\ShellUtilities.pdb' -> 'D:\Dropbox\mydoc2\programmeren\remote potato\RPLiveTV-VS2012\Server\ShellUtilities\ShellUtilities\obj\Release\ShellUtilities.pdb'
Copy Over 'C:\Users\stefan verhagen\Documents\Visual Studio 2012\Projects\remotepotato-4333062-LivetTV\Server\WTVTranscoder\WTVTranscoder\bin\Release\WTVTranscoder.dll' -> 'D:\Dropbox\mydoc2\programmeren\remote potato\RPLiveTV-VS2012\Server\WTVTranscoder\WTVTranscoder\bin\Release\WTVTranscoder.dll'
Copy Over 'C:\Users\stefan verhagen\Documents\Visual Studio 2012\Projects\remotepotato-4333062-LivetTV\Server\WTVTranscoder\WTVTranscoder\bin\Release\WTVTranscoder.pdb' -> 'D:\Dropbox\mydoc2\programmeren\remote potato\RPLiveTV-VS2012\Server\WTVTranscoder\WTVTranscoder\bin\Release\WTVTranscoder.pdb'
Copy Over 'C:\Users\stefan verhagen\Documents\Visual Studio 2012\Projects\remotepotato-4333062-LivetTV\Server\WTVTranscoder\WTVTranscoder\obj\Release\WTVTranscoder.csproj.FileListAbsolute.txt' -> 'D:\Dropbox\mydoc2\programmeren\remote potato\RPLiveTV-VS2012\Server\WTVTranscoder\WTVTranscoder\obj\Release\WTVTranscoder.csproj.FileListAbsolute.txt'
Copy Over 'C:\Users\stefan verhagen\Documents\Visual Studio 2012\Projects\remotepotato-4333062-LivetTV\Server\WTVTranscoder\WTVTranscoder\obj\Release\WTVTranscoder.dll' -> 'D:\Dropbox\mydoc2\programmeren\remote potato\RPLiveTV-VS2012\Server\WTVTranscoder\WTVTranscoder\obj\Release\WTVTranscoder.dll'
Copy Over 'C:\Users\stefan verhagen\Documents\Visual Studio 2012\Projects\remotepotato-4333062-LivetTV\Server\WTVTranscoder\WTVTranscoder\obj\Release\WTVTranscoder.pdb' -> 'D:\Dropbox\mydoc2\programmeren\remote potato\RPLiveTV-VS2012\Server\WTVTranscoder\WTVTranscoder\obj\Release\WTVTranscoder.pdb'
Save State File C:\Users\stefan verhagen\Documents\Visual Studio 2012\Projects\remotepotato-4333062-LivetTV\_gsdata_\_file_state._gs
Save State File D:\Dropbox\mydoc2\programmeren\remote potato\RPLiveTV-VS2012\_gsdata_\_file_state._gs
Delete lock file C:\Users\stefan verhagen\Documents\Visual Studio 2012\Projects\remotepotato-4333062-LivetTV\_gsdata_\lock.gsl
Delete lock file D:\Dropbox\mydoc2\programmeren\remote potato\RPLiveTV-VS2012\_gsdata_\lock.gsl
Items Synced OK: 124, Errors: 0
===== 10-10-2012 22:44:50: Sync Completed. Time: 00:00:01, Speed: 5,99 MB/s =====

