----- 2-10-2012 20:33:54: Job 'RPLiveTVServerSource': ANALYSIS started by On File Change on computer 'QUAD' (GoodSync 9.0.2.4 on Windows 7) -----
RPLiveTVServerSource: C:\Users\stefan verhagen\Documents\Visual Studio 2010\Projects\remotepotato-4333062-LivetTV =forced-PropDels=> D:\Dropbox\mydoc2\programmeren\remote potato\RPaddinAndroidMCE, SavePrevVers, CleanupPrevVers=30d, CleanupOldGens=12m, TmpDest, EstReq, CopyLocked, DetectMovesAndRenames, DetectFolderMoves, FileLinksDrill, CaseSens, Reconnect=3, CopyCreateTime
Exclude licens*.rfo|cache.rfo|mru.rfo|mpp*.rfo|RoboForm Online Account.rfp|name *._gstmp|/System Volume Information|Thumbs.db|.DS_Store 
Left: Reading State File C:\Users\stefan verhagen\Documents\Visual Studio 2010\Projects\remotepotato-4333062-LivetTV\_gsdata_\_file_state._gs
Locking folder C:\Users\stefan verhagen\Documents\Visual Studio 2010\Projects\remotepotato-4333062-LivetTV for write
Left: Files: 4.202 (excluded 0). Folders: 552 (excluded 1). C: NTFS, Free: 58,1 GB, Total: 195 GB
Right: Reading State File D:\Dropbox\mydoc2\programmeren\remote potato\RPaddinAndroidMCE\_gsdata_\_file_state._gs
Locking folder D:\Dropbox\mydoc2\programmeren\remote potato\RPaddinAndroidMCE for write
Right: Files: 4.163 (excluded 0). Folders: 552 (excluded 1). D: NTFS, Free: 161 GB, Total: 931 GB
/Server/RPServer/bin/Release/static/skins/retro/movies.css: Warning: Older file to replace Newer file
On disk file:///D: space required for sync is 6,51 MB, you have 161 GB
Changes: 99, Conflicts: 0, CopyTime: 0, CopyState: 0, Errors: 0
Left to Right: Copy File: 99 
----- 2-10-2012 20:33:56: Analysis Completed. Time 00:00:02, Speed: 2.377 files/s -----
===== 2-10-2012 20:33:56: Job 'RPLiveTVServerSource': SYNC started by On File Change on computer 'QUAD' =====
RPLiveTVServerSource: C:\Users\stefan verhagen\Documents\Visual Studio 2010\Projects\remotepotato-4333062-LivetTV =forced-PropDels=> D:\Dropbox\mydoc2\programmeren\remote potato\RPaddinAndroidMCE, SavePrevVers, CleanupPrevVers=30d, CleanupOldGens=12m, TmpDest, EstReq, CopyLocked, DetectMovesAndRenames, DetectFolderMoves, FileLinksDrill, CaseSens, Reconnect=3, CopyCreateTime
Copy Over 'C:\Users\stefan verhagen\Documents\Visual Studio 2010\Projects\remotepotato-4333062-LivetTV\Server\RemotePotatoService\bin\Release\CommonEPG.dll' -> 'D:\Dropbox\mydoc2\programmeren\remote potato\RPaddinAndroidMCE\Server\RemotePotatoService\bin\Release\CommonEPG.dll'
Copy Over 'C:\Users\stefan verhagen\Documents\Visual Studio 2010\Projects\remotepotato-4333062-LivetTV\Server\RemotePotatoService\bin\Release\CommonEPG.pdb' -> 'D:\Dropbox\mydoc2\programmeren\remote potato\RPaddinAndroidMCE\Server\RemotePotatoService\bin\Release\CommonEPG.pdb'
Copy Over 'C:\Users\stefan verhagen\Documents\Visual Studio 2010\Projects\remotepotato-4333062-LivetTV\Server\RemotePotatoService\bin\Release\MediaStreamer.dll' -> 'D:\Dropbox\mydoc2\programmeren\remote potato\RPaddinAndroidMCE\Server\RemotePotatoService\bin\Release\MediaStreamer.dll'
Copy Over 'C:\Users\stefan verhagen\Documents\Visual Studio 2010\Projects\remotepotato-4333062-LivetTV\Server\RemotePotatoService\bin\Release\MediaStreamer.pdb' -> 'D:\Dropbox\mydoc2\programmeren\remote potato\RPaddinAndroidMCE\Server\RemotePotatoService\bin\Release\MediaStreamer.pdb'
Copy Over 'C:\Users\stefan verhagen\Documents\Visual Studio 2010\Projects\remotepotato-4333062-LivetTV\Server\RemotePotatoService\bin\Release\MSEPG.dll' -> 'D:\Dropbox\mydoc2\programmeren\remote potato\RPaddinAndroidMCE\Server\RemotePotatoService\bin\Release\MSEPG.dll'
Copy Over 'C:\Users\stefan verhagen\Documents\Visual Studio 2010\Projects\remotepotato-4333062-LivetTV\Server\RemotePotatoService\bin\Release\MSEPG.pdb' -> 'D:\Dropbox\mydoc2\programmeren\remote potato\RPaddinAndroidMCE\Server\RemotePotatoService\bin\Release\MSEPG.pdb'
Copy Over 'C:\Users\stefan verhagen\Documents\Visual Studio 2010\Projects\remotepotato-4333062-LivetTV\Server\RemotePotatoService\bin\Release\RemotePotatoService.exe' -> 'D:\Dropbox\mydoc2\programmeren\remote potato\RPaddinAndroidMCE\Server\RemotePotatoService\bin\Release\RemotePotatoService.exe'
Copy Over 'C:\Users\stefan verhagen\Documents\Visual Studio 2010\Projects\remotepotato-4333062-LivetTV\Server\RemotePotatoService\bin\Release\RemotePotatoService.pdb' -> 'D:\Dropbox\mydoc2\programmeren\remote potato\RPaddinAndroidMCE\Server\RemotePotatoService\bin\Release\RemotePotatoService.pdb'
Copy Over 'C:\Users\stefan verhagen\Documents\Visual Studio 2010\Projects\remotepotato-4333062-LivetTV\Server\RemotePotatoService\bin\Release\RPServer.dll' -> 'D:\Dropbox\mydoc2\programmeren\remote potato\RPaddinAndroidMCE\Server\RemotePotatoService\bin\Release\RPServer.dll'
Copy Over 'C:\Users\stefan verhagen\Documents\Visual Studio 2010\Projects\remotepotato-4333062-LivetTV\Server\RemotePotatoService\bin\Release\RPServer.pdb' -> 'D:\Dropbox\mydoc2\programmeren\remote potato\RPaddinAndroidMCE\Server\RemotePotatoService\bin\Release\RPServer.pdb'
Copy Over 'C:\Users\stefan verhagen\Documents\Visual Studio 2010\Projects\remotepotato-4333062-LivetTV\Server\RemotePotatoService\bin\Release\ShellUtilities.dll' -> 'D:\Dropbox\mydoc2\programmeren\remote potato\RPaddinAndroidMCE\Server\RemotePotatoService\bin\Release\ShellUtilities.dll'
Copy Over 'C:\Users\stefan verhagen\Documents\Visual Studio 2010\Projects\remotepotato-4333062-LivetTV\Server\RemotePotatoService\bin\Release\ShellUtilities.pdb' -> 'D:\Dropbox\mydoc2\programmeren\remote potato\RPaddinAndroidMCE\Server\RemotePotatoService\bin\Release\ShellUtilities.pdb'
Copy Over 'C:\Users\stefan verhagen\Documents\Visual Studio 2010\Projects\remotepotato-4333062-LivetTV\Server\RemotePotatoService\bin\Release\WTVTranscoder.dll' -> 'D:\Dropbox\mydoc2\programmeren\remote potato\RPaddinAndroidMCE\Server\RemotePotatoService\bin\Release\WTVTranscoder.dll'
Copy Over 'C:\Users\stefan verhagen\Documents\Visual Studio 2010\Projects\remotepotato-4333062-LivetTV\Server\RemotePotatoService\bin\Release\WTVTranscoder.pdb' -> 'D:\Dropbox\mydoc2\programmeren\remote potato\RPaddinAndroidMCE\Server\RemotePotatoService\bin\Release\WTVTranscoder.pdb'
Copy Over 'C:\Users\stefan verhagen\Documents\Visual Studio 2010\Projects\remotepotato-4333062-LivetTV\Server\RemotePotatoService\obj\Release\DesignTimeResolveAssemblyReferencesInput.cache' -> 'D:\Dropbox\mydoc2\programmeren\remote potato\RPaddinAndroidMCE\Server\RemotePotatoService\obj\Release\DesignTimeResolveAssemblyReferencesInput.cache'
Copy Over 'C:\Users\stefan verhagen\Documents\Visual Studio 2010\Projects\remotepotato-4333062-LivetTV\Server\RemotePotatoService\obj\Release\RemotePotatoService.csproj.FileListAbsolute.txt' -> 'D:\Dropbox\mydoc2\programmeren\remote potato\RPaddinAndroidMCE\Server\RemotePotatoService\obj\Release\RemotePotatoService.csproj.FileListAbsolute.txt'
Copy Over 'C:\Users\stefan verhagen\Documents\Visual Studio 2010\Projects\remotepotato-4333062-LivetTV\Server\RemotePotatoService\obj\Release\RemotePotatoService.csproj.GenerateResource.Cache' -> 'D:\Dropbox\mydoc2\programmeren\remote potato\RPaddinAndroidMCE\Server\RemotePotatoService\obj\Release\RemotePotatoService.csproj.GenerateResource.Cache'
Copy Over 'C:\Users\stefan verhagen\Documents\Visual Studio 2010\Projects\remotepotato-4333062-LivetTV\Server\RemotePotatoService\obj\Release\RemotePotatoService.csprojResolveAssemblyReference.cache' -> 'D:\Dropbox\mydoc2\programmeren\remote potato\RPaddinAndroidMCE\Server\RemotePotatoService\obj\Release\RemotePotatoService.csprojResolveAssemblyReference.cache'
Copy Over 'C:\Users\stefan verhagen\Documents\Visual Studio 2010\Projects\remotepotato-4333062-LivetTV\Server\RemotePotatoService\obj\Release\RemotePotatoService.exe' -> 'D:\Dropbox\mydoc2\programmeren\remote potato\RPaddinAndroidMCE\Server\RemotePotatoService\obj\Release\RemotePotatoService.exe'
Copy Over 'C:\Users\stefan verhagen\Documents\Visual Studio 2010\Projects\remotepotato-4333062-LivetTV\Server\RemotePotatoService\obj\Release\RemotePotatoService.pdb' -> 'D:\Dropbox\mydoc2\programmeren\remote potato\RPaddinAndroidMCE\Server\RemotePotatoService\obj\Release\RemotePotatoService.pdb'
Copy Over 'C:\Users\stefan verhagen\Documents\Visual Studio 2010\Projects\remotepotato-4333062-LivetTV\Server\RemotePotatoService\obj\Release\RemotePotatoService.ProjectInstaller.resources' -> 'D:\Dropbox\mydoc2\programmeren\remote potato\RPaddinAndroidMCE\Server\RemotePotatoService\obj\Release\RemotePotatoService.ProjectInstaller.resources'
Copy Over 'C:\Users\stefan verhagen\Documents\Visual Studio 2010\Projects\remotepotato-4333062-LivetTV\Server\RemotePotatoService\obj\Release\RemotePotatoService.Service1.resources' -> 'D:\Dropbox\mydoc2\programmeren\remote potato\RPaddinAndroidMCE\Server\RemotePotatoService\obj\Release\RemotePotatoService.Service1.resources'
Copy Over 'C:\Users\stefan verhagen\Documents\Visual Studio 2010\Projects\remotepotato-4333062-LivetTV\Server\RemotePotatoUI\bin\Release\CommonEPG.dll' -> 'D:\Dropbox\mydoc2\programmeren\remote potato\RPaddinAndroidMCE\Server\RemotePotatoUI\bin\Release\CommonEPG.dll'
Copy Over 'C:\Users\stefan verhagen\Documents\Visual Studio 2010\Projects\remotepotato-4333062-LivetTV\Server\RemotePotatoUI\bin\Release\CommonEPG.pdb' -> 'D:\Dropbox\mydoc2\programmeren\remote potato\RPaddinAndroidMCE\Server\RemotePotatoUI\bin\Release\CommonEPG.pdb'
Copy Over 'C:\Users\stefan verhagen\Documents\Visual Studio 2010\Projects\remotepotato-4333062-LivetTV\Server\RemotePotatoUI\bin\Release\MediaStreamer.dll' -> 'D:\Dropbox\mydoc2\programmeren\remote potato\RPaddinAndroidMCE\Server\RemotePotatoUI\bin\Release\MediaStreamer.dll'
Copy Over 'C:\Users\stefan verhagen\Documents\Visual Studio 2010\Projects\remotepotato-4333062-LivetTV\Server\RemotePotatoUI\bin\Release\MediaStreamer.pdb' -> 'D:\Dropbox\mydoc2\programmeren\remote potato\RPaddinAndroidMCE\Server\RemotePotatoUI\bin\Release\MediaStreamer.pdb'
Copy Over 'C:\Users\stefan verhagen\Documents\Visual Studio 2010\Projects\remotepotato-4333062-LivetTV\Server\RemotePotatoUI\bin\Release\MSEPG.dll' -> 'D:\Dropbox\mydoc2\programmeren\remote potato\RPaddinAndroidMCE\Server\RemotePotatoUI\bin\Release\MSEPG.dll'
Copy Over 'C:\Users\stefan verhagen\Documents\Visual Studio 2010\Projects\remotepotato-4333062-LivetTV\Server\RemotePotatoUI\bin\Release\MSEPG.pdb' -> 'D:\Dropbox\mydoc2\programmeren\remote potato\RPaddinAndroidMCE\Server\RemotePotatoUI\bin\Release\MSEPG.pdb'
Copy Over 'C:\Users\stefan verhagen\Documents\Visual Studio 2010\Projects\remotepotato-4333062-LivetTV\Server\RemotePotatoUI\bin\Release\RemotePotatoSettings.dll' -> 'D:\Dropbox\mydoc2\programmeren\remote potato\RPaddinAndroidMCE\Server\RemotePotatoUI\bin\Release\RemotePotatoSettings.dll'
Copy Over 'C:\Users\stefan verhagen\Documents\Visual Studio 2010\Projects\remotepotato-4333062-LivetTV\Server\RemotePotatoUI\bin\Release\RemotePotatoSettings.pdb' -> 'D:\Dropbox\mydoc2\programmeren\remote potato\RPaddinAndroidMCE\Server\RemotePotatoUI\bin\Release\RemotePotatoSettings.pdb'
Copy Over 'C:\Users\stefan verhagen\Documents\Visual Studio 2010\Projects\remotepotato-4333062-LivetTV\Server\RemotePotatoUI\bin\Release\RemotePotatoUI.exe' -> 'D:\Dropbox\mydoc2\programmeren\remote potato\RPaddinAndroidMCE\Server\RemotePotatoUI\bin\Release\RemotePotatoUI.exe'
Copy Over 'C:\Users\stefan verhagen\Documents\Visual Studio 2010\Projects\remotepotato-4333062-LivetTV\Server\RemotePotatoUI\bin\Release\RemotePotatoUI.pdb' -> 'D:\Dropbox\mydoc2\programmeren\remote potato\RPaddinAndroidMCE\Server\RemotePotatoUI\bin\Release\RemotePotatoUI.pdb'
Copy Over 'C:\Users\stefan verhagen\Documents\Visual Studio 2010\Projects\remotepotato-4333062-LivetTV\Server\RemotePotatoUI\bin\Release\RPServer.dll' -> 'D:\Dropbox\mydoc2\programmeren\remote potato\RPaddinAndroidMCE\Server\RemotePotatoUI\bin\Release\RPServer.dll'
Copy Over 'C:\Users\stefan verhagen\Documents\Visual Studio 2010\Projects\remotepotato-4333062-LivetTV\Server\RemotePotatoUI\bin\Release\RPServer.pdb' -> 'D:\Dropbox\mydoc2\programmeren\remote potato\RPaddinAndroidMCE\Server\RemotePotatoUI\bin\Release\RPServer.pdb'
Copy Over 'C:\Users\stefan verhagen\Documents\Visual Studio 2010\Projects\remotepotato-4333062-LivetTV\Server\RemotePotatoUI\bin\Release\ShellUtilities.dll' -> 'D:\Dropbox\mydoc2\programmeren\remote potato\RPaddinAndroidMCE\Server\RemotePotatoUI\bin\Release\ShellUtilities.dll'
Copy Over 'C:\Users\stefan verhagen\Documents\Visual Studio 2010\Projects\remotepotato-4333062-LivetTV\Server\RemotePotatoUI\bin\Release\ShellUtilities.pdb' -> 'D:\Dropbox\mydoc2\programmeren\remote potato\RPaddinAndroidMCE\Server\RemotePotatoUI\bin\Release\ShellUtilities.pdb'
Copy Over 'C:\Users\stefan verhagen\Documents\Visual Studio 2010\Projects\remotepotato-4333062-LivetTV\Server\RemotePotatoUI\bin\Release\WTVTranscoder.dll' -> 'D:\Dropbox\mydoc2\programmeren\remote potato\RPaddinAndroidMCE\Server\RemotePotatoUI\bin\Release\WTVTranscoder.dll'
Copy Over 'C:\Users\stefan verhagen\Documents\Visual Studio 2010\Projects\remotepotato-4333062-LivetTV\Server\RemotePotatoUI\bin\Release\WTVTranscoder.pdb' -> 'D:\Dropbox\mydoc2\programmeren\remote potato\RPaddinAndroidMCE\Server\RemotePotatoUI\bin\Release\WTVTranscoder.pdb'
Copy Over 'C:\Users\stefan verhagen\Documents\Visual Studio 2010\Projects\remotepotato-4333062-LivetTV\Server\RemotePotatoUI\obj\Release\DesignTimeResolveAssemblyReferencesInput.cache' -> 'D:\Dropbox\mydoc2\programmeren\remote potato\RPaddinAndroidMCE\Server\RemotePotatoUI\obj\Release\DesignTimeResolveAssemblyReferencesInput.cache'
Copy Over 'C:\Users\stefan verhagen\Documents\Visual Studio 2010\Projects\remotepotato-4333062-LivetTV\Server\RemotePotatoUI\obj\Release\RemotePotatoServer.Form1.resources' -> 'D:\Dropbox\mydoc2\programmeren\remote potato\RPaddinAndroidMCE\Server\RemotePotatoUI\obj\Release\RemotePotatoServer.Form1.resources'
Copy Over 'C:\Users\stefan verhagen\Documents\Visual Studio 2010\Projects\remotepotato-4333062-LivetTV\Server\RemotePotatoUI\obj\Release\RemotePotatoServer.FormChannelImportingOptions.resources' -> 'D:\Dropbox\mydoc2\programmeren\remote potato\RPaddinAndroidMCE\Server\RemotePotatoUI\obj\Release\RemotePotatoServer.FormChannelImportingOptions.resources'
Copy Over 'C:\Users\stefan verhagen\Documents\Visual Studio 2010\Projects\remotepotato-4333062-LivetTV\Server\RemotePotatoUI\obj\Release\RemotePotatoServer.FormConnectionInformation.resources' -> 'D:\Dropbox\mydoc2\programmeren\remote potato\RPaddinAndroidMCE\Server\RemotePotatoUI\obj\Release\RemotePotatoServer.FormConnectionInformation.resources'
Copy Over 'C:\Users\stefan verhagen\Documents\Visual Studio 2010\Projects\remotepotato-4333062-LivetTV\Server\RemotePotatoUI\obj\Release\RemotePotatoServer.FormConnectionWizard.resources' -> 'D:\Dropbox\mydoc2\programmeren\remote potato\RPaddinAndroidMCE\Server\RemotePotatoUI\obj\Release\RemotePotatoServer.FormConnectionWizard.resources'
Copy Over 'C:\Users\stefan verhagen\Documents\Visual Studio 2010\Projects\remotepotato-4333062-LivetTV\Server\RemotePotatoUI\obj\Release\RemotePotatoServer.FormDonationRequest.resources' -> 'D:\Dropbox\mydoc2\programmeren\remote potato\RPaddinAndroidMCE\Server\RemotePotatoUI\obj\Release\RemotePotatoServer.FormDonationRequest.resources'
Copy Over 'C:\Users\stefan verhagen\Documents\Visual Studio 2010\Projects\remotepotato-4333062-LivetTV\Server\RemotePotatoUI\obj\Release\RemotePotatoServer.FormFoldersCollection.resources' -> 'D:\Dropbox\mydoc2\programmeren\remote potato\RPaddinAndroidMCE\Server\RemotePotatoUI\obj\Release\RemotePotatoServer.FormFoldersCollection.resources'
Copy Over 'C:\Users\stefan verhagen\Documents\Visual Studio 2010\Projects\remotepotato-4333062-LivetTV\Server\RemotePotatoUI\obj\Release\RemotePotatoServer.FormInputBox.resources' -> 'D:\Dropbox\mydoc2\programmeren\remote potato\RPaddinAndroidMCE\Server\RemotePotatoUI\obj\Release\RemotePotatoServer.FormInputBox.resources'
Copy Over 'C:\Users\stefan verhagen\Documents\Visual Studio 2010\Projects\remotepotato-4333062-LivetTV\Server\RemotePotatoUI\obj\Release\RemotePotatoServer.FormMediaLibraryAccountSetter.resources' -> 'D:\Dropbox\mydoc2\programmeren\remote potato\RPaddinAndroidMCE\Server\RemotePotatoUI\obj\Release\RemotePotatoServer.FormMediaLibraryAccountSetter.resources'
Copy Over 'C:\Users\stefan verhagen\Documents\Visual Studio 2010\Projects\remotepotato-4333062-LivetTV\Server\RemotePotatoUI\obj\Release\RemotePotatoServer.FormThemesChooser.resources' -> 'D:\Dropbox\mydoc2\programmeren\remote potato\RPaddinAndroidMCE\Server\RemotePotatoUI\obj\Release\RemotePotatoServer.FormThemesChooser.resources'
Copy Over 'C:\Users\stefan verhagen\Documents\Visual Studio 2010\Projects\remotepotato-4333062-LivetTV\Server\RemotePotatoUI\obj\Release\RemotePotatoServer.FormUserManagement.resources' -> 'D:\Dropbox\mydoc2\programmeren\remote potato\RPaddinAndroidMCE\Server\RemotePotatoUI\obj\Release\RemotePotatoServer.FormUserManagement.resources'
Copy Over 'C:\Users\stefan verhagen\Documents\Visual Studio 2010\Projects\remotepotato-4333062-LivetTV\Server\RemotePotatoUI\obj\Release\RemotePotatoServer.frmPleaseWait.resources' -> 'D:\Dropbox\mydoc2\programmeren\remote potato\RPaddinAndroidMCE\Server\RemotePotatoUI\obj\Release\RemotePotatoServer.frmPleaseWait.resources'
Copy Over 'C:\Users\stefan verhagen\Documents\Visual Studio 2010\Projects\remotepotato-4333062-LivetTV\Server\RemotePotatoUI\obj\Release\RemotePotatoServer.Properties.Resources.resources' -> 'D:\Dropbox\mydoc2\programmeren\remote potato\RPaddinAndroidMCE\Server\RemotePotatoUI\obj\Release\RemotePotatoServer.Properties.Resources.resources'
Copy Over 'C:\Users\stefan verhagen\Documents\Visual Studio 2010\Projects\remotepotato-4333062-LivetTV\Server\RemotePotatoUI\obj\Release\RemotePotatoServer.ucConnectionSummary.resources' -> 'D:\Dropbox\mydoc2\programmeren\remote potato\RPaddinAndroidMCE\Server\RemotePotatoUI\obj\Release\RemotePotatoServer.ucConnectionSummary.resources'
Copy Over 'C:\Users\stefan verhagen\Documents\Visual Studio 2010\Projects\remotepotato-4333062-LivetTV\Server\RemotePotatoUI\obj\Release\RemotePotatoUI.csproj.FileListAbsolute.txt' -> 'D:\Dropbox\mydoc2\programmeren\remote potato\RPaddinAndroidMCE\Server\RemotePotatoUI\obj\Release\RemotePotatoUI.csproj.FileListAbsolute.txt'
Copy Over 'C:\Users\stefan verhagen\Documents\Visual Studio 2010\Projects\remotepotato-4333062-LivetTV\Server\RemotePotatoUI\obj\Release\RemotePotatoUI.csproj.GenerateResource.Cache' -> 'D:\Dropbox\mydoc2\programmeren\remote potato\RPaddinAndroidMCE\Server\RemotePotatoUI\obj\Release\RemotePotatoUI.csproj.GenerateResource.Cache'
Copy Over 'C:\Users\stefan verhagen\Documents\Visual Studio 2010\Projects\remotepotato-4333062-LivetTV\Server\RemotePotatoUI\obj\Release\RemotePotatoUI.csprojResolveAssemblyReference.cache' -> 'D:\Dropbox\mydoc2\programmeren\remote potato\RPaddinAndroidMCE\Server\RemotePotatoUI\obj\Release\RemotePotatoUI.csprojResolveAssemblyReference.cache'
Copy Over 'C:\Users\stefan verhagen\Documents\Visual Studio 2010\Projects\remotepotato-4333062-LivetTV\Server\RemotePotatoUI\obj\Release\RemotePotatoUI.exe' -> 'D:\Dropbox\mydoc2\programmeren\remote potato\RPaddinAndroidMCE\Server\RemotePotatoUI\obj\Release\RemotePotatoUI.exe'
Copy Over 'C:\Users\stefan verhagen\Documents\Visual Studio 2010\Projects\remotepotato-4333062-LivetTV\Server\RemotePotatoUI\obj\Release\RemotePotatoUI.pdb' -> 'D:\Dropbox\mydoc2\programmeren\remote potato\RPaddinAndroidMCE\Server\RemotePotatoUI\obj\Release\RemotePotatoUI.pdb'
Copy New 'C:\Users\stefan verhagen\Documents\Visual Studio 2010\Projects\remotepotato-4333062-LivetTV\Server\RPServer\bin\Release\RPServer.dll' -> 'D:\Dropbox\mydoc2\programmeren\remote potato\RPaddinAndroidMCE\Server\RPServer\bin\Release\RPServer.dll'
Copy New 'C:\Users\stefan verhagen\Documents\Visual Studio 2010\Projects\remotepotato-4333062-LivetTV\Server\RPServer\bin\Release\RPServer.dll.config' -> 'D:\Dropbox\mydoc2\programmeren\remote potato\RPaddinAndroidMCE\Server\RPServer\bin\Release\RPServer.dll.config'
Copy New 'C:\Users\stefan verhagen\Documents\Visual Studio 2010\Projects\remotepotato-4333062-LivetTV\Server\RPServer\bin\Release\RPServer.pdb' -> 'D:\Dropbox\mydoc2\programmeren\remote potato\RPaddinAndroidMCE\Server\RPServer\bin\Release\RPServer.pdb'
Copy New 'C:\Users\stefan verhagen\Documents\Visual Studio 2010\Projects\remotepotato-4333062-LivetTV\Server\RPServer\bin\Release\static\robots.txt' -> 'D:\Dropbox\mydoc2\programmeren\remote potato\RPaddinAndroidMCE\Server\RPServer\bin\Release\static\robots.txt'
Copy New 'C:\Users\stefan verhagen\Documents\Visual Studio 2010\Projects\remotepotato-4333062-LivetTV\Server\RPServer\bin\Release\static\skins\custom\page_recordshow_series.htm' -> 'D:\Dropbox\mydoc2\programmeren\remote potato\RPaddinAndroidMCE\Server\RPServer\bin\Release\static\skins\custom\page_recordshow_series.htm'
Copy New 'C:\Users\stefan verhagen\Documents\Visual Studio 2010\Projects\remotepotato-4333062-LivetTV\Server\RPServer\bin\Release\static\skins\custom\page_remote.htm' -> 'D:\Dropbox\mydoc2\programmeren\remote potato\RPaddinAndroidMCE\Server\RPServer\bin\Release\static\skins\custom\page_remote.htm'
Copy New 'C:\Users\stefan verhagen\Documents\Visual Studio 2010\Projects\remotepotato-4333062-LivetTV\Server\RPServer\bin\Release\static\skins\custom\page_remote_command.htm' -> 'D:\Dropbox\mydoc2\programmeren\remote potato\RPaddinAndroidMCE\Server\RPServer\bin\Release\static\skins\custom\page_remote_command.htm'
Copy New 'C:\Users\stefan verhagen\Documents\Visual Studio 2010\Projects\remotepotato-4333062-LivetTV\Server\RPServer\bin\Release\static\skins\default\page_recordshow_series.htm' -> 'D:\Dropbox\mydoc2\programmeren\remote potato\RPaddinAndroidMCE\Server\RPServer\bin\Release\static\skins\default\page_recordshow_series.htm'
Copy New 'C:\Users\stefan verhagen\Documents\Visual Studio 2010\Projects\remotepotato-4333062-LivetTV\Server\RPServer\bin\Release\static\skins\default\page_remote.htm' -> 'D:\Dropbox\mydoc2\programmeren\remote potato\RPaddinAndroidMCE\Server\RPServer\bin\Release\static\skins\default\page_remote.htm'
Copy New 'C:\Users\stefan verhagen\Documents\Visual Studio 2010\Projects\remotepotato-4333062-LivetTV\Server\RPServer\bin\Release\static\skins\default\page_remote_command.htm' -> 'D:\Dropbox\mydoc2\programmeren\remote potato\RPaddinAndroidMCE\Server\RPServer\bin\Release\static\skins\default\page_remote_command.htm'
Copy New 'C:\Users\stefan verhagen\Documents\Visual Studio 2010\Projects\remotepotato-4333062-LivetTV\Server\RPServer\bin\Release\static\skins\minimalist\page_recordshow_series.htm' -> 'D:\Dropbox\mydoc2\programmeren\remote potato\RPaddinAndroidMCE\Server\RPServer\bin\Release\static\skins\minimalist\page_recordshow_series.htm'
Copy New 'C:\Users\stefan verhagen\Documents\Visual Studio 2010\Projects\remotepotato-4333062-LivetTV\Server\RPServer\bin\Release\static\skins\minimalist\page_remote.htm' -> 'D:\Dropbox\mydoc2\programmeren\remote potato\RPaddinAndroidMCE\Server\RPServer\bin\Release\static\skins\minimalist\page_remote.htm'
Copy New 'C:\Users\stefan verhagen\Documents\Visual Studio 2010\Projects\remotepotato-4333062-LivetTV\Server\RPServer\bin\Release\static\skins\minimalist\page_remote_command.htm' -> 'D:\Dropbox\mydoc2\programmeren\remote potato\RPaddinAndroidMCE\Server\RPServer\bin\Release\static\skins\minimalist\page_remote_command.htm'
Copy New 'C:\Users\stefan verhagen\Documents\Visual Studio 2010\Projects\remotepotato-4333062-LivetTV\Server\RPServer\bin\Release\static\skins\retro\images\blinking_cursor.gif' -> 'D:\Dropbox\mydoc2\programmeren\remote potato\RPaddinAndroidMCE\Server\RPServer\bin\Release\static\skins\retro\images\blinking_cursor.gif'
Copy New 'C:\Users\stefan verhagen\Documents\Visual Studio 2010\Projects\remotepotato-4333062-LivetTV\Server\RPServer\bin\Release\static\skins\retro\images\retrobullet.png' -> 'D:\Dropbox\mydoc2\programmeren\remote potato\RPaddinAndroidMCE\Server\RPServer\bin\Release\static\skins\retro\images\retrobullet.png'
Copy Over 'C:\Users\stefan verhagen\Documents\Visual Studio 2010\Projects\remotepotato-4333062-LivetTV\Server\RPServer\bin\Release\static\skins\retro\movies.css' -> 'D:\Dropbox\mydoc2\programmeren\remote potato\RPaddinAndroidMCE\Server\RPServer\bin\Release\static\skins\retro\movies.css'
Copy New 'C:\Users\stefan verhagen\Documents\Visual Studio 2010\Projects\remotepotato-4333062-LivetTV\Server\RPServer\bin\Release\static\skins\retro\page_movie.htm' -> 'D:\Dropbox\mydoc2\programmeren\remote potato\RPaddinAndroidMCE\Server\RPServer\bin\Release\static\skins\retro\page_movie.htm'
Copy New 'C:\Users\stefan verhagen\Documents\Visual Studio 2010\Projects\remotepotato-4333062-LivetTV\Server\RPServer\bin\Release\static\skins\retro\page_movies.htm' -> 'D:\Dropbox\mydoc2\programmeren\remote potato\RPaddinAndroidMCE\Server\RPServer\bin\Release\static\skins\retro\page_movies.htm'
Copy New 'C:\Users\stefan verhagen\Documents\Visual Studio 2010\Projects\remotepotato-4333062-LivetTV\Server\RPServer\bin\Release\static\skins\retro\page_music_collection.htm' -> 'D:\Dropbox\mydoc2\programmeren\remote potato\RPaddinAndroidMCE\Server\RPServer\bin\Release\static\skins\retro\page_music_collection.htm'
Copy New 'C:\Users\stefan verhagen\Documents\Visual Studio 2010\Projects\remotepotato-4333062-LivetTV\Server\RPServer\bin\Release\static\skins\retro\page_music_songs.htm' -> 'D:\Dropbox\mydoc2\programmeren\remote potato\RPaddinAndroidMCE\Server\RPServer\bin\Release\static\skins\retro\page_music_songs.htm'
Copy New 'C:\Users\stefan verhagen\Documents\Visual Studio 2010\Projects\remotepotato-4333062-LivetTV\Server\RPServer\bin\Release\static\skins\retro\page_recordmanual.htm' -> 'D:\Dropbox\mydoc2\programmeren\remote potato\RPaddinAndroidMCE\Server\RPServer\bin\Release\static\skins\retro\page_recordmanual.htm'
Copy New 'C:\Users\stefan verhagen\Documents\Visual Studio 2010\Projects\remotepotato-4333062-LivetTV\Server\RPServer\bin\Release\static\skins\retro\page_recordshow_onetime.htm' -> 'D:\Dropbox\mydoc2\programmeren\remote potato\RPaddinAndroidMCE\Server\RPServer\bin\Release\static\skins\retro\page_recordshow_onetime.htm'
Copy New 'C:\Users\stefan verhagen\Documents\Visual Studio 2010\Projects\remotepotato-4333062-LivetTV\Server\RPServer\bin\Release\static\skins\retro\page_recordshow_series.htm' -> 'D:\Dropbox\mydoc2\programmeren\remote potato\RPaddinAndroidMCE\Server\RPServer\bin\Release\static\skins\retro\page_recordshow_series.htm'
Copy New 'C:\Users\stefan verhagen\Documents\Visual Studio 2010\Projects\remotepotato-4333062-LivetTV\Server\RPServer\bin\Release\static\skins\retro\page_remote.htm' -> 'D:\Dropbox\mydoc2\programmeren\remote potato\RPaddinAndroidMCE\Server\RPServer\bin\Release\static\skins\retro\page_remote.htm'
Copy New 'C:\Users\stefan verhagen\Documents\Visual Studio 2010\Projects\remotepotato-4333062-LivetTV\Server\RPServer\bin\Release\static\skins\retro\page_remote_command.htm' -> 'D:\Dropbox\mydoc2\programmeren\remote potato\RPaddinAndroidMCE\Server\RPServer\bin\Release\static\skins\retro\page_remote_command.htm'
Copy New 'C:\Users\stefan verhagen\Documents\Visual Studio 2010\Projects\remotepotato-4333062-LivetTV\Server\RPServer\bin\Release\static\skins\retro\page_searchshow_results.htm' -> 'D:\Dropbox\mydoc2\programmeren\remote potato\RPaddinAndroidMCE\Server\RPServer\bin\Release\static\skins\retro\page_searchshow_results.htm'
Copy New 'C:\Users\stefan verhagen\Documents\Visual Studio 2010\Projects\remotepotato-4333062-LivetTV\Server\RPServer\bin\Release\static\skins\retro\page_searchshow_title.htm' -> 'D:\Dropbox\mydoc2\programmeren\remote potato\RPaddinAndroidMCE\Server\RPServer\bin\Release\static\skins\retro\page_searchshow_title.htm'
Copy New 'C:\Users\stefan verhagen\Documents\Visual Studio 2010\Projects\remotepotato-4333062-LivetTV\Server\RPServer\bin\Release\static\skins\retro\page_series.htm' -> 'D:\Dropbox\mydoc2\programmeren\remote potato\RPaddinAndroidMCE\Server\RPServer\bin\Release\static\skins\retro\page_series.htm'
Copy New 'C:\Users\stefan verhagen\Documents\Visual Studio 2010\Projects\remotepotato-4333062-LivetTV\Server\RPServer\bin\Release\static\skins\retro\page_show.htm' -> 'D:\Dropbox\mydoc2\programmeren\remote potato\RPaddinAndroidMCE\Server\RPServer\bin\Release\static\skins\retro\page_show.htm'
Copy New 'C:\Users\stefan verhagen\Documents\Visual Studio 2010\Projects\remotepotato-4333062-LivetTV\Server\RPServer\bin\Release\static\skins\retro\page_viewepg_grid.htm' -> 'D:\Dropbox\mydoc2\programmeren\remote potato\RPaddinAndroidMCE\Server\RPServer\bin\Release\static\skins\retro\page_viewepg_grid.htm'
Copy New 'C:\Users\stefan verhagen\Documents\Visual Studio 2010\Projects\remotepotato-4333062-LivetTV\Server\RPServer\bin\Release\static\skins\retro\page_viewepg_tbl.htm' -> 'D:\Dropbox\mydoc2\programmeren\remote potato\RPaddinAndroidMCE\Server\RPServer\bin\Release\static\skins\retro\page_viewepg_tbl.htm'
Copy New 'C:\Users\stefan verhagen\Documents\Visual Studio 2010\Projects\remotepotato-4333062-LivetTV\Server\RPServer\bin\Release\static\skins\retro\page_viewlibrary.htm' -> 'D:\Dropbox\mydoc2\programmeren\remote potato\RPaddinAndroidMCE\Server\RPServer\bin\Release\static\skins\retro\page_viewlibrary.htm'
Copy New 'C:\Users\stefan verhagen\Documents\Visual Studio 2010\Projects\remotepotato-4333062-LivetTV\Server\RPServer\bin\Release\static\skins\retro\page_viewrecordedtv.htm' -> 'D:\Dropbox\mydoc2\programmeren\remote potato\RPaddinAndroidMCE\Server\RPServer\bin\Release\static\skins\retro\page_viewrecordedtv.htm'
Copy New 'C:\Users\stefan verhagen\Documents\Visual Studio 2010\Projects\remotepotato-4333062-LivetTV\Server\RPServer\bin\Release\static\skins\retro\page_viewscheduledrecordings.htm' -> 'D:\Dropbox\mydoc2\programmeren\remote potato\RPaddinAndroidMCE\Server\RPServer\bin\Release\static\skins\retro\page_viewscheduledrecordings.htm'
Copy New 'C:\Users\stefan verhagen\Documents\Visual Studio 2010\Projects\remotepotato-4333062-LivetTV\Server\RPServer\bin\Release\static\skins\retro\rectv.css' -> 'D:\Dropbox\mydoc2\programmeren\remote potato\RPaddinAndroidMCE\Server\RPServer\bin\Release\static\skins\retro\rectv.css'
Copy New 'C:\Users\stefan verhagen\Documents\Visual Studio 2010\Projects\remotepotato-4333062-LivetTV\Server\RPServer\bin\Release\static\skins\retro\settings.xml' -> 'D:\Dropbox\mydoc2\programmeren\remote potato\RPaddinAndroidMCE\Server\RPServer\bin\Release\static\skins\retro\settings.xml'
Copy New 'C:\Users\stefan verhagen\Documents\Visual Studio 2010\Projects\remotepotato-4333062-LivetTV\Server\RPServer\bin\Release\static\skins\retro\showdetails.css' -> 'D:\Dropbox\mydoc2\programmeren\remote potato\RPaddinAndroidMCE\Server\RPServer\bin\Release\static\skins\retro\showdetails.css'
Copy New 'C:\Users\stefan verhagen\Documents\Visual Studio 2010\Projects\remotepotato-4333062-LivetTV\Server\RPServer\bin\Release\static\skins\retro\stream_show.htm' -> 'D:\Dropbox\mydoc2\programmeren\remote potato\RPaddinAndroidMCE\Server\RPServer\bin\Release\static\skins\retro\stream_show.htm'
Copy New 'C:\Users\stefan verhagen\Documents\Visual Studio 2010\Projects\remotepotato-4333062-LivetTV\Server\RPServer\bin\Release\static\skins\retro\styles.css' -> 'D:\Dropbox\mydoc2\programmeren\remote potato\RPaddinAndroidMCE\Server\RPServer\bin\Release\static\skins\retro\styles.css'
Copy New 'C:\Users\stefan verhagen\Documents\Visual Studio 2010\Projects\remotepotato-4333062-LivetTV\Server\RPServer\bin\Release\static\skins\retro\thumbnail_default.png' -> 'D:\Dropbox\mydoc2\programmeren\remote potato\RPaddinAndroidMCE\Server\RPServer\bin\Release\static\skins\retro\thumbnail_default.png'
Copy Over 'C:\Users\stefan verhagen\Documents\Visual Studio 2010\Projects\remotepotato-4333062-LivetTV\Server\RPServer\obj\Release\DesignTimeResolveAssemblyReferencesInput.cache' -> 'D:\Dropbox\mydoc2\programmeren\remote potato\RPaddinAndroidMCE\Server\RPServer\obj\Release\DesignTimeResolveAssemblyReferencesInput.cache'
Copy Over 'C:\Users\stefan verhagen\Documents\Visual Studio 2010\Projects\remotepotato-4333062-LivetTV\Server\RPServer\obj\Release\RPServer.dll' -> 'D:\Dropbox\mydoc2\programmeren\remote potato\RPaddinAndroidMCE\Server\RPServer\obj\Release\RPServer.dll'
Save State File C:\Users\stefan verhagen\Documents\Visual Studio 2010\Projects\remotepotato-4333062-LivetTV\_gsdata_\_file_state._gs
Save State File D:\Dropbox\mydoc2\programmeren\remote potato\RPaddinAndroidMCE\_gsdata_\_file_state._gs
Delete lock file C:\Users\stefan verhagen\Documents\Visual Studio 2010\Projects\remotepotato-4333062-LivetTV\_gsdata_\lock.gsl
Delete lock file D:\Dropbox\mydoc2\programmeren\remote potato\RPaddinAndroidMCE\_gsdata_\lock.gsl
Items Synced OK: 99, Errors: 0
===== 2-10-2012 20:33:58: Sync Completed. Time: 00:00:02, Speed: 2,27 MB/s =====

