----- 9-10-2012 19:03:47: Job 'RPLiveTVServerSource': ANALYSIS started by On File Change on computer 'QUAD' (GoodSync 9.0.2.4 on Windows 7) -----
RPLiveTVServerSource: C:\Users\stefan verhagen\Documents\Visual Studio 2010\Projects\remotepotato-4333062-LivetTV =forced-PropDels=> D:\Dropbox\mydoc2\programmeren\remote potato\RPaddinAndroidMCE, SavePrevVers, CleanupPrevVers=30d, CleanupOldGens=12m, TmpDest, EstReq, CopyLocked, DetectMovesAndRenames, DetectFolderMoves, FileLinksDrill, CaseSens, Reconnect=3, CopyCreateTime
Exclude licens*.rfo|cache.rfo|mru.rfo|mpp*.rfo|RoboForm Online Account.rfp|name *._gstmp|/System Volume Information|Thumbs.db|.DS_Store 
Left: Reading State File C:\Users\stefan verhagen\Documents\Visual Studio 2010\Projects\remotepotato-4333062-LivetTV\_gsdata_\_file_state._gs
Locking folder C:\Users\stefan verhagen\Documents\Visual Studio 2010\Projects\remotepotato-4333062-LivetTV for write
Left: Files: 4.359 (excluded 0). Folders: 552 (excluded 1). C: NTFS, Free: 50,9 GB, Total: 195 GB
Right: Reading State File D:\Dropbox\mydoc2\programmeren\remote potato\RPaddinAndroidMCE\_gsdata_\_file_state._gs
Locking folder D:\Dropbox\mydoc2\programmeren\remote potato\RPaddinAndroidMCE for write
Right: Files: 4.270 (excluded 0). Folders: 552 (excluded 1). D: NTFS, Free: 160 GB, Total: 931 GB
On disk file:///D: space required for sync is 372 KB, you have 160 GB
Changes: 93, Conflicts: 0, CopyTime: 0, CopyState: 0, Errors: 0
Left to Right: Copy File: 93 
----- 9-10-2012 19:03:49: Analysis Completed. Time 00:00:02, Speed: 2.456 files/s -----
===== 9-10-2012 19:03:50: Job 'RPLiveTVServerSource': SYNC started by On File Change on computer 'QUAD' =====
RPLiveTVServerSource: C:\Users\stefan verhagen\Documents\Visual Studio 2010\Projects\remotepotato-4333062-LivetTV =forced-PropDels=> D:\Dropbox\mydoc2\programmeren\remote potato\RPaddinAndroidMCE, SavePrevVers, CleanupPrevVers=30d, CleanupOldGens=12m, TmpDest, EstReq, CopyLocked, DetectMovesAndRenames, DetectFolderMoves, FileLinksDrill, CaseSens, Reconnect=3, CopyCreateTime
Copy Over 'C:\Users\stefan verhagen\Documents\Visual Studio 2010\Projects\remotepotato-4333062-LivetTV\Server\.git\COMMIT_EDITMSG' -> 'D:\Dropbox\mydoc2\programmeren\remote potato\RPaddinAndroidMCE\Server\.git\COMMIT_EDITMSG'
Copy New 'C:\Users\stefan verhagen\Documents\Visual Studio 2010\Projects\remotepotato-4333062-LivetTV\Server\.git\COMMITMESSAGE' -> 'D:\Dropbox\mydoc2\programmeren\remote potato\RPaddinAndroidMCE\Server\.git\COMMITMESSAGE'
Copy Over 'C:\Users\stefan verhagen\Documents\Visual Studio 2010\Projects\remotepotato-4333062-LivetTV\Server\.git\logs\HEAD' -> 'D:\Dropbox\mydoc2\programmeren\remote potato\RPaddinAndroidMCE\Server\.git\logs\HEAD'
Copy Over 'C:\Users\stefan verhagen\Documents\Visual Studio 2010\Projects\remotepotato-4333062-LivetTV\Server\.git\logs\refs\heads\master' -> 'D:\Dropbox\mydoc2\programmeren\remote potato\RPaddinAndroidMCE\Server\.git\logs\refs\heads\master'
Copy New 'C:\Users\stefan verhagen\Documents\Visual Studio 2010\Projects\remotepotato-4333062-LivetTV\Server\.git\objects\03\50b7f604f608a21c5d3e405f217ca6461bdf1f' -> 'D:\Dropbox\mydoc2\programmeren\remote potato\RPaddinAndroidMCE\Server\.git\objects\03\50b7f604f608a21c5d3e405f217ca6461bdf1f'
Copy New 'C:\Users\stefan verhagen\Documents\Visual Studio 2010\Projects\remotepotato-4333062-LivetTV\Server\.git\objects\04\4fb8c15fe4c7cf969811272e43977f3e90b3ba' -> 'D:\Dropbox\mydoc2\programmeren\remote potato\RPaddinAndroidMCE\Server\.git\objects\04\4fb8c15fe4c7cf969811272e43977f3e90b3ba'
Copy New 'C:\Users\stefan verhagen\Documents\Visual Studio 2010\Projects\remotepotato-4333062-LivetTV\Server\.git\objects\05\517874fcff82d2b354e41ee50f4f0b2f318e30' -> 'D:\Dropbox\mydoc2\programmeren\remote potato\RPaddinAndroidMCE\Server\.git\objects\05\517874fcff82d2b354e41ee50f4f0b2f318e30'
Copy New 'C:\Users\stefan verhagen\Documents\Visual Studio 2010\Projects\remotepotato-4333062-LivetTV\Server\.git\objects\09\f6deff688ab959b40dc47bb95ab61e10222dda' -> 'D:\Dropbox\mydoc2\programmeren\remote potato\RPaddinAndroidMCE\Server\.git\objects\09\f6deff688ab959b40dc47bb95ab61e10222dda'
Copy New 'C:\Users\stefan verhagen\Documents\Visual Studio 2010\Projects\remotepotato-4333062-LivetTV\Server\.git\objects\0a\a5c5c3cddb3ea04baf21e60d58d3da70aeebfd' -> 'D:\Dropbox\mydoc2\programmeren\remote potato\RPaddinAndroidMCE\Server\.git\objects\0a\a5c5c3cddb3ea04baf21e60d58d3da70aeebfd'
Copy New 'C:\Users\stefan verhagen\Documents\Visual Studio 2010\Projects\remotepotato-4333062-LivetTV\Server\.git\objects\0d\668c6ee92cfa83a0c8fe245177b9c4ca382ac3' -> 'D:\Dropbox\mydoc2\programmeren\remote potato\RPaddinAndroidMCE\Server\.git\objects\0d\668c6ee92cfa83a0c8fe245177b9c4ca382ac3'
Copy New 'C:\Users\stefan verhagen\Documents\Visual Studio 2010\Projects\remotepotato-4333062-LivetTV\Server\.git\objects\0d\d94608675ab3f47fbe4e7390e33d9f032754e5' -> 'D:\Dropbox\mydoc2\programmeren\remote potato\RPaddinAndroidMCE\Server\.git\objects\0d\d94608675ab3f47fbe4e7390e33d9f032754e5'
Copy New 'C:\Users\stefan verhagen\Documents\Visual Studio 2010\Projects\remotepotato-4333062-LivetTV\Server\.git\objects\0e\a83b86ec418e9348159235a98b39d46792c9d9' -> 'D:\Dropbox\mydoc2\programmeren\remote potato\RPaddinAndroidMCE\Server\.git\objects\0e\a83b86ec418e9348159235a98b39d46792c9d9'
Copy New 'C:\Users\stefan verhagen\Documents\Visual Studio 2010\Projects\remotepotato-4333062-LivetTV\Server\.git\objects\13\c1c1d27903e99da82e3e5990527f80f0f6514a' -> 'D:\Dropbox\mydoc2\programmeren\remote potato\RPaddinAndroidMCE\Server\.git\objects\13\c1c1d27903e99da82e3e5990527f80f0f6514a'
Copy New 'C:\Users\stefan verhagen\Documents\Visual Studio 2010\Projects\remotepotato-4333062-LivetTV\Server\.git\objects\15\394b658559a80964544a31422751f0b37c1c65' -> 'D:\Dropbox\mydoc2\programmeren\remote potato\RPaddinAndroidMCE\Server\.git\objects\15\394b658559a80964544a31422751f0b37c1c65'
Copy New 'C:\Users\stefan verhagen\Documents\Visual Studio 2010\Projects\remotepotato-4333062-LivetTV\Server\.git\objects\18\3ff6de6ff511a263225b4984191e54659af600' -> 'D:\Dropbox\mydoc2\programmeren\remote potato\RPaddinAndroidMCE\Server\.git\objects\18\3ff6de6ff511a263225b4984191e54659af600'
Copy New 'C:\Users\stefan verhagen\Documents\Visual Studio 2010\Projects\remotepotato-4333062-LivetTV\Server\.git\objects\1a\0e541414012c0994cea4aa1e94ea092a5a1ae0' -> 'D:\Dropbox\mydoc2\programmeren\remote potato\RPaddinAndroidMCE\Server\.git\objects\1a\0e541414012c0994cea4aa1e94ea092a5a1ae0'
Copy New 'C:\Users\stefan verhagen\Documents\Visual Studio 2010\Projects\remotepotato-4333062-LivetTV\Server\.git\objects\20\b6b09b660d054e4ea3dfcb9305ce4c0f13c992' -> 'D:\Dropbox\mydoc2\programmeren\remote potato\RPaddinAndroidMCE\Server\.git\objects\20\b6b09b660d054e4ea3dfcb9305ce4c0f13c992'
Copy New 'C:\Users\stefan verhagen\Documents\Visual Studio 2010\Projects\remotepotato-4333062-LivetTV\Server\.git\objects\21\28232a13f83391a0096df18dc9bfc10ac0efd8' -> 'D:\Dropbox\mydoc2\programmeren\remote potato\RPaddinAndroidMCE\Server\.git\objects\21\28232a13f83391a0096df18dc9bfc10ac0efd8'
Copy New 'C:\Users\stefan verhagen\Documents\Visual Studio 2010\Projects\remotepotato-4333062-LivetTV\Server\.git\objects\24\b73174e2af5055de965a2296174fa51652a619' -> 'D:\Dropbox\mydoc2\programmeren\remote potato\RPaddinAndroidMCE\Server\.git\objects\24\b73174e2af5055de965a2296174fa51652a619'
Copy New 'C:\Users\stefan verhagen\Documents\Visual Studio 2010\Projects\remotepotato-4333062-LivetTV\Server\.git\objects\2a\f7867571f7602ef5baf71212fd23bb896f0ab3' -> 'D:\Dropbox\mydoc2\programmeren\remote potato\RPaddinAndroidMCE\Server\.git\objects\2a\f7867571f7602ef5baf71212fd23bb896f0ab3'
Copy New 'C:\Users\stefan verhagen\Documents\Visual Studio 2010\Projects\remotepotato-4333062-LivetTV\Server\.git\objects\2b\f9f6aae25b4d78317b1795a09abbedd5dd4429' -> 'D:\Dropbox\mydoc2\programmeren\remote potato\RPaddinAndroidMCE\Server\.git\objects\2b\f9f6aae25b4d78317b1795a09abbedd5dd4429'
Copy New 'C:\Users\stefan verhagen\Documents\Visual Studio 2010\Projects\remotepotato-4333062-LivetTV\Server\.git\objects\2d\0134fec974e674ec2293d3e25edf97926a3d50' -> 'D:\Dropbox\mydoc2\programmeren\remote potato\RPaddinAndroidMCE\Server\.git\objects\2d\0134fec974e674ec2293d3e25edf97926a3d50'
Copy New 'C:\Users\stefan verhagen\Documents\Visual Studio 2010\Projects\remotepotato-4333062-LivetTV\Server\.git\objects\2d\554b0953236dd4dcc8d7a2bfb1eb77e15570cd' -> 'D:\Dropbox\mydoc2\programmeren\remote potato\RPaddinAndroidMCE\Server\.git\objects\2d\554b0953236dd4dcc8d7a2bfb1eb77e15570cd'
Copy New 'C:\Users\stefan verhagen\Documents\Visual Studio 2010\Projects\remotepotato-4333062-LivetTV\Server\.git\objects\30\84ef5c3e79ca1562aa280ea6dde43c5badf674' -> 'D:\Dropbox\mydoc2\programmeren\remote potato\RPaddinAndroidMCE\Server\.git\objects\30\84ef5c3e79ca1562aa280ea6dde43c5badf674'
Copy New 'C:\Users\stefan verhagen\Documents\Visual Studio 2010\Projects\remotepotato-4333062-LivetTV\Server\.git\objects\32\f197b09fac59ae0080e41a12378bac47a5a399' -> 'D:\Dropbox\mydoc2\programmeren\remote potato\RPaddinAndroidMCE\Server\.git\objects\32\f197b09fac59ae0080e41a12378bac47a5a399'
Copy New 'C:\Users\stefan verhagen\Documents\Visual Studio 2010\Projects\remotepotato-4333062-LivetTV\Server\.git\objects\34\44c0f3d39b2d2a8e0b0860515d49837bee0b6b' -> 'D:\Dropbox\mydoc2\programmeren\remote potato\RPaddinAndroidMCE\Server\.git\objects\34\44c0f3d39b2d2a8e0b0860515d49837bee0b6b'
Copy New 'C:\Users\stefan verhagen\Documents\Visual Studio 2010\Projects\remotepotato-4333062-LivetTV\Server\.git\objects\35\4e08f18dc70e77fa1d854ae957c998239bdaad' -> 'D:\Dropbox\mydoc2\programmeren\remote potato\RPaddinAndroidMCE\Server\.git\objects\35\4e08f18dc70e77fa1d854ae957c998239bdaad'
Copy New 'C:\Users\stefan verhagen\Documents\Visual Studio 2010\Projects\remotepotato-4333062-LivetTV\Server\.git\objects\35\b845c2c2b44996f21c3ab91ba27296cb438c8f' -> 'D:\Dropbox\mydoc2\programmeren\remote potato\RPaddinAndroidMCE\Server\.git\objects\35\b845c2c2b44996f21c3ab91ba27296cb438c8f'
Copy New 'C:\Users\stefan verhagen\Documents\Visual Studio 2010\Projects\remotepotato-4333062-LivetTV\Server\.git\objects\3a\4f96845b5dae80fd1fb961ee30a7a14fc65fdb' -> 'D:\Dropbox\mydoc2\programmeren\remote potato\RPaddinAndroidMCE\Server\.git\objects\3a\4f96845b5dae80fd1fb961ee30a7a14fc65fdb'
Copy New 'C:\Users\stefan verhagen\Documents\Visual Studio 2010\Projects\remotepotato-4333062-LivetTV\Server\.git\objects\3d\6c4d03adf0ffe7c0f34611c53f2a4d95652fc2' -> 'D:\Dropbox\mydoc2\programmeren\remote potato\RPaddinAndroidMCE\Server\.git\objects\3d\6c4d03adf0ffe7c0f34611c53f2a4d95652fc2'
Copy New 'C:\Users\stefan verhagen\Documents\Visual Studio 2010\Projects\remotepotato-4333062-LivetTV\Server\.git\objects\3e\3c95d4681544b5a746d0cbebd5bdfcea03731e' -> 'D:\Dropbox\mydoc2\programmeren\remote potato\RPaddinAndroidMCE\Server\.git\objects\3e\3c95d4681544b5a746d0cbebd5bdfcea03731e'
Copy New 'C:\Users\stefan verhagen\Documents\Visual Studio 2010\Projects\remotepotato-4333062-LivetTV\Server\.git\objects\43\854da41e8319e2dafb4cce0453225074aed918' -> 'D:\Dropbox\mydoc2\programmeren\remote potato\RPaddinAndroidMCE\Server\.git\objects\43\854da41e8319e2dafb4cce0453225074aed918'
Copy New 'C:\Users\stefan verhagen\Documents\Visual Studio 2010\Projects\remotepotato-4333062-LivetTV\Server\.git\objects\43\ebed8ea570b843542e7490118466a05692772d' -> 'D:\Dropbox\mydoc2\programmeren\remote potato\RPaddinAndroidMCE\Server\.git\objects\43\ebed8ea570b843542e7490118466a05692772d'
Copy New 'C:\Users\stefan verhagen\Documents\Visual Studio 2010\Projects\remotepotato-4333062-LivetTV\Server\.git\objects\45\f532f1c70f895b61c699f879d423be617e4465' -> 'D:\Dropbox\mydoc2\programmeren\remote potato\RPaddinAndroidMCE\Server\.git\objects\45\f532f1c70f895b61c699f879d423be617e4465'
Copy New 'C:\Users\stefan verhagen\Documents\Visual Studio 2010\Projects\remotepotato-4333062-LivetTV\Server\.git\objects\46\f4ac933d0547ccf59637854537ddfbfdfeed5e' -> 'D:\Dropbox\mydoc2\programmeren\remote potato\RPaddinAndroidMCE\Server\.git\objects\46\f4ac933d0547ccf59637854537ddfbfdfeed5e'
Copy New 'C:\Users\stefan verhagen\Documents\Visual Studio 2010\Projects\remotepotato-4333062-LivetTV\Server\.git\objects\48\0ad663a6382d8aa286caf0386296c402509483' -> 'D:\Dropbox\mydoc2\programmeren\remote potato\RPaddinAndroidMCE\Server\.git\objects\48\0ad663a6382d8aa286caf0386296c402509483'
Copy New 'C:\Users\stefan verhagen\Documents\Visual Studio 2010\Projects\remotepotato-4333062-LivetTV\Server\.git\objects\4a\643b9ff75183d74d0a6bde06a2a21781dd3d68' -> 'D:\Dropbox\mydoc2\programmeren\remote potato\RPaddinAndroidMCE\Server\.git\objects\4a\643b9ff75183d74d0a6bde06a2a21781dd3d68'
Copy New 'C:\Users\stefan verhagen\Documents\Visual Studio 2010\Projects\remotepotato-4333062-LivetTV\Server\.git\objects\4a\d87bea8c09c8d41853747d36735c8bb58bbecb' -> 'D:\Dropbox\mydoc2\programmeren\remote potato\RPaddinAndroidMCE\Server\.git\objects\4a\d87bea8c09c8d41853747d36735c8bb58bbecb'
Copy New 'C:\Users\stefan verhagen\Documents\Visual Studio 2010\Projects\remotepotato-4333062-LivetTV\Server\.git\objects\4c\7b067d2782d30e808e71d83c756e4edf8b0ea3' -> 'D:\Dropbox\mydoc2\programmeren\remote potato\RPaddinAndroidMCE\Server\.git\objects\4c\7b067d2782d30e808e71d83c756e4edf8b0ea3'
Copy New 'C:\Users\stefan verhagen\Documents\Visual Studio 2010\Projects\remotepotato-4333062-LivetTV\Server\.git\objects\50\37fa6044a7a539bb0cc50e39f892e4eb7fa0f1' -> 'D:\Dropbox\mydoc2\programmeren\remote potato\RPaddinAndroidMCE\Server\.git\objects\50\37fa6044a7a539bb0cc50e39f892e4eb7fa0f1'
Copy New 'C:\Users\stefan verhagen\Documents\Visual Studio 2010\Projects\remotepotato-4333062-LivetTV\Server\.git\objects\53\2e71471d91bb04fc8d3f42256855271b324c86' -> 'D:\Dropbox\mydoc2\programmeren\remote potato\RPaddinAndroidMCE\Server\.git\objects\53\2e71471d91bb04fc8d3f42256855271b324c86'
Copy New 'C:\Users\stefan verhagen\Documents\Visual Studio 2010\Projects\remotepotato-4333062-LivetTV\Server\.git\objects\54\ad3411f86d8d94093381fb6066c5605a136671' -> 'D:\Dropbox\mydoc2\programmeren\remote potato\RPaddinAndroidMCE\Server\.git\objects\54\ad3411f86d8d94093381fb6066c5605a136671'
Copy New 'C:\Users\stefan verhagen\Documents\Visual Studio 2010\Projects\remotepotato-4333062-LivetTV\Server\.git\objects\57\b4170b1e7008a8eb4b423f408dd3881ae7af68' -> 'D:\Dropbox\mydoc2\programmeren\remote potato\RPaddinAndroidMCE\Server\.git\objects\57\b4170b1e7008a8eb4b423f408dd3881ae7af68'
Copy New 'C:\Users\stefan verhagen\Documents\Visual Studio 2010\Projects\remotepotato-4333062-LivetTV\Server\.git\objects\5a\8ab3c602a45051b572e985a292a667faa460fa' -> 'D:\Dropbox\mydoc2\programmeren\remote potato\RPaddinAndroidMCE\Server\.git\objects\5a\8ab3c602a45051b572e985a292a667faa460fa'
Copy New 'C:\Users\stefan verhagen\Documents\Visual Studio 2010\Projects\remotepotato-4333062-LivetTV\Server\.git\objects\61\603182323a2d9aefa97645deae32cd5e16a1fa' -> 'D:\Dropbox\mydoc2\programmeren\remote potato\RPaddinAndroidMCE\Server\.git\objects\61\603182323a2d9aefa97645deae32cd5e16a1fa'
Copy New 'C:\Users\stefan verhagen\Documents\Visual Studio 2010\Projects\remotepotato-4333062-LivetTV\Server\.git\objects\61\e3e3c89db192da27b6f7f766dacd29ac8aeb65' -> 'D:\Dropbox\mydoc2\programmeren\remote potato\RPaddinAndroidMCE\Server\.git\objects\61\e3e3c89db192da27b6f7f766dacd29ac8aeb65'
Copy New 'C:\Users\stefan verhagen\Documents\Visual Studio 2010\Projects\remotepotato-4333062-LivetTV\Server\.git\objects\64\bb4552c0b13b9ab801eb7a3d668109e63c5d53' -> 'D:\Dropbox\mydoc2\programmeren\remote potato\RPaddinAndroidMCE\Server\.git\objects\64\bb4552c0b13b9ab801eb7a3d668109e63c5d53'
Copy New 'C:\Users\stefan verhagen\Documents\Visual Studio 2010\Projects\remotepotato-4333062-LivetTV\Server\.git\objects\65\ae8fb098ec33400c87ce060b07df0eee4dd388' -> 'D:\Dropbox\mydoc2\programmeren\remote potato\RPaddinAndroidMCE\Server\.git\objects\65\ae8fb098ec33400c87ce060b07df0eee4dd388'
Copy New 'C:\Users\stefan verhagen\Documents\Visual Studio 2010\Projects\remotepotato-4333062-LivetTV\Server\.git\objects\65\e81bd23bd33a53c915e929c3290c038a096949' -> 'D:\Dropbox\mydoc2\programmeren\remote potato\RPaddinAndroidMCE\Server\.git\objects\65\e81bd23bd33a53c915e929c3290c038a096949'
Copy New 'C:\Users\stefan verhagen\Documents\Visual Studio 2010\Projects\remotepotato-4333062-LivetTV\Server\.git\objects\6d\24f92f6343c55e4ec5f853ef5956016fadf30a' -> 'D:\Dropbox\mydoc2\programmeren\remote potato\RPaddinAndroidMCE\Server\.git\objects\6d\24f92f6343c55e4ec5f853ef5956016fadf30a'
Copy New 'C:\Users\stefan verhagen\Documents\Visual Studio 2010\Projects\remotepotato-4333062-LivetTV\Server\.git\objects\73\e557da9cf7acdde2a9ca101b93bca09db0cb02' -> 'D:\Dropbox\mydoc2\programmeren\remote potato\RPaddinAndroidMCE\Server\.git\objects\73\e557da9cf7acdde2a9ca101b93bca09db0cb02'
Copy New 'C:\Users\stefan verhagen\Documents\Visual Studio 2010\Projects\remotepotato-4333062-LivetTV\Server\.git\objects\78\c3ceb5491fdca71972d958038361166752a2b5' -> 'D:\Dropbox\mydoc2\programmeren\remote potato\RPaddinAndroidMCE\Server\.git\objects\78\c3ceb5491fdca71972d958038361166752a2b5'
Copy New 'C:\Users\stefan verhagen\Documents\Visual Studio 2010\Projects\remotepotato-4333062-LivetTV\Server\.git\objects\7b\87ecd45879bf225f553a8e2cff019f0e3cf8c6' -> 'D:\Dropbox\mydoc2\programmeren\remote potato\RPaddinAndroidMCE\Server\.git\objects\7b\87ecd45879bf225f553a8e2cff019f0e3cf8c6'
Copy New 'C:\Users\stefan verhagen\Documents\Visual Studio 2010\Projects\remotepotato-4333062-LivetTV\Server\.git\objects\7d\f34172c4b51609c4e4dcf0062221f975adfbec' -> 'D:\Dropbox\mydoc2\programmeren\remote potato\RPaddinAndroidMCE\Server\.git\objects\7d\f34172c4b51609c4e4dcf0062221f975adfbec'
Copy New 'C:\Users\stefan verhagen\Documents\Visual Studio 2010\Projects\remotepotato-4333062-LivetTV\Server\.git\objects\7f\2a651748f9dfdc283f84c7b82d1c9491f307c8' -> 'D:\Dropbox\mydoc2\programmeren\remote potato\RPaddinAndroidMCE\Server\.git\objects\7f\2a651748f9dfdc283f84c7b82d1c9491f307c8'
Copy New 'C:\Users\stefan verhagen\Documents\Visual Studio 2010\Projects\remotepotato-4333062-LivetTV\Server\.git\objects\86\0949435cf0ada934686dab7e48d36874a45a1f' -> 'D:\Dropbox\mydoc2\programmeren\remote potato\RPaddinAndroidMCE\Server\.git\objects\86\0949435cf0ada934686dab7e48d36874a45a1f'
Copy New 'C:\Users\stefan verhagen\Documents\Visual Studio 2010\Projects\remotepotato-4333062-LivetTV\Server\.git\objects\86\27f7a49838a81eb0b82e279de44cf4e4375bd1' -> 'D:\Dropbox\mydoc2\programmeren\remote potato\RPaddinAndroidMCE\Server\.git\objects\86\27f7a49838a81eb0b82e279de44cf4e4375bd1'
Copy New 'C:\Users\stefan verhagen\Documents\Visual Studio 2010\Projects\remotepotato-4333062-LivetTV\Server\.git\objects\87\f435921166a339332451fe6182544ddb909589' -> 'D:\Dropbox\mydoc2\programmeren\remote potato\RPaddinAndroidMCE\Server\.git\objects\87\f435921166a339332451fe6182544ddb909589'
Copy New 'C:\Users\stefan verhagen\Documents\Visual Studio 2010\Projects\remotepotato-4333062-LivetTV\Server\.git\objects\8c\6f952c135ad6e2a76d6a41f0372fb34f221bb1' -> 'D:\Dropbox\mydoc2\programmeren\remote potato\RPaddinAndroidMCE\Server\.git\objects\8c\6f952c135ad6e2a76d6a41f0372fb34f221bb1'
Copy New 'C:\Users\stefan verhagen\Documents\Visual Studio 2010\Projects\remotepotato-4333062-LivetTV\Server\.git\objects\93\7550e9f3641993009406330b3065a9e8d356ef' -> 'D:\Dropbox\mydoc2\programmeren\remote potato\RPaddinAndroidMCE\Server\.git\objects\93\7550e9f3641993009406330b3065a9e8d356ef'
Copy New 'C:\Users\stefan verhagen\Documents\Visual Studio 2010\Projects\remotepotato-4333062-LivetTV\Server\.git\objects\95\8962a8b1ae278b1adecdf38f77fdc100ee51bd' -> 'D:\Dropbox\mydoc2\programmeren\remote potato\RPaddinAndroidMCE\Server\.git\objects\95\8962a8b1ae278b1adecdf38f77fdc100ee51bd'
Copy New 'C:\Users\stefan verhagen\Documents\Visual Studio 2010\Projects\remotepotato-4333062-LivetTV\Server\.git\objects\96\0a5ad7d07d3bd21b074c3c3ce8cc1ed2a67545' -> 'D:\Dropbox\mydoc2\programmeren\remote potato\RPaddinAndroidMCE\Server\.git\objects\96\0a5ad7d07d3bd21b074c3c3ce8cc1ed2a67545'
Copy New 'C:\Users\stefan verhagen\Documents\Visual Studio 2010\Projects\remotepotato-4333062-LivetTV\Server\.git\objects\96\1b396307fa57169eb7dbae33f41b1c3c6594b3' -> 'D:\Dropbox\mydoc2\programmeren\remote potato\RPaddinAndroidMCE\Server\.git\objects\96\1b396307fa57169eb7dbae33f41b1c3c6594b3'
Copy New 'C:\Users\stefan verhagen\Documents\Visual Studio 2010\Projects\remotepotato-4333062-LivetTV\Server\.git\objects\97\d20b7317b52267f322e9efca9338c303a3d153' -> 'D:\Dropbox\mydoc2\programmeren\remote potato\RPaddinAndroidMCE\Server\.git\objects\97\d20b7317b52267f322e9efca9338c303a3d153'
Copy New 'C:\Users\stefan verhagen\Documents\Visual Studio 2010\Projects\remotepotato-4333062-LivetTV\Server\.git\objects\99\74a13d05336401a31db773d13357b79821195c' -> 'D:\Dropbox\mydoc2\programmeren\remote potato\RPaddinAndroidMCE\Server\.git\objects\99\74a13d05336401a31db773d13357b79821195c'
Copy New 'C:\Users\stefan verhagen\Documents\Visual Studio 2010\Projects\remotepotato-4333062-LivetTV\Server\.git\objects\9b\a33b0de5ee86c58250f4e5ba6516d6efb8c134' -> 'D:\Dropbox\mydoc2\programmeren\remote potato\RPaddinAndroidMCE\Server\.git\objects\9b\a33b0de5ee86c58250f4e5ba6516d6efb8c134'
Copy New 'C:\Users\stefan verhagen\Documents\Visual Studio 2010\Projects\remotepotato-4333062-LivetTV\Server\.git\objects\a3\ed1806a5a9ddf5685653c3f939705075c97b23' -> 'D:\Dropbox\mydoc2\programmeren\remote potato\RPaddinAndroidMCE\Server\.git\objects\a3\ed1806a5a9ddf5685653c3f939705075c97b23'
Copy New 'C:\Users\stefan verhagen\Documents\Visual Studio 2010\Projects\remotepotato-4333062-LivetTV\Server\.git\objects\ac\a304e86f0d30d6ca257f17d1fe67488c47c3b8' -> 'D:\Dropbox\mydoc2\programmeren\remote potato\RPaddinAndroidMCE\Server\.git\objects\ac\a304e86f0d30d6ca257f17d1fe67488c47c3b8'
Copy New 'C:\Users\stefan verhagen\Documents\Visual Studio 2010\Projects\remotepotato-4333062-LivetTV\Server\.git\objects\b0\39670f13eb42b1f8906fb697054b5fd05a308c' -> 'D:\Dropbox\mydoc2\programmeren\remote potato\RPaddinAndroidMCE\Server\.git\objects\b0\39670f13eb42b1f8906fb697054b5fd05a308c'
Copy New 'C:\Users\stefan verhagen\Documents\Visual Studio 2010\Projects\remotepotato-4333062-LivetTV\Server\.git\objects\b1\f4002f7c77c2ca1e5a91c64013d61a2523ad9f' -> 'D:\Dropbox\mydoc2\programmeren\remote potato\RPaddinAndroidMCE\Server\.git\objects\b1\f4002f7c77c2ca1e5a91c64013d61a2523ad9f'
Copy New 'C:\Users\stefan verhagen\Documents\Visual Studio 2010\Projects\remotepotato-4333062-LivetTV\Server\.git\objects\b4\3debc4e176216dde18aad2ef146704453f1e55' -> 'D:\Dropbox\mydoc2\programmeren\remote potato\RPaddinAndroidMCE\Server\.git\objects\b4\3debc4e176216dde18aad2ef146704453f1e55'
Copy New 'C:\Users\stefan verhagen\Documents\Visual Studio 2010\Projects\remotepotato-4333062-LivetTV\Server\.git\objects\b6\d3a16cee023a0fd112bee30d90c3bc1d383f35' -> 'D:\Dropbox\mydoc2\programmeren\remote potato\RPaddinAndroidMCE\Server\.git\objects\b6\d3a16cee023a0fd112bee30d90c3bc1d383f35'
Copy New 'C:\Users\stefan verhagen\Documents\Visual Studio 2010\Projects\remotepotato-4333062-LivetTV\Server\.git\objects\b8\4c1e96a26a8204ae6d98a5ed6ccc82950f6554' -> 'D:\Dropbox\mydoc2\programmeren\remote potato\RPaddinAndroidMCE\Server\.git\objects\b8\4c1e96a26a8204ae6d98a5ed6ccc82950f6554'
Copy New 'C:\Users\stefan verhagen\Documents\Visual Studio 2010\Projects\remotepotato-4333062-LivetTV\Server\.git\objects\ba\00a753c734ee8bda4e3c45b1eb685b59deb8cf' -> 'D:\Dropbox\mydoc2\programmeren\remote potato\RPaddinAndroidMCE\Server\.git\objects\ba\00a753c734ee8bda4e3c45b1eb685b59deb8cf'
Copy New 'C:\Users\stefan verhagen\Documents\Visual Studio 2010\Projects\remotepotato-4333062-LivetTV\Server\.git\objects\c2\02c6e0ff5f4f9848eb50bddbec64e3c15a62fa' -> 'D:\Dropbox\mydoc2\programmeren\remote potato\RPaddinAndroidMCE\Server\.git\objects\c2\02c6e0ff5f4f9848eb50bddbec64e3c15a62fa'
Copy New 'C:\Users\stefan verhagen\Documents\Visual Studio 2010\Projects\remotepotato-4333062-LivetTV\Server\.git\objects\c2\b61ba414a4fa531ee184926e1a1b1da119f111' -> 'D:\Dropbox\mydoc2\programmeren\remote potato\RPaddinAndroidMCE\Server\.git\objects\c2\b61ba414a4fa531ee184926e1a1b1da119f111'
Copy New 'C:\Users\stefan verhagen\Documents\Visual Studio 2010\Projects\remotepotato-4333062-LivetTV\Server\.git\objects\c2\fd133e5c92b536d88744daaa35bb170d9dd04e' -> 'D:\Dropbox\mydoc2\programmeren\remote potato\RPaddinAndroidMCE\Server\.git\objects\c2\fd133e5c92b536d88744daaa35bb170d9dd04e'
Copy New 'C:\Users\stefan verhagen\Documents\Visual Studio 2010\Projects\remotepotato-4333062-LivetTV\Server\.git\objects\c8\1eec51864cb228d5473c73da9eb44a9b6e4941' -> 'D:\Dropbox\mydoc2\programmeren\remote potato\RPaddinAndroidMCE\Server\.git\objects\c8\1eec51864cb228d5473c73da9eb44a9b6e4941'
Copy New 'C:\Users\stefan verhagen\Documents\Visual Studio 2010\Projects\remotepotato-4333062-LivetTV\Server\.git\objects\ca\361f974927fdf95ec60e6d885e1fd7dd8b4412' -> 'D:\Dropbox\mydoc2\programmeren\remote potato\RPaddinAndroidMCE\Server\.git\objects\ca\361f974927fdf95ec60e6d885e1fd7dd8b4412'
Copy New 'C:\Users\stefan verhagen\Documents\Visual Studio 2010\Projects\remotepotato-4333062-LivetTV\Server\.git\objects\ce\cd04db0e59c608afa4b97f28b8020dc6abcf91' -> 'D:\Dropbox\mydoc2\programmeren\remote potato\RPaddinAndroidMCE\Server\.git\objects\ce\cd04db0e59c608afa4b97f28b8020dc6abcf91'
Copy New 'C:\Users\stefan verhagen\Documents\Visual Studio 2010\Projects\remotepotato-4333062-LivetTV\Server\.git\objects\cf\857d0e57fdfcc771a4ffefc6d544fe14da9f67' -> 'D:\Dropbox\mydoc2\programmeren\remote potato\RPaddinAndroidMCE\Server\.git\objects\cf\857d0e57fdfcc771a4ffefc6d544fe14da9f67'
Copy New 'C:\Users\stefan verhagen\Documents\Visual Studio 2010\Projects\remotepotato-4333062-LivetTV\Server\.git\objects\d3\bfa2bfe2ec4ae49a51524b9271493c6a7f8150' -> 'D:\Dropbox\mydoc2\programmeren\remote potato\RPaddinAndroidMCE\Server\.git\objects\d3\bfa2bfe2ec4ae49a51524b9271493c6a7f8150'
Copy New 'C:\Users\stefan verhagen\Documents\Visual Studio 2010\Projects\remotepotato-4333062-LivetTV\Server\.git\objects\da\13593c5c99ecda2836659effeddad0bda92fb0' -> 'D:\Dropbox\mydoc2\programmeren\remote potato\RPaddinAndroidMCE\Server\.git\objects\da\13593c5c99ecda2836659effeddad0bda92fb0'
Copy New 'C:\Users\stefan verhagen\Documents\Visual Studio 2010\Projects\remotepotato-4333062-LivetTV\Server\.git\objects\da\67a85f8272f847ce8edda3812452e64277680d' -> 'D:\Dropbox\mydoc2\programmeren\remote potato\RPaddinAndroidMCE\Server\.git\objects\da\67a85f8272f847ce8edda3812452e64277680d'
Copy New 'C:\Users\stefan verhagen\Documents\Visual Studio 2010\Projects\remotepotato-4333062-LivetTV\Server\.git\objects\dc\ac2b9581062b1964d9d12e4ec21ad22b62ac11' -> 'D:\Dropbox\mydoc2\programmeren\remote potato\RPaddinAndroidMCE\Server\.git\objects\dc\ac2b9581062b1964d9d12e4ec21ad22b62ac11'
Copy New 'C:\Users\stefan verhagen\Documents\Visual Studio 2010\Projects\remotepotato-4333062-LivetTV\Server\.git\objects\de\0d57e94bcacb2ecf724a781e747e56f84ec580' -> 'D:\Dropbox\mydoc2\programmeren\remote potato\RPaddinAndroidMCE\Server\.git\objects\de\0d57e94bcacb2ecf724a781e747e56f84ec580'
Copy New 'C:\Users\stefan verhagen\Documents\Visual Studio 2010\Projects\remotepotato-4333062-LivetTV\Server\.git\objects\e2\66011038a3b87d351097da8a487897001cf2a3' -> 'D:\Dropbox\mydoc2\programmeren\remote potato\RPaddinAndroidMCE\Server\.git\objects\e2\66011038a3b87d351097da8a487897001cf2a3'
Copy New 'C:\Users\stefan verhagen\Documents\Visual Studio 2010\Projects\remotepotato-4333062-LivetTV\Server\.git\objects\e8\2dc4b030b4394e41c621e08db9c9b532d679f0' -> 'D:\Dropbox\mydoc2\programmeren\remote potato\RPaddinAndroidMCE\Server\.git\objects\e8\2dc4b030b4394e41c621e08db9c9b532d679f0'
Copy New 'C:\Users\stefan verhagen\Documents\Visual Studio 2010\Projects\remotepotato-4333062-LivetTV\Server\.git\objects\ed\fc64186d3fabe16317342886a27e8b4269dd17' -> 'D:\Dropbox\mydoc2\programmeren\remote potato\RPaddinAndroidMCE\Server\.git\objects\ed\fc64186d3fabe16317342886a27e8b4269dd17'
Copy New 'C:\Users\stefan verhagen\Documents\Visual Studio 2010\Projects\remotepotato-4333062-LivetTV\Server\.git\objects\f0\39e7a50b908fec6a605cb57fc1718fa9ee7ace' -> 'D:\Dropbox\mydoc2\programmeren\remote potato\RPaddinAndroidMCE\Server\.git\objects\f0\39e7a50b908fec6a605cb57fc1718fa9ee7ace'
Copy New 'C:\Users\stefan verhagen\Documents\Visual Studio 2010\Projects\remotepotato-4333062-LivetTV\Server\.git\objects\f0\cb4e3f80c797de8a91f963582c3052262c46ce' -> 'D:\Dropbox\mydoc2\programmeren\remote potato\RPaddinAndroidMCE\Server\.git\objects\f0\cb4e3f80c797de8a91f963582c3052262c46ce'
Copy New 'C:\Users\stefan verhagen\Documents\Visual Studio 2010\Projects\remotepotato-4333062-LivetTV\Server\.git\objects\f8\4f8b5a300c6a49c0d2d00b2a7935dc20856d38' -> 'D:\Dropbox\mydoc2\programmeren\remote potato\RPaddinAndroidMCE\Server\.git\objects\f8\4f8b5a300c6a49c0d2d00b2a7935dc20856d38'
Copy Over 'C:\Users\stefan verhagen\Documents\Visual Studio 2010\Projects\remotepotato-4333062-LivetTV\Server\.git\refs\heads\master' -> 'D:\Dropbox\mydoc2\programmeren\remote potato\RPaddinAndroidMCE\Server\.git\refs\heads\master'
Save State File C:\Users\stefan verhagen\Documents\Visual Studio 2010\Projects\remotepotato-4333062-LivetTV\_gsdata_\_file_state._gs
Save State File D:\Dropbox\mydoc2\programmeren\remote potato\RPaddinAndroidMCE\_gsdata_\_file_state._gs
Delete lock file C:\Users\stefan verhagen\Documents\Visual Studio 2010\Projects\remotepotato-4333062-LivetTV\_gsdata_\lock.gsl
Delete lock file D:\Dropbox\mydoc2\programmeren\remote potato\RPaddinAndroidMCE\_gsdata_\lock.gsl
Items Synced OK: 93, Errors: 0
===== 9-10-2012 19:04:03: Sync Completed. Time: 00:00:13, Speed: 120 KB/s =====

