----- 5-10-2012 23:10:40: Job 'RPLiveTVServerSource': ANALYSIS started by On File Change on computer 'QUAD' (GoodSync 9.0.2.4 on Windows 7) -----
RPLiveTVServerSource: C:\Users\stefan verhagen\Documents\Visual Studio 2010\Projects\remotepotato-4333062-LivetTV =forced-PropDels=> D:\Dropbox\mydoc2\programmeren\remote potato\RPaddinAndroidMCE, SavePrevVers, CleanupPrevVers=30d, CleanupOldGens=12m, TmpDest, EstReq, CopyLocked, DetectMovesAndRenames, DetectFolderMoves, FileLinksDrill, CaseSens, Reconnect=3, CopyCreateTime
Exclude licens*.rfo|cache.rfo|mru.rfo|mpp*.rfo|RoboForm Online Account.rfp|name *._gstmp|/System Volume Information|Thumbs.db|.DS_Store 
Left: Reading State File C:\Users\stefan verhagen\Documents\Visual Studio 2010\Projects\remotepotato-4333062-LivetTV\_gsdata_\_file_state._gs
Locking folder C:\Users\stefan verhagen\Documents\Visual Studio 2010\Projects\remotepotato-4333062-LivetTV for write
Left: Files: 4.204 (excluded 0). Folders: 552 (excluded 1). C: NTFS, Free: 56,2 GB, Total: 195 GB
Right: Reading State File D:\Dropbox\mydoc2\programmeren\remote potato\RPaddinAndroidMCE\_gsdata_\_file_state._gs
Locking folder D:\Dropbox\mydoc2\programmeren\remote potato\RPaddinAndroidMCE for write
Right: Files: 4.203 (excluded 0). Folders: 552 (excluded 1). D: NTFS, Free: 161 GB, Total: 931 GB
On disk file:///D: space required for sync is 140 KB, you have 161 GB
Changes: 3, Conflicts: 0, CopyTime: 0, CopyState: 0, Errors: 0
Left to Right: Copy File: 3 
----- 5-10-2012 23:10:42: Analysis Completed. Time 00:00:02, Speed: 2.378 files/s -----
===== 5-10-2012 23:10:42: Job 'RPLiveTVServerSource': SYNC started by On File Change on computer 'QUAD' =====
RPLiveTVServerSource: C:\Users\stefan verhagen\Documents\Visual Studio 2010\Projects\remotepotato-4333062-LivetTV =forced-PropDels=> D:\Dropbox\mydoc2\programmeren\remote potato\RPaddinAndroidMCE, SavePrevVers, CleanupPrevVers=30d, CleanupOldGens=12m, TmpDest, EstReq, CopyLocked, DetectMovesAndRenames, DetectFolderMoves, FileLinksDrill, CaseSens, Reconnect=3, CopyCreateTime
Copy New 'C:\Users\stefan verhagen\Documents\Visual Studio 2010\Projects\remotepotato-4333062-LivetTV\Server\MediaStreamer\obj\Release\CSCBBAD.tmp' -> 'D:\Dropbox\mydoc2\programmeren\remote potato\RPaddinAndroidMCE\Server\MediaStreamer\obj\Release\CSCBBAD.tmp'
Connecting to local GoodSync server to complete operation
Digest authentication requested by server 127.0.0.1: SibSocket/9.0.2.4 (Windows 7)
Waiting: cannot stop: 0/180 sec: ServerReading ...
Waiting: cannot stop: 10/180 sec: ServerReading ...
Waiting: cannot stop: 20/180 sec: ServerReading ...
Waiting: cannot stop: 30/180 sec: ServerReading ...
Waiting: cannot stop: 40/180 sec: ServerReading ...
Waiting: cannot stop: 50/180 sec: ServerReading ...
Waiting: cannot stop: 60/180 sec: ServerReading ...
Waiting: cannot stop: 70/180 sec: ServerReading ...
Waiting: cannot stop: 80/180 sec: ServerReading ...
Locked File C:\Users\stefan verhagen\Documents\Visual Studio 2010\Projects\remotepotato-4333062-LivetTV\Server\MediaStreamer\obj\Release\MediaStreamer.dll copied from Shadow Copy
Copy Over 'C:\Users\stefan verhagen\Documents\Visual Studio 2010\Projects\remotepotato-4333062-LivetTV\Server\MediaStreamer\obj\Release\MediaStreamer.dll' -> 'D:\Dropbox\mydoc2\programmeren\remote potato\RPaddinAndroidMCE\Server\MediaStreamer\obj\Release\MediaStreamer.dll'
Copy Over 'C:\Users\stefan verhagen\Documents\Visual Studio 2010\Projects\remotepotato-4333062-LivetTV\Server\MediaStreamer\obj\Release\MediaStreamer.pdb' -> 'D:\Dropbox\mydoc2\programmeren\remote potato\RPaddinAndroidMCE\Server\MediaStreamer\obj\Release\MediaStreamer.pdb'
Save State File C:\Users\stefan verhagen\Documents\Visual Studio 2010\Projects\remotepotato-4333062-LivetTV\_gsdata_\_file_state._gs
Save State File D:\Dropbox\mydoc2\programmeren\remote potato\RPaddinAndroidMCE\_gsdata_\_file_state._gs
Delete lock file C:\Users\stefan verhagen\Documents\Visual Studio 2010\Projects\remotepotato-4333062-LivetTV\_gsdata_\lock.gsl
Delete lock file D:\Dropbox\mydoc2\programmeren\remote potato\RPaddinAndroidMCE\_gsdata_\lock.gsl
Items Synced OK: 3, Errors: 0
===== 5-10-2012 23:13:51: Sync Completed. Time: 00:03:09, Speed: 0 bytes/s =====

