----- 10-10-2012 22:25:15: Job 'VS2012RPLiveTV': ANALYSIS started by On File Change on computer 'QUAD' (GoodSync 9.0.2.4 on Windows 7) -----
VS2012RPLiveTV: ~stefan verhagen\Documents\Visual Studio 2012\Projects\remotepotato-4333062-LivetTV (C:\Users\stefan verhagen\Documents\Visual Studio 2012\Projects\remotepotato-4333062-LivetTV) =forced-PropDels=> D:\Dropbox\mydoc2\programmeren\remote potato\RPLiveTV-VS2012, SavePrevVers, CleanupPrevVers=30d, CleanupOldGens=12m, TmpDest, EstReq, CopyLocked, DetectMovesAndRenames, DetectFolderMoves, FileLinksDrill, CaseSens, Reconnect=3, ChangeLimit=10
Exclude Hidden, Exclude System, Exclude licens*.rfo|cache.rfo|mru.rfo|mpp*.rfo|RoboForm Online Account.rfp|name *._gstmp|/System Volume Information|Thumbs.db|.DS_Store 
Left: Reading State File C:\Users\stefan verhagen\Documents\Visual Studio 2012\Projects\remotepotato-4333062-LivetTV\_gsdata_\_file_state._gs
Locking folder C:\Users\stefan verhagen\Documents\Visual Studio 2012\Projects\remotepotato-4333062-LivetTV for write
Left: Files: 1.950 (excluded 3). Folders: 284 (excluded 2). C: NTFS, Free: 50,2 GB, Total: 195 GB
Right: Reading State File D:\Dropbox\mydoc2\programmeren\remote potato\RPLiveTV-VS2012\_gsdata_\_file_state._gs
Locking folder D:\Dropbox\mydoc2\programmeren\remote potato\RPLiveTV-VS2012 for write
Right: Files: 1.958 (excluded 0). Folders: 275 (excluded 1). D: NTFS, Free: 159 GB, Total: 931 GB
On disk file:///D: space required for sync is 20,8 MB, you have 159 GB
Changes: 127, Conflicts: 0, CopyTime: 0, CopyState: 0, Errors: 0
Left to Right: Copy File: 102 Delete File: 21 Rename/Move File/Folder: 4 
----- 10-10-2012 22:25:18: Analysis Completed. Time 00:00:03, Speed: 754 files/s -----
===== 10-10-2012 22:25:18: Job 'VS2012RPLiveTV': SYNC started by On File Change on computer 'QUAD' =====
VS2012RPLiveTV: ~stefan verhagen\Documents\Visual Studio 2012\Projects\remotepotato-4333062-LivetTV (C:\Users\stefan verhagen\Documents\Visual Studio 2012\Projects\remotepotato-4333062-LivetTV) =forced-PropDels=> D:\Dropbox\mydoc2\programmeren\remote potato\RPLiveTV-VS2012, SavePrevVers, CleanupPrevVers=30d, CleanupOldGens=12m, TmpDest, EstReq, CopyLocked, DetectMovesAndRenames, DetectFolderMoves, FileLinksDrill, CaseSens, Reconnect=3, ChangeLimit=10
Delete File 'D:\Dropbox\mydoc2\programmeren\remote potato\RPLiveTV-VS2012\Server\RemotePotatoUI\bin\Release\gpl-2.0.txt'
Delete File 'D:\Dropbox\mydoc2\programmeren\remote potato\RPLiveTV-VS2012\Server\RemotePotatoUI\bin\Release\gplv3.txt'
Delete File 'D:\Dropbox\mydoc2\programmeren\remote potato\RPLiveTV-VS2012\Server\RemotePotatoUI\bin\Release\RemotePotatoUI.exe'
Delete File 'D:\Dropbox\mydoc2\programmeren\remote potato\RPLiveTV-VS2012\Server\RemotePotatoUI\bin\Release\RemotePotatoUI.exe.config'
Delete File 'D:\Dropbox\mydoc2\programmeren\remote potato\RPLiveTV-VS2012\Server\RemotePotatoUI\bin\Release\RemotePotatoUI.pdb'
Delete File 'D:\Dropbox\mydoc2\programmeren\remote potato\RPLiveTV-VS2012\Server\RemotePotatoUI\bin\Release\static\skins\custom\page_recordshow_series.htm'
Delete File 'D:\Dropbox\mydoc2\programmeren\remote potato\RPLiveTV-VS2012\Server\RemotePotatoUI\bin\Release\static\skins\custom\page_remote.htm'
Delete File 'D:\Dropbox\mydoc2\programmeren\remote potato\RPLiveTV-VS2012\Server\RemotePotatoUI\bin\Release\static\skins\custom\page_remote_command.htm'
Delete File 'D:\Dropbox\mydoc2\programmeren\remote potato\RPLiveTV-VS2012\Server\RemotePotatoUI\bin\Release\static\skins\default\page_recordshow_series.htm'
Delete File 'D:\Dropbox\mydoc2\programmeren\remote potato\RPLiveTV-VS2012\Server\RemotePotatoUI\bin\Release\static\skins\default\page_remote.htm'
Delete File 'D:\Dropbox\mydoc2\programmeren\remote potato\RPLiveTV-VS2012\Server\RemotePotatoUI\bin\Release\static\skins\default\page_remote_command.htm'
Delete File 'D:\Dropbox\mydoc2\programmeren\remote potato\RPLiveTV-VS2012\Server\RemotePotatoUI\bin\Release\static\skins\minimalist\page_recordshow_series.htm'
Delete File 'D:\Dropbox\mydoc2\programmeren\remote potato\RPLiveTV-VS2012\Server\RemotePotatoUI\bin\Release\static\skins\minimalist\page_remote.htm'
Delete File 'D:\Dropbox\mydoc2\programmeren\remote potato\RPLiveTV-VS2012\Server\RemotePotatoUI\bin\Release\static\skins\minimalist\page_remote_command.htm'
Delete File 'D:\Dropbox\mydoc2\programmeren\remote potato\RPLiveTV-VS2012\Server\RemotePotatoUI\bin\Release\static\skins\retro\images\blinking_cursor.gif'
Delete File 'D:\Dropbox\mydoc2\programmeren\remote potato\RPLiveTV-VS2012\Server\RemotePotatoUI\bin\Release\static\skins\retro\images\retrobullet.png'
Delete File 'D:\Dropbox\mydoc2\programmeren\remote potato\RPLiveTV-VS2012\Server\RemotePotatoUI\bin\Release\static\skins\retro\page_recordshow_series.htm'
Delete File 'D:\Dropbox\mydoc2\programmeren\remote potato\RPLiveTV-VS2012\Server\RemotePotatoUI\bin\Release\static\skins\retro\page_remote.htm'
Delete File 'D:\Dropbox\mydoc2\programmeren\remote potato\RPLiveTV-VS2012\Server\RemotePotatoUI\bin\Release\static\skins\retro\page_remote_command.htm'
Delete File 'D:\Dropbox\mydoc2\programmeren\remote potato\RPLiveTV-VS2012\Server\RemotePotatoUI\bin\Release\toolkit\ffmpeg.txt'
Delete File 'D:\Dropbox\mydoc2\programmeren\remote potato\RPLiveTV-VS2012\Server\RemotePotatoUI\bin\Release\toolkit\pthreadGC2.dll'
Create Folder 'D:\Dropbox\mydoc2\programmeren\remote potato\RPLiveTV-VS2012\Server\Setup1\Setup1'
Create Folder 'D:\Dropbox\mydoc2\programmeren\remote potato\RPLiveTV-VS2012\Server\Setup1\Setup1\Express'
Create Folder 'D:\Dropbox\mydoc2\programmeren\remote potato\RPLiveTV-VS2012\Server\Setup1\Setup1\Express\Interm'
Create Folder 'D:\Dropbox\mydoc2\programmeren\remote potato\RPLiveTV-VS2012\Server\Setup1\Setup1\Express\SingleImage'
Create Folder 'D:\Dropbox\mydoc2\programmeren\remote potato\RPLiveTV-VS2012\Server\Setup1\Setup1\Express\SingleImage\DiskImages'
Create Folder 'D:\Dropbox\mydoc2\programmeren\remote potato\RPLiveTV-VS2012\Server\Setup1\Setup1\Express\SingleImage\DiskImages\DISK1'
Create Folder 'D:\Dropbox\mydoc2\programmeren\remote potato\RPLiveTV-VS2012\Server\Setup1\Setup1\Express\SingleImage\LogFiles'
Create Folder 'D:\Dropbox\mydoc2\programmeren\remote potato\RPLiveTV-VS2012\Server\Setup1\Setup1\Express\SingleImage\Reports'
Create Folder 'D:\Dropbox\mydoc2\programmeren\remote potato\RPLiveTV-VS2012\Server\Setup1\Setup1\Express\SingleImage\TestTools'
Copy New 'C:\Users\stefan verhagen\Documents\Visual Studio 2012\Projects\remotepotato-4333062-LivetTV\Server\MCData\bin\Release\BDATunePIA.dll' -> 'D:\Dropbox\mydoc2\programmeren\remote potato\RPLiveTV-VS2012\Server\MCData\bin\Release\BDATunePIA.dll'
Copy New 'C:\Users\stefan verhagen\Documents\Visual Studio 2012\Projects\remotepotato-4333062-LivetTV\Server\MCData\bin\Release\CommonEPG.dll' -> 'D:\Dropbox\mydoc2\programmeren\remote potato\RPLiveTV-VS2012\Server\MCData\bin\Release\CommonEPG.dll'
Copy New 'C:\Users\stefan verhagen\Documents\Visual Studio 2012\Projects\remotepotato-4333062-LivetTV\Server\MCData\bin\Release\CommonEPG.pdb' -> 'D:\Dropbox\mydoc2\programmeren\remote potato\RPLiveTV-VS2012\Server\MCData\bin\Release\CommonEPG.pdb'
Copy New 'C:\Users\stefan verhagen\Documents\Visual Studio 2012\Projects\remotepotato-4333062-LivetTV\Server\MCData\bin\Release\mcstoredb.dll' -> 'D:\Dropbox\mydoc2\programmeren\remote potato\RPLiveTV-VS2012\Server\MCData\bin\Release\mcstoredb.dll'
Copy New 'C:\Users\stefan verhagen\Documents\Visual Studio 2012\Projects\remotepotato-4333062-LivetTV\Server\MCData\bin\Release\MSEPG.dll' -> 'D:\Dropbox\mydoc2\programmeren\remote potato\RPLiveTV-VS2012\Server\MCData\bin\Release\MSEPG.dll'
Copy New 'C:\Users\stefan verhagen\Documents\Visual Studio 2012\Projects\remotepotato-4333062-LivetTV\Server\MCData\bin\Release\MSEPG.pdb' -> 'D:\Dropbox\mydoc2\programmeren\remote potato\RPLiveTV-VS2012\Server\MCData\bin\Release\MSEPG.pdb'
Copy New 'C:\Users\stefan verhagen\Documents\Visual Studio 2012\Projects\remotepotato-4333062-LivetTV\Server\MCData\obj\Release\MSEPG.csprojResolveAssemblyReference.cache' -> 'D:\Dropbox\mydoc2\programmeren\remote potato\RPLiveTV-VS2012\Server\MCData\obj\Release\MSEPG.csprojResolveAssemblyReference.cache'
Copy New 'C:\Users\stefan verhagen\Documents\Visual Studio 2012\Projects\remotepotato-4333062-LivetTV\Server\MCData\obj\Release\MSEPG.dll' -> 'D:\Dropbox\mydoc2\programmeren\remote potato\RPLiveTV-VS2012\Server\MCData\obj\Release\MSEPG.dll'
Copy New 'C:\Users\stefan verhagen\Documents\Visual Studio 2012\Projects\remotepotato-4333062-LivetTV\Server\MCData\obj\Release\MSEPG.pdb' -> 'D:\Dropbox\mydoc2\programmeren\remote potato\RPLiveTV-VS2012\Server\MCData\obj\Release\MSEPG.pdb'
Copy Over 'C:\Users\stefan verhagen\Documents\Visual Studio 2012\Projects\remotepotato-4333062-LivetTV\Server\MediaStreamer\bin\Release\MediaStreamer.dll' -> 'D:\Dropbox\mydoc2\programmeren\remote potato\RPLiveTV-VS2012\Server\MediaStreamer\bin\Release\MediaStreamer.dll'
Copy Over 'C:\Users\stefan verhagen\Documents\Visual Studio 2012\Projects\remotepotato-4333062-LivetTV\Server\MediaStreamer\bin\Release\MediaStreamer.pdb' -> 'D:\Dropbox\mydoc2\programmeren\remote potato\RPLiveTV-VS2012\Server\MediaStreamer\bin\Release\MediaStreamer.pdb'
Copy Over 'C:\Users\stefan verhagen\Documents\Visual Studio 2012\Projects\remotepotato-4333062-LivetTV\Server\MediaStreamer\bin\Release\ShellUtilities.dll' -> 'D:\Dropbox\mydoc2\programmeren\remote potato\RPLiveTV-VS2012\Server\MediaStreamer\bin\Release\ShellUtilities.dll'
Copy Over 'C:\Users\stefan verhagen\Documents\Visual Studio 2012\Projects\remotepotato-4333062-LivetTV\Server\MediaStreamer\bin\Release\ShellUtilities.pdb' -> 'D:\Dropbox\mydoc2\programmeren\remote potato\RPLiveTV-VS2012\Server\MediaStreamer\bin\Release\ShellUtilities.pdb'
Copy Over 'C:\Users\stefan verhagen\Documents\Visual Studio 2012\Projects\remotepotato-4333062-LivetTV\Server\MediaStreamer\obj\Release\MediaStreamer.csproj.FileListAbsolute.txt' -> 'D:\Dropbox\mydoc2\programmeren\remote potato\RPLiveTV-VS2012\Server\MediaStreamer\obj\Release\MediaStreamer.csproj.FileListAbsolute.txt'
Copy Over 'C:\Users\stefan verhagen\Documents\Visual Studio 2012\Projects\remotepotato-4333062-LivetTV\Server\MediaStreamer\obj\Release\MediaStreamer.csprojResolveAssemblyReference.cache' -> 'D:\Dropbox\mydoc2\programmeren\remote potato\RPLiveTV-VS2012\Server\MediaStreamer\obj\Release\MediaStreamer.csprojResolveAssemblyReference.cache'
Copy Over 'C:\Users\stefan verhagen\Documents\Visual Studio 2012\Projects\remotepotato-4333062-LivetTV\Server\MediaStreamer\obj\Release\MediaStreamer.dll' -> 'D:\Dropbox\mydoc2\programmeren\remote potato\RPLiveTV-VS2012\Server\MediaStreamer\obj\Release\MediaStreamer.dll'
Copy Over 'C:\Users\stefan verhagen\Documents\Visual Studio 2012\Projects\remotepotato-4333062-LivetTV\Server\MediaStreamer\obj\Release\MediaStreamer.pdb' -> 'D:\Dropbox\mydoc2\programmeren\remote potato\RPLiveTV-VS2012\Server\MediaStreamer\obj\Release\MediaStreamer.pdb'
Copy Over 'C:\Users\stefan verhagen\Documents\Visual Studio 2012\Projects\remotepotato-4333062-LivetTV\Server\RemotePotatoService\bin\Release\CommonEPG.dll' -> 'D:\Dropbox\mydoc2\programmeren\remote potato\RPLiveTV-VS2012\Server\RemotePotatoService\bin\Release\CommonEPG.dll'
Copy Over 'C:\Users\stefan verhagen\Documents\Visual Studio 2012\Projects\remotepotato-4333062-LivetTV\Server\RemotePotatoService\bin\Release\CommonEPG.pdb' -> 'D:\Dropbox\mydoc2\programmeren\remote potato\RPLiveTV-VS2012\Server\RemotePotatoService\bin\Release\CommonEPG.pdb'
Copy Over 'C:\Users\stefan verhagen\Documents\Visual Studio 2012\Projects\remotepotato-4333062-LivetTV\Server\RemotePotatoService\bin\Release\MediaStreamer.dll' -> 'D:\Dropbox\mydoc2\programmeren\remote potato\RPLiveTV-VS2012\Server\RemotePotatoService\bin\Release\MediaStreamer.dll'
Copy Over 'C:\Users\stefan verhagen\Documents\Visual Studio 2012\Projects\remotepotato-4333062-LivetTV\Server\RemotePotatoService\bin\Release\MediaStreamer.pdb' -> 'D:\Dropbox\mydoc2\programmeren\remote potato\RPLiveTV-VS2012\Server\RemotePotatoService\bin\Release\MediaStreamer.pdb'
Copy Over 'C:\Users\stefan verhagen\Documents\Visual Studio 2012\Projects\remotepotato-4333062-LivetTV\Server\RemotePotatoService\bin\Release\MSEPG.dll' -> 'D:\Dropbox\mydoc2\programmeren\remote potato\RPLiveTV-VS2012\Server\RemotePotatoService\bin\Release\MSEPG.dll'
Copy Over 'C:\Users\stefan verhagen\Documents\Visual Studio 2012\Projects\remotepotato-4333062-LivetTV\Server\RemotePotatoService\bin\Release\MSEPG.pdb' -> 'D:\Dropbox\mydoc2\programmeren\remote potato\RPLiveTV-VS2012\Server\RemotePotatoService\bin\Release\MSEPG.pdb'
Copy Over 'C:\Users\stefan verhagen\Documents\Visual Studio 2012\Projects\remotepotato-4333062-LivetTV\Server\RemotePotatoService\bin\Release\RemotePotatoService.exe' -> 'D:\Dropbox\mydoc2\programmeren\remote potato\RPLiveTV-VS2012\Server\RemotePotatoService\bin\Release\RemotePotatoService.exe'
Copy Over 'C:\Users\stefan verhagen\Documents\Visual Studio 2012\Projects\remotepotato-4333062-LivetTV\Server\RemotePotatoService\bin\Release\RemotePotatoService.pdb' -> 'D:\Dropbox\mydoc2\programmeren\remote potato\RPLiveTV-VS2012\Server\RemotePotatoService\bin\Release\RemotePotatoService.pdb'
Copy Over 'C:\Users\stefan verhagen\Documents\Visual Studio 2012\Projects\remotepotato-4333062-LivetTV\Server\RemotePotatoService\bin\Release\RPServer.dll' -> 'D:\Dropbox\mydoc2\programmeren\remote potato\RPLiveTV-VS2012\Server\RemotePotatoService\bin\Release\RPServer.dll'
Copy Over 'C:\Users\stefan verhagen\Documents\Visual Studio 2012\Projects\remotepotato-4333062-LivetTV\Server\RemotePotatoService\bin\Release\RPServer.pdb' -> 'D:\Dropbox\mydoc2\programmeren\remote potato\RPLiveTV-VS2012\Server\RemotePotatoService\bin\Release\RPServer.pdb'
Copy Over 'C:\Users\stefan verhagen\Documents\Visual Studio 2012\Projects\remotepotato-4333062-LivetTV\Server\RemotePotatoService\bin\Release\ShellUtilities.dll' -> 'D:\Dropbox\mydoc2\programmeren\remote potato\RPLiveTV-VS2012\Server\RemotePotatoService\bin\Release\ShellUtilities.dll'
Copy Over 'C:\Users\stefan verhagen\Documents\Visual Studio 2012\Projects\remotepotato-4333062-LivetTV\Server\RemotePotatoService\bin\Release\ShellUtilities.pdb' -> 'D:\Dropbox\mydoc2\programmeren\remote potato\RPLiveTV-VS2012\Server\RemotePotatoService\bin\Release\ShellUtilities.pdb'
Copy Over 'C:\Users\stefan verhagen\Documents\Visual Studio 2012\Projects\remotepotato-4333062-LivetTV\Server\RemotePotatoService\bin\Release\WTVTranscoder.dll' -> 'D:\Dropbox\mydoc2\programmeren\remote potato\RPLiveTV-VS2012\Server\RemotePotatoService\bin\Release\WTVTranscoder.dll'
Copy Over 'C:\Users\stefan verhagen\Documents\Visual Studio 2012\Projects\remotepotato-4333062-LivetTV\Server\RemotePotatoService\bin\Release\WTVTranscoder.pdb' -> 'D:\Dropbox\mydoc2\programmeren\remote potato\RPLiveTV-VS2012\Server\RemotePotatoService\bin\Release\WTVTranscoder.pdb'
Copy Over 'C:\Users\stefan verhagen\Documents\Visual Studio 2012\Projects\remotepotato-4333062-LivetTV\Server\RemotePotatoService\obj\Release\RemotePotatoService.csproj.FileListAbsolute.txt' -> 'D:\Dropbox\mydoc2\programmeren\remote potato\RPLiveTV-VS2012\Server\RemotePotatoService\obj\Release\RemotePotatoService.csproj.FileListAbsolute.txt'
Copy Over 'C:\Users\stefan verhagen\Documents\Visual Studio 2012\Projects\remotepotato-4333062-LivetTV\Server\RemotePotatoService\obj\Release\RemotePotatoService.csproj.GenerateResource.Cache' -> 'D:\Dropbox\mydoc2\programmeren\remote potato\RPLiveTV-VS2012\Server\RemotePotatoService\obj\Release\RemotePotatoService.csproj.GenerateResource.Cache'
Copy Over 'C:\Users\stefan verhagen\Documents\Visual Studio 2012\Projects\remotepotato-4333062-LivetTV\Server\RemotePotatoService\obj\Release\RemotePotatoService.csprojResolveAssemblyReference.cache' -> 'D:\Dropbox\mydoc2\programmeren\remote potato\RPLiveTV-VS2012\Server\RemotePotatoService\obj\Release\RemotePotatoService.csprojResolveAssemblyReference.cache'
Copy Over 'C:\Users\stefan verhagen\Documents\Visual Studio 2012\Projects\remotepotato-4333062-LivetTV\Server\RemotePotatoService\obj\Release\RemotePotatoService.exe' -> 'D:\Dropbox\mydoc2\programmeren\remote potato\RPLiveTV-VS2012\Server\RemotePotatoService\obj\Release\RemotePotatoService.exe'
Copy Over 'C:\Users\stefan verhagen\Documents\Visual Studio 2012\Projects\remotepotato-4333062-LivetTV\Server\RemotePotatoService\obj\Release\RemotePotatoService.pdb' -> 'D:\Dropbox\mydoc2\programmeren\remote potato\RPLiveTV-VS2012\Server\RemotePotatoService\obj\Release\RemotePotatoService.pdb'
Copy Over 'C:\Users\stefan verhagen\Documents\Visual Studio 2012\Projects\remotepotato-4333062-LivetTV\Server\RemotePotatoService\obj\Release\RemotePotatoService.ProjectInstaller.resources' -> 'D:\Dropbox\mydoc2\programmeren\remote potato\RPLiveTV-VS2012\Server\RemotePotatoService\obj\Release\RemotePotatoService.ProjectInstaller.resources'
Copy Over 'C:\Users\stefan verhagen\Documents\Visual Studio 2012\Projects\remotepotato-4333062-LivetTV\Server\RemotePotatoService\obj\Release\RemotePotatoService.Service1.resources' -> 'D:\Dropbox\mydoc2\programmeren\remote potato\RPLiveTV-VS2012\Server\RemotePotatoService\obj\Release\RemotePotatoService.Service1.resources'
Copy Over 'C:\Users\stefan verhagen\Documents\Visual Studio 2012\Projects\remotepotato-4333062-LivetTV\Server\RemotePotatoUI\bin\Release\CommonEPG.dll' -> 'D:\Dropbox\mydoc2\programmeren\remote potato\RPLiveTV-VS2012\Server\RemotePotatoUI\bin\Release\CommonEPG.dll'
Copy Over 'C:\Users\stefan verhagen\Documents\Visual Studio 2012\Projects\remotepotato-4333062-LivetTV\Server\RemotePotatoUI\bin\Release\CommonEPG.pdb' -> 'D:\Dropbox\mydoc2\programmeren\remote potato\RPLiveTV-VS2012\Server\RemotePotatoUI\bin\Release\CommonEPG.pdb'
Copy Over 'C:\Users\stefan verhagen\Documents\Visual Studio 2012\Projects\remotepotato-4333062-LivetTV\Server\RemotePotatoUI\bin\Release\MediaStreamer.dll' -> 'D:\Dropbox\mydoc2\programmeren\remote potato\RPLiveTV-VS2012\Server\RemotePotatoUI\bin\Release\MediaStreamer.dll'
Copy Over 'C:\Users\stefan verhagen\Documents\Visual Studio 2012\Projects\remotepotato-4333062-LivetTV\Server\RemotePotatoUI\bin\Release\MediaStreamer.pdb' -> 'D:\Dropbox\mydoc2\programmeren\remote potato\RPLiveTV-VS2012\Server\RemotePotatoUI\bin\Release\MediaStreamer.pdb'
Copy Over 'C:\Users\stefan verhagen\Documents\Visual Studio 2012\Projects\remotepotato-4333062-LivetTV\Server\RemotePotatoUI\bin\Release\MSEPG.dll' -> 'D:\Dropbox\mydoc2\programmeren\remote potato\RPLiveTV-VS2012\Server\RemotePotatoUI\bin\Release\MSEPG.dll'
Copy Over 'C:\Users\stefan verhagen\Documents\Visual Studio 2012\Projects\remotepotato-4333062-LivetTV\Server\RemotePotatoUI\bin\Release\MSEPG.pdb' -> 'D:\Dropbox\mydoc2\programmeren\remote potato\RPLiveTV-VS2012\Server\RemotePotatoUI\bin\Release\MSEPG.pdb'
Copy Over 'C:\Users\stefan verhagen\Documents\Visual Studio 2012\Projects\remotepotato-4333062-LivetTV\Server\RemotePotatoUI\bin\Release\RemotePotatoSettings.dll' -> 'D:\Dropbox\mydoc2\programmeren\remote potato\RPLiveTV-VS2012\Server\RemotePotatoUI\bin\Release\RemotePotatoSettings.dll'
Copy Over 'C:\Users\stefan verhagen\Documents\Visual Studio 2012\Projects\remotepotato-4333062-LivetTV\Server\RemotePotatoUI\bin\Release\RemotePotatoSettings.pdb' -> 'D:\Dropbox\mydoc2\programmeren\remote potato\RPLiveTV-VS2012\Server\RemotePotatoUI\bin\Release\RemotePotatoSettings.pdb'
Copy Over 'C:\Users\stefan verhagen\Documents\Visual Studio 2012\Projects\remotepotato-4333062-LivetTV\Server\RemotePotatoUI\bin\Release\RPServer.dll' -> 'D:\Dropbox\mydoc2\programmeren\remote potato\RPLiveTV-VS2012\Server\RemotePotatoUI\bin\Release\RPServer.dll'
Copy Over 'C:\Users\stefan verhagen\Documents\Visual Studio 2012\Projects\remotepotato-4333062-LivetTV\Server\RemotePotatoUI\bin\Release\RPServer.pdb' -> 'D:\Dropbox\mydoc2\programmeren\remote potato\RPLiveTV-VS2012\Server\RemotePotatoUI\bin\Release\RPServer.pdb'
Copy Over 'C:\Users\stefan verhagen\Documents\Visual Studio 2012\Projects\remotepotato-4333062-LivetTV\Server\RemotePotatoUI\bin\Release\ShellUtilities.dll' -> 'D:\Dropbox\mydoc2\programmeren\remote potato\RPLiveTV-VS2012\Server\RemotePotatoUI\bin\Release\ShellUtilities.dll'
Copy Over 'C:\Users\stefan verhagen\Documents\Visual Studio 2012\Projects\remotepotato-4333062-LivetTV\Server\RemotePotatoUI\bin\Release\ShellUtilities.pdb' -> 'D:\Dropbox\mydoc2\programmeren\remote potato\RPLiveTV-VS2012\Server\RemotePotatoUI\bin\Release\ShellUtilities.pdb'
Copy Over 'C:\Users\stefan verhagen\Documents\Visual Studio 2012\Projects\remotepotato-4333062-LivetTV\Server\RemotePotatoUI\bin\Release\toolkit\ffmpeg.exe' -> 'D:\Dropbox\mydoc2\programmeren\remote potato\RPLiveTV-VS2012\Server\RemotePotatoUI\bin\Release\toolkit\ffmpeg.exe'
Copy Over 'C:\Users\stefan verhagen\Documents\Visual Studio 2012\Projects\remotepotato-4333062-LivetTV\Server\RemotePotatoUI\bin\Release\WTVTranscoder.dll' -> 'D:\Dropbox\mydoc2\programmeren\remote potato\RPLiveTV-VS2012\Server\RemotePotatoUI\bin\Release\WTVTranscoder.dll'
Copy Over 'C:\Users\stefan verhagen\Documents\Visual Studio 2012\Projects\remotepotato-4333062-LivetTV\Server\RemotePotatoUI\bin\Release\WTVTranscoder.pdb' -> 'D:\Dropbox\mydoc2\programmeren\remote potato\RPLiveTV-VS2012\Server\RemotePotatoUI\bin\Release\WTVTranscoder.pdb'
Copy Over 'C:\Users\stefan verhagen\Documents\Visual Studio 2012\Projects\remotepotato-4333062-LivetTV\Server\RemotePotatoUI\obj\Release\RemotePotatoServer.Form1.resources' -> 'D:\Dropbox\mydoc2\programmeren\remote potato\RPLiveTV-VS2012\Server\RemotePotatoUI\obj\Release\RemotePotatoServer.Form1.resources'
Copy Over 'C:\Users\stefan verhagen\Documents\Visual Studio 2012\Projects\remotepotato-4333062-LivetTV\Server\RemotePotatoUI\obj\Release\RemotePotatoServer.FormChannelImportingOptions.resources' -> 'D:\Dropbox\mydoc2\programmeren\remote potato\RPLiveTV-VS2012\Server\RemotePotatoUI\obj\Release\RemotePotatoServer.FormChannelImportingOptions.resources'
Copy Over 'C:\Users\stefan verhagen\Documents\Visual Studio 2012\Projects\remotepotato-4333062-LivetTV\Server\RemotePotatoUI\obj\Release\RemotePotatoServer.FormConnectionInformation.resources' -> 'D:\Dropbox\mydoc2\programmeren\remote potato\RPLiveTV-VS2012\Server\RemotePotatoUI\obj\Release\RemotePotatoServer.FormConnectionInformation.resources'
Copy Over 'C:\Users\stefan verhagen\Documents\Visual Studio 2012\Projects\remotepotato-4333062-LivetTV\Server\RemotePotatoUI\obj\Release\RemotePotatoServer.FormConnectionWizard.resources' -> 'D:\Dropbox\mydoc2\programmeren\remote potato\RPLiveTV-VS2012\Server\RemotePotatoUI\obj\Release\RemotePotatoServer.FormConnectionWizard.resources'
Copy Over 'C:\Users\stefan verhagen\Documents\Visual Studio 2012\Projects\remotepotato-4333062-LivetTV\Server\RemotePotatoUI\obj\Release\RemotePotatoServer.FormDonationRequest.resources' -> 'D:\Dropbox\mydoc2\programmeren\remote potato\RPLiveTV-VS2012\Server\RemotePotatoUI\obj\Release\RemotePotatoServer.FormDonationRequest.resources'
Copy Over 'C:\Users\stefan verhagen\Documents\Visual Studio 2012\Projects\remotepotato-4333062-LivetTV\Server\RemotePotatoUI\obj\Release\RemotePotatoServer.FormFoldersCollection.resources' -> 'D:\Dropbox\mydoc2\programmeren\remote potato\RPLiveTV-VS2012\Server\RemotePotatoUI\obj\Release\RemotePotatoServer.FormFoldersCollection.resources'
Copy Over 'C:\Users\stefan verhagen\Documents\Visual Studio 2012\Projects\remotepotato-4333062-LivetTV\Server\RemotePotatoUI\obj\Release\RemotePotatoServer.FormInputBox.resources' -> 'D:\Dropbox\mydoc2\programmeren\remote potato\RPLiveTV-VS2012\Server\RemotePotatoUI\obj\Release\RemotePotatoServer.FormInputBox.resources'
Copy Over 'C:\Users\stefan verhagen\Documents\Visual Studio 2012\Projects\remotepotato-4333062-LivetTV\Server\RemotePotatoUI\obj\Release\RemotePotatoServer.FormMediaLibraryAccountSetter.resources' -> 'D:\Dropbox\mydoc2\programmeren\remote potato\RPLiveTV-VS2012\Server\RemotePotatoUI\obj\Release\RemotePotatoServer.FormMediaLibraryAccountSetter.resources'
Copy Over 'C:\Users\stefan verhagen\Documents\Visual Studio 2012\Projects\remotepotato-4333062-LivetTV\Server\RemotePotatoUI\obj\Release\RemotePotatoServer.FormThemesChooser.resources' -> 'D:\Dropbox\mydoc2\programmeren\remote potato\RPLiveTV-VS2012\Server\RemotePotatoUI\obj\Release\RemotePotatoServer.FormThemesChooser.resources'
Copy Over 'C:\Users\stefan verhagen\Documents\Visual Studio 2012\Projects\remotepotato-4333062-LivetTV\Server\RemotePotatoUI\obj\Release\RemotePotatoServer.FormUserManagement.resources' -> 'D:\Dropbox\mydoc2\programmeren\remote potato\RPLiveTV-VS2012\Server\RemotePotatoUI\obj\Release\RemotePotatoServer.FormUserManagement.resources'
Copy Over 'C:\Users\stefan verhagen\Documents\Visual Studio 2012\Projects\remotepotato-4333062-LivetTV\Server\RemotePotatoUI\obj\Release\RemotePotatoServer.frmPleaseWait.resources' -> 'D:\Dropbox\mydoc2\programmeren\remote potato\RPLiveTV-VS2012\Server\RemotePotatoUI\obj\Release\RemotePotatoServer.frmPleaseWait.resources'
Copy Over 'C:\Users\stefan verhagen\Documents\Visual Studio 2012\Projects\remotepotato-4333062-LivetTV\Server\RemotePotatoUI\obj\Release\RemotePotatoServer.Properties.Resources.resources' -> 'D:\Dropbox\mydoc2\programmeren\remote potato\RPLiveTV-VS2012\Server\RemotePotatoUI\obj\Release\RemotePotatoServer.Properties.Resources.resources'
Copy Over 'C:\Users\stefan verhagen\Documents\Visual Studio 2012\Projects\remotepotato-4333062-LivetTV\Server\RemotePotatoUI\obj\Release\RemotePotatoServer.ucConnectionSummary.resources' -> 'D:\Dropbox\mydoc2\programmeren\remote potato\RPLiveTV-VS2012\Server\RemotePotatoUI\obj\Release\RemotePotatoServer.ucConnectionSummary.resources'
Copying C:\Users\stefan verhagen\Documents\Visual Studio 2012\Projects\remotepotato-4333062-LivetTV\Server\RemotePotatoUI\obj\Release\RemotePotatoUI.csproj.FileListAbsolute.txt: Size mismatch: Expected 125.708, Transferred 159.753: will correct state info
Copy Over 'C:\Users\stefan verhagen\Documents\Visual Studio 2012\Projects\remotepotato-4333062-LivetTV\Server\RemotePotatoUI\obj\Release\RemotePotatoUI.csproj.FileListAbsolute.txt' -> 'D:\Dropbox\mydoc2\programmeren\remote potato\RPLiveTV-VS2012\Server\RemotePotatoUI\obj\Release\RemotePotatoUI.csproj.FileListAbsolute.txt'
Copy Over 'C:\Users\stefan verhagen\Documents\Visual Studio 2012\Projects\remotepotato-4333062-LivetTV\Server\RemotePotatoUI\obj\Release\RemotePotatoUI.csproj.GenerateResource.Cache' -> 'D:\Dropbox\mydoc2\programmeren\remote potato\RPLiveTV-VS2012\Server\RemotePotatoUI\obj\Release\RemotePotatoUI.csproj.GenerateResource.Cache'
Copy Over 'C:\Users\stefan verhagen\Documents\Visual Studio 2012\Projects\remotepotato-4333062-LivetTV\Server\RemotePotatoUI\obj\Release\RemotePotatoUI.csprojResolveAssemblyReference.cache' -> 'D:\Dropbox\mydoc2\programmeren\remote potato\RPLiveTV-VS2012\Server\RemotePotatoUI\obj\Release\RemotePotatoUI.csprojResolveAssemblyReference.cache'
Copy Over 'C:\Users\stefan verhagen\Documents\Visual Studio 2012\Projects\remotepotato-4333062-LivetTV\Server\RemotePotatoUI\obj\Release\RemotePotatoUI.exe' -> 'D:\Dropbox\mydoc2\programmeren\remote potato\RPLiveTV-VS2012\Server\RemotePotatoUI\obj\Release\RemotePotatoUI.exe'
Copy Over 'C:\Users\stefan verhagen\Documents\Visual Studio 2012\Projects\remotepotato-4333062-LivetTV\Server\RemotePotatoUI\obj\Release\RemotePotatoUI.pdb' -> 'D:\Dropbox\mydoc2\programmeren\remote potato\RPLiveTV-VS2012\Server\RemotePotatoUI\obj\Release\RemotePotatoUI.pdb'
Copy Over 'C:\Users\stefan verhagen\Documents\Visual Studio 2012\Projects\remotepotato-4333062-LivetTV\Server\RPServer\bin\Release\CommonEPG.dll' -> 'D:\Dropbox\mydoc2\programmeren\remote potato\RPLiveTV-VS2012\Server\RPServer\bin\Release\CommonEPG.dll'
Copy Over 'C:\Users\stefan verhagen\Documents\Visual Studio 2012\Projects\remotepotato-4333062-LivetTV\Server\RPServer\bin\Release\CommonEPG.pdb' -> 'D:\Dropbox\mydoc2\programmeren\remote potato\RPLiveTV-VS2012\Server\RPServer\bin\Release\CommonEPG.pdb'
Copy Over 'C:\Users\stefan verhagen\Documents\Visual Studio 2012\Projects\remotepotato-4333062-LivetTV\Server\RPServer\bin\Release\MediaStreamer.dll' -> 'D:\Dropbox\mydoc2\programmeren\remote potato\RPLiveTV-VS2012\Server\RPServer\bin\Release\MediaStreamer.dll'
Copy Over 'C:\Users\stefan verhagen\Documents\Visual Studio 2012\Projects\remotepotato-4333062-LivetTV\Server\RPServer\bin\Release\MediaStreamer.pdb' -> 'D:\Dropbox\mydoc2\programmeren\remote potato\RPLiveTV-VS2012\Server\RPServer\bin\Release\MediaStreamer.pdb'
Copy Over 'C:\Users\stefan verhagen\Documents\Visual Studio 2012\Projects\remotepotato-4333062-LivetTV\Server\RPServer\bin\Release\MSEPG.dll' -> 'D:\Dropbox\mydoc2\programmeren\remote potato\RPLiveTV-VS2012\Server\RPServer\bin\Release\MSEPG.dll'
Copy Over 'C:\Users\stefan verhagen\Documents\Visual Studio 2012\Projects\remotepotato-4333062-LivetTV\Server\RPServer\bin\Release\MSEPG.pdb' -> 'D:\Dropbox\mydoc2\programmeren\remote potato\RPLiveTV-VS2012\Server\RPServer\bin\Release\MSEPG.pdb'
Copy Over 'C:\Users\stefan verhagen\Documents\Visual Studio 2012\Projects\remotepotato-4333062-LivetTV\Server\RPServer\bin\Release\RPServer.dll' -> 'D:\Dropbox\mydoc2\programmeren\remote potato\RPLiveTV-VS2012\Server\RPServer\bin\Release\RPServer.dll'
Copy Over 'C:\Users\stefan verhagen\Documents\Visual Studio 2012\Projects\remotepotato-4333062-LivetTV\Server\RPServer\bin\Release\RPServer.pdb' -> 'D:\Dropbox\mydoc2\programmeren\remote potato\RPLiveTV-VS2012\Server\RPServer\bin\Release\RPServer.pdb'
Copy Over 'C:\Users\stefan verhagen\Documents\Visual Studio 2012\Projects\remotepotato-4333062-LivetTV\Server\RPServer\bin\Release\ShellUtilities.dll' -> 'D:\Dropbox\mydoc2\programmeren\remote potato\RPLiveTV-VS2012\Server\RPServer\bin\Release\ShellUtilities.dll'
Copy Over 'C:\Users\stefan verhagen\Documents\Visual Studio 2012\Projects\remotepotato-4333062-LivetTV\Server\RPServer\bin\Release\ShellUtilities.pdb' -> 'D:\Dropbox\mydoc2\programmeren\remote potato\RPLiveTV-VS2012\Server\RPServer\bin\Release\ShellUtilities.pdb'
Copy Over 'C:\Users\stefan verhagen\Documents\Visual Studio 2012\Projects\remotepotato-4333062-LivetTV\Server\RPServer\bin\Release\WTVTranscoder.dll' -> 'D:\Dropbox\mydoc2\programmeren\remote potato\RPLiveTV-VS2012\Server\RPServer\bin\Release\WTVTranscoder.dll'
Copy Over 'C:\Users\stefan verhagen\Documents\Visual Studio 2012\Projects\remotepotato-4333062-LivetTV\Server\RPServer\bin\Release\WTVTranscoder.pdb' -> 'D:\Dropbox\mydoc2\programmeren\remote potato\RPLiveTV-VS2012\Server\RPServer\bin\Release\WTVTranscoder.pdb'
Copy Over 'C:\Users\stefan verhagen\Documents\Visual Studio 2012\Projects\remotepotato-4333062-LivetTV\Server\RPServer\obj\Release\Interop.WMPLib.dll' -> 'D:\Dropbox\mydoc2\programmeren\remote potato\RPLiveTV-VS2012\Server\RPServer\obj\Release\Interop.WMPLib.dll'
Copy Over 'C:\Users\stefan verhagen\Documents\Visual Studio 2012\Projects\remotepotato-4333062-LivetTV\Server\RPServer\obj\Release\RPServer.csproj.FileListAbsolute.txt' -> 'D:\Dropbox\mydoc2\programmeren\remote potato\RPLiveTV-VS2012\Server\RPServer\obj\Release\RPServer.csproj.FileListAbsolute.txt'
Copy Over 'C:\Users\stefan verhagen\Documents\Visual Studio 2012\Projects\remotepotato-4333062-LivetTV\Server\RPServer\obj\Release\RPServer.csproj.ResolveComReference.cache' -> 'D:\Dropbox\mydoc2\programmeren\remote potato\RPLiveTV-VS2012\Server\RPServer\obj\Release\RPServer.csproj.ResolveComReference.cache'
Copy Over 'C:\Users\stefan verhagen\Documents\Visual Studio 2012\Projects\remotepotato-4333062-LivetTV\Server\RPServer\obj\Release\RPServer.csprojResolveAssemblyReference.cache' -> 'D:\Dropbox\mydoc2\programmeren\remote potato\RPLiveTV-VS2012\Server\RPServer\obj\Release\RPServer.csprojResolveAssemblyReference.cache'
Copy Over 'C:\Users\stefan verhagen\Documents\Visual Studio 2012\Projects\remotepotato-4333062-LivetTV\Server\RPServer\obj\Release\RPServer.dll' -> 'D:\Dropbox\mydoc2\programmeren\remote potato\RPLiveTV-VS2012\Server\RPServer\obj\Release\RPServer.dll'
Copy Over 'C:\Users\stefan verhagen\Documents\Visual Studio 2012\Projects\remotepotato-4333062-LivetTV\Server\RPServer\obj\Release\RPServer.pdb' -> 'D:\Dropbox\mydoc2\programmeren\remote potato\RPLiveTV-VS2012\Server\RPServer\obj\Release\RPServer.pdb'
Move D:\Dropbox\mydoc2\programmeren\remote potato\RPLiveTV-VS2012\Server\Setup1\Setup1.isl -> D:\Dropbox\mydoc2\programmeren\remote potato\RPLiveTV-VS2012\Server\Setup1\RemotePotatoSetup.isl
Move D:\Dropbox\mydoc2\programmeren\remote potato\RPLiveTV-VS2012\Server\Setup1\Setup1.isproj -> D:\Dropbox\mydoc2\programmeren\remote potato\RPLiveTV-VS2012\Server\Setup1\RemotePotatoSetup.isproj
Copy New 'C:\Users\stefan verhagen\Documents\Visual Studio 2012\Projects\remotepotato-4333062-LivetTV\Server\Setup1\Setup1\Express\Interm\_IsIcoRes.Exe' -> 'D:\Dropbox\mydoc2\programmeren\remote potato\RPLiveTV-VS2012\Server\Setup1\Setup1\Express\Interm\_IsIcoRes.Exe'
Copy New 'C:\Users\stefan verhagen\Documents\Visual Studio 2012\Projects\remotepotato-4333062-LivetTV\Server\Setup1\Setup1\Express\SingleImage\DiskImages\DISK1\setup.exe' -> 'D:\Dropbox\mydoc2\programmeren\remote potato\RPLiveTV-VS2012\Server\Setup1\Setup1\Express\SingleImage\DiskImages\DISK1\setup.exe'
Copy New 'C:\Users\stefan verhagen\Documents\Visual Studio 2012\Projects\remotepotato-4333062-LivetTV\Server\Setup1\Setup1\Express\SingleImage\LogFiles\10-10-2012 10-24-58.txt' -> 'D:\Dropbox\mydoc2\programmeren\remote potato\RPLiveTV-VS2012\Server\Setup1\Setup1\Express\SingleImage\LogFiles\10-10-2012 10-24-58.txt'
Copy New 'C:\Users\stefan verhagen\Documents\Visual Studio 2012\Projects\remotepotato-4333062-LivetTV\Server\Setup1\Setup1\Express\SingleImage\Reports\10-10-2012 10-25-01.htm' -> 'D:\Dropbox\mydoc2\programmeren\remote potato\RPLiveTV-VS2012\Server\Setup1\Setup1\Express\SingleImage\Reports\10-10-2012 10-25-01.htm'
Move D:\Dropbox\mydoc2\programmeren\remote potato\RPLiveTV-VS2012\Server\Setup1\Setup1.isl -> D:\Dropbox\mydoc2\programmeren\remote potato\RPLiveTV-VS2012\Server\Setup1\RemotePotatoSetup.isl: already done
Move D:\Dropbox\mydoc2\programmeren\remote potato\RPLiveTV-VS2012\Server\Setup1\Setup1.isproj -> D:\Dropbox\mydoc2\programmeren\remote potato\RPLiveTV-VS2012\Server\Setup1\RemotePotatoSetup.isproj: already done
Save State File C:\Users\stefan verhagen\Documents\Visual Studio 2012\Projects\remotepotato-4333062-LivetTV\_gsdata_\_file_state._gs
Save State File D:\Dropbox\mydoc2\programmeren\remote potato\RPLiveTV-VS2012\_gsdata_\_file_state._gs
Delete lock file C:\Users\stefan verhagen\Documents\Visual Studio 2012\Projects\remotepotato-4333062-LivetTV\_gsdata_\lock.gsl
Delete lock file D:\Dropbox\mydoc2\programmeren\remote potato\RPLiveTV-VS2012\_gsdata_\lock.gsl
Items Synced OK: 127, Errors: 0
===== 10-10-2012 22:25:20: Sync Completed. Time: 00:00:02, Speed: 14,9 MB/s =====

