----- 2-10-2012 20:33:14: Job 'RPLiveTVServerSource': ANALYSIS started by On File Change on computer 'QUAD' (GoodSync 9.0.2.4 on Windows 7) -----
RPLiveTVServerSource: C:\Users\stefan verhagen\Documents\Visual Studio 2010\Projects\remotepotato-4333062-LivetTV =forced-PropDels=> D:\Dropbox\mydoc2\programmeren\remote potato\RPaddinAndroidMCE, SavePrevVers, CleanupPrevVers=30d, CleanupOldGens=12m, TmpDest, EstReq, CopyLocked, DetectMovesAndRenames, DetectFolderMoves, FileLinksDrill, CaseSens, Reconnect=3, CopyCreateTime
Exclude licens*.rfo|cache.rfo|mru.rfo|mpp*.rfo|RoboForm Online Account.rfp|name *._gstmp|/System Volume Information|Thumbs.db|.DS_Store 
Left: Reading State File C:\Users\stefan verhagen\Documents\Visual Studio 2010\Projects\remotepotato-4333062-LivetTV\_gsdata_\_file_state._gs
Locking folder C:\Users\stefan verhagen\Documents\Visual Studio 2010\Projects\remotepotato-4333062-LivetTV for write
Left: Files: 4.202 (excluded 0). Folders: 552 (excluded 1). C: NTFS, Free: 58,1 GB, Total: 195 GB
Right: Reading State File D:\Dropbox\mydoc2\programmeren\remote potato\RPaddinAndroidMCE\_gsdata_\_file_state._gs
Locking folder D:\Dropbox\mydoc2\programmeren\remote potato\RPaddinAndroidMCE for write
Right: Files: 4.187 (excluded 0). Folders: 552 (excluded 1). D: NTFS, Free: 161 GB, Total: 931 GB
/Server/RPServer/bin/Release/static/images/apple-touch-icon.png: Warning: Older file to replace Newer file
/Server/RPServer/bin/Release/static/images/btnSaveSong.png: Warning: Older file to replace Newer file
/Server/RPServer/bin/Release/static/images/btnStreamSong.png: Warning: Older file to replace Newer file
/Server/RPServer/bin/Release/static/images/epgchanneldownarrow.png: Warning: Older file to replace Newer file
/Server/RPServer/bin/Release/static/images/epgchanneldownarrow_disabled.png: Warning: Older file to replace Newer file
/Server/RPServer/bin/Release/static/images/epgchanneluparrow.png: Warning: Older file to replace Newer file
/Server/RPServer/bin/Release/static/images/epgchanneluparrow_disabled.png: Warning: Older file to replace Newer file
/Server/RPServer/bin/Release/static/images/epggrid_shading.png: Warning: Older file to replace Newer file
/Server/RPServer/bin/Release/static/images/epgtimeleftarrow.png: Warning: Older file to replace Newer file
/Server/RPServer/bin/Release/static/images/epgtimerightarrow.png: Warning: Older file to replace Newer file
/Server/RPServer/bin/Release/static/images/imgFolder150x75.png: Warning: Older file to replace Newer file
/Server/RPServer/bin/Release/static/images/logosquare.png: Warning: Older file to replace Newer file
/Server/RPServer/bin/Release/static/images/mce_remote2.png: Warning: Older file to replace Newer file
On disk file:///D: space required for sync is 4,18 MB, you have 161 GB
Changes: 63, Conflicts: 0, CopyTime: 0, CopyState: 0, Errors: 0
Left to Right: Copy File: 63 
----- 2-10-2012 20:33:16: Analysis Completed. Time 00:00:02, Speed: 2.377 files/s -----
===== 2-10-2012 20:33:16: Job 'RPLiveTVServerSource': SYNC started by On File Change on computer 'QUAD' =====
RPLiveTVServerSource: C:\Users\stefan verhagen\Documents\Visual Studio 2010\Projects\remotepotato-4333062-LivetTV =forced-PropDels=> D:\Dropbox\mydoc2\programmeren\remote potato\RPaddinAndroidMCE, SavePrevVers, CleanupPrevVers=30d, CleanupOldGens=12m, TmpDest, EstReq, CopyLocked, DetectMovesAndRenames, DetectFolderMoves, FileLinksDrill, CaseSens, Reconnect=3, CopyCreateTime
Copy Over 'C:\Users\stefan verhagen\Documents\Visual Studio 2010\Projects\remotepotato-4333062-LivetTV\Server\RemotePotatoUI\bin\Release\CommonEPG.dll' -> 'D:\Dropbox\mydoc2\programmeren\remote potato\RPaddinAndroidMCE\Server\RemotePotatoUI\bin\Release\CommonEPG.dll'
Copy Over 'C:\Users\stefan verhagen\Documents\Visual Studio 2010\Projects\remotepotato-4333062-LivetTV\Server\RemotePotatoUI\bin\Release\CommonEPG.pdb' -> 'D:\Dropbox\mydoc2\programmeren\remote potato\RPaddinAndroidMCE\Server\RemotePotatoUI\bin\Release\CommonEPG.pdb'
Copy Over 'C:\Users\stefan verhagen\Documents\Visual Studio 2010\Projects\remotepotato-4333062-LivetTV\Server\RemotePotatoUI\bin\Release\MediaStreamer.dll' -> 'D:\Dropbox\mydoc2\programmeren\remote potato\RPaddinAndroidMCE\Server\RemotePotatoUI\bin\Release\MediaStreamer.dll'
Copy Over 'C:\Users\stefan verhagen\Documents\Visual Studio 2010\Projects\remotepotato-4333062-LivetTV\Server\RemotePotatoUI\bin\Release\MediaStreamer.pdb' -> 'D:\Dropbox\mydoc2\programmeren\remote potato\RPaddinAndroidMCE\Server\RemotePotatoUI\bin\Release\MediaStreamer.pdb'
Copy Over 'C:\Users\stefan verhagen\Documents\Visual Studio 2010\Projects\remotepotato-4333062-LivetTV\Server\RemotePotatoUI\bin\Release\MSEPG.dll' -> 'D:\Dropbox\mydoc2\programmeren\remote potato\RPaddinAndroidMCE\Server\RemotePotatoUI\bin\Release\MSEPG.dll'
Copy Over 'C:\Users\stefan verhagen\Documents\Visual Studio 2010\Projects\remotepotato-4333062-LivetTV\Server\RemotePotatoUI\bin\Release\MSEPG.pdb' -> 'D:\Dropbox\mydoc2\programmeren\remote potato\RPaddinAndroidMCE\Server\RemotePotatoUI\bin\Release\MSEPG.pdb'
Copy Over 'C:\Users\stefan verhagen\Documents\Visual Studio 2010\Projects\remotepotato-4333062-LivetTV\Server\RemotePotatoUI\bin\Release\RemotePotatoSettings.dll' -> 'D:\Dropbox\mydoc2\programmeren\remote potato\RPaddinAndroidMCE\Server\RemotePotatoUI\bin\Release\RemotePotatoSettings.dll'
Copy Over 'C:\Users\stefan verhagen\Documents\Visual Studio 2010\Projects\remotepotato-4333062-LivetTV\Server\RemotePotatoUI\bin\Release\RemotePotatoSettings.pdb' -> 'D:\Dropbox\mydoc2\programmeren\remote potato\RPaddinAndroidMCE\Server\RemotePotatoUI\bin\Release\RemotePotatoSettings.pdb'
Copy Over 'C:\Users\stefan verhagen\Documents\Visual Studio 2010\Projects\remotepotato-4333062-LivetTV\Server\RemotePotatoUI\bin\Release\RemotePotatoUI.exe' -> 'D:\Dropbox\mydoc2\programmeren\remote potato\RPaddinAndroidMCE\Server\RemotePotatoUI\bin\Release\RemotePotatoUI.exe'
Copy New 'C:\Users\stefan verhagen\Documents\Visual Studio 2010\Projects\remotepotato-4333062-LivetTV\Server\RemotePotatoUI\bin\Release\RemotePotatoUI.exe.config' -> 'D:\Dropbox\mydoc2\programmeren\remote potato\RPaddinAndroidMCE\Server\RemotePotatoUI\bin\Release\RemotePotatoUI.exe.config'
Copy Over 'C:\Users\stefan verhagen\Documents\Visual Studio 2010\Projects\remotepotato-4333062-LivetTV\Server\RemotePotatoUI\bin\Release\RemotePotatoUI.pdb' -> 'D:\Dropbox\mydoc2\programmeren\remote potato\RPaddinAndroidMCE\Server\RemotePotatoUI\bin\Release\RemotePotatoUI.pdb'
Copy Over 'C:\Users\stefan verhagen\Documents\Visual Studio 2010\Projects\remotepotato-4333062-LivetTV\Server\RemotePotatoUI\bin\Release\RPServer.dll' -> 'D:\Dropbox\mydoc2\programmeren\remote potato\RPaddinAndroidMCE\Server\RemotePotatoUI\bin\Release\RPServer.dll'
Copy Over 'C:\Users\stefan verhagen\Documents\Visual Studio 2010\Projects\remotepotato-4333062-LivetTV\Server\RemotePotatoUI\bin\Release\RPServer.pdb' -> 'D:\Dropbox\mydoc2\programmeren\remote potato\RPaddinAndroidMCE\Server\RemotePotatoUI\bin\Release\RPServer.pdb'
Copy Over 'C:\Users\stefan verhagen\Documents\Visual Studio 2010\Projects\remotepotato-4333062-LivetTV\Server\RemotePotatoUI\bin\Release\ShellUtilities.dll' -> 'D:\Dropbox\mydoc2\programmeren\remote potato\RPaddinAndroidMCE\Server\RemotePotatoUI\bin\Release\ShellUtilities.dll'
Copy Over 'C:\Users\stefan verhagen\Documents\Visual Studio 2010\Projects\remotepotato-4333062-LivetTV\Server\RemotePotatoUI\bin\Release\ShellUtilities.pdb' -> 'D:\Dropbox\mydoc2\programmeren\remote potato\RPaddinAndroidMCE\Server\RemotePotatoUI\bin\Release\ShellUtilities.pdb'
Copy New 'C:\Users\stefan verhagen\Documents\Visual Studio 2010\Projects\remotepotato-4333062-LivetTV\Server\RemotePotatoUI\bin\Release\static\clientaccesspolicy.xml' -> 'D:\Dropbox\mydoc2\programmeren\remote potato\RPaddinAndroidMCE\Server\RemotePotatoUI\bin\Release\static\clientaccesspolicy.xml'
Copy New 'C:\Users\stefan verhagen\Documents\Visual Studio 2010\Projects\remotepotato-4333062-LivetTV\Server\RemotePotatoUI\bin\Release\static\images\apple-touch-icon.png' -> 'D:\Dropbox\mydoc2\programmeren\remote potato\RPaddinAndroidMCE\Server\RemotePotatoUI\bin\Release\static\images\apple-touch-icon.png'
Copy New 'C:\Users\stefan verhagen\Documents\Visual Studio 2010\Projects\remotepotato-4333062-LivetTV\Server\RemotePotatoUI\bin\Release\static\images\btnSaveSong.png' -> 'D:\Dropbox\mydoc2\programmeren\remote potato\RPaddinAndroidMCE\Server\RemotePotatoUI\bin\Release\static\images\btnSaveSong.png'
Copy New 'C:\Users\stefan verhagen\Documents\Visual Studio 2010\Projects\remotepotato-4333062-LivetTV\Server\RemotePotatoUI\bin\Release\static\images\btnStreamSong.png' -> 'D:\Dropbox\mydoc2\programmeren\remote potato\RPaddinAndroidMCE\Server\RemotePotatoUI\bin\Release\static\images\btnStreamSong.png'
Copy New 'C:\Users\stefan verhagen\Documents\Visual Studio 2010\Projects\remotepotato-4333062-LivetTV\Server\RemotePotatoUI\bin\Release\static\images\epgchanneldownarrow.png' -> 'D:\Dropbox\mydoc2\programmeren\remote potato\RPaddinAndroidMCE\Server\RemotePotatoUI\bin\Release\static\images\epgchanneldownarrow.png'
Copy New 'C:\Users\stefan verhagen\Documents\Visual Studio 2010\Projects\remotepotato-4333062-LivetTV\Server\RemotePotatoUI\bin\Release\static\images\epgchanneldownarrow_disabled.png' -> 'D:\Dropbox\mydoc2\programmeren\remote potato\RPaddinAndroidMCE\Server\RemotePotatoUI\bin\Release\static\images\epgchanneldownarrow_disabled.png'
Copy New 'C:\Users\stefan verhagen\Documents\Visual Studio 2010\Projects\remotepotato-4333062-LivetTV\Server\RemotePotatoUI\bin\Release\static\images\epgchanneluparrow.png' -> 'D:\Dropbox\mydoc2\programmeren\remote potato\RPaddinAndroidMCE\Server\RemotePotatoUI\bin\Release\static\images\epgchanneluparrow.png'
Copy New 'C:\Users\stefan verhagen\Documents\Visual Studio 2010\Projects\remotepotato-4333062-LivetTV\Server\RemotePotatoUI\bin\Release\static\images\epgchanneluparrow_disabled.png' -> 'D:\Dropbox\mydoc2\programmeren\remote potato\RPaddinAndroidMCE\Server\RemotePotatoUI\bin\Release\static\images\epgchanneluparrow_disabled.png'
Copy New 'C:\Users\stefan verhagen\Documents\Visual Studio 2010\Projects\remotepotato-4333062-LivetTV\Server\RemotePotatoUI\bin\Release\static\images\epggrid_shading.png' -> 'D:\Dropbox\mydoc2\programmeren\remote potato\RPaddinAndroidMCE\Server\RemotePotatoUI\bin\Release\static\images\epggrid_shading.png'
Copy New 'C:\Users\stefan verhagen\Documents\Visual Studio 2010\Projects\remotepotato-4333062-LivetTV\Server\RemotePotatoUI\bin\Release\static\images\epgtimeleftarrow.png' -> 'D:\Dropbox\mydoc2\programmeren\remote potato\RPaddinAndroidMCE\Server\RemotePotatoUI\bin\Release\static\images\epgtimeleftarrow.png'
Copy New 'C:\Users\stefan verhagen\Documents\Visual Studio 2010\Projects\remotepotato-4333062-LivetTV\Server\RemotePotatoUI\bin\Release\static\images\epgtimerightarrow.png' -> 'D:\Dropbox\mydoc2\programmeren\remote potato\RPaddinAndroidMCE\Server\RemotePotatoUI\bin\Release\static\images\epgtimerightarrow.png'
Copy New 'C:\Users\stefan verhagen\Documents\Visual Studio 2010\Projects\remotepotato-4333062-LivetTV\Server\RemotePotatoUI\bin\Release\static\images\imgFolder150x75.png' -> 'D:\Dropbox\mydoc2\programmeren\remote potato\RPaddinAndroidMCE\Server\RemotePotatoUI\bin\Release\static\images\imgFolder150x75.png'
Copy New 'C:\Users\stefan verhagen\Documents\Visual Studio 2010\Projects\remotepotato-4333062-LivetTV\Server\RemotePotatoUI\bin\Release\static\images\logosquare.png' -> 'D:\Dropbox\mydoc2\programmeren\remote potato\RPaddinAndroidMCE\Server\RemotePotatoUI\bin\Release\static\images\logosquare.png'
Copy New 'C:\Users\stefan verhagen\Documents\Visual Studio 2010\Projects\remotepotato-4333062-LivetTV\Server\RemotePotatoUI\bin\Release\static\images\mce_remote2.png' -> 'D:\Dropbox\mydoc2\programmeren\remote potato\RPaddinAndroidMCE\Server\RemotePotatoUI\bin\Release\static\images\mce_remote2.png'
Copy Over 'C:\Users\stefan verhagen\Documents\Visual Studio 2010\Projects\remotepotato-4333062-LivetTV\Server\RemotePotatoUI\bin\Release\WTVTranscoder.dll' -> 'D:\Dropbox\mydoc2\programmeren\remote potato\RPaddinAndroidMCE\Server\RemotePotatoUI\bin\Release\WTVTranscoder.dll'
Copy Over 'C:\Users\stefan verhagen\Documents\Visual Studio 2010\Projects\remotepotato-4333062-LivetTV\Server\RemotePotatoUI\bin\Release\WTVTranscoder.pdb' -> 'D:\Dropbox\mydoc2\programmeren\remote potato\RPaddinAndroidMCE\Server\RemotePotatoUI\bin\Release\WTVTranscoder.pdb'
Copy Over 'C:\Users\stefan verhagen\Documents\Visual Studio 2010\Projects\remotepotato-4333062-LivetTV\Server\RemotePotatoUI\obj\Release\DesignTimeResolveAssemblyReferencesInput.cache' -> 'D:\Dropbox\mydoc2\programmeren\remote potato\RPaddinAndroidMCE\Server\RemotePotatoUI\obj\Release\DesignTimeResolveAssemblyReferencesInput.cache'
Copy Over 'C:\Users\stefan verhagen\Documents\Visual Studio 2010\Projects\remotepotato-4333062-LivetTV\Server\RemotePotatoUI\obj\Release\RemotePotatoServer.Form1.resources' -> 'D:\Dropbox\mydoc2\programmeren\remote potato\RPaddinAndroidMCE\Server\RemotePotatoUI\obj\Release\RemotePotatoServer.Form1.resources'
Copy Over 'C:\Users\stefan verhagen\Documents\Visual Studio 2010\Projects\remotepotato-4333062-LivetTV\Server\RemotePotatoUI\obj\Release\RemotePotatoServer.FormChannelImportingOptions.resources' -> 'D:\Dropbox\mydoc2\programmeren\remote potato\RPaddinAndroidMCE\Server\RemotePotatoUI\obj\Release\RemotePotatoServer.FormChannelImportingOptions.resources'
Copy Over 'C:\Users\stefan verhagen\Documents\Visual Studio 2010\Projects\remotepotato-4333062-LivetTV\Server\RemotePotatoUI\obj\Release\RemotePotatoServer.FormConnectionInformation.resources' -> 'D:\Dropbox\mydoc2\programmeren\remote potato\RPaddinAndroidMCE\Server\RemotePotatoUI\obj\Release\RemotePotatoServer.FormConnectionInformation.resources'
Copy Over 'C:\Users\stefan verhagen\Documents\Visual Studio 2010\Projects\remotepotato-4333062-LivetTV\Server\RemotePotatoUI\obj\Release\RemotePotatoServer.FormConnectionWizard.resources' -> 'D:\Dropbox\mydoc2\programmeren\remote potato\RPaddinAndroidMCE\Server\RemotePotatoUI\obj\Release\RemotePotatoServer.FormConnectionWizard.resources'
Copy Over 'C:\Users\stefan verhagen\Documents\Visual Studio 2010\Projects\remotepotato-4333062-LivetTV\Server\RemotePotatoUI\obj\Release\RemotePotatoServer.FormDonationRequest.resources' -> 'D:\Dropbox\mydoc2\programmeren\remote potato\RPaddinAndroidMCE\Server\RemotePotatoUI\obj\Release\RemotePotatoServer.FormDonationRequest.resources'
Copy Over 'C:\Users\stefan verhagen\Documents\Visual Studio 2010\Projects\remotepotato-4333062-LivetTV\Server\RemotePotatoUI\obj\Release\RemotePotatoServer.FormFoldersCollection.resources' -> 'D:\Dropbox\mydoc2\programmeren\remote potato\RPaddinAndroidMCE\Server\RemotePotatoUI\obj\Release\RemotePotatoServer.FormFoldersCollection.resources'
Copy Over 'C:\Users\stefan verhagen\Documents\Visual Studio 2010\Projects\remotepotato-4333062-LivetTV\Server\RemotePotatoUI\obj\Release\RemotePotatoServer.FormInputBox.resources' -> 'D:\Dropbox\mydoc2\programmeren\remote potato\RPaddinAndroidMCE\Server\RemotePotatoUI\obj\Release\RemotePotatoServer.FormInputBox.resources'
Copy Over 'C:\Users\stefan verhagen\Documents\Visual Studio 2010\Projects\remotepotato-4333062-LivetTV\Server\RemotePotatoUI\obj\Release\RemotePotatoServer.FormMediaLibraryAccountSetter.resources' -> 'D:\Dropbox\mydoc2\programmeren\remote potato\RPaddinAndroidMCE\Server\RemotePotatoUI\obj\Release\RemotePotatoServer.FormMediaLibraryAccountSetter.resources'
Copy Over 'C:\Users\stefan verhagen\Documents\Visual Studio 2010\Projects\remotepotato-4333062-LivetTV\Server\RemotePotatoUI\obj\Release\RemotePotatoServer.FormThemesChooser.resources' -> 'D:\Dropbox\mydoc2\programmeren\remote potato\RPaddinAndroidMCE\Server\RemotePotatoUI\obj\Release\RemotePotatoServer.FormThemesChooser.resources'
Copy Over 'C:\Users\stefan verhagen\Documents\Visual Studio 2010\Projects\remotepotato-4333062-LivetTV\Server\RemotePotatoUI\obj\Release\RemotePotatoServer.FormUserManagement.resources' -> 'D:\Dropbox\mydoc2\programmeren\remote potato\RPaddinAndroidMCE\Server\RemotePotatoUI\obj\Release\RemotePotatoServer.FormUserManagement.resources'
Copy Over 'C:\Users\stefan verhagen\Documents\Visual Studio 2010\Projects\remotepotato-4333062-LivetTV\Server\RemotePotatoUI\obj\Release\RemotePotatoServer.frmPleaseWait.resources' -> 'D:\Dropbox\mydoc2\programmeren\remote potato\RPaddinAndroidMCE\Server\RemotePotatoUI\obj\Release\RemotePotatoServer.frmPleaseWait.resources'
Copy Over 'C:\Users\stefan verhagen\Documents\Visual Studio 2010\Projects\remotepotato-4333062-LivetTV\Server\RemotePotatoUI\obj\Release\RemotePotatoServer.Properties.Resources.resources' -> 'D:\Dropbox\mydoc2\programmeren\remote potato\RPaddinAndroidMCE\Server\RemotePotatoUI\obj\Release\RemotePotatoServer.Properties.Resources.resources'
Copy Over 'C:\Users\stefan verhagen\Documents\Visual Studio 2010\Projects\remotepotato-4333062-LivetTV\Server\RemotePotatoUI\obj\Release\RemotePotatoServer.ucConnectionSummary.resources' -> 'D:\Dropbox\mydoc2\programmeren\remote potato\RPaddinAndroidMCE\Server\RemotePotatoUI\obj\Release\RemotePotatoServer.ucConnectionSummary.resources'
Copy Over 'C:\Users\stefan verhagen\Documents\Visual Studio 2010\Projects\remotepotato-4333062-LivetTV\Server\RemotePotatoUI\obj\Release\RemotePotatoUI.csproj.FileListAbsolute.txt' -> 'D:\Dropbox\mydoc2\programmeren\remote potato\RPaddinAndroidMCE\Server\RemotePotatoUI\obj\Release\RemotePotatoUI.csproj.FileListAbsolute.txt'
Copy Over 'C:\Users\stefan verhagen\Documents\Visual Studio 2010\Projects\remotepotato-4333062-LivetTV\Server\RemotePotatoUI\obj\Release\RemotePotatoUI.csproj.GenerateResource.Cache' -> 'D:\Dropbox\mydoc2\programmeren\remote potato\RPaddinAndroidMCE\Server\RemotePotatoUI\obj\Release\RemotePotatoUI.csproj.GenerateResource.Cache'
Copy Over 'C:\Users\stefan verhagen\Documents\Visual Studio 2010\Projects\remotepotato-4333062-LivetTV\Server\RemotePotatoUI\obj\Release\RemotePotatoUI.csprojResolveAssemblyReference.cache' -> 'D:\Dropbox\mydoc2\programmeren\remote potato\RPaddinAndroidMCE\Server\RemotePotatoUI\obj\Release\RemotePotatoUI.csprojResolveAssemblyReference.cache'
Copy Over 'C:\Users\stefan verhagen\Documents\Visual Studio 2010\Projects\remotepotato-4333062-LivetTV\Server\RemotePotatoUI\obj\Release\RemotePotatoUI.exe' -> 'D:\Dropbox\mydoc2\programmeren\remote potato\RPaddinAndroidMCE\Server\RemotePotatoUI\obj\Release\RemotePotatoUI.exe'
Copy Over 'C:\Users\stefan verhagen\Documents\Visual Studio 2010\Projects\remotepotato-4333062-LivetTV\Server\RemotePotatoUI\obj\Release\RemotePotatoUI.pdb' -> 'D:\Dropbox\mydoc2\programmeren\remote potato\RPaddinAndroidMCE\Server\RemotePotatoUI\obj\Release\RemotePotatoUI.pdb'
Copy Over 'C:\Users\stefan verhagen\Documents\Visual Studio 2010\Projects\remotepotato-4333062-LivetTV\Server\RPServer\bin\Release\static\images\apple-touch-icon.png' -> 'D:\Dropbox\mydoc2\programmeren\remote potato\RPaddinAndroidMCE\Server\RPServer\bin\Release\static\images\apple-touch-icon.png'
Copy Over 'C:\Users\stefan verhagen\Documents\Visual Studio 2010\Projects\remotepotato-4333062-LivetTV\Server\RPServer\bin\Release\static\images\btnSaveSong.png' -> 'D:\Dropbox\mydoc2\programmeren\remote potato\RPaddinAndroidMCE\Server\RPServer\bin\Release\static\images\btnSaveSong.png'
Copy Over 'C:\Users\stefan verhagen\Documents\Visual Studio 2010\Projects\remotepotato-4333062-LivetTV\Server\RPServer\bin\Release\static\images\btnStreamSong.png' -> 'D:\Dropbox\mydoc2\programmeren\remote potato\RPaddinAndroidMCE\Server\RPServer\bin\Release\static\images\btnStreamSong.png'
Copy Over 'C:\Users\stefan verhagen\Documents\Visual Studio 2010\Projects\remotepotato-4333062-LivetTV\Server\RPServer\bin\Release\static\images\epgchanneldownarrow.png' -> 'D:\Dropbox\mydoc2\programmeren\remote potato\RPaddinAndroidMCE\Server\RPServer\bin\Release\static\images\epgchanneldownarrow.png'
Copy Over 'C:\Users\stefan verhagen\Documents\Visual Studio 2010\Projects\remotepotato-4333062-LivetTV\Server\RPServer\bin\Release\static\images\epgchanneldownarrow_disabled.png' -> 'D:\Dropbox\mydoc2\programmeren\remote potato\RPaddinAndroidMCE\Server\RPServer\bin\Release\static\images\epgchanneldownarrow_disabled.png'
Copy Over 'C:\Users\stefan verhagen\Documents\Visual Studio 2010\Projects\remotepotato-4333062-LivetTV\Server\RPServer\bin\Release\static\images\epgchanneluparrow.png' -> 'D:\Dropbox\mydoc2\programmeren\remote potato\RPaddinAndroidMCE\Server\RPServer\bin\Release\static\images\epgchanneluparrow.png'
Copy Over 'C:\Users\stefan verhagen\Documents\Visual Studio 2010\Projects\remotepotato-4333062-LivetTV\Server\RPServer\bin\Release\static\images\epgchanneluparrow_disabled.png' -> 'D:\Dropbox\mydoc2\programmeren\remote potato\RPaddinAndroidMCE\Server\RPServer\bin\Release\static\images\epgchanneluparrow_disabled.png'
Copy Over 'C:\Users\stefan verhagen\Documents\Visual Studio 2010\Projects\remotepotato-4333062-LivetTV\Server\RPServer\bin\Release\static\images\epggrid_shading.png' -> 'D:\Dropbox\mydoc2\programmeren\remote potato\RPaddinAndroidMCE\Server\RPServer\bin\Release\static\images\epggrid_shading.png'
Copy Over 'C:\Users\stefan verhagen\Documents\Visual Studio 2010\Projects\remotepotato-4333062-LivetTV\Server\RPServer\bin\Release\static\images\epgtimeleftarrow.png' -> 'D:\Dropbox\mydoc2\programmeren\remote potato\RPaddinAndroidMCE\Server\RPServer\bin\Release\static\images\epgtimeleftarrow.png'
Copy Over 'C:\Users\stefan verhagen\Documents\Visual Studio 2010\Projects\remotepotato-4333062-LivetTV\Server\RPServer\bin\Release\static\images\epgtimerightarrow.png' -> 'D:\Dropbox\mydoc2\programmeren\remote potato\RPaddinAndroidMCE\Server\RPServer\bin\Release\static\images\epgtimerightarrow.png'
Copy Over 'C:\Users\stefan verhagen\Documents\Visual Studio 2010\Projects\remotepotato-4333062-LivetTV\Server\RPServer\bin\Release\static\images\imgFolder150x75.png' -> 'D:\Dropbox\mydoc2\programmeren\remote potato\RPaddinAndroidMCE\Server\RPServer\bin\Release\static\images\imgFolder150x75.png'
Copy Over 'C:\Users\stefan verhagen\Documents\Visual Studio 2010\Projects\remotepotato-4333062-LivetTV\Server\RPServer\bin\Release\static\images\logosquare.png' -> 'D:\Dropbox\mydoc2\programmeren\remote potato\RPaddinAndroidMCE\Server\RPServer\bin\Release\static\images\logosquare.png'
Copy Over 'C:\Users\stefan verhagen\Documents\Visual Studio 2010\Projects\remotepotato-4333062-LivetTV\Server\RPServer\bin\Release\static\images\mce_remote2.png' -> 'D:\Dropbox\mydoc2\programmeren\remote potato\RPaddinAndroidMCE\Server\RPServer\bin\Release\static\images\mce_remote2.png'
Save State File C:\Users\stefan verhagen\Documents\Visual Studio 2010\Projects\remotepotato-4333062-LivetTV\_gsdata_\_file_state._gs
Save State File D:\Dropbox\mydoc2\programmeren\remote potato\RPaddinAndroidMCE\_gsdata_\_file_state._gs
Delete lock file C:\Users\stefan verhagen\Documents\Visual Studio 2010\Projects\remotepotato-4333062-LivetTV\_gsdata_\lock.gsl
Delete lock file D:\Dropbox\mydoc2\programmeren\remote potato\RPaddinAndroidMCE\_gsdata_\lock.gsl
Items Synced OK: 63, Errors: 0
===== 2-10-2012 20:33:19: Sync Completed. Time: 00:00:03, Speed: 2,27 MB/s =====

