----- 10-10-2012 23:03:18: Job 'VS2012RPLiveTV': ANALYSIS started by On File Change on computer 'QUAD' (GoodSync 9.0.2.4 on Windows 7) -----
VS2012RPLiveTV: ~stefan verhagen\Documents\Visual Studio 2012\Projects\remotepotato-4333062-LivetTV (C:\Users\stefan verhagen\Documents\Visual Studio 2012\Projects\remotepotato-4333062-LivetTV) =forced-PropDels=> D:\Dropbox\mydoc2\programmeren\remote potato\RPLiveTV-VS2012, SavePrevVers, CleanupPrevVers=30d, CleanupOldGens=12m, TmpDest, EstReq, CopyLocked, DetectMovesAndRenames, DetectFolderMoves, FileLinksDrill, CaseSens, Reconnect=3, ChangeLimit=10
Exclude Hidden, Exclude System, Exclude licens*.rfo|cache.rfo|mru.rfo|mpp*.rfo|RoboForm Online Account.rfp|name *._gstmp|/System Volume Information|Thumbs.db|.DS_Store 
Left: Reading State File C:\Users\stefan verhagen\Documents\Visual Studio 2012\Projects\remotepotato-4333062-LivetTV\_gsdata_\_file_state._gs
Locking folder C:\Users\stefan verhagen\Documents\Visual Studio 2012\Projects\remotepotato-4333062-LivetTV for write
Left: Files: 1.993 (excluded 4). Folders: 303 (excluded 2). C: NTFS, Free: 50,0 GB, Total: 195 GB
Right: Reading State File D:\Dropbox\mydoc2\programmeren\remote potato\RPLiveTV-VS2012\_gsdata_\_file_state._gs
Locking folder D:\Dropbox\mydoc2\programmeren\remote potato\RPLiveTV-VS2012 for write
Right: Files: 1.733 (excluded 0). Folders: 303 (excluded 1). D: NTFS, Free: 159 GB, Total: 931 GB
On disk file:///D: space required for sync is 32,3 MB, you have 159 GB
Changes: 284, Conflicts: 0, CopyTime: 0, CopyState: 0, Errors: 0
Left to Right: Copy File: 284 
----- 10-10-2012 23:03:21: Analysis Completed. Time 00:00:03, Speed: 767 files/s -----
===== 10-10-2012 23:03:22: Job 'VS2012RPLiveTV': SYNC started by On File Change on computer 'QUAD' =====
VS2012RPLiveTV: ~stefan verhagen\Documents\Visual Studio 2012\Projects\remotepotato-4333062-LivetTV (C:\Users\stefan verhagen\Documents\Visual Studio 2012\Projects\remotepotato-4333062-LivetTV) =forced-PropDels=> D:\Dropbox\mydoc2\programmeren\remote potato\RPLiveTV-VS2012, SavePrevVers, CleanupPrevVers=30d, CleanupOldGens=12m, TmpDest, EstReq, CopyLocked, DetectMovesAndRenames, DetectFolderMoves, FileLinksDrill, CaseSens, Reconnect=3, ChangeLimit=10
Copy Over 'C:\Users\stefan verhagen\Documents\Visual Studio 2012\Projects\remotepotato-4333062-LivetTV\Server\RemotePotatoService\bin\Release\CommonEPG.dll' -> 'D:\Dropbox\mydoc2\programmeren\remote potato\RPLiveTV-VS2012\Server\RemotePotatoService\bin\Release\CommonEPG.dll'
Copy Over 'C:\Users\stefan verhagen\Documents\Visual Studio 2012\Projects\remotepotato-4333062-LivetTV\Server\RemotePotatoService\bin\Release\CommonEPG.pdb' -> 'D:\Dropbox\mydoc2\programmeren\remote potato\RPLiveTV-VS2012\Server\RemotePotatoService\bin\Release\CommonEPG.pdb'
Copy Over 'C:\Users\stefan verhagen\Documents\Visual Studio 2012\Projects\remotepotato-4333062-LivetTV\Server\RemotePotatoService\bin\Release\MediaStreamer.dll' -> 'D:\Dropbox\mydoc2\programmeren\remote potato\RPLiveTV-VS2012\Server\RemotePotatoService\bin\Release\MediaStreamer.dll'
Copy Over 'C:\Users\stefan verhagen\Documents\Visual Studio 2012\Projects\remotepotato-4333062-LivetTV\Server\RemotePotatoService\bin\Release\MediaStreamer.pdb' -> 'D:\Dropbox\mydoc2\programmeren\remote potato\RPLiveTV-VS2012\Server\RemotePotatoService\bin\Release\MediaStreamer.pdb'
Copy Over 'C:\Users\stefan verhagen\Documents\Visual Studio 2012\Projects\remotepotato-4333062-LivetTV\Server\RemotePotatoService\bin\Release\MSEPG.dll' -> 'D:\Dropbox\mydoc2\programmeren\remote potato\RPLiveTV-VS2012\Server\RemotePotatoService\bin\Release\MSEPG.dll'
Copy Over 'C:\Users\stefan verhagen\Documents\Visual Studio 2012\Projects\remotepotato-4333062-LivetTV\Server\RemotePotatoService\bin\Release\MSEPG.pdb' -> 'D:\Dropbox\mydoc2\programmeren\remote potato\RPLiveTV-VS2012\Server\RemotePotatoService\bin\Release\MSEPG.pdb'
Copy Over 'C:\Users\stefan verhagen\Documents\Visual Studio 2012\Projects\remotepotato-4333062-LivetTV\Server\RemotePotatoService\bin\Release\RemotePotatoService.exe' -> 'D:\Dropbox\mydoc2\programmeren\remote potato\RPLiveTV-VS2012\Server\RemotePotatoService\bin\Release\RemotePotatoService.exe'
Copy Over 'C:\Users\stefan verhagen\Documents\Visual Studio 2012\Projects\remotepotato-4333062-LivetTV\Server\RemotePotatoService\bin\Release\RemotePotatoService.pdb' -> 'D:\Dropbox\mydoc2\programmeren\remote potato\RPLiveTV-VS2012\Server\RemotePotatoService\bin\Release\RemotePotatoService.pdb'
Copy Over 'C:\Users\stefan verhagen\Documents\Visual Studio 2012\Projects\remotepotato-4333062-LivetTV\Server\RemotePotatoService\bin\Release\RPServer.dll' -> 'D:\Dropbox\mydoc2\programmeren\remote potato\RPLiveTV-VS2012\Server\RemotePotatoService\bin\Release\RPServer.dll'
Copy Over 'C:\Users\stefan verhagen\Documents\Visual Studio 2012\Projects\remotepotato-4333062-LivetTV\Server\RemotePotatoService\bin\Release\RPServer.pdb' -> 'D:\Dropbox\mydoc2\programmeren\remote potato\RPLiveTV-VS2012\Server\RemotePotatoService\bin\Release\RPServer.pdb'
Copy Over 'C:\Users\stefan verhagen\Documents\Visual Studio 2012\Projects\remotepotato-4333062-LivetTV\Server\RemotePotatoService\bin\Release\ShellUtilities.dll' -> 'D:\Dropbox\mydoc2\programmeren\remote potato\RPLiveTV-VS2012\Server\RemotePotatoService\bin\Release\ShellUtilities.dll'
Copy Over 'C:\Users\stefan verhagen\Documents\Visual Studio 2012\Projects\remotepotato-4333062-LivetTV\Server\RemotePotatoService\bin\Release\ShellUtilities.pdb' -> 'D:\Dropbox\mydoc2\programmeren\remote potato\RPLiveTV-VS2012\Server\RemotePotatoService\bin\Release\ShellUtilities.pdb'
Copy New 'C:\Users\stefan verhagen\Documents\Visual Studio 2012\Projects\remotepotato-4333062-LivetTV\Server\RemotePotatoService\bin\Release\static\images\btnSaveSong.png' -> 'D:\Dropbox\mydoc2\programmeren\remote potato\RPLiveTV-VS2012\Server\RemotePotatoService\bin\Release\static\images\btnSaveSong.png'
Copy New 'C:\Users\stefan verhagen\Documents\Visual Studio 2012\Projects\remotepotato-4333062-LivetTV\Server\RemotePotatoService\bin\Release\static\images\btnStreamSong.png' -> 'D:\Dropbox\mydoc2\programmeren\remote potato\RPLiveTV-VS2012\Server\RemotePotatoService\bin\Release\static\images\btnStreamSong.png'
Copy New 'C:\Users\stefan verhagen\Documents\Visual Studio 2012\Projects\remotepotato-4333062-LivetTV\Server\RemotePotatoService\bin\Release\static\images\epgchanneldownarrow.png' -> 'D:\Dropbox\mydoc2\programmeren\remote potato\RPLiveTV-VS2012\Server\RemotePotatoService\bin\Release\static\images\epgchanneldownarrow.png'
Copy New 'C:\Users\stefan verhagen\Documents\Visual Studio 2012\Projects\remotepotato-4333062-LivetTV\Server\RemotePotatoService\bin\Release\static\silverlight\default_template.htm' -> 'D:\Dropbox\mydoc2\programmeren\remote potato\RPLiveTV-VS2012\Server\RemotePotatoService\bin\Release\static\silverlight\default_template.htm'
Copy New 'C:\Users\stefan verhagen\Documents\Visual Studio 2012\Projects\remotepotato-4333062-LivetTV\Server\RemotePotatoService\bin\Release\static\silverlight\HLSMediaSource.dll' -> 'D:\Dropbox\mydoc2\programmeren\remote potato\RPLiveTV-VS2012\Server\RemotePotatoService\bin\Release\static\silverlight\HLSMediaSource.dll'
Copy New 'C:\Users\stefan verhagen\Documents\Visual Studio 2012\Projects\remotepotato-4333062-LivetTV\Server\RemotePotatoService\bin\Release\static\silverlight\SilverPotato.xap' -> 'D:\Dropbox\mydoc2\programmeren\remote potato\RPLiveTV-VS2012\Server\RemotePotatoService\bin\Release\static\silverlight\SilverPotato.xap'
Copy New 'C:\Users\stefan verhagen\Documents\Visual Studio 2012\Projects\remotepotato-4333062-LivetTV\Server\RemotePotatoService\bin\Release\static\skins\custom\about.txt' -> 'D:\Dropbox\mydoc2\programmeren\remote potato\RPLiveTV-VS2012\Server\RemotePotatoService\bin\Release\static\skins\custom\about.txt'
Copy New 'C:\Users\stefan verhagen\Documents\Visual Studio 2012\Projects\remotepotato-4333062-LivetTV\Server\RemotePotatoService\bin\Release\static\skins\custom\epg-grid.css' -> 'D:\Dropbox\mydoc2\programmeren\remote potato\RPLiveTV-VS2012\Server\RemotePotatoService\bin\Release\static\skins\custom\epg-grid.css'
Copy New 'C:\Users\stefan verhagen\Documents\Visual Studio 2012\Projects\remotepotato-4333062-LivetTV\Server\RemotePotatoService\bin\Release\static\skins\custom\epg-list.css' -> 'D:\Dropbox\mydoc2\programmeren\remote potato\RPLiveTV-VS2012\Server\RemotePotatoService\bin\Release\static\skins\custom\epg-list.css'
Copy New 'C:\Users\stefan verhagen\Documents\Visual Studio 2012\Projects\remotepotato-4333062-LivetTV\Server\RemotePotatoService\bin\Release\static\skins\custom\images\background.jpg' -> 'D:\Dropbox\mydoc2\programmeren\remote potato\RPLiveTV-VS2012\Server\RemotePotatoService\bin\Release\static\skins\custom\images\background.jpg'
Copy New 'C:\Users\stefan verhagen\Documents\Visual Studio 2012\Projects\remotepotato-4333062-LivetTV\Server\RemotePotatoService\bin\Release\static\skins\custom\images\transparentgray40.png' -> 'D:\Dropbox\mydoc2\programmeren\remote potato\RPLiveTV-VS2012\Server\RemotePotatoService\bin\Release\static\skins\custom\images\transparentgray40.png'
Copy New 'C:\Users\stefan verhagen\Documents\Visual Studio 2012\Projects\remotepotato-4333062-LivetTV\Server\RemotePotatoService\bin\Release\static\skins\custom\masterpage.htm' -> 'D:\Dropbox\mydoc2\programmeren\remote potato\RPLiveTV-VS2012\Server\RemotePotatoService\bin\Release\static\skins\custom\masterpage.htm'
Copy New 'C:\Users\stefan verhagen\Documents\Visual Studio 2012\Projects\remotepotato-4333062-LivetTV\Server\RemotePotatoService\bin\Release\static\skins\custom\movies.css' -> 'D:\Dropbox\mydoc2\programmeren\remote potato\RPLiveTV-VS2012\Server\RemotePotatoService\bin\Release\static\skins\custom\movies.css'
Copy New 'C:\Users\stefan verhagen\Documents\Visual Studio 2012\Projects\remotepotato-4333062-LivetTV\Server\RemotePotatoService\bin\Release\static\skins\default\about.txt' -> 'D:\Dropbox\mydoc2\programmeren\remote potato\RPLiveTV-VS2012\Server\RemotePotatoService\bin\Release\static\skins\default\about.txt'
Copy New 'C:\Users\stefan verhagen\Documents\Visual Studio 2012\Projects\remotepotato-4333062-LivetTV\Server\RemotePotatoService\bin\Release\static\skins\default\epg-grid.css' -> 'D:\Dropbox\mydoc2\programmeren\remote potato\RPLiveTV-VS2012\Server\RemotePotatoService\bin\Release\static\skins\default\epg-grid.css'
Copy New 'C:\Users\stefan verhagen\Documents\Visual Studio 2012\Projects\remotepotato-4333062-LivetTV\Server\RemotePotatoService\bin\Release\static\skins\default\epg-list.css' -> 'D:\Dropbox\mydoc2\programmeren\remote potato\RPLiveTV-VS2012\Server\RemotePotatoService\bin\Release\static\skins\default\epg-list.css'
Copy New 'C:\Users\stefan verhagen\Documents\Visual Studio 2012\Projects\remotepotato-4333062-LivetTV\Server\RemotePotatoService\bin\Release\static\skins\default\images\background.jpg' -> 'D:\Dropbox\mydoc2\programmeren\remote potato\RPLiveTV-VS2012\Server\RemotePotatoService\bin\Release\static\skins\default\images\background.jpg'
Copy New 'C:\Users\stefan verhagen\Documents\Visual Studio 2012\Projects\remotepotato-4333062-LivetTV\Server\RemotePotatoService\bin\Release\static\skins\default\images\transparentgray40.png' -> 'D:\Dropbox\mydoc2\programmeren\remote potato\RPLiveTV-VS2012\Server\RemotePotatoService\bin\Release\static\skins\default\images\transparentgray40.png'
Copy New 'C:\Users\stefan verhagen\Documents\Visual Studio 2012\Projects\remotepotato-4333062-LivetTV\Server\RemotePotatoService\bin\Release\static\skins\default\masterpage.htm' -> 'D:\Dropbox\mydoc2\programmeren\remote potato\RPLiveTV-VS2012\Server\RemotePotatoService\bin\Release\static\skins\default\masterpage.htm'
Copy New 'C:\Users\stefan verhagen\Documents\Visual Studio 2012\Projects\remotepotato-4333062-LivetTV\Server\RemotePotatoService\bin\Release\static\skins\default\movies.css' -> 'D:\Dropbox\mydoc2\programmeren\remote potato\RPLiveTV-VS2012\Server\RemotePotatoService\bin\Release\static\skins\default\movies.css'
Copy New 'C:\Users\stefan verhagen\Documents\Visual Studio 2012\Projects\remotepotato-4333062-LivetTV\Server\RemotePotatoService\bin\Release\static\skins\default\page_login.htm' -> 'D:\Dropbox\mydoc2\programmeren\remote potato\RPLiveTV-VS2012\Server\RemotePotatoService\bin\Release\static\skins\default\page_login.htm'
Copy New 'C:\Users\stefan verhagen\Documents\Visual Studio 2012\Projects\remotepotato-4333062-LivetTV\Server\RemotePotatoService\bin\Release\static\skins\default\page_movie.htm' -> 'D:\Dropbox\mydoc2\programmeren\remote potato\RPLiveTV-VS2012\Server\RemotePotatoService\bin\Release\static\skins\default\page_movie.htm'
Copy New 'C:\Users\stefan verhagen\Documents\Visual Studio 2012\Projects\remotepotato-4333062-LivetTV\Server\RemotePotatoService\bin\Release\static\skins\default\page_music_collection.htm' -> 'D:\Dropbox\mydoc2\programmeren\remote potato\RPLiveTV-VS2012\Server\RemotePotatoService\bin\Release\static\skins\default\page_music_collection.htm'
Copy New 'C:\Users\stefan verhagen\Documents\Visual Studio 2012\Projects\remotepotato-4333062-LivetTV\Server\RemotePotatoService\bin\Release\static\skins\default\page_music_songs.htm' -> 'D:\Dropbox\mydoc2\programmeren\remote potato\RPLiveTV-VS2012\Server\RemotePotatoService\bin\Release\static\skins\default\page_music_songs.htm'
Copy New 'C:\Users\stefan verhagen\Documents\Visual Studio 2012\Projects\remotepotato-4333062-LivetTV\Server\RemotePotatoService\bin\Release\static\skins\default\page_recordmanual.htm' -> 'D:\Dropbox\mydoc2\programmeren\remote potato\RPLiveTV-VS2012\Server\RemotePotatoService\bin\Release\static\skins\default\page_recordmanual.htm'
Copy New 'C:\Users\stefan verhagen\Documents\Visual Studio 2012\Projects\remotepotato-4333062-LivetTV\Server\RemotePotatoService\bin\Release\static\skins\default\page_recordshow_onetime.htm' -> 'D:\Dropbox\mydoc2\programmeren\remote potato\RPLiveTV-VS2012\Server\RemotePotatoService\bin\Release\static\skins\default\page_recordshow_onetime.htm'
Copy New 'C:\Users\stefan verhagen\Documents\Visual Studio 2012\Projects\remotepotato-4333062-LivetTV\Server\RemotePotatoService\bin\Release\static\skins\default\page_searchshow_results.htm' -> 'D:\Dropbox\mydoc2\programmeren\remote potato\RPLiveTV-VS2012\Server\RemotePotatoService\bin\Release\static\skins\default\page_searchshow_results.htm'
Copy New 'C:\Users\stefan verhagen\Documents\Visual Studio 2012\Projects\remotepotato-4333062-LivetTV\Server\RemotePotatoService\bin\Release\static\skins\default\page_searchshow_title.htm' -> 'D:\Dropbox\mydoc2\programmeren\remote potato\RPLiveTV-VS2012\Server\RemotePotatoService\bin\Release\static\skins\default\page_searchshow_title.htm'
Copy New 'C:\Users\stefan verhagen\Documents\Visual Studio 2012\Projects\remotepotato-4333062-LivetTV\Server\RemotePotatoService\bin\Release\static\skins\default\page_series.htm' -> 'D:\Dropbox\mydoc2\programmeren\remote potato\RPLiveTV-VS2012\Server\RemotePotatoService\bin\Release\static\skins\default\page_series.htm'
Copy New 'C:\Users\stefan verhagen\Documents\Visual Studio 2012\Projects\remotepotato-4333062-LivetTV\Server\RemotePotatoService\bin\Release\static\skins\default\page_show.htm' -> 'D:\Dropbox\mydoc2\programmeren\remote potato\RPLiveTV-VS2012\Server\RemotePotatoService\bin\Release\static\skins\default\page_show.htm'
Copy New 'C:\Users\stefan verhagen\Documents\Visual Studio 2012\Projects\remotepotato-4333062-LivetTV\Server\RemotePotatoService\bin\Release\static\skins\default\page_viewepg_grid.htm' -> 'D:\Dropbox\mydoc2\programmeren\remote potato\RPLiveTV-VS2012\Server\RemotePotatoService\bin\Release\static\skins\default\page_viewepg_grid.htm'
Copy New 'C:\Users\stefan verhagen\Documents\Visual Studio 2012\Projects\remotepotato-4333062-LivetTV\Server\RemotePotatoService\bin\Release\static\skins\default\page_viewepg_tbl.htm' -> 'D:\Dropbox\mydoc2\programmeren\remote potato\RPLiveTV-VS2012\Server\RemotePotatoService\bin\Release\static\skins\default\page_viewepg_tbl.htm'
Copy New 'C:\Users\stefan verhagen\Documents\Visual Studio 2012\Projects\remotepotato-4333062-LivetTV\Server\RemotePotatoService\bin\Release\static\skins\default\page_viewlibrary.htm' -> 'D:\Dropbox\mydoc2\programmeren\remote potato\RPLiveTV-VS2012\Server\RemotePotatoService\bin\Release\static\skins\default\page_viewlibrary.htm'
Copy New 'C:\Users\stefan verhagen\Documents\Visual Studio 2012\Projects\remotepotato-4333062-LivetTV\Server\RemotePotatoService\bin\Release\static\skins\default\page_viewpicture.htm' -> 'D:\Dropbox\mydoc2\programmeren\remote potato\RPLiveTV-VS2012\Server\RemotePotatoService\bin\Release\static\skins\default\page_viewpicture.htm'
Copy New 'C:\Users\stefan verhagen\Documents\Visual Studio 2012\Projects\remotepotato-4333062-LivetTV\Server\RemotePotatoService\bin\Release\static\skins\default\page_viewrecordedtv.htm' -> 'D:\Dropbox\mydoc2\programmeren\remote potato\RPLiveTV-VS2012\Server\RemotePotatoService\bin\Release\static\skins\default\page_viewrecordedtv.htm'
Copy New 'C:\Users\stefan verhagen\Documents\Visual Studio 2012\Projects\remotepotato-4333062-LivetTV\Server\RemotePotatoService\bin\Release\static\skins\default\page_viewscheduledrecordings.htm' -> 'D:\Dropbox\mydoc2\programmeren\remote potato\RPLiveTV-VS2012\Server\RemotePotatoService\bin\Release\static\skins\default\page_viewscheduledrecordings.htm'
Copy New 'C:\Users\stefan verhagen\Documents\Visual Studio 2012\Projects\remotepotato-4333062-LivetTV\Server\RemotePotatoService\bin\Release\static\skins\default\rectv.css' -> 'D:\Dropbox\mydoc2\programmeren\remote potato\RPLiveTV-VS2012\Server\RemotePotatoService\bin\Release\static\skins\default\rectv.css'
Copy New 'C:\Users\stefan verhagen\Documents\Visual Studio 2012\Projects\remotepotato-4333062-LivetTV\Server\RemotePotatoService\bin\Release\static\skins\default\settings.xml' -> 'D:\Dropbox\mydoc2\programmeren\remote potato\RPLiveTV-VS2012\Server\RemotePotatoService\bin\Release\static\skins\default\settings.xml'
Copy New 'C:\Users\stefan verhagen\Documents\Visual Studio 2012\Projects\remotepotato-4333062-LivetTV\Server\RemotePotatoService\bin\Release\static\skins\default\showdetails.css' -> 'D:\Dropbox\mydoc2\programmeren\remote potato\RPLiveTV-VS2012\Server\RemotePotatoService\bin\Release\static\skins\default\showdetails.css'
Copy New 'C:\Users\stefan verhagen\Documents\Visual Studio 2012\Projects\remotepotato-4333062-LivetTV\Server\RemotePotatoService\bin\Release\static\skins\default\stream_show.htm' -> 'D:\Dropbox\mydoc2\programmeren\remote potato\RPLiveTV-VS2012\Server\RemotePotatoService\bin\Release\static\skins\default\stream_show.htm'
Copy New 'C:\Users\stefan verhagen\Documents\Visual Studio 2012\Projects\remotepotato-4333062-LivetTV\Server\RemotePotatoService\bin\Release\static\skins\default\styles.css' -> 'D:\Dropbox\mydoc2\programmeren\remote potato\RPLiveTV-VS2012\Server\RemotePotatoService\bin\Release\static\skins\default\styles.css'
Copy New 'C:\Users\stefan verhagen\Documents\Visual Studio 2012\Projects\remotepotato-4333062-LivetTV\Server\RemotePotatoService\bin\Release\static\skins\default\thumbnail_default.png' -> 'D:\Dropbox\mydoc2\programmeren\remote potato\RPLiveTV-VS2012\Server\RemotePotatoService\bin\Release\static\skins\default\thumbnail_default.png'
Copy New 'C:\Users\stefan verhagen\Documents\Visual Studio 2012\Projects\remotepotato-4333062-LivetTV\Server\RemotePotatoService\bin\Release\static\skins\minimalist\about.txt' -> 'D:\Dropbox\mydoc2\programmeren\remote potato\RPLiveTV-VS2012\Server\RemotePotatoService\bin\Release\static\skins\minimalist\about.txt'
Copy New 'C:\Users\stefan verhagen\Documents\Visual Studio 2012\Projects\remotepotato-4333062-LivetTV\Server\RemotePotatoService\bin\Release\static\skins\minimalist\epg-grid.css' -> 'D:\Dropbox\mydoc2\programmeren\remote potato\RPLiveTV-VS2012\Server\RemotePotatoService\bin\Release\static\skins\minimalist\epg-grid.css'
Copy New 'C:\Users\stefan verhagen\Documents\Visual Studio 2012\Projects\remotepotato-4333062-LivetTV\Server\RemotePotatoService\bin\Release\static\skins\minimalist\epg-list.css' -> 'D:\Dropbox\mydoc2\programmeren\remote potato\RPLiveTV-VS2012\Server\RemotePotatoService\bin\Release\static\skins\minimalist\epg-list.css'
Copy New 'C:\Users\stefan verhagen\Documents\Visual Studio 2012\Projects\remotepotato-4333062-LivetTV\Server\RemotePotatoService\bin\Release\static\skins\minimalist\masterpage.htm' -> 'D:\Dropbox\mydoc2\programmeren\remote potato\RPLiveTV-VS2012\Server\RemotePotatoService\bin\Release\static\skins\minimalist\masterpage.htm'
Copy New 'C:\Users\stefan verhagen\Documents\Visual Studio 2012\Projects\remotepotato-4333062-LivetTV\Server\RemotePotatoService\bin\Release\static\skins\minimalist\movies.css' -> 'D:\Dropbox\mydoc2\programmeren\remote potato\RPLiveTV-VS2012\Server\RemotePotatoService\bin\Release\static\skins\minimalist\movies.css'
Copy New 'C:\Users\stefan verhagen\Documents\Visual Studio 2012\Projects\remotepotato-4333062-LivetTV\Server\RemotePotatoService\bin\Release\static\skins\minimalist\page_movie.htm' -> 'D:\Dropbox\mydoc2\programmeren\remote potato\RPLiveTV-VS2012\Server\RemotePotatoService\bin\Release\static\skins\minimalist\page_movie.htm'
Copy New 'C:\Users\stefan verhagen\Documents\Visual Studio 2012\Projects\remotepotato-4333062-LivetTV\Server\RemotePotatoService\bin\Release\static\skins\minimalist\page_movies.htm' -> 'D:\Dropbox\mydoc2\programmeren\remote potato\RPLiveTV-VS2012\Server\RemotePotatoService\bin\Release\static\skins\minimalist\page_movies.htm'
Copy New 'C:\Users\stefan verhagen\Documents\Visual Studio 2012\Projects\remotepotato-4333062-LivetTV\Server\RemotePotatoService\bin\Release\static\skins\minimalist\page_music_collection.htm' -> 'D:\Dropbox\mydoc2\programmeren\remote potato\RPLiveTV-VS2012\Server\RemotePotatoService\bin\Release\static\skins\minimalist\page_music_collection.htm'
Copy New 'C:\Users\stefan verhagen\Documents\Visual Studio 2012\Projects\remotepotato-4333062-LivetTV\Server\RemotePotatoService\bin\Release\static\skins\minimalist\page_music_songs.htm' -> 'D:\Dropbox\mydoc2\programmeren\remote potato\RPLiveTV-VS2012\Server\RemotePotatoService\bin\Release\static\skins\minimalist\page_music_songs.htm'
Copy New 'C:\Users\stefan verhagen\Documents\Visual Studio 2012\Projects\remotepotato-4333062-LivetTV\Server\RemotePotatoService\bin\Release\static\skins\retro\images\topbanner_retro.png' -> 'D:\Dropbox\mydoc2\programmeren\remote potato\RPLiveTV-VS2012\Server\RemotePotatoService\bin\Release\static\skins\retro\images\topbanner_retro.png'
Copy Over 'C:\Users\stefan verhagen\Documents\Visual Studio 2012\Projects\remotepotato-4333062-LivetTV\Server\RemotePotatoService\bin\Release\WTVTranscoder.dll' -> 'D:\Dropbox\mydoc2\programmeren\remote potato\RPLiveTV-VS2012\Server\RemotePotatoService\bin\Release\WTVTranscoder.dll'
Copy Over 'C:\Users\stefan verhagen\Documents\Visual Studio 2012\Projects\remotepotato-4333062-LivetTV\Server\RemotePotatoService\bin\Release\WTVTranscoder.pdb' -> 'D:\Dropbox\mydoc2\programmeren\remote potato\RPLiveTV-VS2012\Server\RemotePotatoService\bin\Release\WTVTranscoder.pdb'
Copy Over 'C:\Users\stefan verhagen\Documents\Visual Studio 2012\Projects\remotepotato-4333062-LivetTV\Server\RemotePotatoService\obj\Release\RemotePotatoService.csproj.FileListAbsolute.txt' -> 'D:\Dropbox\mydoc2\programmeren\remote potato\RPLiveTV-VS2012\Server\RemotePotatoService\obj\Release\RemotePotatoService.csproj.FileListAbsolute.txt'
Copy Over 'C:\Users\stefan verhagen\Documents\Visual Studio 2012\Projects\remotepotato-4333062-LivetTV\Server\RemotePotatoService\obj\Release\RemotePotatoService.csproj.GenerateResource.Cache' -> 'D:\Dropbox\mydoc2\programmeren\remote potato\RPLiveTV-VS2012\Server\RemotePotatoService\obj\Release\RemotePotatoService.csproj.GenerateResource.Cache'
Copy Over 'C:\Users\stefan verhagen\Documents\Visual Studio 2012\Projects\remotepotato-4333062-LivetTV\Server\RemotePotatoService\obj\Release\RemotePotatoService.csprojResolveAssemblyReference.cache' -> 'D:\Dropbox\mydoc2\programmeren\remote potato\RPLiveTV-VS2012\Server\RemotePotatoService\obj\Release\RemotePotatoService.csprojResolveAssemblyReference.cache'
Copy Over 'C:\Users\stefan verhagen\Documents\Visual Studio 2012\Projects\remotepotato-4333062-LivetTV\Server\RemotePotatoService\obj\Release\RemotePotatoService.exe' -> 'D:\Dropbox\mydoc2\programmeren\remote potato\RPLiveTV-VS2012\Server\RemotePotatoService\obj\Release\RemotePotatoService.exe'
Copy Over 'C:\Users\stefan verhagen\Documents\Visual Studio 2012\Projects\remotepotato-4333062-LivetTV\Server\RemotePotatoService\obj\Release\RemotePotatoService.pdb' -> 'D:\Dropbox\mydoc2\programmeren\remote potato\RPLiveTV-VS2012\Server\RemotePotatoService\obj\Release\RemotePotatoService.pdb'
Copy Over 'C:\Users\stefan verhagen\Documents\Visual Studio 2012\Projects\remotepotato-4333062-LivetTV\Server\RemotePotatoService\obj\Release\RemotePotatoService.ProjectInstaller.resources' -> 'D:\Dropbox\mydoc2\programmeren\remote potato\RPLiveTV-VS2012\Server\RemotePotatoService\obj\Release\RemotePotatoService.ProjectInstaller.resources'
Copy Over 'C:\Users\stefan verhagen\Documents\Visual Studio 2012\Projects\remotepotato-4333062-LivetTV\Server\RemotePotatoService\obj\Release\RemotePotatoService.Service1.resources' -> 'D:\Dropbox\mydoc2\programmeren\remote potato\RPLiveTV-VS2012\Server\RemotePotatoService\obj\Release\RemotePotatoService.Service1.resources'
Copy New 'C:\Users\stefan verhagen\Documents\Visual Studio 2012\Projects\remotepotato-4333062-LivetTV\Server\RemotePotatoUI\bin\Release\CommonEPG.dll' -> 'D:\Dropbox\mydoc2\programmeren\remote potato\RPLiveTV-VS2012\Server\RemotePotatoUI\bin\Release\CommonEPG.dll'
Copy New 'C:\Users\stefan verhagen\Documents\Visual Studio 2012\Projects\remotepotato-4333062-LivetTV\Server\RemotePotatoUI\bin\Release\CommonEPG.pdb' -> 'D:\Dropbox\mydoc2\programmeren\remote potato\RPLiveTV-VS2012\Server\RemotePotatoUI\bin\Release\CommonEPG.pdb'
Copy New 'C:\Users\stefan verhagen\Documents\Visual Studio 2012\Projects\remotepotato-4333062-LivetTV\Server\RemotePotatoUI\bin\Release\DirectShowLib-2005.dll' -> 'D:\Dropbox\mydoc2\programmeren\remote potato\RPLiveTV-VS2012\Server\RemotePotatoUI\bin\Release\DirectShowLib-2005.dll'
Copy New 'C:\Users\stefan verhagen\Documents\Visual Studio 2012\Projects\remotepotato-4333062-LivetTV\Server\RemotePotatoUI\bin\Release\gpl-2.0.txt' -> 'D:\Dropbox\mydoc2\programmeren\remote potato\RPLiveTV-VS2012\Server\RemotePotatoUI\bin\Release\gpl-2.0.txt'
Copy New 'C:\Users\stefan verhagen\Documents\Visual Studio 2012\Projects\remotepotato-4333062-LivetTV\Server\RemotePotatoUI\bin\Release\gplv3.txt' -> 'D:\Dropbox\mydoc2\programmeren\remote potato\RPLiveTV-VS2012\Server\RemotePotatoUI\bin\Release\gplv3.txt'
Copy New 'C:\Users\stefan verhagen\Documents\Visual Studio 2012\Projects\remotepotato-4333062-LivetTV\Server\RemotePotatoUI\bin\Release\Ionic.Zip.Reduced.dll' -> 'D:\Dropbox\mydoc2\programmeren\remote potato\RPLiveTV-VS2012\Server\RemotePotatoUI\bin\Release\Ionic.Zip.Reduced.dll'
Copy New 'C:\Users\stefan verhagen\Documents\Visual Studio 2012\Projects\remotepotato-4333062-LivetTV\Server\RemotePotatoUI\bin\Release\MediaStreamer.dll' -> 'D:\Dropbox\mydoc2\programmeren\remote potato\RPLiveTV-VS2012\Server\RemotePotatoUI\bin\Release\MediaStreamer.dll'
Copy New 'C:\Users\stefan verhagen\Documents\Visual Studio 2012\Projects\remotepotato-4333062-LivetTV\Server\RemotePotatoUI\bin\Release\MediaStreamer.pdb' -> 'D:\Dropbox\mydoc2\programmeren\remote potato\RPLiveTV-VS2012\Server\RemotePotatoUI\bin\Release\MediaStreamer.pdb'
Copy New 'C:\Users\stefan verhagen\Documents\Visual Studio 2012\Projects\remotepotato-4333062-LivetTV\Server\RemotePotatoUI\bin\Release\Microsoft.WindowsAPICodePack.dll' -> 'D:\Dropbox\mydoc2\programmeren\remote potato\RPLiveTV-VS2012\Server\RemotePotatoUI\bin\Release\Microsoft.WindowsAPICodePack.dll'
Copy New 'C:\Users\stefan verhagen\Documents\Visual Studio 2012\Projects\remotepotato-4333062-LivetTV\Server\RemotePotatoUI\bin\Release\Microsoft.WindowsAPICodePack.pdb' -> 'D:\Dropbox\mydoc2\programmeren\remote potato\RPLiveTV-VS2012\Server\RemotePotatoUI\bin\Release\Microsoft.WindowsAPICodePack.pdb'
Copy New 'C:\Users\stefan verhagen\Documents\Visual Studio 2012\Projects\remotepotato-4333062-LivetTV\Server\RemotePotatoUI\bin\Release\Microsoft.WindowsAPICodePack.Shell.dll' -> 'D:\Dropbox\mydoc2\programmeren\remote potato\RPLiveTV-VS2012\Server\RemotePotatoUI\bin\Release\Microsoft.WindowsAPICodePack.Shell.dll'
Copy New 'C:\Users\stefan verhagen\Documents\Visual Studio 2012\Projects\remotepotato-4333062-LivetTV\Server\RemotePotatoUI\bin\Release\Microsoft.WindowsAPICodePack.Shell.pdb' -> 'D:\Dropbox\mydoc2\programmeren\remote potato\RPLiveTV-VS2012\Server\RemotePotatoUI\bin\Release\Microsoft.WindowsAPICodePack.Shell.pdb'
Copy New 'C:\Users\stefan verhagen\Documents\Visual Studio 2012\Projects\remotepotato-4333062-LivetTV\Server\RemotePotatoUI\bin\Release\MSEPG.dll' -> 'D:\Dropbox\mydoc2\programmeren\remote potato\RPLiveTV-VS2012\Server\RemotePotatoUI\bin\Release\MSEPG.dll'
Copy New 'C:\Users\stefan verhagen\Documents\Visual Studio 2012\Projects\remotepotato-4333062-LivetTV\Server\RemotePotatoUI\bin\Release\MSEPG.pdb' -> 'D:\Dropbox\mydoc2\programmeren\remote potato\RPLiveTV-VS2012\Server\RemotePotatoUI\bin\Release\MSEPG.pdb'
Copy New 'C:\Users\stefan verhagen\Documents\Visual Studio 2012\Projects\remotepotato-4333062-LivetTV\Server\RemotePotatoUI\bin\Release\RemotePotatoSettings.dll' -> 'D:\Dropbox\mydoc2\programmeren\remote potato\RPLiveTV-VS2012\Server\RemotePotatoUI\bin\Release\RemotePotatoSettings.dll'
Copy New 'C:\Users\stefan verhagen\Documents\Visual Studio 2012\Projects\remotepotato-4333062-LivetTV\Server\RemotePotatoUI\bin\Release\RemotePotatoSettings.pdb' -> 'D:\Dropbox\mydoc2\programmeren\remote potato\RPLiveTV-VS2012\Server\RemotePotatoUI\bin\Release\RemotePotatoSettings.pdb'
Copy New 'C:\Users\stefan verhagen\Documents\Visual Studio 2012\Projects\remotepotato-4333062-LivetTV\Server\RemotePotatoUI\bin\Release\RemotePotatoUI.exe' -> 'D:\Dropbox\mydoc2\programmeren\remote potato\RPLiveTV-VS2012\Server\RemotePotatoUI\bin\Release\RemotePotatoUI.exe'
Copy New 'C:\Users\stefan verhagen\Documents\Visual Studio 2012\Projects\remotepotato-4333062-LivetTV\Server\RemotePotatoUI\bin\Release\RemotePotatoUI.exe.config' -> 'D:\Dropbox\mydoc2\programmeren\remote potato\RPLiveTV-VS2012\Server\RemotePotatoUI\bin\Release\RemotePotatoUI.exe.config'
Copy New 'C:\Users\stefan verhagen\Documents\Visual Studio 2012\Projects\remotepotato-4333062-LivetTV\Server\RemotePotatoUI\bin\Release\RemotePotatoUI.pdb' -> 'D:\Dropbox\mydoc2\programmeren\remote potato\RPLiveTV-VS2012\Server\RemotePotatoUI\bin\Release\RemotePotatoUI.pdb'
Copy New 'C:\Users\stefan verhagen\Documents\Visual Studio 2012\Projects\remotepotato-4333062-LivetTV\Server\RemotePotatoUI\bin\Release\RPServer.dll' -> 'D:\Dropbox\mydoc2\programmeren\remote potato\RPLiveTV-VS2012\Server\RemotePotatoUI\bin\Release\RPServer.dll'
Copy New 'C:\Users\stefan verhagen\Documents\Visual Studio 2012\Projects\remotepotato-4333062-LivetTV\Server\RemotePotatoUI\bin\Release\RPServer.pdb' -> 'D:\Dropbox\mydoc2\programmeren\remote potato\RPLiveTV-VS2012\Server\RemotePotatoUI\bin\Release\RPServer.pdb'
Copy New 'C:\Users\stefan verhagen\Documents\Visual Studio 2012\Projects\remotepotato-4333062-LivetTV\Server\RemotePotatoUI\bin\Release\ShellUtilities.dll' -> 'D:\Dropbox\mydoc2\programmeren\remote potato\RPLiveTV-VS2012\Server\RemotePotatoUI\bin\Release\ShellUtilities.dll'
Copy New 'C:\Users\stefan verhagen\Documents\Visual Studio 2012\Projects\remotepotato-4333062-LivetTV\Server\RemotePotatoUI\bin\Release\ShellUtilities.pdb' -> 'D:\Dropbox\mydoc2\programmeren\remote potato\RPLiveTV-VS2012\Server\RemotePotatoUI\bin\Release\ShellUtilities.pdb'
Copy New 'C:\Users\stefan verhagen\Documents\Visual Studio 2012\Projects\remotepotato-4333062-LivetTV\Server\RemotePotatoUI\bin\Release\static\clientaccesspolicy.xml' -> 'D:\Dropbox\mydoc2\programmeren\remote potato\RPLiveTV-VS2012\Server\RemotePotatoUI\bin\Release\static\clientaccesspolicy.xml'
Copy New 'C:\Users\stefan verhagen\Documents\Visual Studio 2012\Projects\remotepotato-4333062-LivetTV\Server\RemotePotatoUI\bin\Release\static\images\apple-touch-icon.png' -> 'D:\Dropbox\mydoc2\programmeren\remote potato\RPLiveTV-VS2012\Server\RemotePotatoUI\bin\Release\static\images\apple-touch-icon.png'
Copy New 'C:\Users\stefan verhagen\Documents\Visual Studio 2012\Projects\remotepotato-4333062-LivetTV\Server\RemotePotatoUI\bin\Release\static\images\btnSaveSong.png' -> 'D:\Dropbox\mydoc2\programmeren\remote potato\RPLiveTV-VS2012\Server\RemotePotatoUI\bin\Release\static\images\btnSaveSong.png'
Copy New 'C:\Users\stefan verhagen\Documents\Visual Studio 2012\Projects\remotepotato-4333062-LivetTV\Server\RemotePotatoUI\bin\Release\static\images\btnStreamSong.png' -> 'D:\Dropbox\mydoc2\programmeren\remote potato\RPLiveTV-VS2012\Server\RemotePotatoUI\bin\Release\static\images\btnStreamSong.png'
Copy New 'C:\Users\stefan verhagen\Documents\Visual Studio 2012\Projects\remotepotato-4333062-LivetTV\Server\RemotePotatoUI\bin\Release\static\images\epgchanneldownarrow.png' -> 'D:\Dropbox\mydoc2\programmeren\remote potato\RPLiveTV-VS2012\Server\RemotePotatoUI\bin\Release\static\images\epgchanneldownarrow.png'
Copy New 'C:\Users\stefan verhagen\Documents\Visual Studio 2012\Projects\remotepotato-4333062-LivetTV\Server\RemotePotatoUI\bin\Release\static\images\epgchanneldownarrow_disabled.png' -> 'D:\Dropbox\mydoc2\programmeren\remote potato\RPLiveTV-VS2012\Server\RemotePotatoUI\bin\Release\static\images\epgchanneldownarrow_disabled.png'
Copy New 'C:\Users\stefan verhagen\Documents\Visual Studio 2012\Projects\remotepotato-4333062-LivetTV\Server\RemotePotatoUI\bin\Release\static\images\epgchanneluparrow.png' -> 'D:\Dropbox\mydoc2\programmeren\remote potato\RPLiveTV-VS2012\Server\RemotePotatoUI\bin\Release\static\images\epgchanneluparrow.png'
Copy New 'C:\Users\stefan verhagen\Documents\Visual Studio 2012\Projects\remotepotato-4333062-LivetTV\Server\RemotePotatoUI\bin\Release\static\images\epgchanneluparrow_disabled.png' -> 'D:\Dropbox\mydoc2\programmeren\remote potato\RPLiveTV-VS2012\Server\RemotePotatoUI\bin\Release\static\images\epgchanneluparrow_disabled.png'
Copy New 'C:\Users\stefan verhagen\Documents\Visual Studio 2012\Projects\remotepotato-4333062-LivetTV\Server\RemotePotatoUI\bin\Release\static\images\epggrid_shading.png' -> 'D:\Dropbox\mydoc2\programmeren\remote potato\RPLiveTV-VS2012\Server\RemotePotatoUI\bin\Release\static\images\epggrid_shading.png'
Copy New 'C:\Users\stefan verhagen\Documents\Visual Studio 2012\Projects\remotepotato-4333062-LivetTV\Server\RemotePotatoUI\bin\Release\static\images\epgtimeleftarrow.png' -> 'D:\Dropbox\mydoc2\programmeren\remote potato\RPLiveTV-VS2012\Server\RemotePotatoUI\bin\Release\static\images\epgtimeleftarrow.png'
Copy New 'C:\Users\stefan verhagen\Documents\Visual Studio 2012\Projects\remotepotato-4333062-LivetTV\Server\RemotePotatoUI\bin\Release\static\images\epgtimerightarrow.png' -> 'D:\Dropbox\mydoc2\programmeren\remote potato\RPLiveTV-VS2012\Server\RemotePotatoUI\bin\Release\static\images\epgtimerightarrow.png'
Copy New 'C:\Users\stefan verhagen\Documents\Visual Studio 2012\Projects\remotepotato-4333062-LivetTV\Server\RemotePotatoUI\bin\Release\static\images\imgFolder150x75.png' -> 'D:\Dropbox\mydoc2\programmeren\remote potato\RPLiveTV-VS2012\Server\RemotePotatoUI\bin\Release\static\images\imgFolder150x75.png'
Copy New 'C:\Users\stefan verhagen\Documents\Visual Studio 2012\Projects\remotepotato-4333062-LivetTV\Server\RemotePotatoUI\bin\Release\static\images\logosquare.png' -> 'D:\Dropbox\mydoc2\programmeren\remote potato\RPLiveTV-VS2012\Server\RemotePotatoUI\bin\Release\static\images\logosquare.png'
Copy New 'C:\Users\stefan verhagen\Documents\Visual Studio 2012\Projects\remotepotato-4333062-LivetTV\Server\RemotePotatoUI\bin\Release\static\images\mce_remote2.png' -> 'D:\Dropbox\mydoc2\programmeren\remote potato\RPLiveTV-VS2012\Server\RemotePotatoUI\bin\Release\static\images\mce_remote2.png'
Copy New 'C:\Users\stefan verhagen\Documents\Visual Studio 2012\Projects\remotepotato-4333062-LivetTV\Server\RemotePotatoUI\bin\Release\static\images\record_dot_onetime.png' -> 'D:\Dropbox\mydoc2\programmeren\remote potato\RPLiveTV-VS2012\Server\RemotePotatoUI\bin\Release\static\images\record_dot_onetime.png'
Copy New 'C:\Users\stefan verhagen\Documents\Visual Studio 2012\Projects\remotepotato-4333062-LivetTV\Server\RemotePotatoUI\bin\Release\static\images\record_dot_series.png' -> 'D:\Dropbox\mydoc2\programmeren\remote potato\RPLiveTV-VS2012\Server\RemotePotatoUI\bin\Release\static\images\record_dot_series.png'
Copy New 'C:\Users\stefan verhagen\Documents\Visual Studio 2012\Projects\remotepotato-4333062-LivetTV\Server\RemotePotatoUI\bin\Release\static\images\remotepotato_HLogo_small.png' -> 'D:\Dropbox\mydoc2\programmeren\remote potato\RPLiveTV-VS2012\Server\RemotePotatoUI\bin\Release\static\images\remotepotato_HLogo_small.png'
Copy New 'C:\Users\stefan verhagen\Documents\Visual Studio 2012\Projects\remotepotato-4333062-LivetTV\Server\RemotePotatoUI\bin\Release\static\images\remotepotatoicon.ico' -> 'D:\Dropbox\mydoc2\programmeren\remote potato\RPLiveTV-VS2012\Server\RemotePotatoUI\bin\Release\static\images\remotepotatoicon.ico'
Copy New 'C:\Users\stefan verhagen\Documents\Visual Studio 2012\Projects\remotepotato-4333062-LivetTV\Server\RemotePotatoUI\bin\Release\static\images\showhdlogo.png' -> 'D:\Dropbox\mydoc2\programmeren\remote potato\RPLiveTV-VS2012\Server\RemotePotatoUI\bin\Release\static\images\showhdlogo.png'
Copy New 'C:\Users\stefan verhagen\Documents\Visual Studio 2012\Projects\remotepotato-4333062-LivetTV\Server\RemotePotatoUI\bin\Release\static\images\showtypedocumentary.png' -> 'D:\Dropbox\mydoc2\programmeren\remote potato\RPLiveTV-VS2012\Server\RemotePotatoUI\bin\Release\static\images\showtypedocumentary.png'
Copy New 'C:\Users\stefan verhagen\Documents\Visual Studio 2012\Projects\remotepotato-4333062-LivetTV\Server\RemotePotatoUI\bin\Release\static\images\showtypekids.png' -> 'D:\Dropbox\mydoc2\programmeren\remote potato\RPLiveTV-VS2012\Server\RemotePotatoUI\bin\Release\static\images\showtypekids.png'
Copy New 'C:\Users\stefan verhagen\Documents\Visual Studio 2012\Projects\remotepotato-4333062-LivetTV\Server\RemotePotatoUI\bin\Release\static\images\showtypemovie.png' -> 'D:\Dropbox\mydoc2\programmeren\remote potato\RPLiveTV-VS2012\Server\RemotePotatoUI\bin\Release\static\images\showtypemovie.png'
Copy New 'C:\Users\stefan verhagen\Documents\Visual Studio 2012\Projects\remotepotato-4333062-LivetTV\Server\RemotePotatoUI\bin\Release\static\images\showtypenews.png' -> 'D:\Dropbox\mydoc2\programmeren\remote potato\RPLiveTV-VS2012\Server\RemotePotatoUI\bin\Release\static\images\showtypenews.png'
Copy New 'C:\Users\stefan verhagen\Documents\Visual Studio 2012\Projects\remotepotato-4333062-LivetTV\Server\RemotePotatoUI\bin\Release\static\images\showtypesport.png' -> 'D:\Dropbox\mydoc2\programmeren\remote potato\RPLiveTV-VS2012\Server\RemotePotatoUI\bin\Release\static\images\showtypesport.png'
Copy New 'C:\Users\stefan verhagen\Documents\Visual Studio 2012\Projects\remotepotato-4333062-LivetTV\Server\RemotePotatoUI\bin\Release\static\images\starHalf.png' -> 'D:\Dropbox\mydoc2\programmeren\remote potato\RPLiveTV-VS2012\Server\RemotePotatoUI\bin\Release\static\images\starHalf.png'
Copy New 'C:\Users\stefan verhagen\Documents\Visual Studio 2012\Projects\remotepotato-4333062-LivetTV\Server\RemotePotatoUI\bin\Release\static\images\starOff.png' -> 'D:\Dropbox\mydoc2\programmeren\remote potato\RPLiveTV-VS2012\Server\RemotePotatoUI\bin\Release\static\images\starOff.png'
Copy New 'C:\Users\stefan verhagen\Documents\Visual Studio 2012\Projects\remotepotato-4333062-LivetTV\Server\RemotePotatoUI\bin\Release\static\images\starOn.png' -> 'D:\Dropbox\mydoc2\programmeren\remote potato\RPLiveTV-VS2012\Server\RemotePotatoUI\bin\Release\static\images\starOn.png'
Copy New 'C:\Users\stefan verhagen\Documents\Visual Studio 2012\Projects\remotepotato-4333062-LivetTV\Server\RemotePotatoUI\bin\Release\static\images\tinypotato.png' -> 'D:\Dropbox\mydoc2\programmeren\remote potato\RPLiveTV-VS2012\Server\RemotePotatoUI\bin\Release\static\images\tinypotato.png'
Copy New 'C:\Users\stefan verhagen\Documents\Visual Studio 2012\Projects\remotepotato-4333062-LivetTV\Server\RemotePotatoUI\bin\Release\static\images\topbanner_landscape.png' -> 'D:\Dropbox\mydoc2\programmeren\remote potato\RPLiveTV-VS2012\Server\RemotePotatoUI\bin\Release\static\images\topbanner_landscape.png'
Copy New 'C:\Users\stefan verhagen\Documents\Visual Studio 2012\Projects\remotepotato-4333062-LivetTV\Server\RemotePotatoUI\bin\Release\static\images\topbanner_portrait.png' -> 'D:\Dropbox\mydoc2\programmeren\remote potato\RPLiveTV-VS2012\Server\RemotePotatoUI\bin\Release\static\images\topbanner_portrait.png'
Copy New 'C:\Users\stefan verhagen\Documents\Visual Studio 2012\Projects\remotepotato-4333062-LivetTV\Server\RemotePotatoUI\bin\Release\static\robots.txt' -> 'D:\Dropbox\mydoc2\programmeren\remote potato\RPLiveTV-VS2012\Server\RemotePotatoUI\bin\Release\static\robots.txt'
Copy New 'C:\Users\stefan verhagen\Documents\Visual Studio 2012\Projects\remotepotato-4333062-LivetTV\Server\RemotePotatoUI\bin\Release\static\silverlight\default_template.htm' -> 'D:\Dropbox\mydoc2\programmeren\remote potato\RPLiveTV-VS2012\Server\RemotePotatoUI\bin\Release\static\silverlight\default_template.htm'
Copy New 'C:\Users\stefan verhagen\Documents\Visual Studio 2012\Projects\remotepotato-4333062-LivetTV\Server\RemotePotatoUI\bin\Release\static\silverlight\HLSMediaSource.dll' -> 'D:\Dropbox\mydoc2\programmeren\remote potato\RPLiveTV-VS2012\Server\RemotePotatoUI\bin\Release\static\silverlight\HLSMediaSource.dll'
Copy New 'C:\Users\stefan verhagen\Documents\Visual Studio 2012\Projects\remotepotato-4333062-LivetTV\Server\RemotePotatoUI\bin\Release\static\silverlight\SilverPotato.xap' -> 'D:\Dropbox\mydoc2\programmeren\remote potato\RPLiveTV-VS2012\Server\RemotePotatoUI\bin\Release\static\silverlight\SilverPotato.xap'
Copy New 'C:\Users\stefan verhagen\Documents\Visual Studio 2012\Projects\remotepotato-4333062-LivetTV\Server\RemotePotatoUI\bin\Release\static\skins\custom\about.txt' -> 'D:\Dropbox\mydoc2\programmeren\remote potato\RPLiveTV-VS2012\Server\RemotePotatoUI\bin\Release\static\skins\custom\about.txt'
Copy New 'C:\Users\stefan verhagen\Documents\Visual Studio 2012\Projects\remotepotato-4333062-LivetTV\Server\RemotePotatoUI\bin\Release\static\skins\custom\epg-grid.css' -> 'D:\Dropbox\mydoc2\programmeren\remote potato\RPLiveTV-VS2012\Server\RemotePotatoUI\bin\Release\static\skins\custom\epg-grid.css'
Copy New 'C:\Users\stefan verhagen\Documents\Visual Studio 2012\Projects\remotepotato-4333062-LivetTV\Server\RemotePotatoUI\bin\Release\static\skins\custom\epg-list.css' -> 'D:\Dropbox\mydoc2\programmeren\remote potato\RPLiveTV-VS2012\Server\RemotePotatoUI\bin\Release\static\skins\custom\epg-list.css'
Copy New 'C:\Users\stefan verhagen\Documents\Visual Studio 2012\Projects\remotepotato-4333062-LivetTV\Server\RemotePotatoUI\bin\Release\static\skins\custom\images\background.jpg' -> 'D:\Dropbox\mydoc2\programmeren\remote potato\RPLiveTV-VS2012\Server\RemotePotatoUI\bin\Release\static\skins\custom\images\background.jpg'
Copy New 'C:\Users\stefan verhagen\Documents\Visual Studio 2012\Projects\remotepotato-4333062-LivetTV\Server\RemotePotatoUI\bin\Release\static\skins\custom\images\transparentgray40.png' -> 'D:\Dropbox\mydoc2\programmeren\remote potato\RPLiveTV-VS2012\Server\RemotePotatoUI\bin\Release\static\skins\custom\images\transparentgray40.png'
Copy New 'C:\Users\stefan verhagen\Documents\Visual Studio 2012\Projects\remotepotato-4333062-LivetTV\Server\RemotePotatoUI\bin\Release\static\skins\custom\masterpage.htm' -> 'D:\Dropbox\mydoc2\programmeren\remote potato\RPLiveTV-VS2012\Server\RemotePotatoUI\bin\Release\static\skins\custom\masterpage.htm'
Copy New 'C:\Users\stefan verhagen\Documents\Visual Studio 2012\Projects\remotepotato-4333062-LivetTV\Server\RemotePotatoUI\bin\Release\static\skins\custom\movies.css' -> 'D:\Dropbox\mydoc2\programmeren\remote potato\RPLiveTV-VS2012\Server\RemotePotatoUI\bin\Release\static\skins\custom\movies.css'
Copy New 'C:\Users\stefan verhagen\Documents\Visual Studio 2012\Projects\remotepotato-4333062-LivetTV\Server\RemotePotatoUI\bin\Release\static\skins\custom\page_music_collection.htm' -> 'D:\Dropbox\mydoc2\programmeren\remote potato\RPLiveTV-VS2012\Server\RemotePotatoUI\bin\Release\static\skins\custom\page_music_collection.htm'
Copy New 'C:\Users\stefan verhagen\Documents\Visual Studio 2012\Projects\remotepotato-4333062-LivetTV\Server\RemotePotatoUI\bin\Release\static\skins\custom\page_music_songs.htm' -> 'D:\Dropbox\mydoc2\programmeren\remote potato\RPLiveTV-VS2012\Server\RemotePotatoUI\bin\Release\static\skins\custom\page_music_songs.htm'
Copy New 'C:\Users\stefan verhagen\Documents\Visual Studio 2012\Projects\remotepotato-4333062-LivetTV\Server\RemotePotatoUI\bin\Release\static\skins\custom\page_recordmanual.htm' -> 'D:\Dropbox\mydoc2\programmeren\remote potato\RPLiveTV-VS2012\Server\RemotePotatoUI\bin\Release\static\skins\custom\page_recordmanual.htm'
Copy New 'C:\Users\stefan verhagen\Documents\Visual Studio 2012\Projects\remotepotato-4333062-LivetTV\Server\RemotePotatoUI\bin\Release\static\skins\custom\page_recordshow_onetime.htm' -> 'D:\Dropbox\mydoc2\programmeren\remote potato\RPLiveTV-VS2012\Server\RemotePotatoUI\bin\Release\static\skins\custom\page_recordshow_onetime.htm'
Copy New 'C:\Users\stefan verhagen\Documents\Visual Studio 2012\Projects\remotepotato-4333062-LivetTV\Server\RemotePotatoUI\bin\Release\static\skins\custom\page_recordshow_series.htm' -> 'D:\Dropbox\mydoc2\programmeren\remote potato\RPLiveTV-VS2012\Server\RemotePotatoUI\bin\Release\static\skins\custom\page_recordshow_series.htm'
Copy New 'C:\Users\stefan verhagen\Documents\Visual Studio 2012\Projects\remotepotato-4333062-LivetTV\Server\RemotePotatoUI\bin\Release\static\skins\custom\page_remote.htm' -> 'D:\Dropbox\mydoc2\programmeren\remote potato\RPLiveTV-VS2012\Server\RemotePotatoUI\bin\Release\static\skins\custom\page_remote.htm'
Copy New 'C:\Users\stefan verhagen\Documents\Visual Studio 2012\Projects\remotepotato-4333062-LivetTV\Server\RemotePotatoUI\bin\Release\static\skins\custom\page_remote_command.htm' -> 'D:\Dropbox\mydoc2\programmeren\remote potato\RPLiveTV-VS2012\Server\RemotePotatoUI\bin\Release\static\skins\custom\page_remote_command.htm'
Copy New 'C:\Users\stefan verhagen\Documents\Visual Studio 2012\Projects\remotepotato-4333062-LivetTV\Server\RemotePotatoUI\bin\Release\static\skins\custom\page_searchshow_results.htm' -> 'D:\Dropbox\mydoc2\programmeren\remote potato\RPLiveTV-VS2012\Server\RemotePotatoUI\bin\Release\static\skins\custom\page_searchshow_results.htm'
Copy New 'C:\Users\stefan verhagen\Documents\Visual Studio 2012\Projects\remotepotato-4333062-LivetTV\Server\RemotePotatoUI\bin\Release\static\skins\custom\page_searchshow_title.htm' -> 'D:\Dropbox\mydoc2\programmeren\remote potato\RPLiveTV-VS2012\Server\RemotePotatoUI\bin\Release\static\skins\custom\page_searchshow_title.htm'
Copy New 'C:\Users\stefan verhagen\Documents\Visual Studio 2012\Projects\remotepotato-4333062-LivetTV\Server\RemotePotatoUI\bin\Release\static\skins\custom\page_series.htm' -> 'D:\Dropbox\mydoc2\programmeren\remote potato\RPLiveTV-VS2012\Server\RemotePotatoUI\bin\Release\static\skins\custom\page_series.htm'
Copy New 'C:\Users\stefan verhagen\Documents\Visual Studio 2012\Projects\remotepotato-4333062-LivetTV\Server\RemotePotatoUI\bin\Release\static\skins\custom\page_show.htm' -> 'D:\Dropbox\mydoc2\programmeren\remote potato\RPLiveTV-VS2012\Server\RemotePotatoUI\bin\Release\static\skins\custom\page_show.htm'
Copy New 'C:\Users\stefan verhagen\Documents\Visual Studio 2012\Projects\remotepotato-4333062-LivetTV\Server\RemotePotatoUI\bin\Release\static\skins\custom\page_viewepg_grid.htm' -> 'D:\Dropbox\mydoc2\programmeren\remote potato\RPLiveTV-VS2012\Server\RemotePotatoUI\bin\Release\static\skins\custom\page_viewepg_grid.htm'
Copy New 'C:\Users\stefan verhagen\Documents\Visual Studio 2012\Projects\remotepotato-4333062-LivetTV\Server\RemotePotatoUI\bin\Release\static\skins\custom\page_viewepg_tbl.htm' -> 'D:\Dropbox\mydoc2\programmeren\remote potato\RPLiveTV-VS2012\Server\RemotePotatoUI\bin\Release\static\skins\custom\page_viewepg_tbl.htm'
Copy New 'C:\Users\stefan verhagen\Documents\Visual Studio 2012\Projects\remotepotato-4333062-LivetTV\Server\RemotePotatoUI\bin\Release\static\skins\custom\page_viewlibrary.htm' -> 'D:\Dropbox\mydoc2\programmeren\remote potato\RPLiveTV-VS2012\Server\RemotePotatoUI\bin\Release\static\skins\custom\page_viewlibrary.htm'
Copy New 'C:\Users\stefan verhagen\Documents\Visual Studio 2012\Projects\remotepotato-4333062-LivetTV\Server\RemotePotatoUI\bin\Release\static\skins\custom\page_viewpicture.htm' -> 'D:\Dropbox\mydoc2\programmeren\remote potato\RPLiveTV-VS2012\Server\RemotePotatoUI\bin\Release\static\skins\custom\page_viewpicture.htm'
Copy New 'C:\Users\stefan verhagen\Documents\Visual Studio 2012\Projects\remotepotato-4333062-LivetTV\Server\RemotePotatoUI\bin\Release\static\skins\custom\page_viewrecordedtv.htm' -> 'D:\Dropbox\mydoc2\programmeren\remote potato\RPLiveTV-VS2012\Server\RemotePotatoUI\bin\Release\static\skins\custom\page_viewrecordedtv.htm'
Copy New 'C:\Users\stefan verhagen\Documents\Visual Studio 2012\Projects\remotepotato-4333062-LivetTV\Server\RemotePotatoUI\bin\Release\static\skins\custom\page_viewscheduledrecordings.htm' -> 'D:\Dropbox\mydoc2\programmeren\remote potato\RPLiveTV-VS2012\Server\RemotePotatoUI\bin\Release\static\skins\custom\page_viewscheduledrecordings.htm'
Copy New 'C:\Users\stefan verhagen\Documents\Visual Studio 2012\Projects\remotepotato-4333062-LivetTV\Server\RemotePotatoUI\bin\Release\static\skins\custom\rectv.css' -> 'D:\Dropbox\mydoc2\programmeren\remote potato\RPLiveTV-VS2012\Server\RemotePotatoUI\bin\Release\static\skins\custom\rectv.css'
Copy New 'C:\Users\stefan verhagen\Documents\Visual Studio 2012\Projects\remotepotato-4333062-LivetTV\Server\RemotePotatoUI\bin\Release\static\skins\custom\settings.xml' -> 'D:\Dropbox\mydoc2\programmeren\remote potato\RPLiveTV-VS2012\Server\RemotePotatoUI\bin\Release\static\skins\custom\settings.xml'
Copy New 'C:\Users\stefan verhagen\Documents\Visual Studio 2012\Projects\remotepotato-4333062-LivetTV\Server\RemotePotatoUI\bin\Release\static\skins\custom\showdetails.css' -> 'D:\Dropbox\mydoc2\programmeren\remote potato\RPLiveTV-VS2012\Server\RemotePotatoUI\bin\Release\static\skins\custom\showdetails.css'
Copy New 'C:\Users\stefan verhagen\Documents\Visual Studio 2012\Projects\remotepotato-4333062-LivetTV\Server\RemotePotatoUI\bin\Release\static\skins\custom\stream_show.htm' -> 'D:\Dropbox\mydoc2\programmeren\remote potato\RPLiveTV-VS2012\Server\RemotePotatoUI\bin\Release\static\skins\custom\stream_show.htm'
Copy New 'C:\Users\stefan verhagen\Documents\Visual Studio 2012\Projects\remotepotato-4333062-LivetTV\Server\RemotePotatoUI\bin\Release\static\skins\custom\styles.css' -> 'D:\Dropbox\mydoc2\programmeren\remote potato\RPLiveTV-VS2012\Server\RemotePotatoUI\bin\Release\static\skins\custom\styles.css'
Copy New 'C:\Users\stefan verhagen\Documents\Visual Studio 2012\Projects\remotepotato-4333062-LivetTV\Server\RemotePotatoUI\bin\Release\static\skins\custom\thumbnail_default.png' -> 'D:\Dropbox\mydoc2\programmeren\remote potato\RPLiveTV-VS2012\Server\RemotePotatoUI\bin\Release\static\skins\custom\thumbnail_default.png'
Copy New 'C:\Users\stefan verhagen\Documents\Visual Studio 2012\Projects\remotepotato-4333062-LivetTV\Server\RemotePotatoUI\bin\Release\static\skins\default\about.txt' -> 'D:\Dropbox\mydoc2\programmeren\remote potato\RPLiveTV-VS2012\Server\RemotePotatoUI\bin\Release\static\skins\default\about.txt'
Copy New 'C:\Users\stefan verhagen\Documents\Visual Studio 2012\Projects\remotepotato-4333062-LivetTV\Server\RemotePotatoUI\bin\Release\static\skins\default\epg-grid.css' -> 'D:\Dropbox\mydoc2\programmeren\remote potato\RPLiveTV-VS2012\Server\RemotePotatoUI\bin\Release\static\skins\default\epg-grid.css'
Copy New 'C:\Users\stefan verhagen\Documents\Visual Studio 2012\Projects\remotepotato-4333062-LivetTV\Server\RemotePotatoUI\bin\Release\static\skins\default\epg-list.css' -> 'D:\Dropbox\mydoc2\programmeren\remote potato\RPLiveTV-VS2012\Server\RemotePotatoUI\bin\Release\static\skins\default\epg-list.css'
Copy New 'C:\Users\stefan verhagen\Documents\Visual Studio 2012\Projects\remotepotato-4333062-LivetTV\Server\RemotePotatoUI\bin\Release\static\skins\default\images\background.jpg' -> 'D:\Dropbox\mydoc2\programmeren\remote potato\RPLiveTV-VS2012\Server\RemotePotatoUI\bin\Release\static\skins\default\images\background.jpg'
Copy New 'C:\Users\stefan verhagen\Documents\Visual Studio 2012\Projects\remotepotato-4333062-LivetTV\Server\RemotePotatoUI\bin\Release\static\skins\default\images\transparentgray40.png' -> 'D:\Dropbox\mydoc2\programmeren\remote potato\RPLiveTV-VS2012\Server\RemotePotatoUI\bin\Release\static\skins\default\images\transparentgray40.png'
Copy New 'C:\Users\stefan verhagen\Documents\Visual Studio 2012\Projects\remotepotato-4333062-LivetTV\Server\RemotePotatoUI\bin\Release\static\skins\default\masterpage.htm' -> 'D:\Dropbox\mydoc2\programmeren\remote potato\RPLiveTV-VS2012\Server\RemotePotatoUI\bin\Release\static\skins\default\masterpage.htm'
Copy New 'C:\Users\stefan verhagen\Documents\Visual Studio 2012\Projects\remotepotato-4333062-LivetTV\Server\RemotePotatoUI\bin\Release\static\skins\default\movies.css' -> 'D:\Dropbox\mydoc2\programmeren\remote potato\RPLiveTV-VS2012\Server\RemotePotatoUI\bin\Release\static\skins\default\movies.css'
Copy New 'C:\Users\stefan verhagen\Documents\Visual Studio 2012\Projects\remotepotato-4333062-LivetTV\Server\RemotePotatoUI\bin\Release\static\skins\default\page_login.htm' -> 'D:\Dropbox\mydoc2\programmeren\remote potato\RPLiveTV-VS2012\Server\RemotePotatoUI\bin\Release\static\skins\default\page_login.htm'
Copy New 'C:\Users\stefan verhagen\Documents\Visual Studio 2012\Projects\remotepotato-4333062-LivetTV\Server\RemotePotatoUI\bin\Release\static\skins\default\page_movie.htm' -> 'D:\Dropbox\mydoc2\programmeren\remote potato\RPLiveTV-VS2012\Server\RemotePotatoUI\bin\Release\static\skins\default\page_movie.htm'
Copy New 'C:\Users\stefan verhagen\Documents\Visual Studio 2012\Projects\remotepotato-4333062-LivetTV\Server\RemotePotatoUI\bin\Release\static\skins\default\page_music_collection.htm' -> 'D:\Dropbox\mydoc2\programmeren\remote potato\RPLiveTV-VS2012\Server\RemotePotatoUI\bin\Release\static\skins\default\page_music_collection.htm'
Copy New 'C:\Users\stefan verhagen\Documents\Visual Studio 2012\Projects\remotepotato-4333062-LivetTV\Server\RemotePotatoUI\bin\Release\static\skins\default\page_music_songs.htm' -> 'D:\Dropbox\mydoc2\programmeren\remote potato\RPLiveTV-VS2012\Server\RemotePotatoUI\bin\Release\static\skins\default\page_music_songs.htm'
Copy New 'C:\Users\stefan verhagen\Documents\Visual Studio 2012\Projects\remotepotato-4333062-LivetTV\Server\RemotePotatoUI\bin\Release\static\skins\default\page_recordmanual.htm' -> 'D:\Dropbox\mydoc2\programmeren\remote potato\RPLiveTV-VS2012\Server\RemotePotatoUI\bin\Release\static\skins\default\page_recordmanual.htm'
Copy New 'C:\Users\stefan verhagen\Documents\Visual Studio 2012\Projects\remotepotato-4333062-LivetTV\Server\RemotePotatoUI\bin\Release\static\skins\default\page_recordshow_onetime.htm' -> 'D:\Dropbox\mydoc2\programmeren\remote potato\RPLiveTV-VS2012\Server\RemotePotatoUI\bin\Release\static\skins\default\page_recordshow_onetime.htm'
Copy New 'C:\Users\stefan verhagen\Documents\Visual Studio 2012\Projects\remotepotato-4333062-LivetTV\Server\RemotePotatoUI\bin\Release\static\skins\default\page_recordshow_series.htm' -> 'D:\Dropbox\mydoc2\programmeren\remote potato\RPLiveTV-VS2012\Server\RemotePotatoUI\bin\Release\static\skins\default\page_recordshow_series.htm'
Copy New 'C:\Users\stefan verhagen\Documents\Visual Studio 2012\Projects\remotepotato-4333062-LivetTV\Server\RemotePotatoUI\bin\Release\static\skins\default\page_remote.htm' -> 'D:\Dropbox\mydoc2\programmeren\remote potato\RPLiveTV-VS2012\Server\RemotePotatoUI\bin\Release\static\skins\default\page_remote.htm'
Copy New 'C:\Users\stefan verhagen\Documents\Visual Studio 2012\Projects\remotepotato-4333062-LivetTV\Server\RemotePotatoUI\bin\Release\static\skins\default\page_remote_command.htm' -> 'D:\Dropbox\mydoc2\programmeren\remote potato\RPLiveTV-VS2012\Server\RemotePotatoUI\bin\Release\static\skins\default\page_remote_command.htm'
Copy New 'C:\Users\stefan verhagen\Documents\Visual Studio 2012\Projects\remotepotato-4333062-LivetTV\Server\RemotePotatoUI\bin\Release\static\skins\default\page_searchshow_results.htm' -> 'D:\Dropbox\mydoc2\programmeren\remote potato\RPLiveTV-VS2012\Server\RemotePotatoUI\bin\Release\static\skins\default\page_searchshow_results.htm'
Copy New 'C:\Users\stefan verhagen\Documents\Visual Studio 2012\Projects\remotepotato-4333062-LivetTV\Server\RemotePotatoUI\bin\Release\static\skins\default\page_searchshow_title.htm' -> 'D:\Dropbox\mydoc2\programmeren\remote potato\RPLiveTV-VS2012\Server\RemotePotatoUI\bin\Release\static\skins\default\page_searchshow_title.htm'
Copy New 'C:\Users\stefan verhagen\Documents\Visual Studio 2012\Projects\remotepotato-4333062-LivetTV\Server\RemotePotatoUI\bin\Release\static\skins\default\page_series.htm' -> 'D:\Dropbox\mydoc2\programmeren\remote potato\RPLiveTV-VS2012\Server\RemotePotatoUI\bin\Release\static\skins\default\page_series.htm'
Copy New 'C:\Users\stefan verhagen\Documents\Visual Studio 2012\Projects\remotepotato-4333062-LivetTV\Server\RemotePotatoUI\bin\Release\static\skins\default\page_show.htm' -> 'D:\Dropbox\mydoc2\programmeren\remote potato\RPLiveTV-VS2012\Server\RemotePotatoUI\bin\Release\static\skins\default\page_show.htm'
Copy New 'C:\Users\stefan verhagen\Documents\Visual Studio 2012\Projects\remotepotato-4333062-LivetTV\Server\RemotePotatoUI\bin\Release\static\skins\default\page_viewepg_grid.htm' -> 'D:\Dropbox\mydoc2\programmeren\remote potato\RPLiveTV-VS2012\Server\RemotePotatoUI\bin\Release\static\skins\default\page_viewepg_grid.htm'
Copy New 'C:\Users\stefan verhagen\Documents\Visual Studio 2012\Projects\remotepotato-4333062-LivetTV\Server\RemotePotatoUI\bin\Release\static\skins\default\page_viewepg_tbl.htm' -> 'D:\Dropbox\mydoc2\programmeren\remote potato\RPLiveTV-VS2012\Server\RemotePotatoUI\bin\Release\static\skins\default\page_viewepg_tbl.htm'
Copy New 'C:\Users\stefan verhagen\Documents\Visual Studio 2012\Projects\remotepotato-4333062-LivetTV\Server\RemotePotatoUI\bin\Release\static\skins\default\page_viewlibrary.htm' -> 'D:\Dropbox\mydoc2\programmeren\remote potato\RPLiveTV-VS2012\Server\RemotePotatoUI\bin\Release\static\skins\default\page_viewlibrary.htm'
Copy New 'C:\Users\stefan verhagen\Documents\Visual Studio 2012\Projects\remotepotato-4333062-LivetTV\Server\RemotePotatoUI\bin\Release\static\skins\default\page_viewpicture.htm' -> 'D:\Dropbox\mydoc2\programmeren\remote potato\RPLiveTV-VS2012\Server\RemotePotatoUI\bin\Release\static\skins\default\page_viewpicture.htm'
Copy New 'C:\Users\stefan verhagen\Documents\Visual Studio 2012\Projects\remotepotato-4333062-LivetTV\Server\RemotePotatoUI\bin\Release\static\skins\default\page_viewrecordedtv.htm' -> 'D:\Dropbox\mydoc2\programmeren\remote potato\RPLiveTV-VS2012\Server\RemotePotatoUI\bin\Release\static\skins\default\page_viewrecordedtv.htm'
Copy New 'C:\Users\stefan verhagen\Documents\Visual Studio 2012\Projects\remotepotato-4333062-LivetTV\Server\RemotePotatoUI\bin\Release\static\skins\default\page_viewscheduledrecordings.htm' -> 'D:\Dropbox\mydoc2\programmeren\remote potato\RPLiveTV-VS2012\Server\RemotePotatoUI\bin\Release\static\skins\default\page_viewscheduledrecordings.htm'
Copy New 'C:\Users\stefan verhagen\Documents\Visual Studio 2012\Projects\remotepotato-4333062-LivetTV\Server\RemotePotatoUI\bin\Release\static\skins\default\rectv.css' -> 'D:\Dropbox\mydoc2\programmeren\remote potato\RPLiveTV-VS2012\Server\RemotePotatoUI\bin\Release\static\skins\default\rectv.css'
Copy New 'C:\Users\stefan verhagen\Documents\Visual Studio 2012\Projects\remotepotato-4333062-LivetTV\Server\RemotePotatoUI\bin\Release\static\skins\default\settings.xml' -> 'D:\Dropbox\mydoc2\programmeren\remote potato\RPLiveTV-VS2012\Server\RemotePotatoUI\bin\Release\static\skins\default\settings.xml'
Copy New 'C:\Users\stefan verhagen\Documents\Visual Studio 2012\Projects\remotepotato-4333062-LivetTV\Server\RemotePotatoUI\bin\Release\static\skins\default\showdetails.css' -> 'D:\Dropbox\mydoc2\programmeren\remote potato\RPLiveTV-VS2012\Server\RemotePotatoUI\bin\Release\static\skins\default\showdetails.css'
Copy New 'C:\Users\stefan verhagen\Documents\Visual Studio 2012\Projects\remotepotato-4333062-LivetTV\Server\RemotePotatoUI\bin\Release\static\skins\default\stream_show.htm' -> 'D:\Dropbox\mydoc2\programmeren\remote potato\RPLiveTV-VS2012\Server\RemotePotatoUI\bin\Release\static\skins\default\stream_show.htm'
Copy New 'C:\Users\stefan verhagen\Documents\Visual Studio 2012\Projects\remotepotato-4333062-LivetTV\Server\RemotePotatoUI\bin\Release\static\skins\default\styles.css' -> 'D:\Dropbox\mydoc2\programmeren\remote potato\RPLiveTV-VS2012\Server\RemotePotatoUI\bin\Release\static\skins\default\styles.css'
Copy New 'C:\Users\stefan verhagen\Documents\Visual Studio 2012\Projects\remotepotato-4333062-LivetTV\Server\RemotePotatoUI\bin\Release\static\skins\default\thumbnail_default.png' -> 'D:\Dropbox\mydoc2\programmeren\remote potato\RPLiveTV-VS2012\Server\RemotePotatoUI\bin\Release\static\skins\default\thumbnail_default.png'
Copy New 'C:\Users\stefan verhagen\Documents\Visual Studio 2012\Projects\remotepotato-4333062-LivetTV\Server\RemotePotatoUI\bin\Release\static\skins\minimalist\about.txt' -> 'D:\Dropbox\mydoc2\programmeren\remote potato\RPLiveTV-VS2012\Server\RemotePotatoUI\bin\Release\static\skins\minimalist\about.txt'
Copy New 'C:\Users\stefan verhagen\Documents\Visual Studio 2012\Projects\remotepotato-4333062-LivetTV\Server\RemotePotatoUI\bin\Release\static\skins\minimalist\epg-grid.css' -> 'D:\Dropbox\mydoc2\programmeren\remote potato\RPLiveTV-VS2012\Server\RemotePotatoUI\bin\Release\static\skins\minimalist\epg-grid.css'
Copy New 'C:\Users\stefan verhagen\Documents\Visual Studio 2012\Projects\remotepotato-4333062-LivetTV\Server\RemotePotatoUI\bin\Release\static\skins\minimalist\epg-list.css' -> 'D:\Dropbox\mydoc2\programmeren\remote potato\RPLiveTV-VS2012\Server\RemotePotatoUI\bin\Release\static\skins\minimalist\epg-list.css'
Copy New 'C:\Users\stefan verhagen\Documents\Visual Studio 2012\Projects\remotepotato-4333062-LivetTV\Server\RemotePotatoUI\bin\Release\static\skins\minimalist\masterpage.htm' -> 'D:\Dropbox\mydoc2\programmeren\remote potato\RPLiveTV-VS2012\Server\RemotePotatoUI\bin\Release\static\skins\minimalist\masterpage.htm'
Copy New 'C:\Users\stefan verhagen\Documents\Visual Studio 2012\Projects\remotepotato-4333062-LivetTV\Server\RemotePotatoUI\bin\Release\static\skins\minimalist\movies.css' -> 'D:\Dropbox\mydoc2\programmeren\remote potato\RPLiveTV-VS2012\Server\RemotePotatoUI\bin\Release\static\skins\minimalist\movies.css'
Copy New 'C:\Users\stefan verhagen\Documents\Visual Studio 2012\Projects\remotepotato-4333062-LivetTV\Server\RemotePotatoUI\bin\Release\static\skins\minimalist\page_movie.htm' -> 'D:\Dropbox\mydoc2\programmeren\remote potato\RPLiveTV-VS2012\Server\RemotePotatoUI\bin\Release\static\skins\minimalist\page_movie.htm'
Copy New 'C:\Users\stefan verhagen\Documents\Visual Studio 2012\Projects\remotepotato-4333062-LivetTV\Server\RemotePotatoUI\bin\Release\static\skins\minimalist\page_movies.htm' -> 'D:\Dropbox\mydoc2\programmeren\remote potato\RPLiveTV-VS2012\Server\RemotePotatoUI\bin\Release\static\skins\minimalist\page_movies.htm'
Copy New 'C:\Users\stefan verhagen\Documents\Visual Studio 2012\Projects\remotepotato-4333062-LivetTV\Server\RemotePotatoUI\bin\Release\static\skins\minimalist\page_music_collection.htm' -> 'D:\Dropbox\mydoc2\programmeren\remote potato\RPLiveTV-VS2012\Server\RemotePotatoUI\bin\Release\static\skins\minimalist\page_music_collection.htm'
Copy New 'C:\Users\stefan verhagen\Documents\Visual Studio 2012\Projects\remotepotato-4333062-LivetTV\Server\RemotePotatoUI\bin\Release\static\skins\minimalist\page_music_songs.htm' -> 'D:\Dropbox\mydoc2\programmeren\remote potato\RPLiveTV-VS2012\Server\RemotePotatoUI\bin\Release\static\skins\minimalist\page_music_songs.htm'
Copy New 'C:\Users\stefan verhagen\Documents\Visual Studio 2012\Projects\remotepotato-4333062-LivetTV\Server\RemotePotatoUI\bin\Release\static\skins\minimalist\page_recordmanual.htm' -> 'D:\Dropbox\mydoc2\programmeren\remote potato\RPLiveTV-VS2012\Server\RemotePotatoUI\bin\Release\static\skins\minimalist\page_recordmanual.htm'
Copy New 'C:\Users\stefan verhagen\Documents\Visual Studio 2012\Projects\remotepotato-4333062-LivetTV\Server\RemotePotatoUI\bin\Release\static\skins\minimalist\page_recordshow_onetime.htm' -> 'D:\Dropbox\mydoc2\programmeren\remote potato\RPLiveTV-VS2012\Server\RemotePotatoUI\bin\Release\static\skins\minimalist\page_recordshow_onetime.htm'
Copy New 'C:\Users\stefan verhagen\Documents\Visual Studio 2012\Projects\remotepotato-4333062-LivetTV\Server\RemotePotatoUI\bin\Release\static\skins\minimalist\page_recordshow_series.htm' -> 'D:\Dropbox\mydoc2\programmeren\remote potato\RPLiveTV-VS2012\Server\RemotePotatoUI\bin\Release\static\skins\minimalist\page_recordshow_series.htm'
Copy New 'C:\Users\stefan verhagen\Documents\Visual Studio 2012\Projects\remotepotato-4333062-LivetTV\Server\RemotePotatoUI\bin\Release\static\skins\minimalist\page_remote.htm' -> 'D:\Dropbox\mydoc2\programmeren\remote potato\RPLiveTV-VS2012\Server\RemotePotatoUI\bin\Release\static\skins\minimalist\page_remote.htm'
Copy New 'C:\Users\stefan verhagen\Documents\Visual Studio 2012\Projects\remotepotato-4333062-LivetTV\Server\RemotePotatoUI\bin\Release\static\skins\minimalist\page_remote_command.htm' -> 'D:\Dropbox\mydoc2\programmeren\remote potato\RPLiveTV-VS2012\Server\RemotePotatoUI\bin\Release\static\skins\minimalist\page_remote_command.htm'
Copy New 'C:\Users\stefan verhagen\Documents\Visual Studio 2012\Projects\remotepotato-4333062-LivetTV\Server\RemotePotatoUI\bin\Release\static\skins\minimalist\page_searchshow_results.htm' -> 'D:\Dropbox\mydoc2\programmeren\remote potato\RPLiveTV-VS2012\Server\RemotePotatoUI\bin\Release\static\skins\minimalist\page_searchshow_results.htm'
Copy New 'C:\Users\stefan verhagen\Documents\Visual Studio 2012\Projects\remotepotato-4333062-LivetTV\Server\RemotePotatoUI\bin\Release\static\skins\minimalist\page_searchshow_title.htm' -> 'D:\Dropbox\mydoc2\programmeren\remote potato\RPLiveTV-VS2012\Server\RemotePotatoUI\bin\Release\static\skins\minimalist\page_searchshow_title.htm'
Copy New 'C:\Users\stefan verhagen\Documents\Visual Studio 2012\Projects\remotepotato-4333062-LivetTV\Server\RemotePotatoUI\bin\Release\static\skins\minimalist\page_series.htm' -> 'D:\Dropbox\mydoc2\programmeren\remote potato\RPLiveTV-VS2012\Server\RemotePotatoUI\bin\Release\static\skins\minimalist\page_series.htm'
Copy New 'C:\Users\stefan verhagen\Documents\Visual Studio 2012\Projects\remotepotato-4333062-LivetTV\Server\RemotePotatoUI\bin\Release\static\skins\minimalist\page_show.htm' -> 'D:\Dropbox\mydoc2\programmeren\remote potato\RPLiveTV-VS2012\Server\RemotePotatoUI\bin\Release\static\skins\minimalist\page_show.htm'
Copy New 'C:\Users\stefan verhagen\Documents\Visual Studio 2012\Projects\remotepotato-4333062-LivetTV\Server\RemotePotatoUI\bin\Release\static\skins\minimalist\page_viewepg_grid.htm' -> 'D:\Dropbox\mydoc2\programmeren\remote potato\RPLiveTV-VS2012\Server\RemotePotatoUI\bin\Release\static\skins\minimalist\page_viewepg_grid.htm'
Copy New 'C:\Users\stefan verhagen\Documents\Visual Studio 2012\Projects\remotepotato-4333062-LivetTV\Server\RemotePotatoUI\bin\Release\static\skins\minimalist\page_viewepg_tbl.htm' -> 'D:\Dropbox\mydoc2\programmeren\remote potato\RPLiveTV-VS2012\Server\RemotePotatoUI\bin\Release\static\skins\minimalist\page_viewepg_tbl.htm'
Copy New 'C:\Users\stefan verhagen\Documents\Visual Studio 2012\Projects\remotepotato-4333062-LivetTV\Server\RemotePotatoUI\bin\Release\static\skins\minimalist\page_viewlibrary.htm' -> 'D:\Dropbox\mydoc2\programmeren\remote potato\RPLiveTV-VS2012\Server\RemotePotatoUI\bin\Release\static\skins\minimalist\page_viewlibrary.htm'
Copy New 'C:\Users\stefan verhagen\Documents\Visual Studio 2012\Projects\remotepotato-4333062-LivetTV\Server\RemotePotatoUI\bin\Release\static\skins\minimalist\page_viewpicture.htm' -> 'D:\Dropbox\mydoc2\programmeren\remote potato\RPLiveTV-VS2012\Server\RemotePotatoUI\bin\Release\static\skins\minimalist\page_viewpicture.htm'
Copy New 'C:\Users\stefan verhagen\Documents\Visual Studio 2012\Projects\remotepotato-4333062-LivetTV\Server\RemotePotatoUI\bin\Release\static\skins\minimalist\page_viewrecordedtv.htm' -> 'D:\Dropbox\mydoc2\programmeren\remote potato\RPLiveTV-VS2012\Server\RemotePotatoUI\bin\Release\static\skins\minimalist\page_viewrecordedtv.htm'
Copy New 'C:\Users\stefan verhagen\Documents\Visual Studio 2012\Projects\remotepotato-4333062-LivetTV\Server\RemotePotatoUI\bin\Release\static\skins\minimalist\page_viewscheduledrecordings.htm' -> 'D:\Dropbox\mydoc2\programmeren\remote potato\RPLiveTV-VS2012\Server\RemotePotatoUI\bin\Release\static\skins\minimalist\page_viewscheduledrecordings.htm'
Copy New 'C:\Users\stefan verhagen\Documents\Visual Studio 2012\Projects\remotepotato-4333062-LivetTV\Server\RemotePotatoUI\bin\Release\static\skins\minimalist\rectv.css' -> 'D:\Dropbox\mydoc2\programmeren\remote potato\RPLiveTV-VS2012\Server\RemotePotatoUI\bin\Release\static\skins\minimalist\rectv.css'
Copy New 'C:\Users\stefan verhagen\Documents\Visual Studio 2012\Projects\remotepotato-4333062-LivetTV\Server\RemotePotatoUI\bin\Release\static\skins\minimalist\settings.xml' -> 'D:\Dropbox\mydoc2\programmeren\remote potato\RPLiveTV-VS2012\Server\RemotePotatoUI\bin\Release\static\skins\minimalist\settings.xml'
Copy New 'C:\Users\stefan verhagen\Documents\Visual Studio 2012\Projects\remotepotato-4333062-LivetTV\Server\RemotePotatoUI\bin\Release\static\skins\minimalist\showdetails.css' -> 'D:\Dropbox\mydoc2\programmeren\remote potato\RPLiveTV-VS2012\Server\RemotePotatoUI\bin\Release\static\skins\minimalist\showdetails.css'
Copy New 'C:\Users\stefan verhagen\Documents\Visual Studio 2012\Projects\remotepotato-4333062-LivetTV\Server\RemotePotatoUI\bin\Release\static\skins\minimalist\stream_show.htm' -> 'D:\Dropbox\mydoc2\programmeren\remote potato\RPLiveTV-VS2012\Server\RemotePotatoUI\bin\Release\static\skins\minimalist\stream_show.htm'
Copy New 'C:\Users\stefan verhagen\Documents\Visual Studio 2012\Projects\remotepotato-4333062-LivetTV\Server\RemotePotatoUI\bin\Release\static\skins\minimalist\styles.css' -> 'D:\Dropbox\mydoc2\programmeren\remote potato\RPLiveTV-VS2012\Server\RemotePotatoUI\bin\Release\static\skins\minimalist\styles.css'
Copy New 'C:\Users\stefan verhagen\Documents\Visual Studio 2012\Projects\remotepotato-4333062-LivetTV\Server\RemotePotatoUI\bin\Release\static\skins\minimalist\thumbnail_default.png' -> 'D:\Dropbox\mydoc2\programmeren\remote potato\RPLiveTV-VS2012\Server\RemotePotatoUI\bin\Release\static\skins\minimalist\thumbnail_default.png'
Copy New 'C:\Users\stefan verhagen\Documents\Visual Studio 2012\Projects\remotepotato-4333062-LivetTV\Server\RemotePotatoUI\bin\Release\static\skins\retro\about.txt' -> 'D:\Dropbox\mydoc2\programmeren\remote potato\RPLiveTV-VS2012\Server\RemotePotatoUI\bin\Release\static\skins\retro\about.txt'
Copy New 'C:\Users\stefan verhagen\Documents\Visual Studio 2012\Projects\remotepotato-4333062-LivetTV\Server\RemotePotatoUI\bin\Release\static\skins\retro\epg-grid.css' -> 'D:\Dropbox\mydoc2\programmeren\remote potato\RPLiveTV-VS2012\Server\RemotePotatoUI\bin\Release\static\skins\retro\epg-grid.css'
Copy New 'C:\Users\stefan verhagen\Documents\Visual Studio 2012\Projects\remotepotato-4333062-LivetTV\Server\RemotePotatoUI\bin\Release\static\skins\retro\epg-list.css' -> 'D:\Dropbox\mydoc2\programmeren\remote potato\RPLiveTV-VS2012\Server\RemotePotatoUI\bin\Release\static\skins\retro\epg-list.css'
Copy New 'C:\Users\stefan verhagen\Documents\Visual Studio 2012\Projects\remotepotato-4333062-LivetTV\Server\RemotePotatoUI\bin\Release\static\skins\retro\images\blinking_cursor.gif' -> 'D:\Dropbox\mydoc2\programmeren\remote potato\RPLiveTV-VS2012\Server\RemotePotatoUI\bin\Release\static\skins\retro\images\blinking_cursor.gif'
Copy New 'C:\Users\stefan verhagen\Documents\Visual Studio 2012\Projects\remotepotato-4333062-LivetTV\Server\RemotePotatoUI\bin\Release\static\skins\retro\images\retrobullet.png' -> 'D:\Dropbox\mydoc2\programmeren\remote potato\RPLiveTV-VS2012\Server\RemotePotatoUI\bin\Release\static\skins\retro\images\retrobullet.png'
Copy New 'C:\Users\stefan verhagen\Documents\Visual Studio 2012\Projects\remotepotato-4333062-LivetTV\Server\RemotePotatoUI\bin\Release\static\skins\retro\images\topbanner_retro.png' -> 'D:\Dropbox\mydoc2\programmeren\remote potato\RPLiveTV-VS2012\Server\RemotePotatoUI\bin\Release\static\skins\retro\images\topbanner_retro.png'
Copy New 'C:\Users\stefan verhagen\Documents\Visual Studio 2012\Projects\remotepotato-4333062-LivetTV\Server\RemotePotatoUI\bin\Release\static\skins\retro\masterpage.htm' -> 'D:\Dropbox\mydoc2\programmeren\remote potato\RPLiveTV-VS2012\Server\RemotePotatoUI\bin\Release\static\skins\retro\masterpage.htm'
Copy New 'C:\Users\stefan verhagen\Documents\Visual Studio 2012\Projects\remotepotato-4333062-LivetTV\Server\RemotePotatoUI\bin\Release\static\skins\retro\movies.css' -> 'D:\Dropbox\mydoc2\programmeren\remote potato\RPLiveTV-VS2012\Server\RemotePotatoUI\bin\Release\static\skins\retro\movies.css'
Copy New 'C:\Users\stefan verhagen\Documents\Visual Studio 2012\Projects\remotepotato-4333062-LivetTV\Server\RemotePotatoUI\bin\Release\static\skins\retro\page_movie.htm' -> 'D:\Dropbox\mydoc2\programmeren\remote potato\RPLiveTV-VS2012\Server\RemotePotatoUI\bin\Release\static\skins\retro\page_movie.htm'
Copy New 'C:\Users\stefan verhagen\Documents\Visual Studio 2012\Projects\remotepotato-4333062-LivetTV\Server\RemotePotatoUI\bin\Release\static\skins\retro\page_movies.htm' -> 'D:\Dropbox\mydoc2\programmeren\remote potato\RPLiveTV-VS2012\Server\RemotePotatoUI\bin\Release\static\skins\retro\page_movies.htm'
Copy New 'C:\Users\stefan verhagen\Documents\Visual Studio 2012\Projects\remotepotato-4333062-LivetTV\Server\RemotePotatoUI\bin\Release\static\skins\retro\page_music_collection.htm' -> 'D:\Dropbox\mydoc2\programmeren\remote potato\RPLiveTV-VS2012\Server\RemotePotatoUI\bin\Release\static\skins\retro\page_music_collection.htm'
Copy New 'C:\Users\stefan verhagen\Documents\Visual Studio 2012\Projects\remotepotato-4333062-LivetTV\Server\RemotePotatoUI\bin\Release\static\skins\retro\page_music_songs.htm' -> 'D:\Dropbox\mydoc2\programmeren\remote potato\RPLiveTV-VS2012\Server\RemotePotatoUI\bin\Release\static\skins\retro\page_music_songs.htm'
Copy New 'C:\Users\stefan verhagen\Documents\Visual Studio 2012\Projects\remotepotato-4333062-LivetTV\Server\RemotePotatoUI\bin\Release\static\skins\retro\page_recordmanual.htm' -> 'D:\Dropbox\mydoc2\programmeren\remote potato\RPLiveTV-VS2012\Server\RemotePotatoUI\bin\Release\static\skins\retro\page_recordmanual.htm'
Copy New 'C:\Users\stefan verhagen\Documents\Visual Studio 2012\Projects\remotepotato-4333062-LivetTV\Server\RemotePotatoUI\bin\Release\static\skins\retro\page_recordshow_onetime.htm' -> 'D:\Dropbox\mydoc2\programmeren\remote potato\RPLiveTV-VS2012\Server\RemotePotatoUI\bin\Release\static\skins\retro\page_recordshow_onetime.htm'
Copy New 'C:\Users\stefan verhagen\Documents\Visual Studio 2012\Projects\remotepotato-4333062-LivetTV\Server\RemotePotatoUI\bin\Release\static\skins\retro\page_recordshow_series.htm' -> 'D:\Dropbox\mydoc2\programmeren\remote potato\RPLiveTV-VS2012\Server\RemotePotatoUI\bin\Release\static\skins\retro\page_recordshow_series.htm'
Copy New 'C:\Users\stefan verhagen\Documents\Visual Studio 2012\Projects\remotepotato-4333062-LivetTV\Server\RemotePotatoUI\bin\Release\static\skins\retro\page_remote.htm' -> 'D:\Dropbox\mydoc2\programmeren\remote potato\RPLiveTV-VS2012\Server\RemotePotatoUI\bin\Release\static\skins\retro\page_remote.htm'
Copy New 'C:\Users\stefan verhagen\Documents\Visual Studio 2012\Projects\remotepotato-4333062-LivetTV\Server\RemotePotatoUI\bin\Release\static\skins\retro\page_remote_command.htm' -> 'D:\Dropbox\mydoc2\programmeren\remote potato\RPLiveTV-VS2012\Server\RemotePotatoUI\bin\Release\static\skins\retro\page_remote_command.htm'
Copy New 'C:\Users\stefan verhagen\Documents\Visual Studio 2012\Projects\remotepotato-4333062-LivetTV\Server\RemotePotatoUI\bin\Release\static\skins\retro\page_searchshow_results.htm' -> 'D:\Dropbox\mydoc2\programmeren\remote potato\RPLiveTV-VS2012\Server\RemotePotatoUI\bin\Release\static\skins\retro\page_searchshow_results.htm'
Copy New 'C:\Users\stefan verhagen\Documents\Visual Studio 2012\Projects\remotepotato-4333062-LivetTV\Server\RemotePotatoUI\bin\Release\static\skins\retro\page_searchshow_title.htm' -> 'D:\Dropbox\mydoc2\programmeren\remote potato\RPLiveTV-VS2012\Server\RemotePotatoUI\bin\Release\static\skins\retro\page_searchshow_title.htm'
Copy New 'C:\Users\stefan verhagen\Documents\Visual Studio 2012\Projects\remotepotato-4333062-LivetTV\Server\RemotePotatoUI\bin\Release\static\skins\retro\page_series.htm' -> 'D:\Dropbox\mydoc2\programmeren\remote potato\RPLiveTV-VS2012\Server\RemotePotatoUI\bin\Release\static\skins\retro\page_series.htm'
Copy New 'C:\Users\stefan verhagen\Documents\Visual Studio 2012\Projects\remotepotato-4333062-LivetTV\Server\RemotePotatoUI\bin\Release\static\skins\retro\page_show.htm' -> 'D:\Dropbox\mydoc2\programmeren\remote potato\RPLiveTV-VS2012\Server\RemotePotatoUI\bin\Release\static\skins\retro\page_show.htm'
Copy New 'C:\Users\stefan verhagen\Documents\Visual Studio 2012\Projects\remotepotato-4333062-LivetTV\Server\RemotePotatoUI\bin\Release\static\skins\retro\page_viewepg_grid.htm' -> 'D:\Dropbox\mydoc2\programmeren\remote potato\RPLiveTV-VS2012\Server\RemotePotatoUI\bin\Release\static\skins\retro\page_viewepg_grid.htm'
Copy New 'C:\Users\stefan verhagen\Documents\Visual Studio 2012\Projects\remotepotato-4333062-LivetTV\Server\RemotePotatoUI\bin\Release\static\skins\retro\page_viewepg_tbl.htm' -> 'D:\Dropbox\mydoc2\programmeren\remote potato\RPLiveTV-VS2012\Server\RemotePotatoUI\bin\Release\static\skins\retro\page_viewepg_tbl.htm'
Copy New 'C:\Users\stefan verhagen\Documents\Visual Studio 2012\Projects\remotepotato-4333062-LivetTV\Server\RemotePotatoUI\bin\Release\static\skins\retro\page_viewlibrary.htm' -> 'D:\Dropbox\mydoc2\programmeren\remote potato\RPLiveTV-VS2012\Server\RemotePotatoUI\bin\Release\static\skins\retro\page_viewlibrary.htm'
Copy New 'C:\Users\stefan verhagen\Documents\Visual Studio 2012\Projects\remotepotato-4333062-LivetTV\Server\RemotePotatoUI\bin\Release\static\skins\retro\page_viewpicture.htm' -> 'D:\Dropbox\mydoc2\programmeren\remote potato\RPLiveTV-VS2012\Server\RemotePotatoUI\bin\Release\static\skins\retro\page_viewpicture.htm'
Copy New 'C:\Users\stefan verhagen\Documents\Visual Studio 2012\Projects\remotepotato-4333062-LivetTV\Server\RemotePotatoUI\bin\Release\static\skins\retro\page_viewrecordedtv.htm' -> 'D:\Dropbox\mydoc2\programmeren\remote potato\RPLiveTV-VS2012\Server\RemotePotatoUI\bin\Release\static\skins\retro\page_viewrecordedtv.htm'
Copy New 'C:\Users\stefan verhagen\Documents\Visual Studio 2012\Projects\remotepotato-4333062-LivetTV\Server\RemotePotatoUI\bin\Release\static\skins\retro\page_viewscheduledrecordings.htm' -> 'D:\Dropbox\mydoc2\programmeren\remote potato\RPLiveTV-VS2012\Server\RemotePotatoUI\bin\Release\static\skins\retro\page_viewscheduledrecordings.htm'
Copy New 'C:\Users\stefan verhagen\Documents\Visual Studio 2012\Projects\remotepotato-4333062-LivetTV\Server\RemotePotatoUI\bin\Release\static\skins\retro\rectv.css' -> 'D:\Dropbox\mydoc2\programmeren\remote potato\RPLiveTV-VS2012\Server\RemotePotatoUI\bin\Release\static\skins\retro\rectv.css'
Copy New 'C:\Users\stefan verhagen\Documents\Visual Studio 2012\Projects\remotepotato-4333062-LivetTV\Server\RemotePotatoUI\bin\Release\static\skins\retro\settings.xml' -> 'D:\Dropbox\mydoc2\programmeren\remote potato\RPLiveTV-VS2012\Server\RemotePotatoUI\bin\Release\static\skins\retro\settings.xml'
Copy New 'C:\Users\stefan verhagen\Documents\Visual Studio 2012\Projects\remotepotato-4333062-LivetTV\Server\RemotePotatoUI\bin\Release\static\skins\retro\showdetails.css' -> 'D:\Dropbox\mydoc2\programmeren\remote potato\RPLiveTV-VS2012\Server\RemotePotatoUI\bin\Release\static\skins\retro\showdetails.css'
Copy New 'C:\Users\stefan verhagen\Documents\Visual Studio 2012\Projects\remotepotato-4333062-LivetTV\Server\RemotePotatoUI\bin\Release\static\skins\retro\stream_show.htm' -> 'D:\Dropbox\mydoc2\programmeren\remote potato\RPLiveTV-VS2012\Server\RemotePotatoUI\bin\Release\static\skins\retro\stream_show.htm'
Copy New 'C:\Users\stefan verhagen\Documents\Visual Studio 2012\Projects\remotepotato-4333062-LivetTV\Server\RemotePotatoUI\bin\Release\static\skins\retro\styles.css' -> 'D:\Dropbox\mydoc2\programmeren\remote potato\RPLiveTV-VS2012\Server\RemotePotatoUI\bin\Release\static\skins\retro\styles.css'
Copy New 'C:\Users\stefan verhagen\Documents\Visual Studio 2012\Projects\remotepotato-4333062-LivetTV\Server\RemotePotatoUI\bin\Release\static\skins\retro\thumbnail_default.png' -> 'D:\Dropbox\mydoc2\programmeren\remote potato\RPLiveTV-VS2012\Server\RemotePotatoUI\bin\Release\static\skins\retro\thumbnail_default.png'
Copy New 'C:\Users\stefan verhagen\Documents\Visual Studio 2012\Projects\remotepotato-4333062-LivetTV\Server\RemotePotatoUI\bin\Release\toolkit\ffmpeg.exe' -> 'D:\Dropbox\mydoc2\programmeren\remote potato\RPLiveTV-VS2012\Server\RemotePotatoUI\bin\Release\toolkit\ffmpeg.exe'
Copy New 'C:\Users\stefan verhagen\Documents\Visual Studio 2012\Projects\remotepotato-4333062-LivetTV\Server\RemotePotatoUI\bin\Release\toolkit\ffmpeg.txt' -> 'D:\Dropbox\mydoc2\programmeren\remote potato\RPLiveTV-VS2012\Server\RemotePotatoUI\bin\Release\toolkit\ffmpeg.txt'
Copy New 'C:\Users\stefan verhagen\Documents\Visual Studio 2012\Projects\remotepotato-4333062-LivetTV\Server\RemotePotatoUI\bin\Release\toolkit\pthreadGC2.dll' -> 'D:\Dropbox\mydoc2\programmeren\remote potato\RPLiveTV-VS2012\Server\RemotePotatoUI\bin\Release\toolkit\pthreadGC2.dll'
Copy New 'C:\Users\stefan verhagen\Documents\Visual Studio 2012\Projects\remotepotato-4333062-LivetTV\Server\RemotePotatoUI\bin\Release\Toub.MediaCenter.Dvrms.dll' -> 'D:\Dropbox\mydoc2\programmeren\remote potato\RPLiveTV-VS2012\Server\RemotePotatoUI\bin\Release\Toub.MediaCenter.Dvrms.dll'
Copy New 'C:\Users\stefan verhagen\Documents\Visual Studio 2012\Projects\remotepotato-4333062-LivetTV\Server\RemotePotatoUI\bin\Release\Toub.MediaCenter.Dvrms.pdb' -> 'D:\Dropbox\mydoc2\programmeren\remote potato\RPLiveTV-VS2012\Server\RemotePotatoUI\bin\Release\Toub.MediaCenter.Dvrms.pdb'
Copy New 'C:\Users\stefan verhagen\Documents\Visual Studio 2012\Projects\remotepotato-4333062-LivetTV\Server\RemotePotatoUI\bin\Release\UltraID3Lib.dll' -> 'D:\Dropbox\mydoc2\programmeren\remote potato\RPLiveTV-VS2012\Server\RemotePotatoUI\bin\Release\UltraID3Lib.dll'
Copy New 'C:\Users\stefan verhagen\Documents\Visual Studio 2012\Projects\remotepotato-4333062-LivetTV\Server\RemotePotatoUI\bin\Release\WindowsMediaLib.dll' -> 'D:\Dropbox\mydoc2\programmeren\remote potato\RPLiveTV-VS2012\Server\RemotePotatoUI\bin\Release\WindowsMediaLib.dll'
Copy New 'C:\Users\stefan verhagen\Documents\Visual Studio 2012\Projects\remotepotato-4333062-LivetTV\Server\RemotePotatoUI\bin\Release\WTVTranscoder.dll' -> 'D:\Dropbox\mydoc2\programmeren\remote potato\RPLiveTV-VS2012\Server\RemotePotatoUI\bin\Release\WTVTranscoder.dll'
Copy New 'C:\Users\stefan verhagen\Documents\Visual Studio 2012\Projects\remotepotato-4333062-LivetTV\Server\RemotePotatoUI\bin\Release\WTVTranscoder.pdb' -> 'D:\Dropbox\mydoc2\programmeren\remote potato\RPLiveTV-VS2012\Server\RemotePotatoUI\bin\Release\WTVTranscoder.pdb'
Copy New 'C:\Users\stefan verhagen\Documents\Visual Studio 2012\Projects\remotepotato-4333062-LivetTV\Server\RemotePotatoUI\obj\Release\RemotePotatoServer.FormConnectionWizard.resources' -> 'D:\Dropbox\mydoc2\programmeren\remote potato\RPLiveTV-VS2012\Server\RemotePotatoUI\obj\Release\RemotePotatoServer.FormConnectionWizard.resources'
Copy New 'C:\Users\stefan verhagen\Documents\Visual Studio 2012\Projects\remotepotato-4333062-LivetTV\Server\RemotePotatoUI\obj\Release\RemotePotatoServer.FormDonationRequest.resources' -> 'D:\Dropbox\mydoc2\programmeren\remote potato\RPLiveTV-VS2012\Server\RemotePotatoUI\obj\Release\RemotePotatoServer.FormDonationRequest.resources'
Copy New 'C:\Users\stefan verhagen\Documents\Visual Studio 2012\Projects\remotepotato-4333062-LivetTV\Server\RemotePotatoUI\obj\Release\RemotePotatoServer.FormFoldersCollection.resources' -> 'D:\Dropbox\mydoc2\programmeren\remote potato\RPLiveTV-VS2012\Server\RemotePotatoUI\obj\Release\RemotePotatoServer.FormFoldersCollection.resources'
Copy New 'C:\Users\stefan verhagen\Documents\Visual Studio 2012\Projects\remotepotato-4333062-LivetTV\Server\RemotePotatoUI\obj\Release\RemotePotatoServer.FormInputBox.resources' -> 'D:\Dropbox\mydoc2\programmeren\remote potato\RPLiveTV-VS2012\Server\RemotePotatoUI\obj\Release\RemotePotatoServer.FormInputBox.resources'
Copy New 'C:\Users\stefan verhagen\Documents\Visual Studio 2012\Projects\remotepotato-4333062-LivetTV\Server\RemotePotatoUI\obj\Release\RemotePotatoServer.FormMediaLibraryAccountSetter.resources' -> 'D:\Dropbox\mydoc2\programmeren\remote potato\RPLiveTV-VS2012\Server\RemotePotatoUI\obj\Release\RemotePotatoServer.FormMediaLibraryAccountSetter.resources'
Copy New 'C:\Users\stefan verhagen\Documents\Visual Studio 2012\Projects\remotepotato-4333062-LivetTV\Server\RemotePotatoUI\obj\Release\RemotePotatoServer.FormThemesChooser.resources' -> 'D:\Dropbox\mydoc2\programmeren\remote potato\RPLiveTV-VS2012\Server\RemotePotatoUI\obj\Release\RemotePotatoServer.FormThemesChooser.resources'
Copy New 'C:\Users\stefan verhagen\Documents\Visual Studio 2012\Projects\remotepotato-4333062-LivetTV\Server\RemotePotatoUI\obj\Release\RemotePotatoServer.FormUserManagement.resources' -> 'D:\Dropbox\mydoc2\programmeren\remote potato\RPLiveTV-VS2012\Server\RemotePotatoUI\obj\Release\RemotePotatoServer.FormUserManagement.resources'
Copy New 'C:\Users\stefan verhagen\Documents\Visual Studio 2012\Projects\remotepotato-4333062-LivetTV\Server\RemotePotatoUI\obj\Release\RemotePotatoServer.frmPleaseWait.resources' -> 'D:\Dropbox\mydoc2\programmeren\remote potato\RPLiveTV-VS2012\Server\RemotePotatoUI\obj\Release\RemotePotatoServer.frmPleaseWait.resources'
Copy New 'C:\Users\stefan verhagen\Documents\Visual Studio 2012\Projects\remotepotato-4333062-LivetTV\Server\RemotePotatoUI\obj\Release\RemotePotatoServer.Properties.Resources.resources' -> 'D:\Dropbox\mydoc2\programmeren\remote potato\RPLiveTV-VS2012\Server\RemotePotatoUI\obj\Release\RemotePotatoServer.Properties.Resources.resources'
Copy New 'C:\Users\stefan verhagen\Documents\Visual Studio 2012\Projects\remotepotato-4333062-LivetTV\Server\RemotePotatoUI\obj\Release\RemotePotatoServer.ucConnectionSummary.resources' -> 'D:\Dropbox\mydoc2\programmeren\remote potato\RPLiveTV-VS2012\Server\RemotePotatoUI\obj\Release\RemotePotatoServer.ucConnectionSummary.resources'
Copy New 'C:\Users\stefan verhagen\Documents\Visual Studio 2012\Projects\remotepotato-4333062-LivetTV\Server\RemotePotatoUI\obj\Release\RemotePotatoUI.csproj.GenerateResource.Cache' -> 'D:\Dropbox\mydoc2\programmeren\remote potato\RPLiveTV-VS2012\Server\RemotePotatoUI\obj\Release\RemotePotatoUI.csproj.GenerateResource.Cache'
Copy New 'C:\Users\stefan verhagen\Documents\Visual Studio 2012\Projects\remotepotato-4333062-LivetTV\Server\RemotePotatoUI\obj\Release\RemotePotatoUI.exe' -> 'D:\Dropbox\mydoc2\programmeren\remote potato\RPLiveTV-VS2012\Server\RemotePotatoUI\obj\Release\RemotePotatoUI.exe'
Copy New 'C:\Users\stefan verhagen\Documents\Visual Studio 2012\Projects\remotepotato-4333062-LivetTV\Server\RemotePotatoUI\obj\Release\RemotePotatoUI.pdb' -> 'D:\Dropbox\mydoc2\programmeren\remote potato\RPLiveTV-VS2012\Server\RemotePotatoUI\obj\Release\RemotePotatoUI.pdb'
Copy Over 'C:\Users\stefan verhagen\Documents\Visual Studio 2012\Projects\remotepotato-4333062-LivetTV\Server\Setup2\RemotePotatoSetup\_isconfig.xml' -> 'D:\Dropbox\mydoc2\programmeren\remote potato\RPLiveTV-VS2012\Server\Setup2\RemotePotatoSetup\_isconfig.xml'
Copy New 'C:\Users\stefan verhagen\Documents\Visual Studio 2012\Projects\remotepotato-4333062-LivetTV\Server\Setup2\RemotePotatoSetup\Express\Interm\4F4.tmp' -> 'D:\Dropbox\mydoc2\programmeren\remote potato\RPLiveTV-VS2012\Server\Setup2\RemotePotatoSetup\Express\Interm\4F4.tmp'
- ERROR: Error copying file: The system cannot find the file specified. (error 2)
Copy Over 'C:\Users\stefan verhagen\Documents\Visual Studio 2012\Projects\remotepotato-4333062-LivetTV\Server\Setup2\RemotePotatoSetup\Express\Interm\regid.2011-02.nl.myfrem_1BB0B677-F36E-4038-96D0-E758CBA9EA85.swidtag' -> 'D:\Dropbox\mydoc2\programmeren\remote potato\RPLiveTV-VS2012\Server\Setup2\RemotePotatoSetup\Express\Interm\regid.2011-02.nl.myfrem_1BB0B677-F36E-4038-96D0-E758CBA9EA85.swidtag'
Copy New 'C:\Users\stefan verhagen\Documents\Visual Studio 2012\Projects\remotepotato-4333062-LivetTV\Server\Setup2\RemotePotatoSetup\Express\SingleImage\DiskImages\DISK1\Remote Potato.msi' -> 'D:\Dropbox\mydoc2\programmeren\remote potato\RPLiveTV-VS2012\Server\Setup2\RemotePotatoSetup\Express\SingleImage\DiskImages\DISK1\Remote Potato.msi'
- ERROR: Error copying file: The system cannot find the file specified. (error 2)
Copying C:\Users\stefan verhagen\Documents\Visual Studio 2012\Projects\remotepotato-4333062-LivetTV\Server\Setup2\RemotePotatoSetup\Express\SingleImage\DiskImages\DISK1\setup.exe: Size mismatch: Expected 1.475.902, Transferred 8.914.310: will correct state info
Copy Over 'C:\Users\stefan verhagen\Documents\Visual Studio 2012\Projects\remotepotato-4333062-LivetTV\Server\Setup2\RemotePotatoSetup\Express\SingleImage\DiskImages\DISK1\setup.exe' -> 'D:\Dropbox\mydoc2\programmeren\remote potato\RPLiveTV-VS2012\Server\Setup2\RemotePotatoSetup\Express\SingleImage\DiskImages\DISK1\setup.exe'
Copy New 'C:\Users\stefan verhagen\Documents\Visual Studio 2012\Projects\remotepotato-4333062-LivetTV\Server\Setup2\RemotePotatoSetup\Express\SingleImage\DiskImages\DISK1\Setup.ini' -> 'D:\Dropbox\mydoc2\programmeren\remote potato\RPLiveTV-VS2012\Server\Setup2\RemotePotatoSetup\Express\SingleImage\DiskImages\DISK1\Setup.ini'
- ERROR: Error copying file: The system cannot find the file specified. (error 2)
Copying C:\Users\stefan verhagen\Documents\Visual Studio 2012\Projects\remotepotato-4333062-LivetTV\Server\Setup2\RemotePotatoSetup\Express\SingleImage\LogFiles\10-10-2012 11-03-01.txt: Size mismatch: Expected 1.766, Transferred 14.900: will correct state info
Copy New 'C:\Users\stefan verhagen\Documents\Visual Studio 2012\Projects\remotepotato-4333062-LivetTV\Server\Setup2\RemotePotatoSetup\Express\SingleImage\LogFiles\10-10-2012 11-03-01.txt' -> 'D:\Dropbox\mydoc2\programmeren\remote potato\RPLiveTV-VS2012\Server\Setup2\RemotePotatoSetup\Express\SingleImage\LogFiles\10-10-2012 11-03-01.txt'
Save State File C:\Users\stefan verhagen\Documents\Visual Studio 2012\Projects\remotepotato-4333062-LivetTV\_gsdata_\_file_state._gs
Save State File D:\Dropbox\mydoc2\programmeren\remote potato\RPLiveTV-VS2012\_gsdata_\_file_state._gs
Delete lock file C:\Users\stefan verhagen\Documents\Visual Studio 2012\Projects\remotepotato-4333062-LivetTV\_gsdata_\lock.gsl
Sync had errors, delete stamp file C:\Users\stefan verhagen\Documents\Visual Studio 2012\Projects\remotepotato-4333062-LivetTV\_gsdata_\_insync.gsl
Delete lock file D:\Dropbox\mydoc2\programmeren\remote potato\RPLiveTV-VS2012\_gsdata_\lock.gsl
Sync had errors, delete stamp file D:\Dropbox\mydoc2\programmeren\remote potato\RPLiveTV-VS2012\_gsdata_\_insync.gsl
Sync finished with 3 errors. Click Errors button to see sync errors
Items Synced OK: 281, Errors: 3
===== 10-10-2012 23:03:25: Sync Completed. Time: 00:00:03, Speed: 11,6 MB/s =====

