----- 9-10-2012 19:03:17: Job 'RPLiveTVServerSource': ANALYSIS started by On File Change on computer 'QUAD' (GoodSync 9.0.2.4 on Windows 7) -----
RPLiveTVServerSource: C:\Users\stefan verhagen\Documents\Visual Studio 2010\Projects\remotepotato-4333062-LivetTV =forced-PropDels=> D:\Dropbox\mydoc2\programmeren\remote potato\RPaddinAndroidMCE, SavePrevVers, CleanupPrevVers=30d, CleanupOldGens=12m, TmpDest, EstReq, CopyLocked, DetectMovesAndRenames, DetectFolderMoves, FileLinksDrill, CaseSens, Reconnect=3, CopyCreateTime
Exclude licens*.rfo|cache.rfo|mru.rfo|mpp*.rfo|RoboForm Online Account.rfp|name *._gstmp|/System Volume Information|Thumbs.db|.DS_Store 
Left: Reading State File C:\Users\stefan verhagen\Documents\Visual Studio 2010\Projects\remotepotato-4333062-LivetTV\_gsdata_\_file_state._gs
Locking folder C:\Users\stefan verhagen\Documents\Visual Studio 2010\Projects\remotepotato-4333062-LivetTV for write
Left: Files: 4.270 (excluded 0). Folders: 552 (excluded 1). C: NTFS, Free: 50,9 GB, Total: 195 GB
Right: Reading State File D:\Dropbox\mydoc2\programmeren\remote potato\RPaddinAndroidMCE\_gsdata_\_file_state._gs
Locking folder D:\Dropbox\mydoc2\programmeren\remote potato\RPaddinAndroidMCE for write
Right: Files: 4.203 (excluded 0). Folders: 552 (excluded 1). D: NTFS, Free: 160 GB, Total: 931 GB
On disk file:///D: space required for sync is 19,5 MB, you have 160 GB
Changes: 68, Conflicts: 0, CopyTime: 0, CopyState: 0, Errors: 0
Left to Right: Copy File: 68 
----- 9-10-2012 19:03:19: Analysis Completed. Time 00:00:02, Speed: 2.411 files/s -----
===== 9-10-2012 19:03:19: Job 'RPLiveTVServerSource': SYNC started by On File Change on computer 'QUAD' =====
RPLiveTVServerSource: C:\Users\stefan verhagen\Documents\Visual Studio 2010\Projects\remotepotato-4333062-LivetTV =forced-PropDels=> D:\Dropbox\mydoc2\programmeren\remote potato\RPaddinAndroidMCE, SavePrevVers, CleanupPrevVers=30d, CleanupOldGens=12m, TmpDest, EstReq, CopyLocked, DetectMovesAndRenames, DetectFolderMoves, FileLinksDrill, CaseSens, Reconnect=3, CopyCreateTime
Copy Over 'C:\Users\stefan verhagen\Documents\Visual Studio 2010\Projects\remotepotato-4333062-LivetTV\Server\.git\index' -> 'D:\Dropbox\mydoc2\programmeren\remote potato\RPaddinAndroidMCE\Server\.git\index'
Copy New 'C:\Users\stefan verhagen\Documents\Visual Studio 2010\Projects\remotepotato-4333062-LivetTV\Server\.git\objects\00\9a630d199d6ebeecf2f7be0be2726692b379a2' -> 'D:\Dropbox\mydoc2\programmeren\remote potato\RPaddinAndroidMCE\Server\.git\objects\00\9a630d199d6ebeecf2f7be0be2726692b379a2'
Copy New 'C:\Users\stefan verhagen\Documents\Visual Studio 2010\Projects\remotepotato-4333062-LivetTV\Server\.git\objects\03\cd8c69afb3e0b46a93a3358eee3205b20d0e5f' -> 'D:\Dropbox\mydoc2\programmeren\remote potato\RPaddinAndroidMCE\Server\.git\objects\03\cd8c69afb3e0b46a93a3358eee3205b20d0e5f'
Copy New 'C:\Users\stefan verhagen\Documents\Visual Studio 2010\Projects\remotepotato-4333062-LivetTV\Server\.git\objects\05\bb3013773b5592556b8a890a605a7dbfd39f82' -> 'D:\Dropbox\mydoc2\programmeren\remote potato\RPaddinAndroidMCE\Server\.git\objects\05\bb3013773b5592556b8a890a605a7dbfd39f82'
Copy New 'C:\Users\stefan verhagen\Documents\Visual Studio 2010\Projects\remotepotato-4333062-LivetTV\Server\.git\objects\0f\dd031abc88d0d75781c150989ed6d0e5d0bbbd' -> 'D:\Dropbox\mydoc2\programmeren\remote potato\RPaddinAndroidMCE\Server\.git\objects\0f\dd031abc88d0d75781c150989ed6d0e5d0bbbd'
Copy New 'C:\Users\stefan verhagen\Documents\Visual Studio 2010\Projects\remotepotato-4333062-LivetTV\Server\.git\objects\11\48c33a910734448bf348983b4a316c86963e88' -> 'D:\Dropbox\mydoc2\programmeren\remote potato\RPaddinAndroidMCE\Server\.git\objects\11\48c33a910734448bf348983b4a316c86963e88'
Copy New 'C:\Users\stefan verhagen\Documents\Visual Studio 2010\Projects\remotepotato-4333062-LivetTV\Server\.git\objects\12\93d23e265d88f23b9c10a06b41a89cb6ed0b66' -> 'D:\Dropbox\mydoc2\programmeren\remote potato\RPaddinAndroidMCE\Server\.git\objects\12\93d23e265d88f23b9c10a06b41a89cb6ed0b66'
Copy New 'C:\Users\stefan verhagen\Documents\Visual Studio 2010\Projects\remotepotato-4333062-LivetTV\Server\.git\objects\12\9edf7fdc3b0b74c0cdc912da6a69750f224b53' -> 'D:\Dropbox\mydoc2\programmeren\remote potato\RPaddinAndroidMCE\Server\.git\objects\12\9edf7fdc3b0b74c0cdc912da6a69750f224b53'
Copy New 'C:\Users\stefan verhagen\Documents\Visual Studio 2010\Projects\remotepotato-4333062-LivetTV\Server\.git\objects\1e\fca2e4ec29f61a8e0f195eff7f35ab3aac4733' -> 'D:\Dropbox\mydoc2\programmeren\remote potato\RPaddinAndroidMCE\Server\.git\objects\1e\fca2e4ec29f61a8e0f195eff7f35ab3aac4733'
Copy New 'C:\Users\stefan verhagen\Documents\Visual Studio 2010\Projects\remotepotato-4333062-LivetTV\Server\.git\objects\23\f892eb853ab6d54f85428fcbb659235e27a5e3' -> 'D:\Dropbox\mydoc2\programmeren\remote potato\RPaddinAndroidMCE\Server\.git\objects\23\f892eb853ab6d54f85428fcbb659235e27a5e3'
Copy New 'C:\Users\stefan verhagen\Documents\Visual Studio 2010\Projects\remotepotato-4333062-LivetTV\Server\.git\objects\25\902f9c30fd2347ec456d7d541a670b3d6e4048' -> 'D:\Dropbox\mydoc2\programmeren\remote potato\RPaddinAndroidMCE\Server\.git\objects\25\902f9c30fd2347ec456d7d541a670b3d6e4048'
Copy New 'C:\Users\stefan verhagen\Documents\Visual Studio 2010\Projects\remotepotato-4333062-LivetTV\Server\.git\objects\26\92d0e046d742fb50d2e2fdb4f8476c106d0a25' -> 'D:\Dropbox\mydoc2\programmeren\remote potato\RPaddinAndroidMCE\Server\.git\objects\26\92d0e046d742fb50d2e2fdb4f8476c106d0a25'
Copy New 'C:\Users\stefan verhagen\Documents\Visual Studio 2010\Projects\remotepotato-4333062-LivetTV\Server\.git\objects\26\96e499ce7ec587be234addb50ce1a5eaf0bc24' -> 'D:\Dropbox\mydoc2\programmeren\remote potato\RPaddinAndroidMCE\Server\.git\objects\26\96e499ce7ec587be234addb50ce1a5eaf0bc24'
Copy New 'C:\Users\stefan verhagen\Documents\Visual Studio 2010\Projects\remotepotato-4333062-LivetTV\Server\.git\objects\26\a26c6660385c47cf33541e752d0c06f8269394' -> 'D:\Dropbox\mydoc2\programmeren\remote potato\RPaddinAndroidMCE\Server\.git\objects\26\a26c6660385c47cf33541e752d0c06f8269394'
Copy New 'C:\Users\stefan verhagen\Documents\Visual Studio 2010\Projects\remotepotato-4333062-LivetTV\Server\.git\objects\28\93df93f986642237389a5e3415f5e399ed5455' -> 'D:\Dropbox\mydoc2\programmeren\remote potato\RPaddinAndroidMCE\Server\.git\objects\28\93df93f986642237389a5e3415f5e399ed5455'
Copy New 'C:\Users\stefan verhagen\Documents\Visual Studio 2010\Projects\remotepotato-4333062-LivetTV\Server\.git\objects\3a\78e2225b5faef894f9e9facd666807cc62c826' -> 'D:\Dropbox\mydoc2\programmeren\remote potato\RPaddinAndroidMCE\Server\.git\objects\3a\78e2225b5faef894f9e9facd666807cc62c826'
Copy New 'C:\Users\stefan verhagen\Documents\Visual Studio 2010\Projects\remotepotato-4333062-LivetTV\Server\.git\objects\3d\ce4b54ed938cf2d3e94c0373f72a1e231d3148' -> 'D:\Dropbox\mydoc2\programmeren\remote potato\RPaddinAndroidMCE\Server\.git\objects\3d\ce4b54ed938cf2d3e94c0373f72a1e231d3148'
Copy New 'C:\Users\stefan verhagen\Documents\Visual Studio 2010\Projects\remotepotato-4333062-LivetTV\Server\.git\objects\40\931bc2bd7ace94c1e81811bf2febf407033772' -> 'D:\Dropbox\mydoc2\programmeren\remote potato\RPaddinAndroidMCE\Server\.git\objects\40\931bc2bd7ace94c1e81811bf2febf407033772'
Copy New 'C:\Users\stefan verhagen\Documents\Visual Studio 2010\Projects\remotepotato-4333062-LivetTV\Server\.git\objects\40\de3035b9a791292af217707228dcc5be105b36' -> 'D:\Dropbox\mydoc2\programmeren\remote potato\RPaddinAndroidMCE\Server\.git\objects\40\de3035b9a791292af217707228dcc5be105b36'
Copy New 'C:\Users\stefan verhagen\Documents\Visual Studio 2010\Projects\remotepotato-4333062-LivetTV\Server\.git\objects\44\9b37f6271f5b497b4b4fc5f8abba454b081987' -> 'D:\Dropbox\mydoc2\programmeren\remote potato\RPaddinAndroidMCE\Server\.git\objects\44\9b37f6271f5b497b4b4fc5f8abba454b081987'
Copy New 'C:\Users\stefan verhagen\Documents\Visual Studio 2010\Projects\remotepotato-4333062-LivetTV\Server\.git\objects\44\c5ba1660f089207be8adaebe84ffc7604af73f' -> 'D:\Dropbox\mydoc2\programmeren\remote potato\RPaddinAndroidMCE\Server\.git\objects\44\c5ba1660f089207be8adaebe84ffc7604af73f'
Copy New 'C:\Users\stefan verhagen\Documents\Visual Studio 2010\Projects\remotepotato-4333062-LivetTV\Server\.git\objects\45\9dc8d4b108b86f80b6f89e75cd95d654e58684' -> 'D:\Dropbox\mydoc2\programmeren\remote potato\RPaddinAndroidMCE\Server\.git\objects\45\9dc8d4b108b86f80b6f89e75cd95d654e58684'
Copy New 'C:\Users\stefan verhagen\Documents\Visual Studio 2010\Projects\remotepotato-4333062-LivetTV\Server\.git\objects\4a\8c58daab3a26efa72f331df08af79fe15cad1a' -> 'D:\Dropbox\mydoc2\programmeren\remote potato\RPaddinAndroidMCE\Server\.git\objects\4a\8c58daab3a26efa72f331df08af79fe15cad1a'
Copy New 'C:\Users\stefan verhagen\Documents\Visual Studio 2010\Projects\remotepotato-4333062-LivetTV\Server\.git\objects\4f\ababeee0e3437a72de4b2dec8a39c6f6b2d61b' -> 'D:\Dropbox\mydoc2\programmeren\remote potato\RPaddinAndroidMCE\Server\.git\objects\4f\ababeee0e3437a72de4b2dec8a39c6f6b2d61b'
Copy New 'C:\Users\stefan verhagen\Documents\Visual Studio 2010\Projects\remotepotato-4333062-LivetTV\Server\.git\objects\51\91f0f7c4c3e73a1cd1348cab07665742b23be3' -> 'D:\Dropbox\mydoc2\programmeren\remote potato\RPaddinAndroidMCE\Server\.git\objects\51\91f0f7c4c3e73a1cd1348cab07665742b23be3'
Copy New 'C:\Users\stefan verhagen\Documents\Visual Studio 2010\Projects\remotepotato-4333062-LivetTV\Server\.git\objects\53\801de8875b05aeb81a250793feaa62032d8d0a' -> 'D:\Dropbox\mydoc2\programmeren\remote potato\RPaddinAndroidMCE\Server\.git\objects\53\801de8875b05aeb81a250793feaa62032d8d0a'
Copy New 'C:\Users\stefan verhagen\Documents\Visual Studio 2010\Projects\remotepotato-4333062-LivetTV\Server\.git\objects\54\d449c96990281d762f6145dbb2a741eccf285c' -> 'D:\Dropbox\mydoc2\programmeren\remote potato\RPaddinAndroidMCE\Server\.git\objects\54\d449c96990281d762f6145dbb2a741eccf285c'
Copy New 'C:\Users\stefan verhagen\Documents\Visual Studio 2010\Projects\remotepotato-4333062-LivetTV\Server\.git\objects\57\058c8c7bacc292e9775aae22d41682c115aa43' -> 'D:\Dropbox\mydoc2\programmeren\remote potato\RPaddinAndroidMCE\Server\.git\objects\57\058c8c7bacc292e9775aae22d41682c115aa43'
Copy New 'C:\Users\stefan verhagen\Documents\Visual Studio 2010\Projects\remotepotato-4333062-LivetTV\Server\.git\objects\5e\3784b29311f11221fecfc1666686264d31116f' -> 'D:\Dropbox\mydoc2\programmeren\remote potato\RPaddinAndroidMCE\Server\.git\objects\5e\3784b29311f11221fecfc1666686264d31116f'
Copy New 'C:\Users\stefan verhagen\Documents\Visual Studio 2010\Projects\remotepotato-4333062-LivetTV\Server\.git\objects\5e\d7a1785b0bb627625a47be098ed4e62b60c5af' -> 'D:\Dropbox\mydoc2\programmeren\remote potato\RPaddinAndroidMCE\Server\.git\objects\5e\d7a1785b0bb627625a47be098ed4e62b60c5af'
Copy New 'C:\Users\stefan verhagen\Documents\Visual Studio 2010\Projects\remotepotato-4333062-LivetTV\Server\.git\objects\65\c3de3dd6a11b9725df0c898c385de385be9751' -> 'D:\Dropbox\mydoc2\programmeren\remote potato\RPaddinAndroidMCE\Server\.git\objects\65\c3de3dd6a11b9725df0c898c385de385be9751'
Copy New 'C:\Users\stefan verhagen\Documents\Visual Studio 2010\Projects\remotepotato-4333062-LivetTV\Server\.git\objects\67\a9ad3d4e8d197ea9a50fa1107ef7526bd64c5f' -> 'D:\Dropbox\mydoc2\programmeren\remote potato\RPaddinAndroidMCE\Server\.git\objects\67\a9ad3d4e8d197ea9a50fa1107ef7526bd64c5f'
Copy New 'C:\Users\stefan verhagen\Documents\Visual Studio 2010\Projects\remotepotato-4333062-LivetTV\Server\.git\objects\6a\16bd3d38582bb6d99475c4b71f213518c22b20' -> 'D:\Dropbox\mydoc2\programmeren\remote potato\RPaddinAndroidMCE\Server\.git\objects\6a\16bd3d38582bb6d99475c4b71f213518c22b20'
Copy New 'C:\Users\stefan verhagen\Documents\Visual Studio 2010\Projects\remotepotato-4333062-LivetTV\Server\.git\objects\6d\1118f8d8902bb9ea75ceebbfedb3d332b1b921' -> 'D:\Dropbox\mydoc2\programmeren\remote potato\RPaddinAndroidMCE\Server\.git\objects\6d\1118f8d8902bb9ea75ceebbfedb3d332b1b921'
Copy New 'C:\Users\stefan verhagen\Documents\Visual Studio 2010\Projects\remotepotato-4333062-LivetTV\Server\.git\objects\76\bbd2a1adfe81def6cfb0b587032ee7cdf994df' -> 'D:\Dropbox\mydoc2\programmeren\remote potato\RPaddinAndroidMCE\Server\.git\objects\76\bbd2a1adfe81def6cfb0b587032ee7cdf994df'
Copy New 'C:\Users\stefan verhagen\Documents\Visual Studio 2010\Projects\remotepotato-4333062-LivetTV\Server\.git\objects\7d\a5007d47685b812a88aeb86f0eee8142ccaab0' -> 'D:\Dropbox\mydoc2\programmeren\remote potato\RPaddinAndroidMCE\Server\.git\objects\7d\a5007d47685b812a88aeb86f0eee8142ccaab0'
Copy New 'C:\Users\stefan verhagen\Documents\Visual Studio 2010\Projects\remotepotato-4333062-LivetTV\Server\.git\objects\81\f139190a3f42048d35a48b975bdc71ba482f02' -> 'D:\Dropbox\mydoc2\programmeren\remote potato\RPaddinAndroidMCE\Server\.git\objects\81\f139190a3f42048d35a48b975bdc71ba482f02'
Copy New 'C:\Users\stefan verhagen\Documents\Visual Studio 2010\Projects\remotepotato-4333062-LivetTV\Server\.git\objects\82\604ec98447a08591dde1df002c3acd2bded285' -> 'D:\Dropbox\mydoc2\programmeren\remote potato\RPaddinAndroidMCE\Server\.git\objects\82\604ec98447a08591dde1df002c3acd2bded285'
Copy New 'C:\Users\stefan verhagen\Documents\Visual Studio 2010\Projects\remotepotato-4333062-LivetTV\Server\.git\objects\84\043f7a4848785e5403f157e5ede78dd2056070' -> 'D:\Dropbox\mydoc2\programmeren\remote potato\RPaddinAndroidMCE\Server\.git\objects\84\043f7a4848785e5403f157e5ede78dd2056070'
Copy New 'C:\Users\stefan verhagen\Documents\Visual Studio 2010\Projects\remotepotato-4333062-LivetTV\Server\.git\objects\86\95a76d51b878785ea9274e4d11c54e5755e27a' -> 'D:\Dropbox\mydoc2\programmeren\remote potato\RPaddinAndroidMCE\Server\.git\objects\86\95a76d51b878785ea9274e4d11c54e5755e27a'
Copy New 'C:\Users\stefan verhagen\Documents\Visual Studio 2010\Projects\remotepotato-4333062-LivetTV\Server\.git\objects\8b\bd17cc8da8108515f4b4e6ef75d53d9e5e6d45' -> 'D:\Dropbox\mydoc2\programmeren\remote potato\RPaddinAndroidMCE\Server\.git\objects\8b\bd17cc8da8108515f4b4e6ef75d53d9e5e6d45'
Copy New 'C:\Users\stefan verhagen\Documents\Visual Studio 2010\Projects\remotepotato-4333062-LivetTV\Server\.git\objects\95\13eba78666bfa31a3ba811543224b6acdecdb4' -> 'D:\Dropbox\mydoc2\programmeren\remote potato\RPaddinAndroidMCE\Server\.git\objects\95\13eba78666bfa31a3ba811543224b6acdecdb4'
Copy New 'C:\Users\stefan verhagen\Documents\Visual Studio 2010\Projects\remotepotato-4333062-LivetTV\Server\.git\objects\96\1eff9293f25d2e2e596f2342b85f584bf6f8ab' -> 'D:\Dropbox\mydoc2\programmeren\remote potato\RPaddinAndroidMCE\Server\.git\objects\96\1eff9293f25d2e2e596f2342b85f584bf6f8ab'
Copy New 'C:\Users\stefan verhagen\Documents\Visual Studio 2010\Projects\remotepotato-4333062-LivetTV\Server\.git\objects\9f\fa1a5e479412345a65b63bf0b34d76d82df2c4' -> 'D:\Dropbox\mydoc2\programmeren\remote potato\RPaddinAndroidMCE\Server\.git\objects\9f\fa1a5e479412345a65b63bf0b34d76d82df2c4'
Copy New 'C:\Users\stefan verhagen\Documents\Visual Studio 2010\Projects\remotepotato-4333062-LivetTV\Server\.git\objects\a3\b52f2be5ec25718ac66e12cf0e0d0c5f9bde06' -> 'D:\Dropbox\mydoc2\programmeren\remote potato\RPaddinAndroidMCE\Server\.git\objects\a3\b52f2be5ec25718ac66e12cf0e0d0c5f9bde06'
Copy New 'C:\Users\stefan verhagen\Documents\Visual Studio 2010\Projects\remotepotato-4333062-LivetTV\Server\.git\objects\a4\1242ee30a79469e51ba3cbb65c9985969f83fe' -> 'D:\Dropbox\mydoc2\programmeren\remote potato\RPaddinAndroidMCE\Server\.git\objects\a4\1242ee30a79469e51ba3cbb65c9985969f83fe'
Copy New 'C:\Users\stefan verhagen\Documents\Visual Studio 2010\Projects\remotepotato-4333062-LivetTV\Server\.git\objects\a4\809ad9a25d1ceac9a00bc94649f8e262457c58' -> 'D:\Dropbox\mydoc2\programmeren\remote potato\RPaddinAndroidMCE\Server\.git\objects\a4\809ad9a25d1ceac9a00bc94649f8e262457c58'
Copy New 'C:\Users\stefan verhagen\Documents\Visual Studio 2010\Projects\remotepotato-4333062-LivetTV\Server\.git\objects\a6\426a0d14997fbf4555ffab72bf549e1eefa9e6' -> 'D:\Dropbox\mydoc2\programmeren\remote potato\RPaddinAndroidMCE\Server\.git\objects\a6\426a0d14997fbf4555ffab72bf549e1eefa9e6'
Copy New 'C:\Users\stefan verhagen\Documents\Visual Studio 2010\Projects\remotepotato-4333062-LivetTV\Server\.git\objects\a7\71a83c8c4b3933f6b8342a94e63e5350b7c6b4' -> 'D:\Dropbox\mydoc2\programmeren\remote potato\RPaddinAndroidMCE\Server\.git\objects\a7\71a83c8c4b3933f6b8342a94e63e5350b7c6b4'
Copy New 'C:\Users\stefan verhagen\Documents\Visual Studio 2010\Projects\remotepotato-4333062-LivetTV\Server\.git\objects\ad\9629c1ddafd2aa61e2235429da5776adc9f81c' -> 'D:\Dropbox\mydoc2\programmeren\remote potato\RPaddinAndroidMCE\Server\.git\objects\ad\9629c1ddafd2aa61e2235429da5776adc9f81c'
Copy New 'C:\Users\stefan verhagen\Documents\Visual Studio 2010\Projects\remotepotato-4333062-LivetTV\Server\.git\objects\b4\45ad4755b704fa86046107515914e6e6779af9' -> 'D:\Dropbox\mydoc2\programmeren\remote potato\RPaddinAndroidMCE\Server\.git\objects\b4\45ad4755b704fa86046107515914e6e6779af9'
Copy New 'C:\Users\stefan verhagen\Documents\Visual Studio 2010\Projects\remotepotato-4333062-LivetTV\Server\.git\objects\c2\2221acfb967e874dbd9fc5c5512eb388f57b58' -> 'D:\Dropbox\mydoc2\programmeren\remote potato\RPaddinAndroidMCE\Server\.git\objects\c2\2221acfb967e874dbd9fc5c5512eb388f57b58'
Copy New 'C:\Users\stefan verhagen\Documents\Visual Studio 2010\Projects\remotepotato-4333062-LivetTV\Server\.git\objects\c2\52f238959ad5c5533f82b45d4560f1e4cd893c' -> 'D:\Dropbox\mydoc2\programmeren\remote potato\RPaddinAndroidMCE\Server\.git\objects\c2\52f238959ad5c5533f82b45d4560f1e4cd893c'
Copy New 'C:\Users\stefan verhagen\Documents\Visual Studio 2010\Projects\remotepotato-4333062-LivetTV\Server\.git\objects\c5\45ba2cff44368279d4aa8ad845751a8285540c' -> 'D:\Dropbox\mydoc2\programmeren\remote potato\RPaddinAndroidMCE\Server\.git\objects\c5\45ba2cff44368279d4aa8ad845751a8285540c'
Copy New 'C:\Users\stefan verhagen\Documents\Visual Studio 2010\Projects\remotepotato-4333062-LivetTV\Server\.git\objects\c9\8d95eda4ac8ff41d66abd6e140bcad8b901593' -> 'D:\Dropbox\mydoc2\programmeren\remote potato\RPaddinAndroidMCE\Server\.git\objects\c9\8d95eda4ac8ff41d66abd6e140bcad8b901593'
Copy New 'C:\Users\stefan verhagen\Documents\Visual Studio 2010\Projects\remotepotato-4333062-LivetTV\Server\.git\objects\cc\c831701767884820fdede511d2b0e7fb5ec7c7' -> 'D:\Dropbox\mydoc2\programmeren\remote potato\RPaddinAndroidMCE\Server\.git\objects\cc\c831701767884820fdede511d2b0e7fb5ec7c7'
Copy New 'C:\Users\stefan verhagen\Documents\Visual Studio 2010\Projects\remotepotato-4333062-LivetTV\Server\.git\objects\ce\de59a022f198d4a5a90599bb6f654d5286557c' -> 'D:\Dropbox\mydoc2\programmeren\remote potato\RPaddinAndroidMCE\Server\.git\objects\ce\de59a022f198d4a5a90599bb6f654d5286557c'
Copy New 'C:\Users\stefan verhagen\Documents\Visual Studio 2010\Projects\remotepotato-4333062-LivetTV\Server\.git\objects\d2\90046a63edb352575179ec63248c7592f0ed55' -> 'D:\Dropbox\mydoc2\programmeren\remote potato\RPaddinAndroidMCE\Server\.git\objects\d2\90046a63edb352575179ec63248c7592f0ed55'
Copy New 'C:\Users\stefan verhagen\Documents\Visual Studio 2010\Projects\remotepotato-4333062-LivetTV\Server\.git\objects\da\d05f1cde685b3dd649f10b13e3f14a08235869' -> 'D:\Dropbox\mydoc2\programmeren\remote potato\RPaddinAndroidMCE\Server\.git\objects\da\d05f1cde685b3dd649f10b13e3f14a08235869'
Copy New 'C:\Users\stefan verhagen\Documents\Visual Studio 2010\Projects\remotepotato-4333062-LivetTV\Server\.git\objects\dd\d7ee75fbe47450165bc21d6875ca8c1c5d8521' -> 'D:\Dropbox\mydoc2\programmeren\remote potato\RPaddinAndroidMCE\Server\.git\objects\dd\d7ee75fbe47450165bc21d6875ca8c1c5d8521'
Copy New 'C:\Users\stefan verhagen\Documents\Visual Studio 2010\Projects\remotepotato-4333062-LivetTV\Server\.git\objects\e1\56883ff90e657a12e19f611754766a52e70348' -> 'D:\Dropbox\mydoc2\programmeren\remote potato\RPaddinAndroidMCE\Server\.git\objects\e1\56883ff90e657a12e19f611754766a52e70348'
Copy New 'C:\Users\stefan verhagen\Documents\Visual Studio 2010\Projects\remotepotato-4333062-LivetTV\Server\.git\objects\eb\4eeaa72a69244e81fcfabe0ad13ef12181f1ef' -> 'D:\Dropbox\mydoc2\programmeren\remote potato\RPaddinAndroidMCE\Server\.git\objects\eb\4eeaa72a69244e81fcfabe0ad13ef12181f1ef'
Copy New 'C:\Users\stefan verhagen\Documents\Visual Studio 2010\Projects\remotepotato-4333062-LivetTV\Server\.git\objects\ef\fd627ee100766a9f6e2838148812b3a7cda11a' -> 'D:\Dropbox\mydoc2\programmeren\remote potato\RPaddinAndroidMCE\Server\.git\objects\ef\fd627ee100766a9f6e2838148812b3a7cda11a'
Copy New 'C:\Users\stefan verhagen\Documents\Visual Studio 2010\Projects\remotepotato-4333062-LivetTV\Server\.git\objects\f3\b3a153375a62ed2d695e2466886d41b8579f5e' -> 'D:\Dropbox\mydoc2\programmeren\remote potato\RPaddinAndroidMCE\Server\.git\objects\f3\b3a153375a62ed2d695e2466886d41b8579f5e'
Copy New 'C:\Users\stefan verhagen\Documents\Visual Studio 2010\Projects\remotepotato-4333062-LivetTV\Server\.git\objects\f5\05c70d0ef17f9e59cfb68e4939d39065371bb2' -> 'D:\Dropbox\mydoc2\programmeren\remote potato\RPaddinAndroidMCE\Server\.git\objects\f5\05c70d0ef17f9e59cfb68e4939d39065371bb2'
Copy New 'C:\Users\stefan verhagen\Documents\Visual Studio 2010\Projects\remotepotato-4333062-LivetTV\Server\.git\objects\f6\310a5483b8b9fa0303087ee14f1c6663fdd8a7' -> 'D:\Dropbox\mydoc2\programmeren\remote potato\RPaddinAndroidMCE\Server\.git\objects\f6\310a5483b8b9fa0303087ee14f1c6663fdd8a7'
Copy New 'C:\Users\stefan verhagen\Documents\Visual Studio 2010\Projects\remotepotato-4333062-LivetTV\Server\.git\objects\fa\d03c9437f83fca13d191a7709f20c4d8c4a406' -> 'D:\Dropbox\mydoc2\programmeren\remote potato\RPaddinAndroidMCE\Server\.git\objects\fa\d03c9437f83fca13d191a7709f20c4d8c4a406'
Copy New 'C:\Users\stefan verhagen\Documents\Visual Studio 2010\Projects\remotepotato-4333062-LivetTV\Server\.git\objects\ff\bac146e699b1bec577953686814bf8d7336dca' -> 'D:\Dropbox\mydoc2\programmeren\remote potato\RPaddinAndroidMCE\Server\.git\objects\ff\bac146e699b1bec577953686814bf8d7336dca'
Save State File C:\Users\stefan verhagen\Documents\Visual Studio 2010\Projects\remotepotato-4333062-LivetTV\_gsdata_\_file_state._gs
Save State File D:\Dropbox\mydoc2\programmeren\remote potato\RPaddinAndroidMCE\_gsdata_\_file_state._gs
Delete lock file C:\Users\stefan verhagen\Documents\Visual Studio 2010\Projects\remotepotato-4333062-LivetTV\_gsdata_\lock.gsl
Delete lock file D:\Dropbox\mydoc2\programmeren\remote potato\RPaddinAndroidMCE\_gsdata_\lock.gsl
Items Synced OK: 68, Errors: 0
===== 9-10-2012 19:03:22: Sync Completed. Time: 00:00:03, Speed: 9,89 MB/s =====

