----- 10-10-2012 22:29:25: Job 'VS2012RPLiveTV': ANALYSIS started by On File Change on computer 'QUAD' (GoodSync 9.0.2.4 on Windows 7) -----
VS2012RPLiveTV: ~stefan verhagen\Documents\Visual Studio 2012\Projects\remotepotato-4333062-LivetTV (C:\Users\stefan verhagen\Documents\Visual Studio 2012\Projects\remotepotato-4333062-LivetTV) =forced-PropDels=> D:\Dropbox\mydoc2\programmeren\remote potato\RPLiveTV-VS2012, SavePrevVers, CleanupPrevVers=30d, CleanupOldGens=12m, TmpDest, EstReq, CopyLocked, DetectMovesAndRenames, DetectFolderMoves, FileLinksDrill, CaseSens, Reconnect=3, ChangeLimit=10
Exclude Hidden, Exclude System, Exclude licens*.rfo|cache.rfo|mru.rfo|mpp*.rfo|RoboForm Online Account.rfp|name *._gstmp|/System Volume Information|Thumbs.db|.DS_Store 
Left: Reading State File C:\Users\stefan verhagen\Documents\Visual Studio 2012\Projects\remotepotato-4333062-LivetTV\_gsdata_\_file_state._gs
Locking folder C:\Users\stefan verhagen\Documents\Visual Studio 2012\Projects\remotepotato-4333062-LivetTV for write
Left: Files: 1.812 (excluded 3). Folders: 293 (excluded 2). C: NTFS, Free: 50,1 GB, Total: 195 GB
Right: Reading State File D:\Dropbox\mydoc2\programmeren\remote potato\RPLiveTV-VS2012\_gsdata_\_file_state._gs
Locking folder D:\Dropbox\mydoc2\programmeren\remote potato\RPLiveTV-VS2012 for write
Right: Files: 1.950 (excluded 0). Folders: 284 (excluded 1). D: NTFS, Free: 159 GB, Total: 931 GB
/Server/RemotePotatoUI/bin/Release/toolkit/ffmpeg.exe: Warning: Older file to replace Newer file
On disk file:///D: space required for sync is 18,8 MB, you have 159 GB
Changes: 270, Conflicts: 0, CopyTime: 0, CopyState: 0, Errors: 0
Left to Right: Copy File: 103 Delete File: 163 Rename/Move File/Folder: 4 
----- 10-10-2012 22:29:29: Analysis Completed. Time 00:00:04, Speed: 568 files/s -----
===== 10-10-2012 22:29:29: Job 'VS2012RPLiveTV': SYNC started by On File Change on computer 'QUAD' =====
VS2012RPLiveTV: ~stefan verhagen\Documents\Visual Studio 2012\Projects\remotepotato-4333062-LivetTV (C:\Users\stefan verhagen\Documents\Visual Studio 2012\Projects\remotepotato-4333062-LivetTV) =forced-PropDels=> D:\Dropbox\mydoc2\programmeren\remote potato\RPLiveTV-VS2012, SavePrevVers, CleanupPrevVers=30d, CleanupOldGens=12m, TmpDest, EstReq, CopyLocked, DetectMovesAndRenames, DetectFolderMoves, FileLinksDrill, CaseSens, Reconnect=3, ChangeLimit=10
Delete File 'D:\Dropbox\mydoc2\programmeren\remote potato\RPLiveTV-VS2012\Server\CommonEPG\obj\Release\CommonEPG.csprojResolveAssemblyReference.cache'
Delete File 'D:\Dropbox\mydoc2\programmeren\remote potato\RPLiveTV-VS2012\Server\RemotePotatoSettings\obj\Release\RemotePotatoSettings.csprojResolveAssemblyReference.cache'
Delete File 'D:\Dropbox\mydoc2\programmeren\remote potato\RPLiveTV-VS2012\Server\RPKeySender\obj\x86\Release\RPKeySender.csprojResolveAssemblyReference.cache'
Delete File 'D:\Dropbox\mydoc2\programmeren\remote potato\RPLiveTV-VS2012\Server\RPServer\bin\Release\RPServer.dll'
Delete File 'D:\Dropbox\mydoc2\programmeren\remote potato\RPLiveTV-VS2012\Server\RPServer\bin\Release\RPServer.dll.config'
Delete File 'D:\Dropbox\mydoc2\programmeren\remote potato\RPLiveTV-VS2012\Server\RPServer\bin\Release\RPServer.pdb'
Delete File 'D:\Dropbox\mydoc2\programmeren\remote potato\RPLiveTV-VS2012\Server\RPServer\bin\Release\static\clientaccesspolicy.xml'
Delete File 'D:\Dropbox\mydoc2\programmeren\remote potato\RPLiveTV-VS2012\Server\RPServer\bin\Release\static\images\apple-touch-icon.png'
Delete File 'D:\Dropbox\mydoc2\programmeren\remote potato\RPLiveTV-VS2012\Server\RPServer\bin\Release\static\images\btnSaveSong.png'
Delete File 'D:\Dropbox\mydoc2\programmeren\remote potato\RPLiveTV-VS2012\Server\RPServer\bin\Release\static\images\btnStreamSong.png'
Delete File 'D:\Dropbox\mydoc2\programmeren\remote potato\RPLiveTV-VS2012\Server\RPServer\bin\Release\static\images\epgchanneldownarrow.png'
Delete File 'D:\Dropbox\mydoc2\programmeren\remote potato\RPLiveTV-VS2012\Server\RPServer\bin\Release\static\images\epgchanneldownarrow_disabled.png'
Delete File 'D:\Dropbox\mydoc2\programmeren\remote potato\RPLiveTV-VS2012\Server\RPServer\bin\Release\static\images\epgchanneluparrow.png'
Delete File 'D:\Dropbox\mydoc2\programmeren\remote potato\RPLiveTV-VS2012\Server\RPServer\bin\Release\static\images\epgchanneluparrow_disabled.png'
Delete File 'D:\Dropbox\mydoc2\programmeren\remote potato\RPLiveTV-VS2012\Server\RPServer\bin\Release\static\images\epggrid_shading.png'
Delete File 'D:\Dropbox\mydoc2\programmeren\remote potato\RPLiveTV-VS2012\Server\RPServer\bin\Release\static\images\epgtimeleftarrow.png'
Delete File 'D:\Dropbox\mydoc2\programmeren\remote potato\RPLiveTV-VS2012\Server\RPServer\bin\Release\static\images\epgtimerightarrow.png'
Delete File 'D:\Dropbox\mydoc2\programmeren\remote potato\RPLiveTV-VS2012\Server\RPServer\bin\Release\static\images\imgFolder150x75.png'
Delete File 'D:\Dropbox\mydoc2\programmeren\remote potato\RPLiveTV-VS2012\Server\RPServer\bin\Release\static\images\logosquare.png'
Delete File 'D:\Dropbox\mydoc2\programmeren\remote potato\RPLiveTV-VS2012\Server\RPServer\bin\Release\static\images\mce_remote2.png'
Delete File 'D:\Dropbox\mydoc2\programmeren\remote potato\RPLiveTV-VS2012\Server\RPServer\bin\Release\static\images\record_dot_onetime.png'
Delete File 'D:\Dropbox\mydoc2\programmeren\remote potato\RPLiveTV-VS2012\Server\RPServer\bin\Release\static\images\record_dot_series.png'
Delete File 'D:\Dropbox\mydoc2\programmeren\remote potato\RPLiveTV-VS2012\Server\RPServer\bin\Release\static\images\remotepotato_HLogo_small.png'
Delete File 'D:\Dropbox\mydoc2\programmeren\remote potato\RPLiveTV-VS2012\Server\RPServer\bin\Release\static\images\remotepotatoicon.ico'
Delete File 'D:\Dropbox\mydoc2\programmeren\remote potato\RPLiveTV-VS2012\Server\RPServer\bin\Release\static\images\showhdlogo.png'
Delete File 'D:\Dropbox\mydoc2\programmeren\remote potato\RPLiveTV-VS2012\Server\RPServer\bin\Release\static\images\showtypedocumentary.png'
Delete File 'D:\Dropbox\mydoc2\programmeren\remote potato\RPLiveTV-VS2012\Server\RPServer\bin\Release\static\images\showtypekids.png'
Delete File 'D:\Dropbox\mydoc2\programmeren\remote potato\RPLiveTV-VS2012\Server\RPServer\bin\Release\static\images\showtypemovie.png'
Delete File 'D:\Dropbox\mydoc2\programmeren\remote potato\RPLiveTV-VS2012\Server\RPServer\bin\Release\static\images\showtypenews.png'
Delete File 'D:\Dropbox\mydoc2\programmeren\remote potato\RPLiveTV-VS2012\Server\RPServer\bin\Release\static\images\showtypesport.png'
Delete File 'D:\Dropbox\mydoc2\programmeren\remote potato\RPLiveTV-VS2012\Server\RPServer\bin\Release\static\images\starHalf.png'
Delete File 'D:\Dropbox\mydoc2\programmeren\remote potato\RPLiveTV-VS2012\Server\RPServer\bin\Release\static\images\starOff.png'
Delete File 'D:\Dropbox\mydoc2\programmeren\remote potato\RPLiveTV-VS2012\Server\RPServer\bin\Release\static\images\starOn.png'
Delete File 'D:\Dropbox\mydoc2\programmeren\remote potato\RPLiveTV-VS2012\Server\RPServer\bin\Release\static\images\tinypotato.png'
Delete File 'D:\Dropbox\mydoc2\programmeren\remote potato\RPLiveTV-VS2012\Server\RPServer\bin\Release\static\images\topbanner_landscape.png'
Delete File 'D:\Dropbox\mydoc2\programmeren\remote potato\RPLiveTV-VS2012\Server\RPServer\bin\Release\static\images\topbanner_portrait.png'
Delete File 'D:\Dropbox\mydoc2\programmeren\remote potato\RPLiveTV-VS2012\Server\RPServer\bin\Release\static\robots.txt'
Delete File 'D:\Dropbox\mydoc2\programmeren\remote potato\RPLiveTV-VS2012\Server\RPServer\bin\Release\static\silverlight\default_template.htm'
Delete File 'D:\Dropbox\mydoc2\programmeren\remote potato\RPLiveTV-VS2012\Server\RPServer\bin\Release\static\silverlight\HLSMediaSource.dll'
Delete File 'D:\Dropbox\mydoc2\programmeren\remote potato\RPLiveTV-VS2012\Server\RPServer\bin\Release\static\silverlight\SilverPotato.xap'
Delete File 'D:\Dropbox\mydoc2\programmeren\remote potato\RPLiveTV-VS2012\Server\RPServer\bin\Release\static\skins\custom\about.txt'
Delete File 'D:\Dropbox\mydoc2\programmeren\remote potato\RPLiveTV-VS2012\Server\RPServer\bin\Release\static\skins\custom\epg-grid.css'
Delete File 'D:\Dropbox\mydoc2\programmeren\remote potato\RPLiveTV-VS2012\Server\RPServer\bin\Release\static\skins\custom\epg-list.css'
Delete File 'D:\Dropbox\mydoc2\programmeren\remote potato\RPLiveTV-VS2012\Server\RPServer\bin\Release\static\skins\custom\images\background.jpg'
Delete File 'D:\Dropbox\mydoc2\programmeren\remote potato\RPLiveTV-VS2012\Server\RPServer\bin\Release\static\skins\custom\images\transparentgray40.png'
Delete File 'D:\Dropbox\mydoc2\programmeren\remote potato\RPLiveTV-VS2012\Server\RPServer\bin\Release\static\skins\custom\masterpage.htm'
Delete File 'D:\Dropbox\mydoc2\programmeren\remote potato\RPLiveTV-VS2012\Server\RPServer\bin\Release\static\skins\custom\movies.css'
Delete File 'D:\Dropbox\mydoc2\programmeren\remote potato\RPLiveTV-VS2012\Server\RPServer\bin\Release\static\skins\custom\page_music_collection.htm'
Delete File 'D:\Dropbox\mydoc2\programmeren\remote potato\RPLiveTV-VS2012\Server\RPServer\bin\Release\static\skins\custom\page_music_songs.htm'
Delete File 'D:\Dropbox\mydoc2\programmeren\remote potato\RPLiveTV-VS2012\Server\RPServer\bin\Release\static\skins\custom\page_recordmanual.htm'
Delete File 'D:\Dropbox\mydoc2\programmeren\remote potato\RPLiveTV-VS2012\Server\RPServer\bin\Release\static\skins\custom\page_recordshow_onetime.htm'
Delete File 'D:\Dropbox\mydoc2\programmeren\remote potato\RPLiveTV-VS2012\Server\RPServer\bin\Release\static\skins\custom\page_recordshow_series.htm'
Delete File 'D:\Dropbox\mydoc2\programmeren\remote potato\RPLiveTV-VS2012\Server\RPServer\bin\Release\static\skins\custom\page_remote.htm'
Delete File 'D:\Dropbox\mydoc2\programmeren\remote potato\RPLiveTV-VS2012\Server\RPServer\bin\Release\static\skins\custom\page_remote_command.htm'
Delete File 'D:\Dropbox\mydoc2\programmeren\remote potato\RPLiveTV-VS2012\Server\RPServer\bin\Release\static\skins\custom\page_searchshow_results.htm'
Delete File 'D:\Dropbox\mydoc2\programmeren\remote potato\RPLiveTV-VS2012\Server\RPServer\bin\Release\static\skins\custom\page_searchshow_title.htm'
Delete File 'D:\Dropbox\mydoc2\programmeren\remote potato\RPLiveTV-VS2012\Server\RPServer\bin\Release\static\skins\custom\page_series.htm'
Delete File 'D:\Dropbox\mydoc2\programmeren\remote potato\RPLiveTV-VS2012\Server\RPServer\bin\Release\static\skins\custom\page_show.htm'
Delete File 'D:\Dropbox\mydoc2\programmeren\remote potato\RPLiveTV-VS2012\Server\RPServer\bin\Release\static\skins\custom\page_viewepg_grid.htm'
Delete File 'D:\Dropbox\mydoc2\programmeren\remote potato\RPLiveTV-VS2012\Server\RPServer\bin\Release\static\skins\custom\page_viewepg_tbl.htm'
Delete File 'D:\Dropbox\mydoc2\programmeren\remote potato\RPLiveTV-VS2012\Server\RPServer\bin\Release\static\skins\custom\page_viewlibrary.htm'
Delete File 'D:\Dropbox\mydoc2\programmeren\remote potato\RPLiveTV-VS2012\Server\RPServer\bin\Release\static\skins\custom\page_viewpicture.htm'
Delete File 'D:\Dropbox\mydoc2\programmeren\remote potato\RPLiveTV-VS2012\Server\RPServer\bin\Release\static\skins\custom\page_viewrecordedtv.htm'
Delete File 'D:\Dropbox\mydoc2\programmeren\remote potato\RPLiveTV-VS2012\Server\RPServer\bin\Release\static\skins\custom\page_viewscheduledrecordings.htm'
Delete File 'D:\Dropbox\mydoc2\programmeren\remote potato\RPLiveTV-VS2012\Server\RPServer\bin\Release\static\skins\custom\rectv.css'
Delete File 'D:\Dropbox\mydoc2\programmeren\remote potato\RPLiveTV-VS2012\Server\RPServer\bin\Release\static\skins\custom\settings.xml'
Delete File 'D:\Dropbox\mydoc2\programmeren\remote potato\RPLiveTV-VS2012\Server\RPServer\bin\Release\static\skins\custom\showdetails.css'
Delete File 'D:\Dropbox\mydoc2\programmeren\remote potato\RPLiveTV-VS2012\Server\RPServer\bin\Release\static\skins\custom\stream_show.htm'
Delete File 'D:\Dropbox\mydoc2\programmeren\remote potato\RPLiveTV-VS2012\Server\RPServer\bin\Release\static\skins\custom\styles.css'
Delete File 'D:\Dropbox\mydoc2\programmeren\remote potato\RPLiveTV-VS2012\Server\RPServer\bin\Release\static\skins\custom\thumbnail_default.png'
Delete File 'D:\Dropbox\mydoc2\programmeren\remote potato\RPLiveTV-VS2012\Server\RPServer\bin\Release\static\skins\default\about.txt'
Delete File 'D:\Dropbox\mydoc2\programmeren\remote potato\RPLiveTV-VS2012\Server\RPServer\bin\Release\static\skins\default\epg-grid.css'
Delete File 'D:\Dropbox\mydoc2\programmeren\remote potato\RPLiveTV-VS2012\Server\RPServer\bin\Release\static\skins\default\epg-list.css'
Delete File 'D:\Dropbox\mydoc2\programmeren\remote potato\RPLiveTV-VS2012\Server\RPServer\bin\Release\static\skins\default\images\background.jpg'
Delete File 'D:\Dropbox\mydoc2\programmeren\remote potato\RPLiveTV-VS2012\Server\RPServer\bin\Release\static\skins\default\images\transparentgray40.png'
Delete File 'D:\Dropbox\mydoc2\programmeren\remote potato\RPLiveTV-VS2012\Server\RPServer\bin\Release\static\skins\default\masterpage.htm'
Delete File 'D:\Dropbox\mydoc2\programmeren\remote potato\RPLiveTV-VS2012\Server\RPServer\bin\Release\static\skins\default\movies.css'
Delete File 'D:\Dropbox\mydoc2\programmeren\remote potato\RPLiveTV-VS2012\Server\RPServer\bin\Release\static\skins\default\page_login.htm'
Delete File 'D:\Dropbox\mydoc2\programmeren\remote potato\RPLiveTV-VS2012\Server\RPServer\bin\Release\static\skins\default\page_movie.htm'
Delete File 'D:\Dropbox\mydoc2\programmeren\remote potato\RPLiveTV-VS2012\Server\RPServer\bin\Release\static\skins\default\page_music_collection.htm'
Delete File 'D:\Dropbox\mydoc2\programmeren\remote potato\RPLiveTV-VS2012\Server\RPServer\bin\Release\static\skins\default\page_music_songs.htm'
Delete File 'D:\Dropbox\mydoc2\programmeren\remote potato\RPLiveTV-VS2012\Server\RPServer\bin\Release\static\skins\default\page_recordmanual.htm'
Delete File 'D:\Dropbox\mydoc2\programmeren\remote potato\RPLiveTV-VS2012\Server\RPServer\bin\Release\static\skins\default\page_recordshow_onetime.htm'
Delete File 'D:\Dropbox\mydoc2\programmeren\remote potato\RPLiveTV-VS2012\Server\RPServer\bin\Release\static\skins\default\page_recordshow_series.htm'
Delete File 'D:\Dropbox\mydoc2\programmeren\remote potato\RPLiveTV-VS2012\Server\RPServer\bin\Release\static\skins\default\page_remote.htm'
Delete File 'D:\Dropbox\mydoc2\programmeren\remote potato\RPLiveTV-VS2012\Server\RPServer\bin\Release\static\skins\default\page_remote_command.htm'
Delete File 'D:\Dropbox\mydoc2\programmeren\remote potato\RPLiveTV-VS2012\Server\RPServer\bin\Release\static\skins\default\page_searchshow_results.htm'
Delete File 'D:\Dropbox\mydoc2\programmeren\remote potato\RPLiveTV-VS2012\Server\RPServer\bin\Release\static\skins\default\page_searchshow_title.htm'
Delete File 'D:\Dropbox\mydoc2\programmeren\remote potato\RPLiveTV-VS2012\Server\RPServer\bin\Release\static\skins\default\page_series.htm'
Delete File 'D:\Dropbox\mydoc2\programmeren\remote potato\RPLiveTV-VS2012\Server\RPServer\bin\Release\static\skins\default\page_show.htm'
Delete File 'D:\Dropbox\mydoc2\programmeren\remote potato\RPLiveTV-VS2012\Server\RPServer\bin\Release\static\skins\default\page_viewepg_grid.htm'
Delete File 'D:\Dropbox\mydoc2\programmeren\remote potato\RPLiveTV-VS2012\Server\RPServer\bin\Release\static\skins\default\page_viewepg_tbl.htm'
Delete File 'D:\Dropbox\mydoc2\programmeren\remote potato\RPLiveTV-VS2012\Server\RPServer\bin\Release\static\skins\default\page_viewlibrary.htm'
Delete File 'D:\Dropbox\mydoc2\programmeren\remote potato\RPLiveTV-VS2012\Server\RPServer\bin\Release\static\skins\default\page_viewpicture.htm'
Delete File 'D:\Dropbox\mydoc2\programmeren\remote potato\RPLiveTV-VS2012\Server\RPServer\bin\Release\static\skins\default\page_viewrecordedtv.htm'
Delete File 'D:\Dropbox\mydoc2\programmeren\remote potato\RPLiveTV-VS2012\Server\RPServer\bin\Release\static\skins\default\page_viewscheduledrecordings.htm'
Delete File 'D:\Dropbox\mydoc2\programmeren\remote potato\RPLiveTV-VS2012\Server\RPServer\bin\Release\static\skins\default\rectv.css'
Delete File 'D:\Dropbox\mydoc2\programmeren\remote potato\RPLiveTV-VS2012\Server\RPServer\bin\Release\static\skins\default\settings.xml'
Delete File 'D:\Dropbox\mydoc2\programmeren\remote potato\RPLiveTV-VS2012\Server\RPServer\bin\Release\static\skins\default\showdetails.css'
Delete File 'D:\Dropbox\mydoc2\programmeren\remote potato\RPLiveTV-VS2012\Server\RPServer\bin\Release\static\skins\default\stream_show.htm'
Delete File 'D:\Dropbox\mydoc2\programmeren\remote potato\RPLiveTV-VS2012\Server\RPServer\bin\Release\static\skins\default\styles.css'
Delete File 'D:\Dropbox\mydoc2\programmeren\remote potato\RPLiveTV-VS2012\Server\RPServer\bin\Release\static\skins\default\thumbnail_default.png'
Delete File 'D:\Dropbox\mydoc2\programmeren\remote potato\RPLiveTV-VS2012\Server\RPServer\bin\Release\static\skins\minimalist\about.txt'
Delete File 'D:\Dropbox\mydoc2\programmeren\remote potato\RPLiveTV-VS2012\Server\RPServer\bin\Release\static\skins\minimalist\epg-grid.css'
Delete File 'D:\Dropbox\mydoc2\programmeren\remote potato\RPLiveTV-VS2012\Server\RPServer\bin\Release\static\skins\minimalist\epg-list.css'
Delete File 'D:\Dropbox\mydoc2\programmeren\remote potato\RPLiveTV-VS2012\Server\RPServer\bin\Release\static\skins\minimalist\masterpage.htm'
Delete File 'D:\Dropbox\mydoc2\programmeren\remote potato\RPLiveTV-VS2012\Server\RPServer\bin\Release\static\skins\minimalist\movies.css'
Delete File 'D:\Dropbox\mydoc2\programmeren\remote potato\RPLiveTV-VS2012\Server\RPServer\bin\Release\static\skins\minimalist\page_movie.htm'
Delete File 'D:\Dropbox\mydoc2\programmeren\remote potato\RPLiveTV-VS2012\Server\RPServer\bin\Release\static\skins\minimalist\page_movies.htm'
Delete File 'D:\Dropbox\mydoc2\programmeren\remote potato\RPLiveTV-VS2012\Server\RPServer\bin\Release\static\skins\minimalist\page_music_collection.htm'
Delete File 'D:\Dropbox\mydoc2\programmeren\remote potato\RPLiveTV-VS2012\Server\RPServer\bin\Release\static\skins\minimalist\page_music_songs.htm'
Delete File 'D:\Dropbox\mydoc2\programmeren\remote potato\RPLiveTV-VS2012\Server\RPServer\bin\Release\static\skins\minimalist\page_recordmanual.htm'
Delete File 'D:\Dropbox\mydoc2\programmeren\remote potato\RPLiveTV-VS2012\Server\RPServer\bin\Release\static\skins\minimalist\page_recordshow_onetime.htm'
Delete File 'D:\Dropbox\mydoc2\programmeren\remote potato\RPLiveTV-VS2012\Server\RPServer\bin\Release\static\skins\minimalist\page_recordshow_series.htm'
Delete File 'D:\Dropbox\mydoc2\programmeren\remote potato\RPLiveTV-VS2012\Server\RPServer\bin\Release\static\skins\minimalist\page_remote.htm'
Delete File 'D:\Dropbox\mydoc2\programmeren\remote potato\RPLiveTV-VS2012\Server\RPServer\bin\Release\static\skins\minimalist\page_remote_command.htm'
Delete File 'D:\Dropbox\mydoc2\programmeren\remote potato\RPLiveTV-VS2012\Server\RPServer\bin\Release\static\skins\minimalist\page_searchshow_results.htm'
Delete File 'D:\Dropbox\mydoc2\programmeren\remote potato\RPLiveTV-VS2012\Server\RPServer\bin\Release\static\skins\minimalist\page_searchshow_title.htm'
Delete File 'D:\Dropbox\mydoc2\programmeren\remote potato\RPLiveTV-VS2012\Server\RPServer\bin\Release\static\skins\minimalist\page_series.htm'
Delete File 'D:\Dropbox\mydoc2\programmeren\remote potato\RPLiveTV-VS2012\Server\RPServer\bin\Release\static\skins\minimalist\page_show.htm'
Delete File 'D:\Dropbox\mydoc2\programmeren\remote potato\RPLiveTV-VS2012\Server\RPServer\bin\Release\static\skins\minimalist\page_viewepg_grid.htm'
Delete File 'D:\Dropbox\mydoc2\programmeren\remote potato\RPLiveTV-VS2012\Server\RPServer\bin\Release\static\skins\minimalist\page_viewepg_tbl.htm'
Delete File 'D:\Dropbox\mydoc2\programmeren\remote potato\RPLiveTV-VS2012\Server\RPServer\bin\Release\static\skins\minimalist\page_viewlibrary.htm'
Delete File 'D:\Dropbox\mydoc2\programmeren\remote potato\RPLiveTV-VS2012\Server\RPServer\bin\Release\static\skins\minimalist\page_viewpicture.htm'
Delete File 'D:\Dropbox\mydoc2\programmeren\remote potato\RPLiveTV-VS2012\Server\RPServer\bin\Release\static\skins\minimalist\page_viewrecordedtv.htm'
Delete File 'D:\Dropbox\mydoc2\programmeren\remote potato\RPLiveTV-VS2012\Server\RPServer\bin\Release\static\skins\minimalist\page_viewscheduledrecordings.htm'
Delete File 'D:\Dropbox\mydoc2\programmeren\remote potato\RPLiveTV-VS2012\Server\RPServer\bin\Release\static\skins\minimalist\rectv.css'
Delete File 'D:\Dropbox\mydoc2\programmeren\remote potato\RPLiveTV-VS2012\Server\RPServer\bin\Release\static\skins\minimalist\settings.xml'
Delete File 'D:\Dropbox\mydoc2\programmeren\remote potato\RPLiveTV-VS2012\Server\RPServer\bin\Release\static\skins\minimalist\showdetails.css'
Delete File 'D:\Dropbox\mydoc2\programmeren\remote potato\RPLiveTV-VS2012\Server\RPServer\bin\Release\static\skins\minimalist\stream_show.htm'
Delete File 'D:\Dropbox\mydoc2\programmeren\remote potato\RPLiveTV-VS2012\Server\RPServer\bin\Release\static\skins\minimalist\styles.css'
Delete File 'D:\Dropbox\mydoc2\programmeren\remote potato\RPLiveTV-VS2012\Server\RPServer\bin\Release\static\skins\minimalist\thumbnail_default.png'
Delete File 'D:\Dropbox\mydoc2\programmeren\remote potato\RPLiveTV-VS2012\Server\RPServer\bin\Release\static\skins\retro\about.txt'
Delete File 'D:\Dropbox\mydoc2\programmeren\remote potato\RPLiveTV-VS2012\Server\RPServer\bin\Release\static\skins\retro\epg-grid.css'
Delete File 'D:\Dropbox\mydoc2\programmeren\remote potato\RPLiveTV-VS2012\Server\RPServer\bin\Release\static\skins\retro\epg-list.css'
Delete File 'D:\Dropbox\mydoc2\programmeren\remote potato\RPLiveTV-VS2012\Server\RPServer\bin\Release\static\skins\retro\images\topbanner_retro.png'
Delete File 'D:\Dropbox\mydoc2\programmeren\remote potato\RPLiveTV-VS2012\Server\RPServer\bin\Release\static\skins\retro\masterpage.htm'
Delete File 'D:\Dropbox\mydoc2\programmeren\remote potato\RPLiveTV-VS2012\Server\RPServer\bin\Release\static\skins\retro\movies.css'
Delete File 'D:\Dropbox\mydoc2\programmeren\remote potato\RPLiveTV-VS2012\Server\RPServer\bin\Release\static\skins\retro\page_movie.htm'
Delete File 'D:\Dropbox\mydoc2\programmeren\remote potato\RPLiveTV-VS2012\Server\RPServer\bin\Release\static\skins\retro\page_movies.htm'
Delete File 'D:\Dropbox\mydoc2\programmeren\remote potato\RPLiveTV-VS2012\Server\RPServer\bin\Release\static\skins\retro\page_music_collection.htm'
Delete File 'D:\Dropbox\mydoc2\programmeren\remote potato\RPLiveTV-VS2012\Server\RPServer\bin\Release\static\skins\retro\page_music_songs.htm'
Delete File 'D:\Dropbox\mydoc2\programmeren\remote potato\RPLiveTV-VS2012\Server\RPServer\bin\Release\static\skins\retro\page_recordmanual.htm'
Delete File 'D:\Dropbox\mydoc2\programmeren\remote potato\RPLiveTV-VS2012\Server\RPServer\bin\Release\static\skins\retro\page_recordshow_onetime.htm'
Delete File 'D:\Dropbox\mydoc2\programmeren\remote potato\RPLiveTV-VS2012\Server\RPServer\bin\Release\static\skins\retro\page_recordshow_series.htm'
Delete File 'D:\Dropbox\mydoc2\programmeren\remote potato\RPLiveTV-VS2012\Server\RPServer\bin\Release\static\skins\retro\page_remote.htm'
Delete File 'D:\Dropbox\mydoc2\programmeren\remote potato\RPLiveTV-VS2012\Server\RPServer\bin\Release\static\skins\retro\page_remote_command.htm'
Delete File 'D:\Dropbox\mydoc2\programmeren\remote potato\RPLiveTV-VS2012\Server\RPServer\bin\Release\static\skins\retro\page_searchshow_results.htm'
Delete File 'D:\Dropbox\mydoc2\programmeren\remote potato\RPLiveTV-VS2012\Server\RPServer\bin\Release\static\skins\retro\page_searchshow_title.htm'
Delete File 'D:\Dropbox\mydoc2\programmeren\remote potato\RPLiveTV-VS2012\Server\RPServer\bin\Release\static\skins\retro\page_series.htm'
Delete File 'D:\Dropbox\mydoc2\programmeren\remote potato\RPLiveTV-VS2012\Server\RPServer\bin\Release\static\skins\retro\page_show.htm'
Delete File 'D:\Dropbox\mydoc2\programmeren\remote potato\RPLiveTV-VS2012\Server\RPServer\bin\Release\static\skins\retro\page_viewepg_grid.htm'
Delete File 'D:\Dropbox\mydoc2\programmeren\remote potato\RPLiveTV-VS2012\Server\RPServer\bin\Release\static\skins\retro\page_viewepg_tbl.htm'
Delete File 'D:\Dropbox\mydoc2\programmeren\remote potato\RPLiveTV-VS2012\Server\RPServer\bin\Release\static\skins\retro\page_viewlibrary.htm'
Delete File 'D:\Dropbox\mydoc2\programmeren\remote potato\RPLiveTV-VS2012\Server\RPServer\bin\Release\static\skins\retro\page_viewpicture.htm'
Delete File 'D:\Dropbox\mydoc2\programmeren\remote potato\RPLiveTV-VS2012\Server\RPServer\bin\Release\static\skins\retro\page_viewrecordedtv.htm'
Delete File 'D:\Dropbox\mydoc2\programmeren\remote potato\RPLiveTV-VS2012\Server\RPServer\bin\Release\static\skins\retro\page_viewscheduledrecordings.htm'
Delete File 'D:\Dropbox\mydoc2\programmeren\remote potato\RPLiveTV-VS2012\Server\RPServer\bin\Release\static\skins\retro\rectv.css'
Delete File 'D:\Dropbox\mydoc2\programmeren\remote potato\RPLiveTV-VS2012\Server\RPServer\bin\Release\static\skins\retro\settings.xml'
Delete File 'D:\Dropbox\mydoc2\programmeren\remote potato\RPLiveTV-VS2012\Server\RPServer\bin\Release\static\skins\retro\showdetails.css'
Delete File 'D:\Dropbox\mydoc2\programmeren\remote potato\RPLiveTV-VS2012\Server\RPServer\bin\Release\static\skins\retro\stream_show.htm'
Delete File 'D:\Dropbox\mydoc2\programmeren\remote potato\RPLiveTV-VS2012\Server\RPServer\bin\Release\static\skins\retro\styles.css'
Delete File 'D:\Dropbox\mydoc2\programmeren\remote potato\RPLiveTV-VS2012\Server\RPServer\bin\Release\static\skins\retro\thumbnail_default.png'
Create Folder 'D:\Dropbox\mydoc2\programmeren\remote potato\RPLiveTV-VS2012\Server\Setup1\RemotePotatoSetup'
Create Folder 'D:\Dropbox\mydoc2\programmeren\remote potato\RPLiveTV-VS2012\Server\Setup1\RemotePotatoSetup\Express'
Create Folder 'D:\Dropbox\mydoc2\programmeren\remote potato\RPLiveTV-VS2012\Server\Setup1\RemotePotatoSetup\Express\Interm'
Create Folder 'D:\Dropbox\mydoc2\programmeren\remote potato\RPLiveTV-VS2012\Server\Setup1\RemotePotatoSetup\Express\SingleImage'
Create Folder 'D:\Dropbox\mydoc2\programmeren\remote potato\RPLiveTV-VS2012\Server\Setup1\RemotePotatoSetup\Express\SingleImage\DiskImages'
Create Folder 'D:\Dropbox\mydoc2\programmeren\remote potato\RPLiveTV-VS2012\Server\Setup1\RemotePotatoSetup\Express\SingleImage\DiskImages\DISK1'
Create Folder 'D:\Dropbox\mydoc2\programmeren\remote potato\RPLiveTV-VS2012\Server\Setup1\RemotePotatoSetup\Express\SingleImage\LogFiles'
Create Folder 'D:\Dropbox\mydoc2\programmeren\remote potato\RPLiveTV-VS2012\Server\Setup1\RemotePotatoSetup\Express\SingleImage\Reports'
Create Folder 'D:\Dropbox\mydoc2\programmeren\remote potato\RPLiveTV-VS2012\Server\Setup1\RemotePotatoSetup\Express\SingleImage\TestTools'
Copy Over 'C:\Users\stefan verhagen\Documents\Visual Studio 2012\Projects\remotepotato-4333062-LivetTV\Server\CommonEPG\bin\Release\CommonEPG.dll' -> 'D:\Dropbox\mydoc2\programmeren\remote potato\RPLiveTV-VS2012\Server\CommonEPG\bin\Release\CommonEPG.dll'
Copy Over 'C:\Users\stefan verhagen\Documents\Visual Studio 2012\Projects\remotepotato-4333062-LivetTV\Server\CommonEPG\bin\Release\CommonEPG.pdb' -> 'D:\Dropbox\mydoc2\programmeren\remote potato\RPLiveTV-VS2012\Server\CommonEPG\bin\Release\CommonEPG.pdb'
Copy Over 'C:\Users\stefan verhagen\Documents\Visual Studio 2012\Projects\remotepotato-4333062-LivetTV\Server\CommonEPG\obj\Release\CommonEPG.csproj.FileListAbsolute.txt' -> 'D:\Dropbox\mydoc2\programmeren\remote potato\RPLiveTV-VS2012\Server\CommonEPG\obj\Release\CommonEPG.csproj.FileListAbsolute.txt'
Copy Over 'C:\Users\stefan verhagen\Documents\Visual Studio 2012\Projects\remotepotato-4333062-LivetTV\Server\CommonEPG\obj\Release\CommonEPG.dll' -> 'D:\Dropbox\mydoc2\programmeren\remote potato\RPLiveTV-VS2012\Server\CommonEPG\obj\Release\CommonEPG.dll'
Copy Over 'C:\Users\stefan verhagen\Documents\Visual Studio 2012\Projects\remotepotato-4333062-LivetTV\Server\CommonEPG\obj\Release\CommonEPG.pdb' -> 'D:\Dropbox\mydoc2\programmeren\remote potato\RPLiveTV-VS2012\Server\CommonEPG\obj\Release\CommonEPG.pdb'
Copy Over 'C:\Users\stefan verhagen\Documents\Visual Studio 2012\Projects\remotepotato-4333062-LivetTV\Server\MCData\bin\Release\CommonEPG.dll' -> 'D:\Dropbox\mydoc2\programmeren\remote potato\RPLiveTV-VS2012\Server\MCData\bin\Release\CommonEPG.dll'
Copy Over 'C:\Users\stefan verhagen\Documents\Visual Studio 2012\Projects\remotepotato-4333062-LivetTV\Server\MCData\bin\Release\CommonEPG.pdb' -> 'D:\Dropbox\mydoc2\programmeren\remote potato\RPLiveTV-VS2012\Server\MCData\bin\Release\CommonEPG.pdb'
Copy Over 'C:\Users\stefan verhagen\Documents\Visual Studio 2012\Projects\remotepotato-4333062-LivetTV\Server\MCData\bin\Release\MSEPG.dll' -> 'D:\Dropbox\mydoc2\programmeren\remote potato\RPLiveTV-VS2012\Server\MCData\bin\Release\MSEPG.dll'
Copy Over 'C:\Users\stefan verhagen\Documents\Visual Studio 2012\Projects\remotepotato-4333062-LivetTV\Server\MCData\bin\Release\MSEPG.pdb' -> 'D:\Dropbox\mydoc2\programmeren\remote potato\RPLiveTV-VS2012\Server\MCData\bin\Release\MSEPG.pdb'
Copy Over 'C:\Users\stefan verhagen\Documents\Visual Studio 2012\Projects\remotepotato-4333062-LivetTV\Server\MCData\obj\Release\MSEPG.csproj.FileListAbsolute.txt' -> 'D:\Dropbox\mydoc2\programmeren\remote potato\RPLiveTV-VS2012\Server\MCData\obj\Release\MSEPG.csproj.FileListAbsolute.txt'
Copy Over 'C:\Users\stefan verhagen\Documents\Visual Studio 2012\Projects\remotepotato-4333062-LivetTV\Server\MCData\obj\Release\MSEPG.csprojResolveAssemblyReference.cache' -> 'D:\Dropbox\mydoc2\programmeren\remote potato\RPLiveTV-VS2012\Server\MCData\obj\Release\MSEPG.csprojResolveAssemblyReference.cache'
Copy Over 'C:\Users\stefan verhagen\Documents\Visual Studio 2012\Projects\remotepotato-4333062-LivetTV\Server\MCData\obj\Release\MSEPG.dll' -> 'D:\Dropbox\mydoc2\programmeren\remote potato\RPLiveTV-VS2012\Server\MCData\obj\Release\MSEPG.dll'
Copy Over 'C:\Users\stefan verhagen\Documents\Visual Studio 2012\Projects\remotepotato-4333062-LivetTV\Server\MCData\obj\Release\MSEPG.pdb' -> 'D:\Dropbox\mydoc2\programmeren\remote potato\RPLiveTV-VS2012\Server\MCData\obj\Release\MSEPG.pdb'
Copy Over 'C:\Users\stefan verhagen\Documents\Visual Studio 2012\Projects\remotepotato-4333062-LivetTV\Server\MediaStreamer\bin\Release\MediaStreamer.dll' -> 'D:\Dropbox\mydoc2\programmeren\remote potato\RPLiveTV-VS2012\Server\MediaStreamer\bin\Release\MediaStreamer.dll'
Copy Over 'C:\Users\stefan verhagen\Documents\Visual Studio 2012\Projects\remotepotato-4333062-LivetTV\Server\MediaStreamer\bin\Release\MediaStreamer.pdb' -> 'D:\Dropbox\mydoc2\programmeren\remote potato\RPLiveTV-VS2012\Server\MediaStreamer\bin\Release\MediaStreamer.pdb'
Copy Over 'C:\Users\stefan verhagen\Documents\Visual Studio 2012\Projects\remotepotato-4333062-LivetTV\Server\MediaStreamer\bin\Release\ShellUtilities.dll' -> 'D:\Dropbox\mydoc2\programmeren\remote potato\RPLiveTV-VS2012\Server\MediaStreamer\bin\Release\ShellUtilities.dll'
Copy Over 'C:\Users\stefan verhagen\Documents\Visual Studio 2012\Projects\remotepotato-4333062-LivetTV\Server\MediaStreamer\bin\Release\ShellUtilities.pdb' -> 'D:\Dropbox\mydoc2\programmeren\remote potato\RPLiveTV-VS2012\Server\MediaStreamer\bin\Release\ShellUtilities.pdb'
Copy Over 'C:\Users\stefan verhagen\Documents\Visual Studio 2012\Projects\remotepotato-4333062-LivetTV\Server\MediaStreamer\obj\Release\MediaStreamer.csproj.FileListAbsolute.txt' -> 'D:\Dropbox\mydoc2\programmeren\remote potato\RPLiveTV-VS2012\Server\MediaStreamer\obj\Release\MediaStreamer.csproj.FileListAbsolute.txt'
Copy Over 'C:\Users\stefan verhagen\Documents\Visual Studio 2012\Projects\remotepotato-4333062-LivetTV\Server\MediaStreamer\obj\Release\MediaStreamer.csprojResolveAssemblyReference.cache' -> 'D:\Dropbox\mydoc2\programmeren\remote potato\RPLiveTV-VS2012\Server\MediaStreamer\obj\Release\MediaStreamer.csprojResolveAssemblyReference.cache'
Copy Over 'C:\Users\stefan verhagen\Documents\Visual Studio 2012\Projects\remotepotato-4333062-LivetTV\Server\MediaStreamer\obj\Release\MediaStreamer.dll' -> 'D:\Dropbox\mydoc2\programmeren\remote potato\RPLiveTV-VS2012\Server\MediaStreamer\obj\Release\MediaStreamer.dll'
Copy Over 'C:\Users\stefan verhagen\Documents\Visual Studio 2012\Projects\remotepotato-4333062-LivetTV\Server\MediaStreamer\obj\Release\MediaStreamer.pdb' -> 'D:\Dropbox\mydoc2\programmeren\remote potato\RPLiveTV-VS2012\Server\MediaStreamer\obj\Release\MediaStreamer.pdb'
Copy Over 'C:\Users\stefan verhagen\Documents\Visual Studio 2012\Projects\remotepotato-4333062-LivetTV\Server\RemotePotato.sln' -> 'D:\Dropbox\mydoc2\programmeren\remote potato\RPLiveTV-VS2012\Server\RemotePotato.sln'
Copy Over 'C:\Users\stefan verhagen\Documents\Visual Studio 2012\Projects\remotepotato-4333062-LivetTV\Server\RemotePotatoSettings\bin\Release\RemotePotatoSettings.dll' -> 'D:\Dropbox\mydoc2\programmeren\remote potato\RPLiveTV-VS2012\Server\RemotePotatoSettings\bin\Release\RemotePotatoSettings.dll'
Copy Over 'C:\Users\stefan verhagen\Documents\Visual Studio 2012\Projects\remotepotato-4333062-LivetTV\Server\RemotePotatoSettings\bin\Release\RemotePotatoSettings.pdb' -> 'D:\Dropbox\mydoc2\programmeren\remote potato\RPLiveTV-VS2012\Server\RemotePotatoSettings\bin\Release\RemotePotatoSettings.pdb'
Copy Over 'C:\Users\stefan verhagen\Documents\Visual Studio 2012\Projects\remotepotato-4333062-LivetTV\Server\RemotePotatoSettings\obj\Release\RemotePotatoSettings.csproj.FileListAbsolute.txt' -> 'D:\Dropbox\mydoc2\programmeren\remote potato\RPLiveTV-VS2012\Server\RemotePotatoSettings\obj\Release\RemotePotatoSettings.csproj.FileListAbsolute.txt'
Copy Over 'C:\Users\stefan verhagen\Documents\Visual Studio 2012\Projects\remotepotato-4333062-LivetTV\Server\RemotePotatoSettings\obj\Release\RemotePotatoSettings.dll' -> 'D:\Dropbox\mydoc2\programmeren\remote potato\RPLiveTV-VS2012\Server\RemotePotatoSettings\obj\Release\RemotePotatoSettings.dll'
Copy Over 'C:\Users\stefan verhagen\Documents\Visual Studio 2012\Projects\remotepotato-4333062-LivetTV\Server\RemotePotatoSettings\obj\Release\RemotePotatoSettings.pdb' -> 'D:\Dropbox\mydoc2\programmeren\remote potato\RPLiveTV-VS2012\Server\RemotePotatoSettings\obj\Release\RemotePotatoSettings.pdb'
Copy New 'C:\Users\stefan verhagen\Documents\Visual Studio 2012\Projects\remotepotato-4333062-LivetTV\Server\RemotePotatoUI\bin\Release\gpl-2.0.txt' -> 'D:\Dropbox\mydoc2\programmeren\remote potato\RPLiveTV-VS2012\Server\RemotePotatoUI\bin\Release\gpl-2.0.txt'
Copy New 'C:\Users\stefan verhagen\Documents\Visual Studio 2012\Projects\remotepotato-4333062-LivetTV\Server\RemotePotatoUI\bin\Release\gplv3.txt' -> 'D:\Dropbox\mydoc2\programmeren\remote potato\RPLiveTV-VS2012\Server\RemotePotatoUI\bin\Release\gplv3.txt'
Copy New 'C:\Users\stefan verhagen\Documents\Visual Studio 2012\Projects\remotepotato-4333062-LivetTV\Server\RemotePotatoUI\bin\Release\RemotePotatoUI.exe' -> 'D:\Dropbox\mydoc2\programmeren\remote potato\RPLiveTV-VS2012\Server\RemotePotatoUI\bin\Release\RemotePotatoUI.exe'
Copy New 'C:\Users\stefan verhagen\Documents\Visual Studio 2012\Projects\remotepotato-4333062-LivetTV\Server\RemotePotatoUI\bin\Release\RemotePotatoUI.exe.config' -> 'D:\Dropbox\mydoc2\programmeren\remote potato\RPLiveTV-VS2012\Server\RemotePotatoUI\bin\Release\RemotePotatoUI.exe.config'
Copy New 'C:\Users\stefan verhagen\Documents\Visual Studio 2012\Projects\remotepotato-4333062-LivetTV\Server\RemotePotatoUI\bin\Release\RemotePotatoUI.pdb' -> 'D:\Dropbox\mydoc2\programmeren\remote potato\RPLiveTV-VS2012\Server\RemotePotatoUI\bin\Release\RemotePotatoUI.pdb'
Copy New 'C:\Users\stefan verhagen\Documents\Visual Studio 2012\Projects\remotepotato-4333062-LivetTV\Server\RemotePotatoUI\bin\Release\static\skins\custom\page_recordshow_series.htm' -> 'D:\Dropbox\mydoc2\programmeren\remote potato\RPLiveTV-VS2012\Server\RemotePotatoUI\bin\Release\static\skins\custom\page_recordshow_series.htm'
Copy New 'C:\Users\stefan verhagen\Documents\Visual Studio 2012\Projects\remotepotato-4333062-LivetTV\Server\RemotePotatoUI\bin\Release\static\skins\custom\page_remote.htm' -> 'D:\Dropbox\mydoc2\programmeren\remote potato\RPLiveTV-VS2012\Server\RemotePotatoUI\bin\Release\static\skins\custom\page_remote.htm'
Copy New 'C:\Users\stefan verhagen\Documents\Visual Studio 2012\Projects\remotepotato-4333062-LivetTV\Server\RemotePotatoUI\bin\Release\static\skins\custom\page_remote_command.htm' -> 'D:\Dropbox\mydoc2\programmeren\remote potato\RPLiveTV-VS2012\Server\RemotePotatoUI\bin\Release\static\skins\custom\page_remote_command.htm'
Copy New 'C:\Users\stefan verhagen\Documents\Visual Studio 2012\Projects\remotepotato-4333062-LivetTV\Server\RemotePotatoUI\bin\Release\static\skins\default\page_recordshow_series.htm' -> 'D:\Dropbox\mydoc2\programmeren\remote potato\RPLiveTV-VS2012\Server\RemotePotatoUI\bin\Release\static\skins\default\page_recordshow_series.htm'
Copy New 'C:\Users\stefan verhagen\Documents\Visual Studio 2012\Projects\remotepotato-4333062-LivetTV\Server\RemotePotatoUI\bin\Release\static\skins\default\page_remote.htm' -> 'D:\Dropbox\mydoc2\programmeren\remote potato\RPLiveTV-VS2012\Server\RemotePotatoUI\bin\Release\static\skins\default\page_remote.htm'
Copy New 'C:\Users\stefan verhagen\Documents\Visual Studio 2012\Projects\remotepotato-4333062-LivetTV\Server\RemotePotatoUI\bin\Release\static\skins\default\page_remote_command.htm' -> 'D:\Dropbox\mydoc2\programmeren\remote potato\RPLiveTV-VS2012\Server\RemotePotatoUI\bin\Release\static\skins\default\page_remote_command.htm'
Copy New 'C:\Users\stefan verhagen\Documents\Visual Studio 2012\Projects\remotepotato-4333062-LivetTV\Server\RemotePotatoUI\bin\Release\static\skins\minimalist\page_recordshow_series.htm' -> 'D:\Dropbox\mydoc2\programmeren\remote potato\RPLiveTV-VS2012\Server\RemotePotatoUI\bin\Release\static\skins\minimalist\page_recordshow_series.htm'
Copy New 'C:\Users\stefan verhagen\Documents\Visual Studio 2012\Projects\remotepotato-4333062-LivetTV\Server\RemotePotatoUI\bin\Release\static\skins\minimalist\page_remote.htm' -> 'D:\Dropbox\mydoc2\programmeren\remote potato\RPLiveTV-VS2012\Server\RemotePotatoUI\bin\Release\static\skins\minimalist\page_remote.htm'
Copy New 'C:\Users\stefan verhagen\Documents\Visual Studio 2012\Projects\remotepotato-4333062-LivetTV\Server\RemotePotatoUI\bin\Release\static\skins\minimalist\page_remote_command.htm' -> 'D:\Dropbox\mydoc2\programmeren\remote potato\RPLiveTV-VS2012\Server\RemotePotatoUI\bin\Release\static\skins\minimalist\page_remote_command.htm'
Move D:\Dropbox\mydoc2\programmeren\remote potato\RPLiveTV-VS2012\Server\RPServer\bin\Release\static\skins\retro\images\blinking_cursor.gif -> D:\Dropbox\mydoc2\programmeren\remote potato\RPLiveTV-VS2012\Server\RemotePotatoUI\bin\Release\static\skins\retro\images\blinking_cursor.gif
Move D:\Dropbox\mydoc2\programmeren\remote potato\RPLiveTV-VS2012\Server\RPServer\bin\Release\static\skins\retro\images\retrobullet.png -> D:\Dropbox\mydoc2\programmeren\remote potato\RPLiveTV-VS2012\Server\RemotePotatoUI\bin\Release\static\skins\retro\images\retrobullet.png
Copy New 'C:\Users\stefan verhagen\Documents\Visual Studio 2012\Projects\remotepotato-4333062-LivetTV\Server\RemotePotatoUI\bin\Release\static\skins\retro\page_recordshow_series.htm' -> 'D:\Dropbox\mydoc2\programmeren\remote potato\RPLiveTV-VS2012\Server\RemotePotatoUI\bin\Release\static\skins\retro\page_recordshow_series.htm'
Copy New 'C:\Users\stefan verhagen\Documents\Visual Studio 2012\Projects\remotepotato-4333062-LivetTV\Server\RemotePotatoUI\bin\Release\static\skins\retro\page_remote.htm' -> 'D:\Dropbox\mydoc2\programmeren\remote potato\RPLiveTV-VS2012\Server\RemotePotatoUI\bin\Release\static\skins\retro\page_remote.htm'
Copy New 'C:\Users\stefan verhagen\Documents\Visual Studio 2012\Projects\remotepotato-4333062-LivetTV\Server\RemotePotatoUI\bin\Release\static\skins\retro\page_remote_command.htm' -> 'D:\Dropbox\mydoc2\programmeren\remote potato\RPLiveTV-VS2012\Server\RemotePotatoUI\bin\Release\static\skins\retro\page_remote_command.htm'
Copy Over 'C:\Users\stefan verhagen\Documents\Visual Studio 2012\Projects\remotepotato-4333062-LivetTV\Server\RemotePotatoUI\bin\Release\toolkit\ffmpeg.exe' -> 'D:\Dropbox\mydoc2\programmeren\remote potato\RPLiveTV-VS2012\Server\RemotePotatoUI\bin\Release\toolkit\ffmpeg.exe'
Copy New 'C:\Users\stefan verhagen\Documents\Visual Studio 2012\Projects\remotepotato-4333062-LivetTV\Server\RemotePotatoUI\bin\Release\toolkit\ffmpeg.txt' -> 'D:\Dropbox\mydoc2\programmeren\remote potato\RPLiveTV-VS2012\Server\RemotePotatoUI\bin\Release\toolkit\ffmpeg.txt'
Copy New 'C:\Users\stefan verhagen\Documents\Visual Studio 2012\Projects\remotepotato-4333062-LivetTV\Server\RemotePotatoUI\bin\Release\toolkit\pthreadGC2.dll' -> 'D:\Dropbox\mydoc2\programmeren\remote potato\RPLiveTV-VS2012\Server\RemotePotatoUI\bin\Release\toolkit\pthreadGC2.dll'
Copy Over 'C:\Users\stefan verhagen\Documents\Visual Studio 2012\Projects\remotepotato-4333062-LivetTV\Server\RPKeySender\bin\Release\RPKeySender.exe' -> 'D:\Dropbox\mydoc2\programmeren\remote potato\RPLiveTV-VS2012\Server\RPKeySender\bin\Release\RPKeySender.exe'
Copy Over 'C:\Users\stefan verhagen\Documents\Visual Studio 2012\Projects\remotepotato-4333062-LivetTV\Server\RPKeySender\bin\Release\RPKeySender.pdb' -> 'D:\Dropbox\mydoc2\programmeren\remote potato\RPLiveTV-VS2012\Server\RPKeySender\bin\Release\RPKeySender.pdb'
Copy Over 'C:\Users\stefan verhagen\Documents\Visual Studio 2012\Projects\remotepotato-4333062-LivetTV\Server\RPKeySender\obj\x86\Release\RPKeySender.csproj.FileListAbsolute.txt' -> 'D:\Dropbox\mydoc2\programmeren\remote potato\RPLiveTV-VS2012\Server\RPKeySender\obj\x86\Release\RPKeySender.csproj.FileListAbsolute.txt'
Copy Over 'C:\Users\stefan verhagen\Documents\Visual Studio 2012\Projects\remotepotato-4333062-LivetTV\Server\RPKeySender\obj\x86\Release\RPKeySender.csproj.GenerateResource.Cache' -> 'D:\Dropbox\mydoc2\programmeren\remote potato\RPLiveTV-VS2012\Server\RPKeySender\obj\x86\Release\RPKeySender.csproj.GenerateResource.Cache'
Copy Over 'C:\Users\stefan verhagen\Documents\Visual Studio 2012\Projects\remotepotato-4333062-LivetTV\Server\RPKeySender\obj\x86\Release\RPKeySender.exe' -> 'D:\Dropbox\mydoc2\programmeren\remote potato\RPLiveTV-VS2012\Server\RPKeySender\obj\x86\Release\RPKeySender.exe'
Copy Over 'C:\Users\stefan verhagen\Documents\Visual Studio 2012\Projects\remotepotato-4333062-LivetTV\Server\RPKeySender\obj\x86\Release\RPKeySender.Form1.resources' -> 'D:\Dropbox\mydoc2\programmeren\remote potato\RPLiveTV-VS2012\Server\RPKeySender\obj\x86\Release\RPKeySender.Form1.resources'
Copy Over 'C:\Users\stefan verhagen\Documents\Visual Studio 2012\Projects\remotepotato-4333062-LivetTV\Server\RPKeySender\obj\x86\Release\RPKeySender.pdb' -> 'D:\Dropbox\mydoc2\programmeren\remote potato\RPLiveTV-VS2012\Server\RPKeySender\obj\x86\Release\RPKeySender.pdb'
Copy Over 'C:\Users\stefan verhagen\Documents\Visual Studio 2012\Projects\remotepotato-4333062-LivetTV\Server\RPKeySender\obj\x86\Release\RPKeySender.Properties.Resources.resources' -> 'D:\Dropbox\mydoc2\programmeren\remote potato\RPLiveTV-VS2012\Server\RPKeySender\obj\x86\Release\RPKeySender.Properties.Resources.resources'
Copy Over 'C:\Users\stefan verhagen\Documents\Visual Studio 2012\Projects\remotepotato-4333062-LivetTV\Server\RPServer\bin\Release\CommonEPG.dll' -> 'D:\Dropbox\mydoc2\programmeren\remote potato\RPLiveTV-VS2012\Server\RPServer\bin\Release\CommonEPG.dll'
Copy Over 'C:\Users\stefan verhagen\Documents\Visual Studio 2012\Projects\remotepotato-4333062-LivetTV\Server\RPServer\bin\Release\CommonEPG.pdb' -> 'D:\Dropbox\mydoc2\programmeren\remote potato\RPLiveTV-VS2012\Server\RPServer\bin\Release\CommonEPG.pdb'
Copy Over 'C:\Users\stefan verhagen\Documents\Visual Studio 2012\Projects\remotepotato-4333062-LivetTV\Server\RPServer\bin\Release\MediaStreamer.dll' -> 'D:\Dropbox\mydoc2\programmeren\remote potato\RPLiveTV-VS2012\Server\RPServer\bin\Release\MediaStreamer.dll'
Copy Over 'C:\Users\stefan verhagen\Documents\Visual Studio 2012\Projects\remotepotato-4333062-LivetTV\Server\RPServer\bin\Release\MediaStreamer.pdb' -> 'D:\Dropbox\mydoc2\programmeren\remote potato\RPLiveTV-VS2012\Server\RPServer\bin\Release\MediaStreamer.pdb'
Copying C:\Users\stefan verhagen\Documents\Visual Studio 2012\Projects\remotepotato-4333062-LivetTV\Server\RPServer\bin\Release\Microsoft.WindowsAPICodePack.pdb: Size mismatch: Expected 0, Transferred 245.248: will correct state info
Copy Over 'C:\Users\stefan verhagen\Documents\Visual Studio 2012\Projects\remotepotato-4333062-LivetTV\Server\RPServer\bin\Release\Microsoft.WindowsAPICodePack.pdb' -> 'D:\Dropbox\mydoc2\programmeren\remote potato\RPLiveTV-VS2012\Server\RPServer\bin\Release\Microsoft.WindowsAPICodePack.pdb'
Copy Over 'C:\Users\stefan verhagen\Documents\Visual Studio 2012\Projects\remotepotato-4333062-LivetTV\Server\RPServer\bin\Release\MSEPG.dll' -> 'D:\Dropbox\mydoc2\programmeren\remote potato\RPLiveTV-VS2012\Server\RPServer\bin\Release\MSEPG.dll'
Copy Over 'C:\Users\stefan verhagen\Documents\Visual Studio 2012\Projects\remotepotato-4333062-LivetTV\Server\RPServer\bin\Release\MSEPG.pdb' -> 'D:\Dropbox\mydoc2\programmeren\remote potato\RPLiveTV-VS2012\Server\RPServer\bin\Release\MSEPG.pdb'
Copy Over 'C:\Users\stefan verhagen\Documents\Visual Studio 2012\Projects\remotepotato-4333062-LivetTV\Server\RPServer\bin\Release\ShellUtilities.dll' -> 'D:\Dropbox\mydoc2\programmeren\remote potato\RPLiveTV-VS2012\Server\RPServer\bin\Release\ShellUtilities.dll'
Copy Over 'C:\Users\stefan verhagen\Documents\Visual Studio 2012\Projects\remotepotato-4333062-LivetTV\Server\RPServer\bin\Release\ShellUtilities.pdb' -> 'D:\Dropbox\mydoc2\programmeren\remote potato\RPLiveTV-VS2012\Server\RPServer\bin\Release\ShellUtilities.pdb'
Move D:\Dropbox\mydoc2\programmeren\remote potato\RPLiveTV-VS2012\Server\RPServer\bin\Release\static\skins\retro\images\blinking_cursor.gif -> D:\Dropbox\mydoc2\programmeren\remote potato\RPLiveTV-VS2012\Server\RemotePotatoUI\bin\Release\static\skins\retro\images\blinking_cursor.gif: already done
Move D:\Dropbox\mydoc2\programmeren\remote potato\RPLiveTV-VS2012\Server\RPServer\bin\Release\static\skins\retro\images\retrobullet.png -> D:\Dropbox\mydoc2\programmeren\remote potato\RPLiveTV-VS2012\Server\RemotePotatoUI\bin\Release\static\skins\retro\images\retrobullet.png: already done
Copy Over 'C:\Users\stefan verhagen\Documents\Visual Studio 2012\Projects\remotepotato-4333062-LivetTV\Server\RPServer\bin\Release\WTVTranscoder.dll' -> 'D:\Dropbox\mydoc2\programmeren\remote potato\RPLiveTV-VS2012\Server\RPServer\bin\Release\WTVTranscoder.dll'
Copy Over 'C:\Users\stefan verhagen\Documents\Visual Studio 2012\Projects\remotepotato-4333062-LivetTV\Server\RPServer\bin\Release\WTVTranscoder.pdb' -> 'D:\Dropbox\mydoc2\programmeren\remote potato\RPLiveTV-VS2012\Server\RPServer\bin\Release\WTVTranscoder.pdb'
Copy Over 'C:\Users\stefan verhagen\Documents\Visual Studio 2012\Projects\remotepotato-4333062-LivetTV\Server\RPServer\obj\Release\Interop.WMPLib.dll' -> 'D:\Dropbox\mydoc2\programmeren\remote potato\RPLiveTV-VS2012\Server\RPServer\obj\Release\Interop.WMPLib.dll'
Copying C:\Users\stefan verhagen\Documents\Visual Studio 2012\Projects\remotepotato-4333062-LivetTV\Server\RPServer\obj\Release\RPServer.csproj.FileListAbsolute.txt: Size mismatch: Expected 129.381, Transferred 158.963: will correct state info
Copy Over 'C:\Users\stefan verhagen\Documents\Visual Studio 2012\Projects\remotepotato-4333062-LivetTV\Server\RPServer\obj\Release\RPServer.csproj.FileListAbsolute.txt' -> 'D:\Dropbox\mydoc2\programmeren\remote potato\RPLiveTV-VS2012\Server\RPServer\obj\Release\RPServer.csproj.FileListAbsolute.txt'
Copy Over 'C:\Users\stefan verhagen\Documents\Visual Studio 2012\Projects\remotepotato-4333062-LivetTV\Server\RPServer\obj\Release\RPServer.csproj.ResolveComReference.cache' -> 'D:\Dropbox\mydoc2\programmeren\remote potato\RPLiveTV-VS2012\Server\RPServer\obj\Release\RPServer.csproj.ResolveComReference.cache'
Copy Over 'C:\Users\stefan verhagen\Documents\Visual Studio 2012\Projects\remotepotato-4333062-LivetTV\Server\RPServer\obj\Release\RPServer.csprojResolveAssemblyReference.cache' -> 'D:\Dropbox\mydoc2\programmeren\remote potato\RPLiveTV-VS2012\Server\RPServer\obj\Release\RPServer.csprojResolveAssemblyReference.cache'
Copy Over 'C:\Users\stefan verhagen\Documents\Visual Studio 2012\Projects\remotepotato-4333062-LivetTV\Server\RPServer\obj\Release\RPServer.dll' -> 'D:\Dropbox\mydoc2\programmeren\remote potato\RPLiveTV-VS2012\Server\RPServer\obj\Release\RPServer.dll'
Copy Over 'C:\Users\stefan verhagen\Documents\Visual Studio 2012\Projects\remotepotato-4333062-LivetTV\Server\RPServer\obj\Release\RPServer.pdb' -> 'D:\Dropbox\mydoc2\programmeren\remote potato\RPLiveTV-VS2012\Server\RPServer\obj\Release\RPServer.pdb'
Copy New 'C:\Users\stefan verhagen\Documents\Visual Studio 2012\Projects\remotepotato-4333062-LivetTV\Server\Setup1\RemotePotatoSetup\Express\Interm\1798.tmp' -> 'D:\Dropbox\mydoc2\programmeren\remote potato\RPLiveTV-VS2012\Server\Setup1\RemotePotatoSetup\Express\Interm\1798.tmp'
- ERROR: Error copying file: The system cannot find the file specified. (error 2)
Copy New 'C:\Users\stefan verhagen\Documents\Visual Studio 2012\Projects\remotepotato-4333062-LivetTV\Server\Setup1\RemotePotatoSetup\Express\Interm\_IsIcoRes.Exe' -> 'D:\Dropbox\mydoc2\programmeren\remote potato\RPLiveTV-VS2012\Server\Setup1\RemotePotatoSetup\Express\Interm\_IsIcoRes.Exe'
Copy New 'C:\Users\stefan verhagen\Documents\Visual Studio 2012\Projects\remotepotato-4333062-LivetTV\Server\Setup1\RemotePotatoSetup\Express\Interm\regid.2011-02.nl.myfrem_2A59470A-4FAC-444A-B7AC-A91B2DF9EB59.swidtag' -> 'D:\Dropbox\mydoc2\programmeren\remote potato\RPLiveTV-VS2012\Server\Setup1\RemotePotatoSetup\Express\Interm\regid.2011-02.nl.myfrem_2A59470A-4FAC-444A-B7AC-A91B2DF9EB59.swidtag'
Copy New 'C:\Users\stefan verhagen\Documents\Visual Studio 2012\Projects\remotepotato-4333062-LivetTV\Server\Setup1\RemotePotatoSetup\Express\SingleImage\DiskImages\DISK1\setup.exe' -> 'D:\Dropbox\mydoc2\programmeren\remote potato\RPLiveTV-VS2012\Server\Setup1\RemotePotatoSetup\Express\SingleImage\DiskImages\DISK1\setup.exe'
Copying C:\Users\stefan verhagen\Documents\Visual Studio 2012\Projects\remotepotato-4333062-LivetTV\Server\Setup1\RemotePotatoSetup\Express\SingleImage\LogFiles\10-10-2012 10-29-24.txt: Size mismatch: Expected 9.976, Transferred 10.774: will correct state info
Copy New 'C:\Users\stefan verhagen\Documents\Visual Studio 2012\Projects\remotepotato-4333062-LivetTV\Server\Setup1\RemotePotatoSetup\Express\SingleImage\LogFiles\10-10-2012 10-29-24.txt' -> 'D:\Dropbox\mydoc2\programmeren\remote potato\RPLiveTV-VS2012\Server\Setup1\RemotePotatoSetup\Express\SingleImage\LogFiles\10-10-2012 10-29-24.txt'
Copy New 'C:\Users\stefan verhagen\Documents\Visual Studio 2012\Projects\remotepotato-4333062-LivetTV\Server\Setup1\RemotePotatoSetup\Express\SingleImage\Reports\10-10-2012 10-29-26.htm' -> 'D:\Dropbox\mydoc2\programmeren\remote potato\RPLiveTV-VS2012\Server\Setup1\RemotePotatoSetup\Express\SingleImage\Reports\10-10-2012 10-29-26.htm'
Copy Over 'C:\Users\stefan verhagen\Documents\Visual Studio 2012\Projects\remotepotato-4333062-LivetTV\Server\Setup1\RemotePotatoSetup.isl' -> 'D:\Dropbox\mydoc2\programmeren\remote potato\RPLiveTV-VS2012\Server\Setup1\RemotePotatoSetup.isl'
Copy Over 'C:\Users\stefan verhagen\Documents\Visual Studio 2012\Projects\remotepotato-4333062-LivetTV\Server\Setup1\RemotePotatoSetup.isproj' -> 'D:\Dropbox\mydoc2\programmeren\remote potato\RPLiveTV-VS2012\Server\Setup1\RemotePotatoSetup.isproj'
Copy Over 'C:\Users\stefan verhagen\Documents\Visual Studio 2012\Projects\remotepotato-4333062-LivetTV\Server\ShellUtilities\ShellUtilities\bin\Release\CommonEPG.dll' -> 'D:\Dropbox\mydoc2\programmeren\remote potato\RPLiveTV-VS2012\Server\ShellUtilities\ShellUtilities\bin\Release\CommonEPG.dll'
Copy Over 'C:\Users\stefan verhagen\Documents\Visual Studio 2012\Projects\remotepotato-4333062-LivetTV\Server\ShellUtilities\ShellUtilities\bin\Release\CommonEPG.pdb' -> 'D:\Dropbox\mydoc2\programmeren\remote potato\RPLiveTV-VS2012\Server\ShellUtilities\ShellUtilities\bin\Release\CommonEPG.pdb'
Copy Over 'C:\Users\stefan verhagen\Documents\Visual Studio 2012\Projects\remotepotato-4333062-LivetTV\Server\ShellUtilities\ShellUtilities\bin\Release\ShellUtilities.dll' -> 'D:\Dropbox\mydoc2\programmeren\remote potato\RPLiveTV-VS2012\Server\ShellUtilities\ShellUtilities\bin\Release\ShellUtilities.dll'
Copy Over 'C:\Users\stefan verhagen\Documents\Visual Studio 2012\Projects\remotepotato-4333062-LivetTV\Server\ShellUtilities\ShellUtilities\bin\Release\ShellUtilities.pdb' -> 'D:\Dropbox\mydoc2\programmeren\remote potato\RPLiveTV-VS2012\Server\ShellUtilities\ShellUtilities\bin\Release\ShellUtilities.pdb'
Copy Over 'C:\Users\stefan verhagen\Documents\Visual Studio 2012\Projects\remotepotato-4333062-LivetTV\Server\ShellUtilities\ShellUtilities\obj\Release\ShellUtilities.csproj.FileListAbsolute.txt' -> 'D:\Dropbox\mydoc2\programmeren\remote potato\RPLiveTV-VS2012\Server\ShellUtilities\ShellUtilities\obj\Release\ShellUtilities.csproj.FileListAbsolute.txt'
Copy Over 'C:\Users\stefan verhagen\Documents\Visual Studio 2012\Projects\remotepotato-4333062-LivetTV\Server\ShellUtilities\ShellUtilities\obj\Release\ShellUtilities.csprojResolveAssemblyReference.cache' -> 'D:\Dropbox\mydoc2\programmeren\remote potato\RPLiveTV-VS2012\Server\ShellUtilities\ShellUtilities\obj\Release\ShellUtilities.csprojResolveAssemblyReference.cache'
Copy Over 'C:\Users\stefan verhagen\Documents\Visual Studio 2012\Projects\remotepotato-4333062-LivetTV\Server\ShellUtilities\ShellUtilities\obj\Release\ShellUtilities.dll' -> 'D:\Dropbox\mydoc2\programmeren\remote potato\RPLiveTV-VS2012\Server\ShellUtilities\ShellUtilities\obj\Release\ShellUtilities.dll'
Copy Over 'C:\Users\stefan verhagen\Documents\Visual Studio 2012\Projects\remotepotato-4333062-LivetTV\Server\ShellUtilities\ShellUtilities\obj\Release\ShellUtilities.pdb' -> 'D:\Dropbox\mydoc2\programmeren\remote potato\RPLiveTV-VS2012\Server\ShellUtilities\ShellUtilities\obj\Release\ShellUtilities.pdb'
Copy Over 'C:\Users\stefan verhagen\Documents\Visual Studio 2012\Projects\remotepotato-4333062-LivetTV\Server\WTVTranscoder\WTVTranscoder\bin\Release\WTVTranscoder.dll' -> 'D:\Dropbox\mydoc2\programmeren\remote potato\RPLiveTV-VS2012\Server\WTVTranscoder\WTVTranscoder\bin\Release\WTVTranscoder.dll'
Copy Over 'C:\Users\stefan verhagen\Documents\Visual Studio 2012\Projects\remotepotato-4333062-LivetTV\Server\WTVTranscoder\WTVTranscoder\bin\Release\WTVTranscoder.pdb' -> 'D:\Dropbox\mydoc2\programmeren\remote potato\RPLiveTV-VS2012\Server\WTVTranscoder\WTVTranscoder\bin\Release\WTVTranscoder.pdb'
Copy Over 'C:\Users\stefan verhagen\Documents\Visual Studio 2012\Projects\remotepotato-4333062-LivetTV\Server\WTVTranscoder\WTVTranscoder\obj\Release\WTVTranscoder.csproj.FileListAbsolute.txt' -> 'D:\Dropbox\mydoc2\programmeren\remote potato\RPLiveTV-VS2012\Server\WTVTranscoder\WTVTranscoder\obj\Release\WTVTranscoder.csproj.FileListAbsolute.txt'
Copy Over 'C:\Users\stefan verhagen\Documents\Visual Studio 2012\Projects\remotepotato-4333062-LivetTV\Server\WTVTranscoder\WTVTranscoder\obj\Release\WTVTranscoder.csprojResolveAssemblyReference.cache' -> 'D:\Dropbox\mydoc2\programmeren\remote potato\RPLiveTV-VS2012\Server\WTVTranscoder\WTVTranscoder\obj\Release\WTVTranscoder.csprojResolveAssemblyReference.cache'
Copy Over 'C:\Users\stefan verhagen\Documents\Visual Studio 2012\Projects\remotepotato-4333062-LivetTV\Server\WTVTranscoder\WTVTranscoder\obj\Release\WTVTranscoder.dll' -> 'D:\Dropbox\mydoc2\programmeren\remote potato\RPLiveTV-VS2012\Server\WTVTranscoder\WTVTranscoder\obj\Release\WTVTranscoder.dll'
Copy Over 'C:\Users\stefan verhagen\Documents\Visual Studio 2012\Projects\remotepotato-4333062-LivetTV\Server\WTVTranscoder\WTVTranscoder\obj\Release\WTVTranscoder.pdb' -> 'D:\Dropbox\mydoc2\programmeren\remote potato\RPLiveTV-VS2012\Server\WTVTranscoder\WTVTranscoder\obj\Release\WTVTranscoder.pdb'
Save State File C:\Users\stefan verhagen\Documents\Visual Studio 2012\Projects\remotepotato-4333062-LivetTV\_gsdata_\_file_state._gs
Save State File D:\Dropbox\mydoc2\programmeren\remote potato\RPLiveTV-VS2012\_gsdata_\_file_state._gs
Delete lock file C:\Users\stefan verhagen\Documents\Visual Studio 2012\Projects\remotepotato-4333062-LivetTV\_gsdata_\lock.gsl
Sync had errors, delete stamp file C:\Users\stefan verhagen\Documents\Visual Studio 2012\Projects\remotepotato-4333062-LivetTV\_gsdata_\_insync.gsl
Delete lock file D:\Dropbox\mydoc2\programmeren\remote potato\RPLiveTV-VS2012\_gsdata_\lock.gsl
Sync had errors, delete stamp file D:\Dropbox\mydoc2\programmeren\remote potato\RPLiveTV-VS2012\_gsdata_\_insync.gsl
Sync finished with 1 errors. Click Errors button to see sync errors
Items Synced OK: 269, Errors: 1
===== 10-10-2012 22:29:33: Sync Completed. Time: 00:00:04, Speed: 5,47 MB/s =====

