----- 2-10-2012 20:32:34: Job 'RPLiveTVServerSource': ANALYSIS started by On File Change on computer 'QUAD' (GoodSync 9.0.2.4 on Windows 7) -----
RPLiveTVServerSource: C:\Users\stefan verhagen\Documents\Visual Studio 2010\Projects\remotepotato-4333062-LivetTV =forced-PropDels=> D:\Dropbox\mydoc2\programmeren\remote potato\RPaddinAndroidMCE, SavePrevVers, CleanupPrevVers=30d, CleanupOldGens=12m, TmpDest, EstReq, CopyLocked, DetectMovesAndRenames, DetectFolderMoves, FileLinksDrill, CaseSens, Reconnect=3, CopyCreateTime
Exclude licens*.rfo|cache.rfo|mru.rfo|mpp*.rfo|RoboForm Online Account.rfp|name *._gstmp|/System Volume Information|Thumbs.db|.DS_Store 
Left: Reading State File C:\Users\stefan verhagen\Documents\Visual Studio 2010\Projects\remotepotato-4333062-LivetTV\_gsdata_\_file_state._gs
Locking folder C:\Users\stefan verhagen\Documents\Visual Studio 2010\Projects\remotepotato-4333062-LivetTV for write
Left: Files: 4.018 (excluded 0). Folders: 552 (excluded 1). C: NTFS, Free: 58,1 GB, Total: 195 GB
Right: Reading State File D:\Dropbox\mydoc2\programmeren\remote potato\RPaddinAndroidMCE\_gsdata_\_file_state._gs
Locking folder D:\Dropbox\mydoc2\programmeren\remote potato\RPaddinAndroidMCE for write
Right: Files: 4.201 (excluded 0). Folders: 552 (excluded 1). D: NTFS, Free: 161 GB, Total: 931 GB
On disk file:///D: space required for sync is 784 KB, you have 161 GB
Changes: 193, Conflicts: 0, CopyTime: 0, CopyState: 0, Errors: 0
Left to Right: Copy File: 9 Delete File: 184 
----- 2-10-2012 20:32:36: Analysis Completed. Time 00:00:02, Speed: 2.377 files/s -----
===== 2-10-2012 20:32:36: Job 'RPLiveTVServerSource': SYNC started by On File Change on computer 'QUAD' =====
RPLiveTVServerSource: C:\Users\stefan verhagen\Documents\Visual Studio 2010\Projects\remotepotato-4333062-LivetTV =forced-PropDels=> D:\Dropbox\mydoc2\programmeren\remote potato\RPaddinAndroidMCE, SavePrevVers, CleanupPrevVers=30d, CleanupOldGens=12m, TmpDest, EstReq, CopyLocked, DetectMovesAndRenames, DetectFolderMoves, FileLinksDrill, CaseSens, Reconnect=3, CopyCreateTime
Delete File 'D:\Dropbox\mydoc2\programmeren\remote potato\RPaddinAndroidMCE\Server\RPServer\bin\Release\CommonEPG.dll'
Delete File 'D:\Dropbox\mydoc2\programmeren\remote potato\RPaddinAndroidMCE\Server\RPServer\bin\Release\CommonEPG.pdb'
Delete File 'D:\Dropbox\mydoc2\programmeren\remote potato\RPaddinAndroidMCE\Server\RPServer\bin\Release\DirectShowLib-2005.dll'
Delete File 'D:\Dropbox\mydoc2\programmeren\remote potato\RPaddinAndroidMCE\Server\RPServer\bin\Release\InputSimulator.dll'
Delete File 'D:\Dropbox\mydoc2\programmeren\remote potato\RPaddinAndroidMCE\Server\RPServer\bin\Release\Ionic.Zip.Reduced.dll'
Delete File 'D:\Dropbox\mydoc2\programmeren\remote potato\RPaddinAndroidMCE\Server\RPServer\bin\Release\MediaStreamer.dll'
Delete File 'D:\Dropbox\mydoc2\programmeren\remote potato\RPaddinAndroidMCE\Server\RPServer\bin\Release\MediaStreamer.pdb'
Delete File 'D:\Dropbox\mydoc2\programmeren\remote potato\RPaddinAndroidMCE\Server\RPServer\bin\Release\Microsoft.WindowsAPICodePack.dll'
Delete File 'D:\Dropbox\mydoc2\programmeren\remote potato\RPaddinAndroidMCE\Server\RPServer\bin\Release\Microsoft.WindowsAPICodePack.pdb'
Delete File 'D:\Dropbox\mydoc2\programmeren\remote potato\RPaddinAndroidMCE\Server\RPServer\bin\Release\Microsoft.WindowsAPICodePack.Shell.dll'
Delete File 'D:\Dropbox\mydoc2\programmeren\remote potato\RPaddinAndroidMCE\Server\RPServer\bin\Release\Microsoft.WindowsAPICodePack.Shell.pdb'
Delete File 'D:\Dropbox\mydoc2\programmeren\remote potato\RPaddinAndroidMCE\Server\RPServer\bin\Release\MSEPG.dll'
Delete File 'D:\Dropbox\mydoc2\programmeren\remote potato\RPaddinAndroidMCE\Server\RPServer\bin\Release\MSEPG.pdb'
Delete File 'D:\Dropbox\mydoc2\programmeren\remote potato\RPaddinAndroidMCE\Server\RPServer\bin\Release\RPServer.dll'
Delete File 'D:\Dropbox\mydoc2\programmeren\remote potato\RPaddinAndroidMCE\Server\RPServer\bin\Release\RPServer.dll.config'
Delete File 'D:\Dropbox\mydoc2\programmeren\remote potato\RPaddinAndroidMCE\Server\RPServer\bin\Release\RPServer.pdb'
Delete File 'D:\Dropbox\mydoc2\programmeren\remote potato\RPaddinAndroidMCE\Server\RPServer\bin\Release\ShellUtilities.dll'
Delete File 'D:\Dropbox\mydoc2\programmeren\remote potato\RPaddinAndroidMCE\Server\RPServer\bin\Release\ShellUtilities.pdb'
Delete File 'D:\Dropbox\mydoc2\programmeren\remote potato\RPaddinAndroidMCE\Server\RPServer\bin\Release\static\clientaccesspolicy.xml'
Delete File 'D:\Dropbox\mydoc2\programmeren\remote potato\RPaddinAndroidMCE\Server\RPServer\bin\Release\static\images\apple-touch-icon.png'
Delete File 'D:\Dropbox\mydoc2\programmeren\remote potato\RPaddinAndroidMCE\Server\RPServer\bin\Release\static\images\btnSaveSong.png'
Delete File 'D:\Dropbox\mydoc2\programmeren\remote potato\RPaddinAndroidMCE\Server\RPServer\bin\Release\static\images\btnStreamSong.png'
Delete File 'D:\Dropbox\mydoc2\programmeren\remote potato\RPaddinAndroidMCE\Server\RPServer\bin\Release\static\images\epgchanneldownarrow.png'
Delete File 'D:\Dropbox\mydoc2\programmeren\remote potato\RPaddinAndroidMCE\Server\RPServer\bin\Release\static\images\epgchanneldownarrow_disabled.png'
Delete File 'D:\Dropbox\mydoc2\programmeren\remote potato\RPaddinAndroidMCE\Server\RPServer\bin\Release\static\images\epgchanneluparrow.png'
Delete File 'D:\Dropbox\mydoc2\programmeren\remote potato\RPaddinAndroidMCE\Server\RPServer\bin\Release\static\images\epgchanneluparrow_disabled.png'
Delete File 'D:\Dropbox\mydoc2\programmeren\remote potato\RPaddinAndroidMCE\Server\RPServer\bin\Release\static\images\epggrid_shading.png'
Delete File 'D:\Dropbox\mydoc2\programmeren\remote potato\RPaddinAndroidMCE\Server\RPServer\bin\Release\static\images\epgtimeleftarrow.png'
Delete File 'D:\Dropbox\mydoc2\programmeren\remote potato\RPaddinAndroidMCE\Server\RPServer\bin\Release\static\images\epgtimerightarrow.png'
Delete File 'D:\Dropbox\mydoc2\programmeren\remote potato\RPaddinAndroidMCE\Server\RPServer\bin\Release\static\images\imgFolder150x75.png'
Delete File 'D:\Dropbox\mydoc2\programmeren\remote potato\RPaddinAndroidMCE\Server\RPServer\bin\Release\static\images\logosquare.png'
Delete File 'D:\Dropbox\mydoc2\programmeren\remote potato\RPaddinAndroidMCE\Server\RPServer\bin\Release\static\images\mce_remote2.png'
Delete File 'D:\Dropbox\mydoc2\programmeren\remote potato\RPaddinAndroidMCE\Server\RPServer\bin\Release\static\images\record_dot_onetime.png'
Delete File 'D:\Dropbox\mydoc2\programmeren\remote potato\RPaddinAndroidMCE\Server\RPServer\bin\Release\static\images\record_dot_series.png'
Delete File 'D:\Dropbox\mydoc2\programmeren\remote potato\RPaddinAndroidMCE\Server\RPServer\bin\Release\static\images\remotepotato_HLogo_small.png'
Delete File 'D:\Dropbox\mydoc2\programmeren\remote potato\RPaddinAndroidMCE\Server\RPServer\bin\Release\static\images\remotepotatoicon.ico'
Delete File 'D:\Dropbox\mydoc2\programmeren\remote potato\RPaddinAndroidMCE\Server\RPServer\bin\Release\static\images\showhdlogo.png'
Delete File 'D:\Dropbox\mydoc2\programmeren\remote potato\RPaddinAndroidMCE\Server\RPServer\bin\Release\static\images\showtypedocumentary.png'
Delete File 'D:\Dropbox\mydoc2\programmeren\remote potato\RPaddinAndroidMCE\Server\RPServer\bin\Release\static\images\showtypekids.png'
Delete File 'D:\Dropbox\mydoc2\programmeren\remote potato\RPaddinAndroidMCE\Server\RPServer\bin\Release\static\images\showtypemovie.png'
Delete File 'D:\Dropbox\mydoc2\programmeren\remote potato\RPaddinAndroidMCE\Server\RPServer\bin\Release\static\images\showtypenews.png'
Delete File 'D:\Dropbox\mydoc2\programmeren\remote potato\RPaddinAndroidMCE\Server\RPServer\bin\Release\static\images\showtypesport.png'
Delete File 'D:\Dropbox\mydoc2\programmeren\remote potato\RPaddinAndroidMCE\Server\RPServer\bin\Release\static\images\starHalf.png'
Delete File 'D:\Dropbox\mydoc2\programmeren\remote potato\RPaddinAndroidMCE\Server\RPServer\bin\Release\static\images\starOff.png'
Delete File 'D:\Dropbox\mydoc2\programmeren\remote potato\RPaddinAndroidMCE\Server\RPServer\bin\Release\static\images\starOn.png'
Delete File 'D:\Dropbox\mydoc2\programmeren\remote potato\RPaddinAndroidMCE\Server\RPServer\bin\Release\static\images\tinypotato.png'
Delete File 'D:\Dropbox\mydoc2\programmeren\remote potato\RPaddinAndroidMCE\Server\RPServer\bin\Release\static\images\topbanner_landscape.png'
Delete File 'D:\Dropbox\mydoc2\programmeren\remote potato\RPaddinAndroidMCE\Server\RPServer\bin\Release\static\images\topbanner_portrait.png'
Delete File 'D:\Dropbox\mydoc2\programmeren\remote potato\RPaddinAndroidMCE\Server\RPServer\bin\Release\static\robots.txt'
Delete File 'D:\Dropbox\mydoc2\programmeren\remote potato\RPaddinAndroidMCE\Server\RPServer\bin\Release\static\silverlight\default_template.htm'
Delete File 'D:\Dropbox\mydoc2\programmeren\remote potato\RPaddinAndroidMCE\Server\RPServer\bin\Release\static\silverlight\HLSMediaSource.dll'
Delete File 'D:\Dropbox\mydoc2\programmeren\remote potato\RPaddinAndroidMCE\Server\RPServer\bin\Release\static\silverlight\SilverPotato.xap'
Delete File 'D:\Dropbox\mydoc2\programmeren\remote potato\RPaddinAndroidMCE\Server\RPServer\bin\Release\static\skins\custom\about.txt'
Delete File 'D:\Dropbox\mydoc2\programmeren\remote potato\RPaddinAndroidMCE\Server\RPServer\bin\Release\static\skins\custom\epg-grid.css'
Delete File 'D:\Dropbox\mydoc2\programmeren\remote potato\RPaddinAndroidMCE\Server\RPServer\bin\Release\static\skins\custom\epg-list.css'
Delete File 'D:\Dropbox\mydoc2\programmeren\remote potato\RPaddinAndroidMCE\Server\RPServer\bin\Release\static\skins\custom\images\background.jpg'
Delete File 'D:\Dropbox\mydoc2\programmeren\remote potato\RPaddinAndroidMCE\Server\RPServer\bin\Release\static\skins\custom\images\transparentgray40.png'
Delete File 'D:\Dropbox\mydoc2\programmeren\remote potato\RPaddinAndroidMCE\Server\RPServer\bin\Release\static\skins\custom\masterpage.htm'
Delete File 'D:\Dropbox\mydoc2\programmeren\remote potato\RPaddinAndroidMCE\Server\RPServer\bin\Release\static\skins\custom\movies.css'
Delete File 'D:\Dropbox\mydoc2\programmeren\remote potato\RPaddinAndroidMCE\Server\RPServer\bin\Release\static\skins\custom\page_music_collection.htm'
Delete File 'D:\Dropbox\mydoc2\programmeren\remote potato\RPaddinAndroidMCE\Server\RPServer\bin\Release\static\skins\custom\page_music_songs.htm'
Delete File 'D:\Dropbox\mydoc2\programmeren\remote potato\RPaddinAndroidMCE\Server\RPServer\bin\Release\static\skins\custom\page_recordmanual.htm'
Delete File 'D:\Dropbox\mydoc2\programmeren\remote potato\RPaddinAndroidMCE\Server\RPServer\bin\Release\static\skins\custom\page_recordshow_onetime.htm'
Delete File 'D:\Dropbox\mydoc2\programmeren\remote potato\RPaddinAndroidMCE\Server\RPServer\bin\Release\static\skins\custom\page_recordshow_series.htm'
Delete File 'D:\Dropbox\mydoc2\programmeren\remote potato\RPaddinAndroidMCE\Server\RPServer\bin\Release\static\skins\custom\page_remote.htm'
Delete File 'D:\Dropbox\mydoc2\programmeren\remote potato\RPaddinAndroidMCE\Server\RPServer\bin\Release\static\skins\custom\page_remote_command.htm'
Delete File 'D:\Dropbox\mydoc2\programmeren\remote potato\RPaddinAndroidMCE\Server\RPServer\bin\Release\static\skins\custom\page_searchshow_results.htm'
Delete File 'D:\Dropbox\mydoc2\programmeren\remote potato\RPaddinAndroidMCE\Server\RPServer\bin\Release\static\skins\custom\page_searchshow_title.htm'
Delete File 'D:\Dropbox\mydoc2\programmeren\remote potato\RPaddinAndroidMCE\Server\RPServer\bin\Release\static\skins\custom\page_series.htm'
Delete File 'D:\Dropbox\mydoc2\programmeren\remote potato\RPaddinAndroidMCE\Server\RPServer\bin\Release\static\skins\custom\page_show.htm'
Delete File 'D:\Dropbox\mydoc2\programmeren\remote potato\RPaddinAndroidMCE\Server\RPServer\bin\Release\static\skins\custom\page_viewepg_grid.htm'
Delete File 'D:\Dropbox\mydoc2\programmeren\remote potato\RPaddinAndroidMCE\Server\RPServer\bin\Release\static\skins\custom\page_viewepg_tbl.htm'
Delete File 'D:\Dropbox\mydoc2\programmeren\remote potato\RPaddinAndroidMCE\Server\RPServer\bin\Release\static\skins\custom\page_viewlibrary.htm'
Delete File 'D:\Dropbox\mydoc2\programmeren\remote potato\RPaddinAndroidMCE\Server\RPServer\bin\Release\static\skins\custom\page_viewpicture.htm'
Delete File 'D:\Dropbox\mydoc2\programmeren\remote potato\RPaddinAndroidMCE\Server\RPServer\bin\Release\static\skins\custom\page_viewrecordedtv.htm'
Delete File 'D:\Dropbox\mydoc2\programmeren\remote potato\RPaddinAndroidMCE\Server\RPServer\bin\Release\static\skins\custom\page_viewscheduledrecordings.htm'
Delete File 'D:\Dropbox\mydoc2\programmeren\remote potato\RPaddinAndroidMCE\Server\RPServer\bin\Release\static\skins\custom\rectv.css'
Delete File 'D:\Dropbox\mydoc2\programmeren\remote potato\RPaddinAndroidMCE\Server\RPServer\bin\Release\static\skins\custom\settings.xml'
Delete File 'D:\Dropbox\mydoc2\programmeren\remote potato\RPaddinAndroidMCE\Server\RPServer\bin\Release\static\skins\custom\showdetails.css'
Delete File 'D:\Dropbox\mydoc2\programmeren\remote potato\RPaddinAndroidMCE\Server\RPServer\bin\Release\static\skins\custom\stream_show.htm'
Delete File 'D:\Dropbox\mydoc2\programmeren\remote potato\RPaddinAndroidMCE\Server\RPServer\bin\Release\static\skins\custom\styles.css'
Delete File 'D:\Dropbox\mydoc2\programmeren\remote potato\RPaddinAndroidMCE\Server\RPServer\bin\Release\static\skins\custom\thumbnail_default.png'
Delete File 'D:\Dropbox\mydoc2\programmeren\remote potato\RPaddinAndroidMCE\Server\RPServer\bin\Release\static\skins\default\about.txt'
Delete File 'D:\Dropbox\mydoc2\programmeren\remote potato\RPaddinAndroidMCE\Server\RPServer\bin\Release\static\skins\default\epg-grid.css'
Delete File 'D:\Dropbox\mydoc2\programmeren\remote potato\RPaddinAndroidMCE\Server\RPServer\bin\Release\static\skins\default\epg-list.css'
Delete File 'D:\Dropbox\mydoc2\programmeren\remote potato\RPaddinAndroidMCE\Server\RPServer\bin\Release\static\skins\default\images\background.jpg'
Delete File 'D:\Dropbox\mydoc2\programmeren\remote potato\RPaddinAndroidMCE\Server\RPServer\bin\Release\static\skins\default\images\transparentgray40.png'
Delete File 'D:\Dropbox\mydoc2\programmeren\remote potato\RPaddinAndroidMCE\Server\RPServer\bin\Release\static\skins\default\masterpage.htm'
Delete File 'D:\Dropbox\mydoc2\programmeren\remote potato\RPaddinAndroidMCE\Server\RPServer\bin\Release\static\skins\default\movies.css'
Delete File 'D:\Dropbox\mydoc2\programmeren\remote potato\RPaddinAndroidMCE\Server\RPServer\bin\Release\static\skins\default\page_login.htm'
Delete File 'D:\Dropbox\mydoc2\programmeren\remote potato\RPaddinAndroidMCE\Server\RPServer\bin\Release\static\skins\default\page_movie.htm'
Delete File 'D:\Dropbox\mydoc2\programmeren\remote potato\RPaddinAndroidMCE\Server\RPServer\bin\Release\static\skins\default\page_music_collection.htm'
Delete File 'D:\Dropbox\mydoc2\programmeren\remote potato\RPaddinAndroidMCE\Server\RPServer\bin\Release\static\skins\default\page_music_songs.htm'
Delete File 'D:\Dropbox\mydoc2\programmeren\remote potato\RPaddinAndroidMCE\Server\RPServer\bin\Release\static\skins\default\page_recordmanual.htm'
Delete File 'D:\Dropbox\mydoc2\programmeren\remote potato\RPaddinAndroidMCE\Server\RPServer\bin\Release\static\skins\default\page_recordshow_onetime.htm'
Delete File 'D:\Dropbox\mydoc2\programmeren\remote potato\RPaddinAndroidMCE\Server\RPServer\bin\Release\static\skins\default\page_recordshow_series.htm'
Delete File 'D:\Dropbox\mydoc2\programmeren\remote potato\RPaddinAndroidMCE\Server\RPServer\bin\Release\static\skins\default\page_remote.htm'
Delete File 'D:\Dropbox\mydoc2\programmeren\remote potato\RPaddinAndroidMCE\Server\RPServer\bin\Release\static\skins\default\page_remote_command.htm'
Delete File 'D:\Dropbox\mydoc2\programmeren\remote potato\RPaddinAndroidMCE\Server\RPServer\bin\Release\static\skins\default\page_searchshow_results.htm'
Delete File 'D:\Dropbox\mydoc2\programmeren\remote potato\RPaddinAndroidMCE\Server\RPServer\bin\Release\static\skins\default\page_searchshow_title.htm'
Delete File 'D:\Dropbox\mydoc2\programmeren\remote potato\RPaddinAndroidMCE\Server\RPServer\bin\Release\static\skins\default\page_series.htm'
Delete File 'D:\Dropbox\mydoc2\programmeren\remote potato\RPaddinAndroidMCE\Server\RPServer\bin\Release\static\skins\default\page_show.htm'
Delete File 'D:\Dropbox\mydoc2\programmeren\remote potato\RPaddinAndroidMCE\Server\RPServer\bin\Release\static\skins\default\page_viewepg_grid.htm'
Delete File 'D:\Dropbox\mydoc2\programmeren\remote potato\RPaddinAndroidMCE\Server\RPServer\bin\Release\static\skins\default\page_viewepg_tbl.htm'
Delete File 'D:\Dropbox\mydoc2\programmeren\remote potato\RPaddinAndroidMCE\Server\RPServer\bin\Release\static\skins\default\page_viewlibrary.htm'
Delete File 'D:\Dropbox\mydoc2\programmeren\remote potato\RPaddinAndroidMCE\Server\RPServer\bin\Release\static\skins\default\page_viewpicture.htm'
Delete File 'D:\Dropbox\mydoc2\programmeren\remote potato\RPaddinAndroidMCE\Server\RPServer\bin\Release\static\skins\default\page_viewrecordedtv.htm'
Delete File 'D:\Dropbox\mydoc2\programmeren\remote potato\RPaddinAndroidMCE\Server\RPServer\bin\Release\static\skins\default\page_viewscheduledrecordings.htm'
Delete File 'D:\Dropbox\mydoc2\programmeren\remote potato\RPaddinAndroidMCE\Server\RPServer\bin\Release\static\skins\default\rectv.css'
Delete File 'D:\Dropbox\mydoc2\programmeren\remote potato\RPaddinAndroidMCE\Server\RPServer\bin\Release\static\skins\default\settings.xml'
Delete File 'D:\Dropbox\mydoc2\programmeren\remote potato\RPaddinAndroidMCE\Server\RPServer\bin\Release\static\skins\default\showdetails.css'
Delete File 'D:\Dropbox\mydoc2\programmeren\remote potato\RPaddinAndroidMCE\Server\RPServer\bin\Release\static\skins\default\stream_show.htm'
Delete File 'D:\Dropbox\mydoc2\programmeren\remote potato\RPaddinAndroidMCE\Server\RPServer\bin\Release\static\skins\default\styles.css'
Delete File 'D:\Dropbox\mydoc2\programmeren\remote potato\RPaddinAndroidMCE\Server\RPServer\bin\Release\static\skins\default\thumbnail_default.png'
Delete File 'D:\Dropbox\mydoc2\programmeren\remote potato\RPaddinAndroidMCE\Server\RPServer\bin\Release\static\skins\minimalist\about.txt'
Delete File 'D:\Dropbox\mydoc2\programmeren\remote potato\RPaddinAndroidMCE\Server\RPServer\bin\Release\static\skins\minimalist\epg-grid.css'
Delete File 'D:\Dropbox\mydoc2\programmeren\remote potato\RPaddinAndroidMCE\Server\RPServer\bin\Release\static\skins\minimalist\epg-list.css'
Delete File 'D:\Dropbox\mydoc2\programmeren\remote potato\RPaddinAndroidMCE\Server\RPServer\bin\Release\static\skins\minimalist\masterpage.htm'
Delete File 'D:\Dropbox\mydoc2\programmeren\remote potato\RPaddinAndroidMCE\Server\RPServer\bin\Release\static\skins\minimalist\movies.css'
Delete File 'D:\Dropbox\mydoc2\programmeren\remote potato\RPaddinAndroidMCE\Server\RPServer\bin\Release\static\skins\minimalist\page_movie.htm'
Delete File 'D:\Dropbox\mydoc2\programmeren\remote potato\RPaddinAndroidMCE\Server\RPServer\bin\Release\static\skins\minimalist\page_movies.htm'
Delete File 'D:\Dropbox\mydoc2\programmeren\remote potato\RPaddinAndroidMCE\Server\RPServer\bin\Release\static\skins\minimalist\page_music_collection.htm'
Delete File 'D:\Dropbox\mydoc2\programmeren\remote potato\RPaddinAndroidMCE\Server\RPServer\bin\Release\static\skins\minimalist\page_music_songs.htm'
Delete File 'D:\Dropbox\mydoc2\programmeren\remote potato\RPaddinAndroidMCE\Server\RPServer\bin\Release\static\skins\minimalist\page_recordmanual.htm'
Delete File 'D:\Dropbox\mydoc2\programmeren\remote potato\RPaddinAndroidMCE\Server\RPServer\bin\Release\static\skins\minimalist\page_recordshow_onetime.htm'
Delete File 'D:\Dropbox\mydoc2\programmeren\remote potato\RPaddinAndroidMCE\Server\RPServer\bin\Release\static\skins\minimalist\page_recordshow_series.htm'
Delete File 'D:\Dropbox\mydoc2\programmeren\remote potato\RPaddinAndroidMCE\Server\RPServer\bin\Release\static\skins\minimalist\page_remote.htm'
Delete File 'D:\Dropbox\mydoc2\programmeren\remote potato\RPaddinAndroidMCE\Server\RPServer\bin\Release\static\skins\minimalist\page_remote_command.htm'
Delete File 'D:\Dropbox\mydoc2\programmeren\remote potato\RPaddinAndroidMCE\Server\RPServer\bin\Release\static\skins\minimalist\page_searchshow_results.htm'
Delete File 'D:\Dropbox\mydoc2\programmeren\remote potato\RPaddinAndroidMCE\Server\RPServer\bin\Release\static\skins\minimalist\page_searchshow_title.htm'
Delete File 'D:\Dropbox\mydoc2\programmeren\remote potato\RPaddinAndroidMCE\Server\RPServer\bin\Release\static\skins\minimalist\page_series.htm'
Delete File 'D:\Dropbox\mydoc2\programmeren\remote potato\RPaddinAndroidMCE\Server\RPServer\bin\Release\static\skins\minimalist\page_show.htm'
Delete File 'D:\Dropbox\mydoc2\programmeren\remote potato\RPaddinAndroidMCE\Server\RPServer\bin\Release\static\skins\minimalist\page_viewepg_grid.htm'
Delete File 'D:\Dropbox\mydoc2\programmeren\remote potato\RPaddinAndroidMCE\Server\RPServer\bin\Release\static\skins\minimalist\page_viewepg_tbl.htm'
Delete File 'D:\Dropbox\mydoc2\programmeren\remote potato\RPaddinAndroidMCE\Server\RPServer\bin\Release\static\skins\minimalist\page_viewlibrary.htm'
Delete File 'D:\Dropbox\mydoc2\programmeren\remote potato\RPaddinAndroidMCE\Server\RPServer\bin\Release\static\skins\minimalist\page_viewpicture.htm'
Delete File 'D:\Dropbox\mydoc2\programmeren\remote potato\RPaddinAndroidMCE\Server\RPServer\bin\Release\static\skins\minimalist\page_viewrecordedtv.htm'
Delete File 'D:\Dropbox\mydoc2\programmeren\remote potato\RPaddinAndroidMCE\Server\RPServer\bin\Release\static\skins\minimalist\page_viewscheduledrecordings.htm'
Delete File 'D:\Dropbox\mydoc2\programmeren\remote potato\RPaddinAndroidMCE\Server\RPServer\bin\Release\static\skins\minimalist\rectv.css'
Delete File 'D:\Dropbox\mydoc2\programmeren\remote potato\RPaddinAndroidMCE\Server\RPServer\bin\Release\static\skins\minimalist\settings.xml'
Delete File 'D:\Dropbox\mydoc2\programmeren\remote potato\RPaddinAndroidMCE\Server\RPServer\bin\Release\static\skins\minimalist\showdetails.css'
Delete File 'D:\Dropbox\mydoc2\programmeren\remote potato\RPaddinAndroidMCE\Server\RPServer\bin\Release\static\skins\minimalist\stream_show.htm'
Delete File 'D:\Dropbox\mydoc2\programmeren\remote potato\RPaddinAndroidMCE\Server\RPServer\bin\Release\static\skins\minimalist\styles.css'
Delete File 'D:\Dropbox\mydoc2\programmeren\remote potato\RPaddinAndroidMCE\Server\RPServer\bin\Release\static\skins\minimalist\thumbnail_default.png'
Delete File 'D:\Dropbox\mydoc2\programmeren\remote potato\RPaddinAndroidMCE\Server\RPServer\bin\Release\static\skins\retro\about.txt'
Delete File 'D:\Dropbox\mydoc2\programmeren\remote potato\RPaddinAndroidMCE\Server\RPServer\bin\Release\static\skins\retro\epg-grid.css'
Delete File 'D:\Dropbox\mydoc2\programmeren\remote potato\RPaddinAndroidMCE\Server\RPServer\bin\Release\static\skins\retro\epg-list.css'
Delete File 'D:\Dropbox\mydoc2\programmeren\remote potato\RPaddinAndroidMCE\Server\RPServer\bin\Release\static\skins\retro\images\blinking_cursor.gif'
Delete File 'D:\Dropbox\mydoc2\programmeren\remote potato\RPaddinAndroidMCE\Server\RPServer\bin\Release\static\skins\retro\images\retrobullet.png'
Delete File 'D:\Dropbox\mydoc2\programmeren\remote potato\RPaddinAndroidMCE\Server\RPServer\bin\Release\static\skins\retro\images\topbanner_retro.png'
Delete File 'D:\Dropbox\mydoc2\programmeren\remote potato\RPaddinAndroidMCE\Server\RPServer\bin\Release\static\skins\retro\masterpage.htm'
Delete File 'D:\Dropbox\mydoc2\programmeren\remote potato\RPaddinAndroidMCE\Server\RPServer\bin\Release\static\skins\retro\movies.css'
Delete File 'D:\Dropbox\mydoc2\programmeren\remote potato\RPaddinAndroidMCE\Server\RPServer\bin\Release\static\skins\retro\page_movie.htm'
Delete File 'D:\Dropbox\mydoc2\programmeren\remote potato\RPaddinAndroidMCE\Server\RPServer\bin\Release\static\skins\retro\page_movies.htm'
Delete File 'D:\Dropbox\mydoc2\programmeren\remote potato\RPaddinAndroidMCE\Server\RPServer\bin\Release\static\skins\retro\page_music_collection.htm'
Delete File 'D:\Dropbox\mydoc2\programmeren\remote potato\RPaddinAndroidMCE\Server\RPServer\bin\Release\static\skins\retro\page_music_songs.htm'
Delete File 'D:\Dropbox\mydoc2\programmeren\remote potato\RPaddinAndroidMCE\Server\RPServer\bin\Release\static\skins\retro\page_recordmanual.htm'
Delete File 'D:\Dropbox\mydoc2\programmeren\remote potato\RPaddinAndroidMCE\Server\RPServer\bin\Release\static\skins\retro\page_recordshow_onetime.htm'
Delete File 'D:\Dropbox\mydoc2\programmeren\remote potato\RPaddinAndroidMCE\Server\RPServer\bin\Release\static\skins\retro\page_recordshow_series.htm'
Delete File 'D:\Dropbox\mydoc2\programmeren\remote potato\RPaddinAndroidMCE\Server\RPServer\bin\Release\static\skins\retro\page_remote.htm'
Delete File 'D:\Dropbox\mydoc2\programmeren\remote potato\RPaddinAndroidMCE\Server\RPServer\bin\Release\static\skins\retro\page_remote_command.htm'
Delete File 'D:\Dropbox\mydoc2\programmeren\remote potato\RPaddinAndroidMCE\Server\RPServer\bin\Release\static\skins\retro\page_searchshow_results.htm'
Delete File 'D:\Dropbox\mydoc2\programmeren\remote potato\RPaddinAndroidMCE\Server\RPServer\bin\Release\static\skins\retro\page_searchshow_title.htm'
Delete File 'D:\Dropbox\mydoc2\programmeren\remote potato\RPaddinAndroidMCE\Server\RPServer\bin\Release\static\skins\retro\page_series.htm'
Delete File 'D:\Dropbox\mydoc2\programmeren\remote potato\RPaddinAndroidMCE\Server\RPServer\bin\Release\static\skins\retro\page_show.htm'
Delete File 'D:\Dropbox\mydoc2\programmeren\remote potato\RPaddinAndroidMCE\Server\RPServer\bin\Release\static\skins\retro\page_viewepg_grid.htm'
Delete File 'D:\Dropbox\mydoc2\programmeren\remote potato\RPaddinAndroidMCE\Server\RPServer\bin\Release\static\skins\retro\page_viewepg_tbl.htm'
Delete File 'D:\Dropbox\mydoc2\programmeren\remote potato\RPaddinAndroidMCE\Server\RPServer\bin\Release\static\skins\retro\page_viewlibrary.htm'
Delete File 'D:\Dropbox\mydoc2\programmeren\remote potato\RPaddinAndroidMCE\Server\RPServer\bin\Release\static\skins\retro\page_viewpicture.htm'
Delete File 'D:\Dropbox\mydoc2\programmeren\remote potato\RPaddinAndroidMCE\Server\RPServer\bin\Release\static\skins\retro\page_viewrecordedtv.htm'
Delete File 'D:\Dropbox\mydoc2\programmeren\remote potato\RPaddinAndroidMCE\Server\RPServer\bin\Release\static\skins\retro\page_viewscheduledrecordings.htm'
Delete File 'D:\Dropbox\mydoc2\programmeren\remote potato\RPaddinAndroidMCE\Server\RPServer\bin\Release\static\skins\retro\rectv.css'
Delete File 'D:\Dropbox\mydoc2\programmeren\remote potato\RPaddinAndroidMCE\Server\RPServer\bin\Release\static\skins\retro\settings.xml'
Delete File 'D:\Dropbox\mydoc2\programmeren\remote potato\RPaddinAndroidMCE\Server\RPServer\bin\Release\static\skins\retro\showdetails.css'
Delete File 'D:\Dropbox\mydoc2\programmeren\remote potato\RPaddinAndroidMCE\Server\RPServer\bin\Release\static\skins\retro\stream_show.htm'
Delete File 'D:\Dropbox\mydoc2\programmeren\remote potato\RPaddinAndroidMCE\Server\RPServer\bin\Release\static\skins\retro\styles.css'
Delete File 'D:\Dropbox\mydoc2\programmeren\remote potato\RPaddinAndroidMCE\Server\RPServer\bin\Release\static\skins\retro\thumbnail_default.png'
Delete File 'D:\Dropbox\mydoc2\programmeren\remote potato\RPaddinAndroidMCE\Server\RPServer\bin\Release\Toub.MediaCenter.Dvrms.dll'
Delete File 'D:\Dropbox\mydoc2\programmeren\remote potato\RPaddinAndroidMCE\Server\RPServer\bin\Release\Toub.MediaCenter.Dvrms.pdb'
Delete File 'D:\Dropbox\mydoc2\programmeren\remote potato\RPaddinAndroidMCE\Server\RPServer\bin\Release\UltraID3Lib.dll'
Delete File 'D:\Dropbox\mydoc2\programmeren\remote potato\RPaddinAndroidMCE\Server\RPServer\bin\Release\WindowsMediaLib.dll'
Delete File 'D:\Dropbox\mydoc2\programmeren\remote potato\RPaddinAndroidMCE\Server\RPServer\bin\Release\WTVTranscoder.dll'
Delete File 'D:\Dropbox\mydoc2\programmeren\remote potato\RPaddinAndroidMCE\Server\RPServer\bin\Release\WTVTranscoder.pdb'
Delete File 'D:\Dropbox\mydoc2\programmeren\remote potato\RPaddinAndroidMCE\Server\RPServer\obj\Release\RPServer.dll'
Copy New 'C:\Users\stefan verhagen\Documents\Visual Studio 2010\Projects\remotepotato-4333062-LivetTV\Server\MediaStreamer\bin\Release\MediaStreamer.dll' -> 'D:\Dropbox\mydoc2\programmeren\remote potato\RPaddinAndroidMCE\Server\MediaStreamer\bin\Release\MediaStreamer.dll'
Copy Over 'C:\Users\stefan verhagen\Documents\Visual Studio 2010\Projects\remotepotato-4333062-LivetTV\Server\MediaStreamer\bin\Release\MediaStreamer.pdb' -> 'D:\Dropbox\mydoc2\programmeren\remote potato\RPaddinAndroidMCE\Server\MediaStreamer\bin\Release\MediaStreamer.pdb'
Copy Over 'C:\Users\stefan verhagen\Documents\Visual Studio 2010\Projects\remotepotato-4333062-LivetTV\Server\MediaStreamer\obj\Release\DesignTimeResolveAssemblyReferencesInput.cache' -> 'D:\Dropbox\mydoc2\programmeren\remote potato\RPaddinAndroidMCE\Server\MediaStreamer\obj\Release\DesignTimeResolveAssemblyReferencesInput.cache'
Copy Over 'C:\Users\stefan verhagen\Documents\Visual Studio 2010\Projects\remotepotato-4333062-LivetTV\Server\MediaStreamer\obj\Release\MediaStreamer.dll' -> 'D:\Dropbox\mydoc2\programmeren\remote potato\RPaddinAndroidMCE\Server\MediaStreamer\obj\Release\MediaStreamer.dll'
Copy Over 'C:\Users\stefan verhagen\Documents\Visual Studio 2010\Projects\remotepotato-4333062-LivetTV\Server\RPServer\obj\Release\Interop.WMPLib.dll' -> 'D:\Dropbox\mydoc2\programmeren\remote potato\RPaddinAndroidMCE\Server\RPServer\obj\Release\Interop.WMPLib.dll'
Copying C:\Users\stefan verhagen\Documents\Visual Studio 2010\Projects\remotepotato-4333062-LivetTV\Server\RPServer\obj\Release\RPServer.csproj.FileListAbsolute.txt: Size mismatch: Expected 99.799, Transferred 129.381: will correct state info
Copy Over 'C:\Users\stefan verhagen\Documents\Visual Studio 2010\Projects\remotepotato-4333062-LivetTV\Server\RPServer\obj\Release\RPServer.csproj.FileListAbsolute.txt' -> 'D:\Dropbox\mydoc2\programmeren\remote potato\RPaddinAndroidMCE\Server\RPServer\obj\Release\RPServer.csproj.FileListAbsolute.txt'
Copy Over 'C:\Users\stefan verhagen\Documents\Visual Studio 2010\Projects\remotepotato-4333062-LivetTV\Server\RPServer\obj\Release\RPServer.csproj.ResolveComReference.cache' -> 'D:\Dropbox\mydoc2\programmeren\remote potato\RPaddinAndroidMCE\Server\RPServer\obj\Release\RPServer.csproj.ResolveComReference.cache'
Copy Over 'C:\Users\stefan verhagen\Documents\Visual Studio 2010\Projects\remotepotato-4333062-LivetTV\Server\RPServer\obj\Release\RPServer.csprojResolveAssemblyReference.cache' -> 'D:\Dropbox\mydoc2\programmeren\remote potato\RPaddinAndroidMCE\Server\RPServer\obj\Release\RPServer.csprojResolveAssemblyReference.cache'
Copying C:\Users\stefan verhagen\Documents\Visual Studio 2010\Projects\remotepotato-4333062-LivetTV\Server\RPServer\obj\Release\RPServer.pdb: Size mismatch: Expected 0, Transferred 386.560: will correct state info
Copy Over 'C:\Users\stefan verhagen\Documents\Visual Studio 2010\Projects\remotepotato-4333062-LivetTV\Server\RPServer\obj\Release\RPServer.pdb' -> 'D:\Dropbox\mydoc2\programmeren\remote potato\RPaddinAndroidMCE\Server\RPServer\obj\Release\RPServer.pdb'
Save State File C:\Users\stefan verhagen\Documents\Visual Studio 2010\Projects\remotepotato-4333062-LivetTV\_gsdata_\_file_state._gs
Save State File D:\Dropbox\mydoc2\programmeren\remote potato\RPaddinAndroidMCE\_gsdata_\_file_state._gs
Delete lock file C:\Users\stefan verhagen\Documents\Visual Studio 2010\Projects\remotepotato-4333062-LivetTV\_gsdata_\lock.gsl
Delete lock file D:\Dropbox\mydoc2\programmeren\remote potato\RPaddinAndroidMCE\_gsdata_\lock.gsl
Items Synced OK: 193, Errors: 0
===== 2-10-2012 20:32:41: Sync Completed. Time: 00:00:05, Speed: 968 KB/s =====

